[2018-01-22 19:48:32] Statements of 4564 thms and definitions loaded.
[2018-01-22 19:48:33] Features of 4564 thms and definitions loaded.
[2018-01-22 19:48:33] Chronological order of 4564 thms and definitions loaded.
[2018-01-22 19:48:33] Proofs of 1000 thms loaded.
[2018-01-22 19:48:33] ADDING PROOFS ROUND: 0
[2018-01-22 19:48:33] Transforming proofs of 1000 theorems to training data...
[2018-01-22 19:48:33]     Number of features used: 10241 / 10241
[2018-01-22 19:48:33]     Mode of combining theorems and premises to examples: merge_mode=concat
[2018-01-22 19:48:33]     Negatives to positive ratio: 16
[2018-01-22 19:48:33]     No negative mining.
[2018-01-22 19:48:35] Transformation finished.
[2018-01-22 19:48:35] Training of xgboost model started...
[2018-01-22 21:14:51] Training finished.
[2018-01-22 21:14:51] Creating rankings of premises from the trained model for 1000 theorems...
[2018-01-22 21:17:17] Rankings created.
[2018-01-22 21:17:17] Creating rankings of premises from the trained model for 342 theorems...
[2018-01-22 21:18:09] Rankings created.
[2018-01-22 21:18:09] ATP evaluation started...
[2018-01-22 22:07:45]     Number of proved theorems: 929
[2018-01-22 22:07:45]     Percentage of proved theorems: 92.90%
[2018-01-22 22:07:45] STATS OF TRAINING PROOFS
[2018-01-22 22:07:45] Number of all theorems with proof(s): 1000
[2018-01-22 22:07:45] Number of all proofs: 2211
[2018-01-22 22:07:45] Number of theorems with exactly 1 proof(s): 427
[2018-01-22 22:07:45] Number of theorems with exactly 2 proof(s): 236
[2018-01-22 22:07:45] Number of theorems with exactly 3 proof(s): 149
[2018-01-22 22:07:45] Number of theorems with exactly 4 proof(s): 107
[2018-01-22 22:07:45] Number of theorems with exactly 5 proof(s): 55
[2018-01-22 22:07:45] Number of theorems with exactly 6 proof(s): 21
[2018-01-22 22:07:45] Number of theorems with exactly 7 proof(s): 4
[2018-01-22 22:07:45] Number of theorems with exactly 8 proof(s): 1
[2018-01-22 22:07:45] Average number of proofs per theorem: 2.211
[2018-01-22 22:07:45] Average number of premises used in a proof: 6.156
[2018-01-22 22:07:45] Theorems with maximal number of proofs found: ['t58_mcart_1']
[2018-01-22 22:07:46] Distribution of lengths of proofs for theorem t58_mcart_1: [3, 5, 6, 3, 5, 5, 5, 5]
[2018-01-22 22:07:46] ATP evaluation started...
[2018-01-22 22:29:22]     Number of proved theorems: 275
[2018-01-22 22:29:22]     Percentage of proved theorems: 80.41%
[2018-01-22 22:29:22] STATS OF TEST PROOFS
[2018-01-22 22:29:22] Number of all theorems with proof(s): 275
[2018-01-22 22:29:22] Number of all proofs: 531
[2018-01-22 22:29:22] Number of theorems with exactly 1 proof(s): 131
[2018-01-22 22:29:22] Number of theorems with exactly 2 proof(s): 74
[2018-01-22 22:29:22] Number of theorems with exactly 3 proof(s): 38
[2018-01-22 22:29:22] Number of theorems with exactly 4 proof(s): 22
[2018-01-22 22:29:22] Number of theorems with exactly 5 proof(s): 10
[2018-01-22 22:29:22] Average number of proofs per theorem: 1.931
[2018-01-22 22:29:22] Average number of premises used in a proof: 5.708
[2018-01-22 22:29:22] Theorems with maximal number of proofs found: ['t38_mcart_1', 't56_relat_1', 't103_tops_1', 't60_enumset1', 't24_setfam_1', 't132_zfmisc_1', 't45_ordinal1', 't57_mcart_1', 't83_xboole_1', 't2_zfmisc_1']
[2018-01-22 22:29:22] Distribution of lengths of proofs for theorem t38_mcart_1: [4, 4, 2, 4, 4]
[2018-01-22 22:29:22] ADDING PROOFS ROUND: 1
[2018-01-22 22:29:22] Transforming proofs of 1000 theorems to training data...
[2018-01-22 22:29:22]     Number of features used: 10241 / 10241
[2018-01-22 22:29:22]     Mode of combining theorems and premises to examples: merge_mode=concat
[2018-01-22 22:29:22]     Negatives to positive ratio: 16
[2018-01-22 22:29:22]     No negative mining.
[2018-01-22 22:29:25] Transformation finished.
[2018-01-22 22:29:25] Training of xgboost model started...
[2018-01-22 23:44:04] Training finished.
[2018-01-22 23:44:04] Creating rankings of premises from the trained model for 1000 theorems...
[2018-01-22 23:46:30] Rankings created.
[2018-01-22 23:46:30] Creating rankings of premises from the trained model for 342 theorems...
[2018-01-22 23:47:20] Rankings created.
[2018-01-22 23:47:20] ATP evaluation started...
[2018-01-23 00:12:59]     Number of proved theorems: 923
[2018-01-23 00:12:59]     Percentage of proved theorems: 92.30%
[2018-01-23 00:12:59] STATS OF TRAINING PROOFS
[2018-01-23 00:12:59] Number of all theorems with proof(s): 1000
[2018-01-23 00:12:59] Number of all proofs: 2861
[2018-01-23 00:12:59] Number of theorems with exactly 1 proof(s): 372
[2018-01-23 00:12:59] Number of theorems with exactly 2 proof(s): 191
[2018-01-23 00:12:59] Number of theorems with exactly 3 proof(s): 139
[2018-01-23 00:12:59] Number of theorems with exactly 4 proof(s): 90
[2018-01-23 00:12:59] Number of theorems with exactly 5 proof(s): 76
[2018-01-23 00:12:59] Number of theorems with exactly 6 proof(s): 52
[2018-01-23 00:12:59] Number of theorems with exactly 7 proof(s): 39
[2018-01-23 00:12:59] Number of theorems with exactly 8 proof(s): 18
[2018-01-23 00:12:59] Number of theorems with exactly 9 proof(s): 14
[2018-01-23 00:12:59] Number of theorems with exactly 10 proof(s): 6
[2018-01-23 00:12:59] Number of theorems with exactly 11 proof(s): 1
[2018-01-23 00:12:59] Number of theorems with exactly 12 proof(s): 2
[2018-01-23 00:12:59] Average number of proofs per theorem: 2.861
[2018-01-23 00:12:59] Average number of premises used in a proof: 6.950
[2018-01-23 00:12:59] Theorems with maximal number of proofs found: ['t34_ordinal1', 't172_relat_1']
[2018-01-23 00:13:00] Distribution of lengths of proofs for theorem t34_ordinal1: [8, 9, 8, 11, 13, 12, 6, 8, 13, 12, 11, 11]
[2018-01-23 00:13:00] ATP evaluation started...
[2018-01-23 00:34:01]     Number of proved theorems: 280
[2018-01-23 00:34:01]     Percentage of proved theorems: 81.87%
[2018-01-23 00:34:01] STATS OF TEST PROOFS
[2018-01-23 00:34:01] Number of all theorems with proof(s): 293
[2018-01-23 00:34:01] Number of all proofs: 778
[2018-01-23 00:34:01] Number of theorems with exactly 1 proof(s): 111
[2018-01-23 00:34:01] Number of theorems with exactly 2 proof(s): 59
[2018-01-23 00:34:01] Number of theorems with exactly 3 proof(s): 42
[2018-01-23 00:34:01] Number of theorems with exactly 4 proof(s): 32
[2018-01-23 00:34:01] Number of theorems with exactly 5 proof(s): 21
[2018-01-23 00:34:01] Number of theorems with exactly 6 proof(s): 13
[2018-01-23 00:34:01] Number of theorems with exactly 7 proof(s): 8
[2018-01-23 00:34:01] Number of theorems with exactly 8 proof(s): 7
[2018-01-23 00:34:01] Average number of proofs per theorem: 2.655
[2018-01-23 00:34:01] Average number of premises used in a proof: 6.470
[2018-01-23 00:34:01] Theorems with maximal number of proofs found: ['t56_relat_1', 't132_zfmisc_1', 't171_relat_1', 't45_ordinal1', 't83_xboole_1', 't50_zfmisc_1', 't62_relat_1']
[2018-01-23 00:34:01] Distribution of lengths of proofs for theorem t56_relat_1: [2, 4, 2, 2, 2, 5, 5, 3]
[2018-01-23 00:34:01] ADDING PROOFS ROUND: 2
[2018-01-23 00:34:01] Transforming proofs of 1000 theorems to training data...
[2018-01-23 00:34:01]     Number of features used: 10241 / 10241
[2018-01-23 00:34:01]     Mode of combining theorems and premises to examples: merge_mode=concat
[2018-01-23 00:34:01]     Negatives to positive ratio: 16
[2018-01-23 00:34:01]     No negative mining.
[2018-01-23 00:34:03] Transformation finished.
[2018-01-23 00:34:03] Training of xgboost model started...
[2018-01-23 01:36:53] Training finished.
[2018-01-23 01:36:53] Creating rankings of premises from the trained model for 1000 theorems...
[2018-01-23 01:39:29] Rankings created.
[2018-01-23 01:39:29] Creating rankings of premises from the trained model for 342 theorems...
[2018-01-23 01:40:24] Rankings created.
[2018-01-23 01:40:24] ATP evaluation started...
[2018-01-23 02:31:14]     Number of proved theorems: 922
[2018-01-23 02:31:14]     Percentage of proved theorems: 92.20%
[2018-01-23 02:31:15] STATS OF TRAINING PROOFS
[2018-01-23 02:31:15] Number of all theorems with proof(s): 1000
[2018-01-23 02:31:15] Number of all proofs: 3297
[2018-01-23 02:31:15] Number of theorems with exactly 1 proof(s): 351
[2018-01-23 02:31:15] Number of theorems with exactly 2 proof(s): 170
[2018-01-23 02:31:15] Number of theorems with exactly 3 proof(s): 132
[2018-01-23 02:31:15] Number of theorems with exactly 4 proof(s): 88
[2018-01-23 02:31:15] Number of theorems with exactly 5 proof(s): 69
[2018-01-23 02:31:15] Number of theorems with exactly 6 proof(s): 54
[2018-01-23 02:31:15] Number of theorems with exactly 7 proof(s): 44
[2018-01-23 02:31:15] Number of theorems with exactly 8 proof(s): 32
[2018-01-23 02:31:15] Number of theorems with exactly 9 proof(s): 18
[2018-01-23 02:31:15] Number of theorems with exactly 10 proof(s): 20
[2018-01-23 02:31:15] Number of theorems with exactly 11 proof(s): 10
[2018-01-23 02:31:15] Number of theorems with exactly 12 proof(s): 7
[2018-01-23 02:31:15] Number of theorems with exactly 13 proof(s): 2
[2018-01-23 02:31:15] Number of theorems with exactly 14 proof(s): 2
[2018-01-23 02:31:15] Number of theorems with exactly 15 proof(s): 1
[2018-01-23 02:31:15] Average number of proofs per theorem: 3.297
[2018-01-23 02:31:15] Average number of premises used in a proof: 7.483
[2018-01-23 02:31:15] Theorems with maximal number of proofs found: ['t172_relat_1']
[2018-01-23 02:31:15] Distribution of lengths of proofs for theorem t172_relat_1: [12, 8, 7, 6, 7, 7, 6, 7, 16, 12, 16, 5, 17, 5, 5]
[2018-01-23 02:31:15] ATP evaluation started...
[2018-01-23 02:52:46]     Number of proved theorems: 280
[2018-01-23 02:52:46]     Percentage of proved theorems: 81.87%
[2018-01-23 02:52:46] STATS OF TEST PROOFS
[2018-01-23 02:52:46] Number of all theorems with proof(s): 300
[2018-01-23 02:52:46] Number of all proofs: 918
[2018-01-23 02:52:46] Number of theorems with exactly 1 proof(s): 100
[2018-01-23 02:52:46] Number of theorems with exactly 2 proof(s): 61
[2018-01-23 02:52:46] Number of theorems with exactly 3 proof(s): 41
[2018-01-23 02:52:46] Number of theorems with exactly 4 proof(s): 36
[2018-01-23 02:52:46] Number of theorems with exactly 5 proof(s): 15
[2018-01-23 02:52:46] Number of theorems with exactly 6 proof(s): 16
[2018-01-23 02:52:46] Number of theorems with exactly 7 proof(s): 13
[2018-01-23 02:52:46] Number of theorems with exactly 8 proof(s): 7
[2018-01-23 02:52:46] Number of theorems with exactly 9 proof(s): 4
[2018-01-23 02:52:46] Number of theorems with exactly 10 proof(s): 4
[2018-01-23 02:52:46] Number of theorems with exactly 11 proof(s): 2
[2018-01-23 02:52:46] Number of theorems with exactly 13 proof(s): 1
[2018-01-23 02:52:46] Average number of proofs per theorem: 3.060
[2018-01-23 02:52:46] Average number of premises used in a proof: 6.968
[2018-01-23 02:52:46] Theorems with maximal number of proofs found: ['t50_zfmisc_1']
[2018-01-23 02:52:46] Distribution of lengths of proofs for theorem t50_zfmisc_1: [4, 6, 21, 8, 10, 22, 19, 11, 13, 25, 8, 6, 19]
[2018-01-23 02:52:46] ADDING PROOFS ROUND: 3
[2018-01-23 02:52:46] Transforming proofs of 1000 theorems to training data...
[2018-01-23 02:52:46]     Number of features used: 10241 / 10241
[2018-01-23 02:52:46]     Mode of combining theorems and premises to examples: merge_mode=concat
[2018-01-23 02:52:46]     Negatives to positive ratio: 16
[2018-01-23 02:52:46]     No negative mining.
[2018-01-23 02:52:49] Transformation finished.
[2018-01-23 02:52:49] Training of xgboost model started...
[2018-01-23 04:28:13] Training finished.
[2018-01-23 04:28:13] Creating rankings of premises from the trained model for 1000 theorems...
[2018-01-23 04:31:01] Rankings created.
[2018-01-23 04:31:01] Creating rankings of premises from the trained model for 342 theorems...
[2018-01-23 04:31:59] Rankings created.
[2018-01-23 04:31:59] ATP evaluation started...
[2018-01-23 04:58:17]     Number of proved theorems: 912
[2018-01-23 04:58:17]     Percentage of proved theorems: 91.20%
[2018-01-23 04:58:17] STATS OF TRAINING PROOFS
[2018-01-23 04:58:17] Number of all theorems with proof(s): 1000
[2018-01-23 04:58:17] Number of all proofs: 3631
[2018-01-23 04:58:17] Number of theorems with exactly 1 proof(s): 340
[2018-01-23 04:58:17] Number of theorems with exactly 2 proof(s): 161
[2018-01-23 04:58:17] Number of theorems with exactly 3 proof(s): 129
[2018-01-23 04:58:17] Number of theorems with exactly 4 proof(s): 84
[2018-01-23 04:58:17] Number of theorems with exactly 5 proof(s): 63
[2018-01-23 04:58:17] Number of theorems with exactly 6 proof(s): 54
[2018-01-23 04:58:17] Number of theorems with exactly 7 proof(s): 42
[2018-01-23 04:58:17] Number of theorems with exactly 8 proof(s): 34
[2018-01-23 04:58:17] Number of theorems with exactly 9 proof(s): 26
[2018-01-23 04:58:17] Number of theorems with exactly 10 proof(s): 16
[2018-01-23 04:58:17] Number of theorems with exactly 11 proof(s): 17
[2018-01-23 04:58:17] Number of theorems with exactly 12 proof(s): 10
[2018-01-23 04:58:17] Number of theorems with exactly 13 proof(s): 11
[2018-01-23 04:58:17] Number of theorems with exactly 14 proof(s): 3
[2018-01-23 04:58:17] Number of theorems with exactly 15 proof(s): 6
[2018-01-23 04:58:17] Number of theorems with exactly 16 proof(s): 3
[2018-01-23 04:58:17] Number of theorems with exactly 17 proof(s): 1
[2018-01-23 04:58:17] Average number of proofs per theorem: 3.631
[2018-01-23 04:58:17] Average number of premises used in a proof: 7.870
[2018-01-23 04:58:17] Theorems with maximal number of proofs found: ['t31_funct_2']
[2018-01-23 04:58:17] Distribution of lengths of proofs for theorem t31_funct_2: [16, 24, 7, 15, 13, 8, 11, 20, 23, 9, 9, 15, 10, 20, 11, 21, 18]
[2018-01-23 04:58:17] ATP evaluation started...
[2018-01-23 05:19:42]     Number of proved theorems: 268
[2018-01-23 05:19:42]     Percentage of proved theorems: 78.36%
[2018-01-23 05:19:43] STATS OF TEST PROOFS
[2018-01-23 05:19:43] Number of all theorems with proof(s): 301
[2018-01-23 05:19:43] Number of all proofs: 1030
[2018-01-23 05:19:43] Number of theorems with exactly 1 proof(s): 97
[2018-01-23 05:19:43] Number of theorems with exactly 2 proof(s): 58
[2018-01-23 05:19:43] Number of theorems with exactly 3 proof(s): 39
[2018-01-23 05:19:43] Number of theorems with exactly 4 proof(s): 32
[2018-01-23 05:19:43] Number of theorems with exactly 5 proof(s): 20
[2018-01-23 05:19:43] Number of theorems with exactly 6 proof(s): 11
[2018-01-23 05:19:43] Number of theorems with exactly 7 proof(s): 11
[2018-01-23 05:19:43] Number of theorems with exactly 8 proof(s): 10
[2018-01-23 05:19:43] Number of theorems with exactly 9 proof(s): 7
[2018-01-23 05:19:43] Number of theorems with exactly 10 proof(s): 5
[2018-01-23 05:19:43] Number of theorems with exactly 11 proof(s): 5
[2018-01-23 05:19:43] Number of theorems with exactly 12 proof(s): 2
[2018-01-23 05:19:43] Number of theorems with exactly 13 proof(s): 2
[2018-01-23 05:19:43] Number of theorems with exactly 15 proof(s): 1
[2018-01-23 05:19:43] Number of theorems with exactly 16 proof(s): 1
[2018-01-23 05:19:43] Average number of proofs per theorem: 3.422
[2018-01-23 05:19:43] Average number of premises used in a proof: 7.311
[2018-01-23 05:19:43] Theorems with maximal number of proofs found: ['t50_zfmisc_1']
[2018-01-23 05:19:43] Distribution of lengths of proofs for theorem t50_zfmisc_1: [4, 6, 21, 8, 10, 22, 19, 11, 13, 25, 8, 6, 19, 24, 16, 21]
[2018-01-23 05:19:43] ADDING PROOFS ROUND: 4
[2018-01-23 05:19:43] Transforming proofs of 1000 theorems to training data...
[2018-01-23 05:19:43]     Number of features used: 10241 / 10241
[2018-01-23 05:19:43]     Mode of combining theorems and premises to examples: merge_mode=concat
[2018-01-23 05:19:43]     Negatives to positive ratio: 16
[2018-01-23 05:19:43]     No negative mining.
[2018-01-23 05:19:46] Transformation finished.
[2018-01-23 05:19:46] Training of xgboost model started...
[2018-01-23 06:21:28] Training finished.
[2018-01-23 06:21:28] Creating rankings of premises from the trained model for 1000 theorems...
[2018-01-23 06:23:58] Rankings created.
[2018-01-23 06:23:58] Creating rankings of premises from the trained model for 342 theorems...
[2018-01-23 06:24:49] Rankings created.
[2018-01-23 06:24:49] ATP evaluation started...
[2018-01-23 07:15:39]     Number of proved theorems: 916
[2018-01-23 07:15:39]     Percentage of proved theorems: 91.60%
[2018-01-23 07:15:39] STATS OF TRAINING PROOFS
[2018-01-23 07:15:39] Number of all theorems with proof(s): 1000
[2018-01-23 07:15:39] Number of all proofs: 3888
[2018-01-23 07:15:39] Number of theorems with exactly 1 proof(s): 333
[2018-01-23 07:15:39] Number of theorems with exactly 2 proof(s): 154
[2018-01-23 07:15:39] Number of theorems with exactly 3 proof(s): 124
[2018-01-23 07:15:39] Number of theorems with exactly 4 proof(s): 88
[2018-01-23 07:15:39] Number of theorems with exactly 5 proof(s): 61
[2018-01-23 07:15:39] Number of theorems with exactly 6 proof(s): 46
[2018-01-23 07:15:40] Number of theorems with exactly 7 proof(s): 45
[2018-01-23 07:15:40] Number of theorems with exactly 8 proof(s): 34
[2018-01-23 07:15:40] Number of theorems with exactly 9 proof(s): 24
[2018-01-23 07:15:40] Number of theorems with exactly 10 proof(s): 21
[2018-01-23 07:15:40] Number of theorems with exactly 11 proof(s): 23
[2018-01-23 07:15:40] Number of theorems with exactly 12 proof(s): 12
[2018-01-23 07:15:40] Number of theorems with exactly 13 proof(s): 9
[2018-01-23 07:15:40] Number of theorems with exactly 14 proof(s): 8
[2018-01-23 07:15:40] Number of theorems with exactly 15 proof(s): 4
[2018-01-23 07:15:40] Number of theorems with exactly 16 proof(s): 6
[2018-01-23 07:15:40] Number of theorems with exactly 17 proof(s): 3
[2018-01-23 07:15:40] Number of theorems with exactly 18 proof(s): 2
[2018-01-23 07:15:40] Number of theorems with exactly 19 proof(s): 1
[2018-01-23 07:15:40] Number of theorems with exactly 20 proof(s): 1
[2018-01-23 07:15:40] Number of theorems with exactly 21 proof(s): 1
[2018-01-23 07:15:40] Average number of proofs per theorem: 3.888
[2018-01-23 07:15:40] Average number of premises used in a proof: 8.161
[2018-01-23 07:15:40] Theorems with maximal number of proofs found: ['t31_funct_2']
[2018-01-23 07:15:41] Distribution of lengths of proofs for theorem t31_funct_2: [16, 24, 7, 15, 13, 8, 11, 20, 15, 9, 9, 15, 10, 20, 11, 21, 18, 33, 24, 10, 10]
[2018-01-23 07:15:41] ATP evaluation started...
[2018-01-23 07:37:03]     Number of proved theorems: 273
[2018-01-23 07:37:03]     Percentage of proved theorems: 79.82%
[2018-01-23 07:37:03] STATS OF TEST PROOFS
[2018-01-23 07:37:03] Number of all theorems with proof(s): 303
[2018-01-23 07:37:03] Number of all proofs: 1124
[2018-01-23 07:37:03] Number of theorems with exactly 1 proof(s): 93
[2018-01-23 07:37:03] Number of theorems with exactly 2 proof(s): 54
[2018-01-23 07:37:03] Number of theorems with exactly 3 proof(s): 39
[2018-01-23 07:37:03] Number of theorems with exactly 4 proof(s): 29
[2018-01-23 07:37:03] Number of theorems with exactly 5 proof(s): 25
[2018-01-23 07:37:03] Number of theorems with exactly 6 proof(s): 15
[2018-01-23 07:37:03] Number of theorems with exactly 7 proof(s): 10
[2018-01-23 07:37:03] Number of theorems with exactly 8 proof(s): 4
[2018-01-23 07:37:03] Number of theorems with exactly 9 proof(s): 12
[2018-01-23 07:37:03] Number of theorems with exactly 10 proof(s): 8
[2018-01-23 07:37:03] Number of theorems with exactly 11 proof(s): 3
[2018-01-23 07:37:03] Number of theorems with exactly 12 proof(s): 4
[2018-01-23 07:37:03] Number of theorems with exactly 13 proof(s): 3
[2018-01-23 07:37:03] Number of theorems with exactly 14 proof(s): 1
[2018-01-23 07:37:03] Number of theorems with exactly 15 proof(s): 1
[2018-01-23 07:37:03] Number of theorems with exactly 17 proof(s): 1
[2018-01-23 07:37:03] Number of theorems with exactly 19 proof(s): 1
[2018-01-23 07:37:03] Average number of proofs per theorem: 3.710
[2018-01-23 07:37:03] Average number of premises used in a proof: 7.515
[2018-01-23 07:37:03] Theorems with maximal number of proofs found: ['t50_zfmisc_1']
[2018-01-23 07:37:03] Distribution of lengths of proofs for theorem t50_zfmisc_1: [4, 6, 21, 8, 10, 22, 19, 11, 13, 25, 8, 6, 19, 24, 16, 21, 18, 11, 24]
[2018-01-23 07:37:03] ADDING PROOFS ROUND: 5
[2018-01-23 07:37:03] Transforming proofs of 1000 theorems to training data...
[2018-01-23 07:37:03]     Number of features used: 10241 / 10241
[2018-01-23 07:37:03]     Mode of combining theorems and premises to examples: merge_mode=concat
[2018-01-23 07:37:03]     Negatives to positive ratio: 16
[2018-01-23 07:37:03]     No negative mining.
[2018-01-23 07:37:06] Transformation finished.
[2018-01-23 07:37:06] Training of xgboost model started...
[2018-01-23 09:00:27] Training finished.
[2018-01-23 09:00:27] Creating rankings of premises from the trained model for 1000 theorems...
[2018-01-23 09:03:17] Rankings created.
[2018-01-23 09:03:17] Creating rankings of premises from the trained model for 342 theorems...
[2018-01-23 09:04:15] Rankings created.
[2018-01-23 09:04:15] ATP evaluation started...
[2018-01-23 09:55:36]     Number of proved theorems: 923
[2018-01-23 09:55:36]     Percentage of proved theorems: 92.30%
[2018-01-23 09:55:36] STATS OF TRAINING PROOFS
[2018-01-23 09:55:36] Number of all theorems with proof(s): 1000
[2018-01-23 09:55:36] Number of all proofs: 4108
[2018-01-23 09:55:36] Number of theorems with exactly 1 proof(s): 325
[2018-01-23 09:55:36] Number of theorems with exactly 2 proof(s): 155
[2018-01-23 09:55:36] Number of theorems with exactly 3 proof(s): 120
[2018-01-23 09:55:36] Number of theorems with exactly 4 proof(s): 78
[2018-01-23 09:55:36] Number of theorems with exactly 5 proof(s): 69
[2018-01-23 09:55:36] Number of theorems with exactly 6 proof(s): 44
[2018-01-23 09:55:36] Number of theorems with exactly 7 proof(s): 37
[2018-01-23 09:55:36] Number of theorems with exactly 8 proof(s): 41
[2018-01-23 09:55:36] Number of theorems with exactly 9 proof(s): 27
[2018-01-23 09:55:36] Number of theorems with exactly 10 proof(s): 20
[2018-01-23 09:55:36] Number of theorems with exactly 11 proof(s): 21
[2018-01-23 09:55:36] Number of theorems with exactly 12 proof(s): 12
[2018-01-23 09:55:36] Number of theorems with exactly 13 proof(s): 14
[2018-01-23 09:55:36] Number of theorems with exactly 14 proof(s): 13
[2018-01-23 09:55:36] Number of theorems with exactly 15 proof(s): 3
[2018-01-23 09:55:36] Number of theorems with exactly 16 proof(s): 6
[2018-01-23 09:55:36] Number of theorems with exactly 17 proof(s): 5
[2018-01-23 09:55:36] Number of theorems with exactly 18 proof(s): 4
[2018-01-23 09:55:36] Number of theorems with exactly 19 proof(s): 2
[2018-01-23 09:55:36] Number of theorems with exactly 21 proof(s): 2
[2018-01-23 09:55:36] Number of theorems with exactly 22 proof(s): 1
[2018-01-23 09:55:36] Number of theorems with exactly 23 proof(s): 1
[2018-01-23 09:55:36] Average number of proofs per theorem: 4.108
[2018-01-23 09:55:36] Average number of premises used in a proof: 8.384
[2018-01-23 09:55:36] Theorems with maximal number of proofs found: ['t48_orders_2']
[2018-01-23 09:55:37] Distribution of lengths of proofs for theorem t48_orders_2: [10, 7, 8, 8, 8, 8, 9, 9, 8, 10, 8, 11, 12, 13, 8, 13, 15, 14, 14, 14, 16, 8, 15]
[2018-01-23 09:55:37] ATP evaluation started...
[2018-01-23 10:17:31]     Number of proved theorems: 265
[2018-01-23 10:17:31]     Percentage of proved theorems: 77.49%
[2018-01-23 10:17:31] STATS OF TEST PROOFS
[2018-01-23 10:17:31] Number of all theorems with proof(s): 304
[2018-01-23 10:17:31] Number of all proofs: 1218
[2018-01-23 10:17:31] Number of theorems with exactly 1 proof(s): 88
[2018-01-23 10:17:31] Number of theorems with exactly 2 proof(s): 53
[2018-01-23 10:17:31] Number of theorems with exactly 3 proof(s): 37
[2018-01-23 10:17:31] Number of theorems with exactly 4 proof(s): 31
[2018-01-23 10:17:31] Number of theorems with exactly 5 proof(s): 21
[2018-01-23 10:17:31] Number of theorems with exactly 6 proof(s): 19
[2018-01-23 10:17:31] Number of theorems with exactly 7 proof(s): 14
[2018-01-23 10:17:31] Number of theorems with exactly 8 proof(s): 6
[2018-01-23 10:17:31] Number of theorems with exactly 9 proof(s): 2
[2018-01-23 10:17:31] Number of theorems with exactly 10 proof(s): 11
[2018-01-23 10:17:31] Number of theorems with exactly 11 proof(s): 5
[2018-01-23 10:17:31] Number of theorems with exactly 12 proof(s): 6
[2018-01-23 10:17:31] Number of theorems with exactly 13 proof(s): 2
[2018-01-23 10:17:31] Number of theorems with exactly 14 proof(s): 4
[2018-01-23 10:17:31] Number of theorems with exactly 15 proof(s): 1
[2018-01-23 10:17:31] Number of theorems with exactly 16 proof(s): 1
[2018-01-23 10:17:31] Number of theorems with exactly 17 proof(s): 1
[2018-01-23 10:17:31] Number of theorems with exactly 18 proof(s): 1
[2018-01-23 10:17:31] Number of theorems with exactly 21 proof(s): 1
[2018-01-23 10:17:31] Average number of proofs per theorem: 4.007
[2018-01-23 10:17:31] Average number of premises used in a proof: 7.736
[2018-01-23 10:17:31] Theorems with maximal number of proofs found: ['t50_zfmisc_1']
[2018-01-23 10:17:31] Distribution of lengths of proofs for theorem t50_zfmisc_1: [4, 6, 21, 8, 10, 22, 19, 11, 13, 25, 8, 6, 19, 24, 16, 21, 18, 11, 22, 12, 19]
[2018-01-23 10:17:31] ADDING PROOFS ROUND: 6
[2018-01-23 10:17:31] Transforming proofs of 1000 theorems to training data...
[2018-01-23 10:17:31]     Number of features used: 10241 / 10241
[2018-01-23 10:17:31]     Mode of combining theorems and premises to examples: merge_mode=concat
[2018-01-23 10:17:31]     Negatives to positive ratio: 16
[2018-01-23 10:17:31]     No negative mining.
[2018-01-23 10:17:34] Transformation finished.
[2018-01-23 10:17:34] Training of xgboost model started...
[2018-01-23 11:08:01] Training finished.
[2018-01-23 11:08:01] Creating rankings of premises from the trained model for 1000 theorems...
[2018-01-23 11:10:29] Rankings created.
[2018-01-23 11:10:30] Creating rankings of premises from the trained model for 342 theorems...
[2018-01-23 11:11:21] Rankings created.
[2018-01-23 11:11:21] ATP evaluation started...
[2018-01-23 11:37:34]     Number of proved theorems: 918
[2018-01-23 11:37:34]     Percentage of proved theorems: 91.80%
[2018-01-23 11:37:34] STATS OF TRAINING PROOFS
[2018-01-23 11:37:34] Number of all theorems with proof(s): 1000
[2018-01-23 11:37:34] Number of all proofs: 4318
[2018-01-23 11:37:34] Number of theorems with exactly 1 proof(s): 318
[2018-01-23 11:37:34] Number of theorems with exactly 2 proof(s): 154
[2018-01-23 11:37:34] Number of theorems with exactly 3 proof(s): 114
[2018-01-23 11:37:34] Number of theorems with exactly 4 proof(s): 81
[2018-01-23 11:37:34] Number of theorems with exactly 5 proof(s): 64
[2018-01-23 11:37:34] Number of theorems with exactly 6 proof(s): 46
[2018-01-23 11:37:34] Number of theorems with exactly 7 proof(s): 40
[2018-01-23 11:37:34] Number of theorems with exactly 8 proof(s): 36
[2018-01-23 11:37:34] Number of theorems with exactly 9 proof(s): 28
[2018-01-23 11:37:34] Number of theorems with exactly 10 proof(s): 21
[2018-01-23 11:37:34] Number of theorems with exactly 11 proof(s): 22
[2018-01-23 11:37:34] Number of theorems with exactly 12 proof(s): 12
[2018-01-23 11:37:34] Number of theorems with exactly 13 proof(s): 11
[2018-01-23 11:37:34] Number of theorems with exactly 14 proof(s): 19
[2018-01-23 11:37:34] Number of theorems with exactly 15 proof(s): 10
[2018-01-23 11:37:34] Number of theorems with exactly 16 proof(s): 4
[2018-01-23 11:37:34] Number of theorems with exactly 17 proof(s): 2
[2018-01-23 11:37:34] Number of theorems with exactly 18 proof(s): 7
[2018-01-23 11:37:34] Number of theorems with exactly 19 proof(s): 4
[2018-01-23 11:37:34] Number of theorems with exactly 20 proof(s): 2
[2018-01-23 11:37:34] Number of theorems with exactly 22 proof(s): 2
[2018-01-23 11:37:34] Number of theorems with exactly 23 proof(s): 1
[2018-01-23 11:37:34] Number of theorems with exactly 24 proof(s): 2
[2018-01-23 11:37:34] Average number of proofs per theorem: 4.318
[2018-01-23 11:37:34] Average number of premises used in a proof: 8.532
[2018-01-23 11:37:34] Theorems with maximal number of proofs found: ['t48_orders_2', 't23_pre_topc']
[2018-01-23 11:37:35] Distribution of lengths of proofs for theorem t48_orders_2: [10, 7, 8, 8, 8, 8, 9, 9, 8, 10, 7, 11, 12, 13, 8, 13, 15, 14, 14, 14, 14, 8, 15, 14]
[2018-01-23 11:37:35] ATP evaluation started...
