[2018-04-06 01:01:48] Statements of 4564 theorems and definitions loaded.
[2018-04-06 01:01:48] Features of 4564 thms and definitions loaded.
[2018-04-06 01:01:48] Chronological order of 4564 thms and definitions loaded.
[2018-04-06 01:01:48] Proofs of 1000 theorems loaded.
[2018-04-06 01:01:48] Proofs of 342 theorems loaded.
[2018-04-06 01:01:48] Transforming proofs of 1000 theorems to training data...
[2018-04-06 01:01:48]     Number of features used: 2048 / 10241
[2018-04-06 01:01:48]     Mode of combining theorems and premises to examples: merge_mode=concat
[2018-04-06 01:01:48]     Negatives to positive ratio: 2
[2018-04-06 01:01:48]     No negative mining.
[2018-04-06 01:01:53] Transformation finished.
[2018-04-06 01:01:53] Transforming proofs of 342 theorems to training data...
[2018-04-06 01:01:53]     Number of features used: 2048 / 10241
[2018-04-06 01:01:53]     Mode of combining theorems and premises to examples: merge_mode=concat
[2018-04-06 01:01:53]     Negatives to positive ratio: 2
[2018-04-06 01:01:53]     No negative mining.
[2018-04-06 01:01:55] Transformation finished.
[2018-04-06 01:01:55] Constructing neural net graph...
[2018-04-06 01:01:56] Training of neural net started...
[2018-04-06 01:01:56] Epoch: 0
[2018-04-06 01:01:56] Accuracy/Precision/Recall/F1-score on a random training batch:   0.68/0.68/0.15/0.24
[2018-04-06 01:01:56] Accuracy/Precision/Recall/F1-score on a random validation batch: 0.67/0.66/0.18/0.28
[2018-04-06 01:01:56] Epoch: 1
[2018-04-06 01:01:57] Accuracy/Precision/Recall/F1-score on a random training batch:   0.71/0.78/0.28/0.41
[2018-04-06 01:01:57] Accuracy/Precision/Recall/F1-score on a random validation batch: 0.70/0.69/0.25/0.36
[2018-04-06 01:01:57] Epoch: 2
[2018-04-06 01:01:57] Accuracy/Precision/Recall/F1-score on a random training batch:   0.75/0.77/0.33/0.46
[2018-04-06 01:01:57] Accuracy/Precision/Recall/F1-score on a random validation batch: 0.76/0.73/0.35/0.48
[2018-04-06 01:01:57] Epoch: 3
[2018-04-06 01:01:57] Accuracy/Precision/Recall/F1-score on a random training batch:   0.74/0.69/0.34/0.46
[2018-04-06 01:01:58] Accuracy/Precision/Recall/F1-score on a random validation batch: 0.72/0.70/0.32/0.44
[2018-04-06 01:01:58] Epoch: 4
[2018-04-06 01:01:58] Accuracy/Precision/Recall/F1-score on a random training batch:   0.78/0.76/0.43/0.55
[2018-04-06 01:01:58] Accuracy/Precision/Recall/F1-score on a random validation batch: 0.74/0.76/0.38/0.51
[2018-04-06 01:01:58] Epoch: 5
[2018-04-06 01:01:58] Accuracy/Precision/Recall/F1-score on a random training batch:   0.76/0.78/0.39/0.52
[2018-04-06 01:01:58] Accuracy/Precision/Recall/F1-score on a random validation batch: 0.74/0.68/0.37/0.48
[2018-04-06 01:01:58] Epoch: 6
[2018-04-06 01:01:59] Accuracy/Precision/Recall/F1-score on a random training batch:   0.79/0.82/0.49/0.61
[2018-04-06 01:01:59] Accuracy/Precision/Recall/F1-score on a random validation batch: 0.75/0.76/0.41/0.54
[2018-04-06 01:01:59] Epoch: 7
[2018-04-06 01:01:59] Accuracy/Precision/Recall/F1-score on a random training batch:   0.77/0.75/0.51/0.61
[2018-04-06 01:01:59] Accuracy/Precision/Recall/F1-score on a random validation batch: 0.78/0.77/0.43/0.55
[2018-04-06 01:01:59] Epoch: 8
[2018-04-06 01:02:00] Accuracy/Precision/Recall/F1-score on a random training batch:   0.78/0.79/0.45/0.58
[2018-04-06 01:02:00] Accuracy/Precision/Recall/F1-score on a random validation batch: 0.75/0.75/0.41/0.53
[2018-04-06 01:02:00] Epoch: 9
[2018-04-06 01:02:00] Accuracy/Precision/Recall/F1-score on a random training batch:   0.81/0.81/0.55/0.65
[2018-04-06 01:02:00] Accuracy/Precision/Recall/F1-score on a random validation batch: 0.76/0.73/0.49/0.59
[2018-04-06 01:02:00] Epoch: 10
[2018-04-06 01:02:01] Accuracy/Precision/Recall/F1-score on a random training batch:   0.78/0.72/0.49/0.58
[2018-04-06 01:02:01] Accuracy/Precision/Recall/F1-score on a random validation batch: 0.78/0.73/0.54/0.62
[2018-04-06 01:02:01] Epoch: 11
[2018-04-06 01:02:01] Accuracy/Precision/Recall/F1-score on a random training batch:   0.80/0.77/0.60/0.68
[2018-04-06 01:02:01] Accuracy/Precision/Recall/F1-score on a random validation batch: 0.78/0.74/0.50/0.60
[2018-04-06 01:02:01] Epoch: 12
[2018-04-06 01:02:02] Accuracy/Precision/Recall/F1-score on a random training batch:   0.79/0.74/0.52/0.61
[2018-04-06 01:02:02] Accuracy/Precision/Recall/F1-score on a random validation batch: 0.77/0.80/0.50/0.61
[2018-04-06 01:02:02] Epoch: 13
[2018-04-06 01:02:02] Accuracy/Precision/Recall/F1-score on a random training batch:   0.79/0.76/0.56/0.64
[2018-04-06 01:02:02] Accuracy/Precision/Recall/F1-score on a random validation batch: 0.76/0.76/0.49/0.60
[2018-04-06 01:02:02] Epoch: 14
[2018-04-06 01:02:02] Accuracy/Precision/Recall/F1-score on a random training batch:   0.80/0.73/0.57/0.64
[2018-04-06 01:02:03] Accuracy/Precision/Recall/F1-score on a random validation batch: 0.79/0.73/0.56/0.63
[2018-04-06 01:02:03] Epoch: 15
[2018-04-06 01:02:03] Accuracy/Precision/Recall/F1-score on a random training batch:   0.80/0.76/0.56/0.65
[2018-04-06 01:02:03] Accuracy/Precision/Recall/F1-score on a random validation batch: 0.78/0.73/0.54/0.62
[2018-04-06 01:02:03] Epoch: 16
[2018-04-06 01:02:03] Accuracy/Precision/Recall/F1-score on a random training batch:   0.78/0.74/0.54/0.62
[2018-04-06 01:02:03] Accuracy/Precision/Recall/F1-score on a random validation batch: 0.78/0.73/0.49/0.59
[2018-04-06 01:02:03] Epoch: 17
[2018-04-06 01:02:04] Accuracy/Precision/Recall/F1-score on a random training batch:   0.80/0.76/0.57/0.65
[2018-04-06 01:02:04] Accuracy/Precision/Recall/F1-score on a random validation batch: 0.78/0.73/0.56/0.64
[2018-04-06 01:02:04] Epoch: 18
[2018-04-06 01:02:04] Accuracy/Precision/Recall/F1-score on a random training batch:   0.83/0.82/0.64/0.72
[2018-04-06 01:02:04] Accuracy/Precision/Recall/F1-score on a random validation batch: 0.76/0.71/0.51/0.59
[2018-04-06 01:02:04] Epoch: 19
[2018-04-06 01:02:05] Accuracy/Precision/Recall/F1-score on a random training batch:   0.79/0.78/0.54/0.64
[2018-04-06 01:02:05] Accuracy/Precision/Recall/F1-score on a random validation batch: 0.79/0.73/0.52/0.61
[2018-04-06 01:02:05] Epoch: 20
[2018-04-06 01:02:05] Accuracy/Precision/Recall/F1-score on a random training batch:   0.79/0.78/0.61/0.69
[2018-04-06 01:02:05] Accuracy/Precision/Recall/F1-score on a random validation batch: 0.75/0.66/0.50/0.57
[2018-04-06 01:02:05] Epoch: 21
[2018-04-06 01:02:05] Accuracy/Precision/Recall/F1-score on a random training batch:   0.79/0.76/0.56/0.65
[2018-04-06 01:02:06] Accuracy/Precision/Recall/F1-score on a random validation batch: 0.78/0.69/0.54/0.60
[2018-04-06 01:02:06] Epoch: 22
[2018-04-06 01:02:06] Accuracy/Precision/Recall/F1-score on a random training batch:   0.79/0.73/0.58/0.65
[2018-04-06 01:02:06] Accuracy/Precision/Recall/F1-score on a random validation batch: 0.77/0.69/0.53/0.60
[2018-04-06 01:02:06] Epoch: 23
[2018-04-06 01:02:06] Accuracy/Precision/Recall/F1-score on a random training batch:   0.81/0.74/0.63/0.68
[2018-04-06 01:02:06] Accuracy/Precision/Recall/F1-score on a random validation batch: 0.76/0.69/0.55/0.62
[2018-04-06 01:02:06] Epoch: 24
[2018-04-06 01:02:07] Accuracy/Precision/Recall/F1-score on a random training batch:   0.81/0.80/0.58/0.67
[2018-04-06 01:02:07] Accuracy/Precision/Recall/F1-score on a random validation batch: 0.75/0.74/0.51/0.61
[2018-04-06 01:02:07] Epoch: 25
[2018-04-06 01:02:07] Accuracy/Precision/Recall/F1-score on a random training batch:   0.80/0.76/0.62/0.69
[2018-04-06 01:02:07] Accuracy/Precision/Recall/F1-score on a random validation batch: 0.75/0.70/0.54/0.61
[2018-04-06 01:02:07] Epoch: 26
[2018-04-06 01:02:08] Accuracy/Precision/Recall/F1-score on a random training batch:   0.80/0.75/0.61/0.68
[2018-04-06 01:02:08] Accuracy/Precision/Recall/F1-score on a random validation batch: 0.76/0.65/0.54/0.59
[2018-04-06 01:02:08] Epoch: 27
[2018-04-06 01:02:08] Accuracy/Precision/Recall/F1-score on a random training batch:   0.81/0.80/0.58/0.67
[2018-04-06 01:02:08] Accuracy/Precision/Recall/F1-score on a random validation batch: 0.77/0.69/0.56/0.62
[2018-04-06 01:02:08] Epoch: 28
[2018-04-06 01:02:08] Accuracy/Precision/Recall/F1-score on a random training batch:   0.83/0.77/0.68/0.72
[2018-04-06 01:02:09] Accuracy/Precision/Recall/F1-score on a random validation batch: 0.78/0.68/0.56/0.61
[2018-04-06 01:02:09] Epoch: 29
[2018-04-06 01:02:09] Accuracy/Precision/Recall/F1-score on a random training batch:   0.80/0.76/0.56/0.65
[2018-04-06 01:02:09] Accuracy/Precision/Recall/F1-score on a random validation batch: 0.79/0.76/0.54/0.63
[2018-04-06 01:02:09] Epoch: 30
[2018-04-06 01:02:09] Accuracy/Precision/Recall/F1-score on a random training batch:   0.78/0.73/0.54/0.62
[2018-04-06 01:02:09] Accuracy/Precision/Recall/F1-score on a random validation batch: 0.76/0.69/0.54/0.61
[2018-04-06 01:02:09] Epoch: 31
[2018-04-06 01:02:10] Accuracy/Precision/Recall/F1-score on a random training batch:   0.79/0.75/0.56/0.64
[2018-04-06 01:02:10] Accuracy/Precision/Recall/F1-score on a random validation batch: 0.79/0.71/0.53/0.61
[2018-04-06 01:02:10] Epoch: 32
[2018-04-06 01:02:10] Accuracy/Precision/Recall/F1-score on a random training batch:   0.81/0.78/0.59/0.67
[2018-04-06 01:02:10] Accuracy/Precision/Recall/F1-score on a random validation batch: 0.80/0.73/0.61/0.66
[2018-04-06 01:02:10] Epoch: 33
[2018-04-06 01:02:11] Accuracy/Precision/Recall/F1-score on a random training batch:   0.82/0.81/0.64/0.72
[2018-04-06 01:02:11] Accuracy/Precision/Recall/F1-score on a random validation batch: 0.77/0.67/0.53/0.59
[2018-04-06 01:02:11] Epoch: 34
[2018-04-06 01:02:11] Accuracy/Precision/Recall/F1-score on a random training batch:   0.82/0.76/0.67/0.71
[2018-04-06 01:02:11] Accuracy/Precision/Recall/F1-score on a random validation batch: 0.80/0.72/0.62/0.66
[2018-04-06 01:02:11] Epoch: 35
[2018-04-06 01:02:11] Accuracy/Precision/Recall/F1-score on a random training batch:   0.81/0.73/0.64/0.68
[2018-04-06 01:02:11] Accuracy/Precision/Recall/F1-score on a random validation batch: 0.77/0.71/0.55/0.62
[2018-04-06 01:02:11] Epoch: 36
[2018-04-06 01:02:12] Accuracy/Precision/Recall/F1-score on a random training batch:   0.79/0.71/0.58/0.64
[2018-04-06 01:02:12] Accuracy/Precision/Recall/F1-score on a random validation batch: 0.80/0.75/0.61/0.67
[2018-04-06 01:02:12] Epoch: 37
[2018-04-06 01:02:12] Accuracy/Precision/Recall/F1-score on a random training batch:   0.79/0.76/0.59/0.66
[2018-04-06 01:02:12] Accuracy/Precision/Recall/F1-score on a random validation batch: 0.80/0.75/0.58/0.66
[2018-04-06 01:02:12] Epoch: 38
[2018-04-06 01:02:13] Accuracy/Precision/Recall/F1-score on a random training batch:   0.80/0.76/0.55/0.64
[2018-04-06 01:02:13] Accuracy/Precision/Recall/F1-score on a random validation batch: 0.77/0.73/0.57/0.64
[2018-04-06 01:02:13] Epoch: 39
[2018-04-06 01:02:13] Accuracy/Precision/Recall/F1-score on a random training batch:   0.80/0.75/0.62/0.68
[2018-04-06 01:02:13] Accuracy/Precision/Recall/F1-score on a random validation batch: 0.79/0.73/0.60/0.66
[2018-04-06 01:02:13] Epoch: 40
[2018-04-06 01:02:14] Accuracy/Precision/Recall/F1-score on a random training batch:   0.81/0.76/0.59/0.66
[2018-04-06 01:02:14] Accuracy/Precision/Recall/F1-score on a random validation batch: 0.77/0.68/0.54/0.60
[2018-04-06 01:02:14] Epoch: 41
[2018-04-06 01:02:14] Accuracy/Precision/Recall/F1-score on a random training batch:   0.84/0.80/0.70/0.75
[2018-04-06 01:02:14] Accuracy/Precision/Recall/F1-score on a random validation batch: 0.76/0.75/0.52/0.61
[2018-04-06 01:02:14] Epoch: 42
[2018-04-06 01:02:14] Accuracy/Precision/Recall/F1-score on a random training batch:   0.83/0.77/0.63/0.69
[2018-04-06 01:02:14] Accuracy/Precision/Recall/F1-score on a random validation batch: 0.76/0.66/0.54/0.60
[2018-04-06 01:02:14] Epoch: 43
[2018-04-06 01:02:15] Accuracy/Precision/Recall/F1-score on a random training batch:   0.81/0.77/0.69/0.73
[2018-04-06 01:02:15] Accuracy/Precision/Recall/F1-score on a random validation batch: 0.78/0.69/0.58/0.63
[2018-04-06 01:02:15] Epoch: 44
[2018-04-06 01:02:15] Accuracy/Precision/Recall/F1-score on a random training batch:   0.82/0.74/0.66/0.70
[2018-04-06 01:02:15] Accuracy/Precision/Recall/F1-score on a random validation batch: 0.78/0.70/0.57/0.63
[2018-04-06 01:02:15] Epoch: 45
[2018-04-06 01:02:16] Accuracy/Precision/Recall/F1-score on a random training batch:   0.80/0.75/0.59/0.66
[2018-04-06 01:02:16] Accuracy/Precision/Recall/F1-score on a random validation batch: 0.80/0.72/0.53/0.61
[2018-04-06 01:02:16] Epoch: 46
[2018-04-06 01:02:16] Accuracy/Precision/Recall/F1-score on a random training batch:   0.82/0.79/0.62/0.70
[2018-04-06 01:02:16] Accuracy/Precision/Recall/F1-score on a random validation batch: 0.76/0.67/0.53/0.59
[2018-04-06 01:02:16] Epoch: 47
[2018-04-06 01:02:17] Accuracy/Precision/Recall/F1-score on a random training batch:   0.81/0.79/0.59/0.68
[2018-04-06 01:02:17] Accuracy/Precision/Recall/F1-score on a random validation batch: 0.80/0.77/0.57/0.66
[2018-04-06 01:02:17] Epoch: 48
[2018-04-06 01:02:17] Accuracy/Precision/Recall/F1-score on a random training batch:   0.81/0.76/0.65/0.70
[2018-04-06 01:02:17] Accuracy/Precision/Recall/F1-score on a random validation batch: 0.78/0.68/0.60/0.64
[2018-04-06 01:02:17] Epoch: 49
[2018-04-06 01:02:18] Accuracy/Precision/Recall/F1-score on a random training batch:   0.81/0.77/0.62/0.69
[2018-04-06 01:02:18] Accuracy/Precision/Recall/F1-score on a random validation batch: 0.76/0.69/0.52/0.59
[2018-04-06 01:02:18] Epoch: 50
[2018-04-06 01:02:18] Accuracy/Precision/Recall/F1-score on a random training batch:   0.81/0.78/0.61/0.69
[2018-04-06 01:02:18] Accuracy/Precision/Recall/F1-score on a random validation batch: 0.79/0.72/0.61/0.66
[2018-04-06 01:02:18] Epoch: 51
[2018-04-06 01:02:18] Accuracy/Precision/Recall/F1-score on a random training batch:   0.81/0.79/0.64/0.71
[2018-04-06 01:02:18] Accuracy/Precision/Recall/F1-score on a random validation batch: 0.75/0.68/0.53/0.60
[2018-04-06 01:02:18] Epoch: 52
[2018-04-06 01:02:19] Accuracy/Precision/Recall/F1-score on a random training batch:   0.80/0.76/0.64/0.70
[2018-04-06 01:02:19] Accuracy/Precision/Recall/F1-score on a random validation batch: 0.75/0.67/0.53/0.59
[2018-04-06 01:02:19] Epoch: 53
[2018-04-06 01:02:19] Accuracy/Precision/Recall/F1-score on a random training batch:   0.82/0.78/0.64/0.70
[2018-04-06 01:02:19] Accuracy/Precision/Recall/F1-score on a random validation batch: 0.77/0.71/0.53/0.61
[2018-04-06 01:02:19] Epoch: 54
[2018-04-06 01:02:20] Accuracy/Precision/Recall/F1-score on a random training batch:   0.81/0.73/0.65/0.69
[2018-04-06 01:02:20] Accuracy/Precision/Recall/F1-score on a random validation batch: 0.79/0.71/0.62/0.66
[2018-04-06 01:02:20] Epoch: 55
[2018-04-06 01:02:20] Accuracy/Precision/Recall/F1-score on a random training batch:   0.80/0.71/0.61/0.66
[2018-04-06 01:02:20] Accuracy/Precision/Recall/F1-score on a random validation batch: 0.78/0.72/0.56/0.63
[2018-04-06 01:02:20] Epoch: 56
[2018-04-06 01:02:20] Accuracy/Precision/Recall/F1-score on a random training batch:   0.82/0.76/0.59/0.67
[2018-04-06 01:02:21] Accuracy/Precision/Recall/F1-score on a random validation batch: 0.78/0.70/0.57/0.63
[2018-04-06 01:02:21] Epoch: 57
[2018-04-06 01:02:21] Accuracy/Precision/Recall/F1-score on a random training batch:   0.81/0.76/0.64/0.69
[2018-04-06 01:02:21] Accuracy/Precision/Recall/F1-score on a random validation batch: 0.79/0.75/0.60/0.66
[2018-04-06 01:02:21] Epoch: 58
[2018-04-06 01:02:21] Accuracy/Precision/Recall/F1-score on a random training batch:   0.80/0.75/0.62/0.68
[2018-04-06 01:02:21] Accuracy/Precision/Recall/F1-score on a random validation batch: 0.78/0.70/0.56/0.63
[2018-04-06 01:02:21] Epoch: 59
[2018-04-06 01:02:22] Accuracy/Precision/Recall/F1-score on a random training batch:   0.82/0.75/0.64/0.69
[2018-04-06 01:02:22] Accuracy/Precision/Recall/F1-score on a random validation batch: 0.78/0.72/0.55/0.62
[2018-04-06 01:02:22] Epoch: 60
[2018-04-06 01:02:22] Accuracy/Precision/Recall/F1-score on a random training batch:   0.81/0.77/0.61/0.68
[2018-04-06 01:02:22] Accuracy/Precision/Recall/F1-score on a random validation batch: 0.78/0.74/0.57/0.64
[2018-04-06 01:02:22] Epoch: 61
[2018-04-06 01:02:23] Accuracy/Precision/Recall/F1-score on a random training batch:   0.82/0.78/0.65/0.71
[2018-04-06 01:02:23] Accuracy/Precision/Recall/F1-score on a random validation batch: 0.79/0.71/0.62/0.66
[2018-04-06 01:02:23] Epoch: 62
[2018-04-06 01:02:23] Accuracy/Precision/Recall/F1-score on a random training batch:   0.82/0.79/0.63/0.70
[2018-04-06 01:02:23] Accuracy/Precision/Recall/F1-score on a random validation batch: 0.76/0.66/0.56/0.61
[2018-04-06 01:02:23] Epoch: 63
[2018-04-06 01:02:23] Accuracy/Precision/Recall/F1-score on a random training batch:   0.82/0.75/0.64/0.69
[2018-04-06 01:02:23] Accuracy/Precision/Recall/F1-score on a random validation batch: 0.78/0.67/0.60/0.63
[2018-04-06 01:02:23] Epoch: 64
[2018-04-06 01:02:24] Accuracy/Precision/Recall/F1-score on a random training batch:   0.82/0.77/0.64/0.70
[2018-04-06 01:02:24] Accuracy/Precision/Recall/F1-score on a random validation batch: 0.77/0.67/0.59/0.63
[2018-04-06 01:02:24] Epoch: 65
[2018-04-06 01:02:24] Accuracy/Precision/Recall/F1-score on a random training batch:   0.80/0.80/0.60/0.69
[2018-04-06 01:02:24] Accuracy/Precision/Recall/F1-score on a random validation batch: 0.78/0.74/0.58/0.66
[2018-04-06 01:02:24] Epoch: 66
[2018-04-06 01:02:25] Accuracy/Precision/Recall/F1-score on a random training batch:   0.83/0.80/0.67/0.73
[2018-04-06 01:02:25] Accuracy/Precision/Recall/F1-score on a random validation batch: 0.81/0.77/0.63/0.69
[2018-04-06 01:02:25] Epoch: 67
[2018-04-06 01:02:25] Accuracy/Precision/Recall/F1-score on a random training batch:   0.82/0.76/0.70/0.73
[2018-04-06 01:02:25] Accuracy/Precision/Recall/F1-score on a random validation batch: 0.77/0.73/0.56/0.64
[2018-04-06 01:02:25] Epoch: 68
[2018-04-06 01:02:26] Accuracy/Precision/Recall/F1-score on a random training batch:   0.80/0.76/0.58/0.66
[2018-04-06 01:02:26] Accuracy/Precision/Recall/F1-score on a random validation batch: 0.77/0.73/0.55/0.63
[2018-04-06 01:02:26] Epoch: 69
[2018-04-06 01:02:26] Accuracy/Precision/Recall/F1-score on a random training batch:   0.81/0.71/0.62/0.67
[2018-04-06 01:02:26] Accuracy/Precision/Recall/F1-score on a random validation batch: 0.78/0.69/0.56/0.62
[2018-04-06 01:02:26] Epoch: 70
[2018-04-06 01:02:26] Accuracy/Precision/Recall/F1-score on a random training batch:   0.82/0.79/0.60/0.68
[2018-04-06 01:02:26] Accuracy/Precision/Recall/F1-score on a random validation batch: 0.77/0.68/0.52/0.59
[2018-04-06 01:02:26] Epoch: 71
[2018-04-06 01:02:27] Accuracy/Precision/Recall/F1-score on a random training batch:   0.80/0.74/0.60/0.66
[2018-04-06 01:02:27] Accuracy/Precision/Recall/F1-score on a random validation batch: 0.79/0.72/0.61/0.66
[2018-04-06 01:02:27] Epoch: 72
[2018-04-06 01:02:27] Accuracy/Precision/Recall/F1-score on a random training batch:   0.82/0.80/0.64/0.71
[2018-04-06 01:02:27] Accuracy/Precision/Recall/F1-score on a random validation batch: 0.78/0.70/0.54/0.61
[2018-04-06 01:02:27] Epoch: 73
[2018-04-06 01:02:28] Accuracy/Precision/Recall/F1-score on a random training batch:   0.81/0.79/0.61/0.69
[2018-04-06 01:02:28] Accuracy/Precision/Recall/F1-score on a random validation batch: 0.79/0.76/0.54/0.64
[2018-04-06 01:02:28] Epoch: 74
[2018-04-06 01:02:28] Accuracy/Precision/Recall/F1-score on a random training batch:   0.78/0.72/0.54/0.62
[2018-04-06 01:02:28] Accuracy/Precision/Recall/F1-score on a random validation batch: 0.76/0.68/0.53/0.59
[2018-04-06 01:02:28] Epoch: 75
[2018-04-06 01:02:28] Accuracy/Precision/Recall/F1-score on a random training batch:   0.80/0.80/0.61/0.69
[2018-04-06 01:02:29] Accuracy/Precision/Recall/F1-score on a random validation batch: 0.78/0.71/0.52/0.60
[2018-04-06 01:02:29] Epoch: 76
[2018-04-06 01:02:29] Accuracy/Precision/Recall/F1-score on a random training batch:   0.81/0.75/0.62/0.68
[2018-04-06 01:02:29] Accuracy/Precision/Recall/F1-score on a random validation batch: 0.77/0.66/0.58/0.62
[2018-04-06 01:02:29] Epoch: 77
[2018-04-06 01:02:29] Accuracy/Precision/Recall/F1-score on a random training batch:   0.83/0.80/0.66/0.72
[2018-04-06 01:02:29] Accuracy/Precision/Recall/F1-score on a random validation batch: 0.75/0.68/0.54/0.60
[2018-04-06 01:02:29] Epoch: 78
[2018-04-06 01:02:30] Accuracy/Precision/Recall/F1-score on a random training batch:   0.80/0.74/0.55/0.64
[2018-04-06 01:02:30] Accuracy/Precision/Recall/F1-score on a random validation batch: 0.78/0.72/0.53/0.61
[2018-04-06 01:02:30] Epoch: 79
[2018-04-06 01:02:30] Accuracy/Precision/Recall/F1-score on a random training batch:   0.81/0.79/0.59/0.67
[2018-04-06 01:02:30] Accuracy/Precision/Recall/F1-score on a random validation batch: 0.76/0.71/0.52/0.60
[2018-04-06 01:02:30] Epoch: 80
[2018-04-06 01:02:31] Accuracy/Precision/Recall/F1-score on a random training batch:   0.80/0.77/0.60/0.67
[2018-04-06 01:02:31] Accuracy/Precision/Recall/F1-score on a random validation batch: 0.76/0.72/0.52/0.60
[2018-04-06 01:02:31] Epoch: 81
[2018-04-06 01:02:31] Accuracy/Precision/Recall/F1-score on a random training batch:   0.83/0.81/0.65/0.72
[2018-04-06 01:02:31] Accuracy/Precision/Recall/F1-score on a random validation batch: 0.75/0.70/0.56/0.62
[2018-04-06 01:02:31] Epoch: 82
[2018-04-06 01:02:31] Accuracy/Precision/Recall/F1-score on a random training batch:   0.83/0.76/0.66/0.71
[2018-04-06 01:02:31] Accuracy/Precision/Recall/F1-score on a random validation batch: 0.77/0.69/0.55/0.61
[2018-04-06 01:02:31] Epoch: 83
[2018-04-06 01:02:32] Accuracy/Precision/Recall/F1-score on a random training batch:   0.81/0.74/0.63/0.68
[2018-04-06 01:02:32] Accuracy/Precision/Recall/F1-score on a random validation batch: 0.78/0.68/0.59/0.63
[2018-04-06 01:02:32] Epoch: 84
[2018-04-06 01:02:32] Accuracy/Precision/Recall/F1-score on a random training batch:   0.82/0.82/0.64/0.72
[2018-04-06 01:02:32] Accuracy/Precision/Recall/F1-score on a random validation batch: 0.74/0.67/0.55/0.60
[2018-04-06 01:02:32] Epoch: 85
[2018-04-06 01:02:33] Accuracy/Precision/Recall/F1-score on a random training batch:   0.81/0.78/0.64/0.70
[2018-04-06 01:02:33] Accuracy/Precision/Recall/F1-score on a random validation batch: 0.77/0.70/0.56/0.62
[2018-04-06 01:02:33] Epoch: 86
[2018-04-06 01:02:33] Accuracy/Precision/Recall/F1-score on a random training batch:   0.80/0.78/0.62/0.69
[2018-04-06 01:02:33] Accuracy/Precision/Recall/F1-score on a random validation batch: 0.76/0.71/0.52/0.60
[2018-04-06 01:02:33] Epoch: 87
[2018-04-06 01:02:34] Accuracy/Precision/Recall/F1-score on a random training batch:   0.81/0.76/0.63/0.69
[2018-04-06 01:02:34] Accuracy/Precision/Recall/F1-score on a random validation batch: 0.77/0.74/0.57/0.64
[2018-04-06 01:02:34] Epoch: 88
[2018-04-06 01:02:34] Accuracy/Precision/Recall/F1-score on a random training batch:   0.82/0.77/0.61/0.68
[2018-04-06 01:02:34] Accuracy/Precision/Recall/F1-score on a random validation batch: 0.78/0.73/0.58/0.65
[2018-04-06 01:02:34] Epoch: 89
[2018-04-06 01:02:35] Accuracy/Precision/Recall/F1-score on a random training batch:   0.81/0.78/0.63/0.70
[2018-04-06 01:02:35] Accuracy/Precision/Recall/F1-score on a random validation batch: 0.78/0.74/0.58/0.65
[2018-04-06 01:02:35] Epoch: 90
[2018-04-06 01:02:35] Accuracy/Precision/Recall/F1-score on a random training batch:   0.81/0.77/0.63/0.70
[2018-04-06 01:02:35] Accuracy/Precision/Recall/F1-score on a random validation batch: 0.78/0.70/0.59/0.64
[2018-04-06 01:02:35] Epoch: 91
[2018-04-06 01:02:35] Accuracy/Precision/Recall/F1-score on a random training batch:   0.81/0.77/0.65/0.71
[2018-04-06 01:02:35] Accuracy/Precision/Recall/F1-score on a random validation batch: 0.75/0.67/0.55/0.60
[2018-04-06 01:02:35] Epoch: 92
[2018-04-06 01:02:36] Accuracy/Precision/Recall/F1-score on a random training batch:   0.83/0.82/0.60/0.69
[2018-04-06 01:02:36] Accuracy/Precision/Recall/F1-score on a random validation batch: 0.74/0.66/0.51/0.57
[2018-04-06 01:02:36] Epoch: 93
[2018-04-06 01:02:36] Accuracy/Precision/Recall/F1-score on a random training batch:   0.83/0.79/0.66/0.71
[2018-04-06 01:02:36] Accuracy/Precision/Recall/F1-score on a random validation batch: 0.79/0.70/0.59/0.64
[2018-04-06 01:02:36] Epoch: 94
[2018-04-06 01:02:37] Accuracy/Precision/Recall/F1-score on a random training batch:   0.81/0.78/0.61/0.69
[2018-04-06 01:02:37] Accuracy/Precision/Recall/F1-score on a random validation batch: 0.77/0.67/0.55/0.61
[2018-04-06 01:02:37] Epoch: 95
[2018-04-06 01:02:37] Accuracy/Precision/Recall/F1-score on a random training batch:   0.79/0.74/0.61/0.67
[2018-04-06 01:02:37] Accuracy/Precision/Recall/F1-score on a random validation batch: 0.78/0.72/0.60/0.66
[2018-04-06 01:02:37] Epoch: 96
[2018-04-06 01:02:37] Accuracy/Precision/Recall/F1-score on a random training batch:   0.81/0.77/0.63/0.69
[2018-04-06 01:02:38] Accuracy/Precision/Recall/F1-score on a random validation batch: 0.79/0.72/0.55/0.63
[2018-04-06 01:02:38] Epoch: 97
[2018-04-06 01:02:38] Accuracy/Precision/Recall/F1-score on a random training batch:   0.81/0.74/0.65/0.69
[2018-04-06 01:02:38] Accuracy/Precision/Recall/F1-score on a random validation batch: 0.77/0.65/0.58/0.61
[2018-04-06 01:02:38] Epoch: 98
[2018-04-06 01:02:38] Accuracy/Precision/Recall/F1-score on a random training batch:   0.81/0.77/0.62/0.69
[2018-04-06 01:02:38] Accuracy/Precision/Recall/F1-score on a random validation batch: 0.79/0.74/0.61/0.67
[2018-04-06 01:02:38] Epoch: 99
[2018-04-06 01:02:39] Accuracy/Precision/Recall/F1-score on a random training batch:   0.81/0.75/0.63/0.68
[2018-04-06 01:02:39] Accuracy/Precision/Recall/F1-score on a random validation batch: 0.76/0.71/0.53/0.61
[2018-04-06 01:02:39] Training finished.
[2018-04-06 01:02:39] Saving model to file experiments/basic_network_h1_d03_l001_e100_mptp2078_dual_2/model/2018-04-06_010239--d=0.3,hl=50,pw=1,bs=1000,m=network,e=100,nof=2048,d=True,lr=0.001
[2018-04-06 01:02:39] Creating rankings of premises from the trained model for 342 theorems...
[2018-04-06 01:02:54] Rankings created.
[2018-04-06 01:02:54] Creating rankings of premises from the trained model for 1000 theorems...
[2018-04-06 01:03:29] Rankings created.
[2018-04-06 01:03:29] ATP evaluation started...
[2018-04-06 01:10:06]     Number of proved theorems: 149
[2018-04-06 01:10:06]     Percentage of proved theorems: 43.57%
[2018-04-06 01:10:06] Statistics for proofs in test set.
[2018-04-06 01:10:06] Number of all theorems with proof(s): 149
[2018-04-06 01:10:06] Number of all proofs: 246
[2018-04-06 01:10:06] Number of theorems with exactly 1 proof(s): 84
[2018-04-06 01:10:06] Number of theorems with exactly 2 proof(s): 43
[2018-04-06 01:10:06] Number of theorems with exactly 3 proof(s): 13
[2018-04-06 01:10:06] Number of theorems with exactly 4 proof(s): 8
[2018-04-06 01:10:06] Number of theorems with exactly 5 proof(s): 1
[2018-04-06 01:10:06] Average number of proofs per theorem: 1.651
[2018-04-06 01:10:06] Average number of premises used in one proof: 6.382
[2018-04-06 01:10:06] Theorems with maximal number of proofs found: ['t150_relat_1']
[2018-04-06 01:10:06] ATP evaluation started...
[2018-04-06 01:27:55]     Number of proved theorems: 521
[2018-04-06 01:27:55]     Percentage of proved theorems: 52.10%
[2018-04-06 01:27:55] Statistics for proofs in training set.
[2018-04-06 01:27:55] Number of all theorems with proof(s): 521
[2018-04-06 01:27:55] Number of all proofs: 842
[2018-04-06 01:27:55] Number of theorems with exactly 1 proof(s): 311
[2018-04-06 01:27:55] Number of theorems with exactly 2 proof(s): 125
[2018-04-06 01:27:55] Number of theorems with exactly 3 proof(s): 63
[2018-04-06 01:27:55] Number of theorems with exactly 4 proof(s): 18
[2018-04-06 01:27:55] Number of theorems with exactly 5 proof(s): 4
[2018-04-06 01:27:55] Average number of proofs per theorem: 1.616
[2018-04-06 01:27:55] Average number of premises used in one proof: 6.853
[2018-04-06 01:27:55] Theorems with maximal number of proofs found: ['t48_relset_1', 't61_setfam_1', 't6_zfmisc_1', 't113_zfmisc_1']
