[2018-03-24 16:23:59] Statements of 4564 theorems and definitions loaded.
[2018-03-24 16:23:59] Features of 4564 thms and definitions loaded.
[2018-03-24 16:23:59] Chronological order of 4564 thms and definitions loaded.
[2018-03-24 16:23:59] Proofs of 1000 theorems loaded.
[2018-03-24 16:23:59] Proofs of 342 theorems loaded.
[2018-03-24 16:23:59] Transforming proofs of 1000 theorems to training data...
[2018-03-24 16:23:59]     Number of features used: 2048 / 10241
[2018-03-24 16:23:59]     Mode of combining theorems and premises to examples: merge_mode=concat
[2018-03-24 16:23:59]     Negatives to positive ratio: 10
[2018-03-24 16:23:59]     No negative mining.
[2018-03-24 16:24:04] Transformation finished.
[2018-03-24 16:24:04] Transforming proofs of 342 theorems to training data...
[2018-03-24 16:24:04]     Number of features used: 2048 / 10241
[2018-03-24 16:24:04]     Mode of combining theorems and premises to examples: merge_mode=concat
[2018-03-24 16:24:04]     Negatives to positive ratio: 10
[2018-03-24 16:24:04]     No negative mining.
[2018-03-24 16:24:06] Transformation finished.
[2018-03-24 16:24:06] Constructing neural net graph...
[2018-03-24 16:25:28] Statements of 4564 theorems and definitions loaded.
[2018-03-24 16:25:28] Features of 4564 thms and definitions loaded.
[2018-03-24 16:25:28] Chronological order of 4564 thms and definitions loaded.
[2018-03-24 16:25:28] Proofs of 1000 theorems loaded.
[2018-03-24 16:25:28] Proofs of 342 theorems loaded.
[2018-03-24 16:25:28] Transforming proofs of 1000 theorems to training data...
[2018-03-24 16:25:28]     Number of features used: 2048 / 10241
[2018-03-24 16:25:28]     Mode of combining theorems and premises to examples: merge_mode=concat
[2018-03-24 16:25:28]     Negatives to positive ratio: 10
[2018-03-24 16:25:28]     No negative mining.
[2018-03-24 16:25:34] Transformation finished.
[2018-03-24 16:25:34] Transforming proofs of 342 theorems to training data...
[2018-03-24 16:25:34]     Number of features used: 2048 / 10241
[2018-03-24 16:25:34]     Mode of combining theorems and premises to examples: merge_mode=concat
[2018-03-24 16:25:34]     Negatives to positive ratio: 10
[2018-03-24 16:25:34]     No negative mining.
[2018-03-24 16:25:36] Transformation finished.
[2018-03-24 16:25:36] Constructing neural net graph...
[2018-03-24 16:30:22] Statements of 4564 theorems and definitions loaded.
[2018-03-24 16:30:22] Features of 4564 thms and definitions loaded.
[2018-03-24 16:30:22] Chronological order of 4564 thms and definitions loaded.
[2018-03-24 16:30:22] Proofs of 1000 theorems loaded.
[2018-03-24 16:30:22] Proofs of 342 theorems loaded.
[2018-03-24 16:30:22] Transforming proofs of 1000 theorems to training data...
[2018-03-24 16:30:22]     Number of features used: 2048 / 10241
[2018-03-24 16:30:22]     Mode of combining theorems and premises to examples: merge_mode=concat
[2018-03-24 16:30:22]     Negatives to positive ratio: 10
[2018-03-24 16:30:22]     No negative mining.
[2018-03-24 16:30:28] Transformation finished.
[2018-03-24 16:30:28] Transforming proofs of 342 theorems to training data...
[2018-03-24 16:30:28]     Number of features used: 2048 / 10241
[2018-03-24 16:30:28]     Mode of combining theorems and premises to examples: merge_mode=concat
[2018-03-24 16:30:28]     Negatives to positive ratio: 10
[2018-03-24 16:30:28]     No negative mining.
[2018-03-24 16:30:30] Transformation finished.
[2018-03-24 16:30:30] Constructing neural net graph...
[2018-03-24 16:34:20] Statements of 4564 theorems and definitions loaded.
[2018-03-24 16:34:20] Features of 4564 thms and definitions loaded.
[2018-03-24 16:34:20] Chronological order of 4564 thms and definitions loaded.
[2018-03-24 16:34:20] Proofs of 1000 theorems loaded.
[2018-03-24 16:34:20] Proofs of 342 theorems loaded.
[2018-03-24 16:34:20] Transforming proofs of 1000 theorems to training data...
[2018-03-24 16:34:20]     Number of features used: 2048 / 10241
[2018-03-24 16:34:20]     Mode of combining theorems and premises to examples: merge_mode=concat
[2018-03-24 16:34:20]     Negatives to positive ratio: 10
[2018-03-24 16:34:20]     No negative mining.
[2018-03-24 16:34:26] Transformation finished.
[2018-03-24 16:34:26] Transforming proofs of 342 theorems to training data...
[2018-03-24 16:34:26]     Number of features used: 2048 / 10241
[2018-03-24 16:34:26]     Mode of combining theorems and premises to examples: merge_mode=concat
[2018-03-24 16:34:26]     Negatives to positive ratio: 10
[2018-03-24 16:34:26]     No negative mining.
[2018-03-24 16:34:28] Transformation finished.
[2018-03-24 16:34:28] Constructing neural net graph...
[2018-03-24 16:34:28] Training of neural net started...
[2018-03-24 16:34:28] Epoch: 0
[2018-03-24 16:34:30] Accuracy/Precision/Recall/F1-score on a random training batch:   0.97/1.00/0.25/0.40
[2018-03-24 16:34:30] Accuracy/Precision/Recall/F1-score on a random validation batch: 0.92/0.67/0.40/0.50
[2018-03-24 16:34:30] Epoch: 1
[2018-03-24 16:34:32] Accuracy/Precision/Recall/F1-score on a random training batch:   0.98/0.83/0.83/0.83
[2018-03-24 16:34:32] Accuracy/Precision/Recall/F1-score on a random validation batch: 0.92/0.60/0.33/0.43
[2018-03-24 16:34:32] Epoch: 2
[2018-03-24 16:34:34] Accuracy/Precision/Recall/F1-score on a random training batch:   0.94/0.88/0.58/0.70
[2018-03-24 16:34:34] Accuracy/Precision/Recall/F1-score on a random validation batch: 0.96/1.00/0.20/0.33
[2018-03-24 16:34:34] Epoch: 3
[2018-03-24 16:34:36] Accuracy/Precision/Recall/F1-score on a random training batch:   0.97/1.00/0.73/0.84
[2018-03-24 16:34:36] Accuracy/Precision/Recall/F1-score on a random validation batch: 0.99/1.00/0.80/0.89
[2018-03-24 16:34:36] Epoch: 4
[2018-03-24 16:34:38] Accuracy/Precision/Recall/F1-score on a random training batch:   0.98/0.89/0.89/0.89
[2018-03-24 16:34:38] Accuracy/Precision/Recall/F1-score on a random validation batch: 0.93/0.67/0.60/0.63
[2018-03-24 16:34:38] Epoch: 5
[2018-03-24 16:34:40] Accuracy/Precision/Recall/F1-score on a random training batch:   0.97/1.00/0.62/0.77
[2018-03-24 16:34:40] Accuracy/Precision/Recall/F1-score on a random validation batch: 0.95/0.50/0.80/0.62
[2018-03-24 16:34:40] Epoch: 6
[2018-03-24 16:34:42] Accuracy/Precision/Recall/F1-score on a random training batch:   1.00/1.00/1.00/1.00
[2018-03-24 16:34:42] Accuracy/Precision/Recall/F1-score on a random validation batch: 0.91/0.75/0.27/0.40
[2018-03-24 16:34:42] Epoch: 7
[2018-03-24 16:34:44] Accuracy/Precision/Recall/F1-score on a random training batch:   0.99/1.00/0.83/0.91
[2018-03-24 16:34:44] Accuracy/Precision/Recall/F1-score on a random validation batch: 0.94/0.89/0.62/0.73
[2018-03-24 16:34:44] Epoch: 8
[2018-03-24 16:34:46] Accuracy/Precision/Recall/F1-score on a random training batch:   0.98/1.00/0.60/0.75
[2018-03-24 16:34:46] Accuracy/Precision/Recall/F1-score on a random validation batch: 0.93/0.50/0.57/0.53
[2018-03-24 16:34:47] Epoch: 9
[2018-03-24 16:35:58] Statements of 4564 theorems and definitions loaded.
[2018-03-24 16:35:58] Features of 4564 thms and definitions loaded.
[2018-03-24 16:35:58] Chronological order of 4564 thms and definitions loaded.
[2018-03-24 16:35:58] Proofs of 1000 theorems loaded.
[2018-03-24 16:35:58] Proofs of 342 theorems loaded.
[2018-03-24 16:35:58] Transforming proofs of 1000 theorems to training data...
[2018-03-24 16:35:58]     Number of features used: 2048 / 10241
[2018-03-24 16:35:58]     Mode of combining theorems and premises to examples: merge_mode=concat
[2018-03-24 16:35:58]     Negatives to positive ratio: 10
[2018-03-24 16:35:58]     No negative mining.
[2018-03-24 16:36:03] Transformation finished.
[2018-03-24 16:36:03] Transforming proofs of 342 theorems to training data...
[2018-03-24 16:36:03]     Number of features used: 2048 / 10241
[2018-03-24 16:36:03]     Mode of combining theorems and premises to examples: merge_mode=concat
[2018-03-24 16:36:03]     Negatives to positive ratio: 10
[2018-03-24 16:36:03]     No negative mining.
[2018-03-24 16:36:06] Transformation finished.
[2018-03-24 16:36:06] Constructing neural net graph...
[2018-03-24 16:36:06] Training of neural net started...
[2018-03-24 16:36:06] Epoch: 0
[2018-03-24 16:36:08] Accuracy/Precision/Recall/F1-score on a random training batch:   0.90/0.00/0.00/nan
[2018-03-24 16:36:08] Accuracy/Precision/Recall/F1-score on a random validation batch: 0.92/1.00/0.20/0.33
[2018-03-24 16:36:08] Epoch: 1
[2018-03-24 16:36:10] Accuracy/Precision/Recall/F1-score on a random training batch:   0.96/0.67/0.40/0.50
[2018-03-24 16:36:10] Accuracy/Precision/Recall/F1-score on a random validation batch: 0.89/0.25/0.11/0.15
[2018-03-24 16:36:10] Epoch: 2
[2018-03-24 16:36:12] Accuracy/Precision/Recall/F1-score on a random training batch:   0.94/0.75/0.38/0.50
[2018-03-24 16:36:12] Accuracy/Precision/Recall/F1-score on a random validation batch: 0.96/1.00/0.50/0.67
[2018-03-24 16:36:12] Epoch: 3
[2018-03-24 16:36:13] Accuracy/Precision/Recall/F1-score on a random training batch:   0.97/1.00/0.67/0.80
[2018-03-24 16:36:13] Accuracy/Precision/Recall/F1-score on a random validation batch: 0.88/0.75/0.50/0.60
[2018-03-24 16:36:13] Epoch: 4
[2018-03-24 16:36:16] Accuracy/Precision/Recall/F1-score on a random training batch:   0.98/0.93/0.93/0.93
[2018-03-24 16:36:16] Accuracy/Precision/Recall/F1-score on a random validation batch: 0.92/0.62/0.50/0.56
[2018-03-24 16:36:16] Epoch: 5
[2018-03-24 16:36:18] Accuracy/Precision/Recall/F1-score on a random training batch:   1.00/1.00/1.00/1.00
[2018-03-24 16:36:18] Accuracy/Precision/Recall/F1-score on a random validation batch: 0.95/0.67/0.57/0.62
[2018-03-24 16:36:18] Epoch: 6
[2018-03-24 16:36:20] Accuracy/Precision/Recall/F1-score on a random training batch:   0.98/0.80/0.80/0.80
[2018-03-24 16:36:20] Accuracy/Precision/Recall/F1-score on a random validation batch: 0.92/0.88/0.50/0.64
[2018-03-24 16:36:20] Epoch: 7
[2018-03-24 16:36:21] Accuracy/Precision/Recall/F1-score on a random training batch:   0.97/0.86/0.75/0.80
[2018-03-24 16:36:21] Accuracy/Precision/Recall/F1-score on a random validation batch: 0.96/0.67/0.86/0.75
[2018-03-24 16:36:21] Epoch: 8
[2018-03-24 16:36:23] Accuracy/Precision/Recall/F1-score on a random training batch:   0.99/1.00/0.89/0.94
[2018-03-24 16:36:23] Accuracy/Precision/Recall/F1-score on a random validation batch: 0.93/0.83/0.45/0.59
[2018-03-24 16:36:23] Epoch: 9
[2018-03-24 16:36:25] Accuracy/Precision/Recall/F1-score on a random training batch:   0.99/1.00/0.88/0.93
[2018-03-24 16:36:25] Accuracy/Precision/Recall/F1-score on a random validation batch: 0.93/0.38/0.60/0.46
[2018-03-24 16:36:25] Epoch: 10
[2018-03-24 16:36:27] Accuracy/Precision/Recall/F1-score on a random training batch:   0.99/1.00/0.91/0.95
[2018-03-24 16:36:27] Accuracy/Precision/Recall/F1-score on a random validation batch: 0.97/0.83/0.71/0.77
[2018-03-24 16:36:27] Epoch: 11
[2018-03-24 16:36:29] Accuracy/Precision/Recall/F1-score on a random training batch:   0.99/1.00/0.91/0.95
[2018-03-24 16:36:29] Accuracy/Precision/Recall/F1-score on a random validation batch: 0.93/0.60/0.67/0.63
[2018-03-24 16:36:29] Epoch: 12
[2018-03-24 16:36:30] Accuracy/Precision/Recall/F1-score on a random training batch:   0.98/1.00/0.83/0.91
[2018-03-24 16:36:30] Accuracy/Precision/Recall/F1-score on a random validation batch: 0.94/1.00/0.40/0.57
[2018-03-24 16:36:30] Epoch: 13
[2018-03-24 16:36:32] Accuracy/Precision/Recall/F1-score on a random training batch:   0.99/1.00/0.92/0.96
[2018-03-24 16:36:32] Accuracy/Precision/Recall/F1-score on a random validation batch: 0.93/0.25/0.67/0.36
[2018-03-24 16:36:32] Epoch: 14
[2018-03-24 16:36:34] Accuracy/Precision/Recall/F1-score on a random training batch:   1.00/1.00/1.00/1.00
[2018-03-24 16:36:34] Accuracy/Precision/Recall/F1-score on a random validation batch: 0.95/1.00/0.38/0.55
[2018-03-24 16:36:34] Epoch: 15
[2018-03-24 16:36:36] Accuracy/Precision/Recall/F1-score on a random training batch:   1.00/1.00/1.00/1.00
[2018-03-24 16:36:36] Accuracy/Precision/Recall/F1-score on a random validation batch: 0.95/0.25/0.33/0.29
[2018-03-24 16:36:36] Epoch: 16
[2018-03-24 16:36:38] Accuracy/Precision/Recall/F1-score on a random training batch:   0.99/1.00/0.80/0.89
[2018-03-24 16:36:38] Accuracy/Precision/Recall/F1-score on a random validation batch: 0.90/0.44/0.44/0.44
[2018-03-24 16:36:38] Epoch: 17
[2018-03-24 16:36:39] Accuracy/Precision/Recall/F1-score on a random training batch:   1.00/1.00/1.00/1.00
[2018-03-24 16:36:39] Accuracy/Precision/Recall/F1-score on a random validation batch: 0.93/1.00/0.36/0.53
[2018-03-24 16:36:39] Epoch: 18
[2018-03-24 16:36:41] Accuracy/Precision/Recall/F1-score on a random training batch:   0.99/0.91/1.00/0.95
[2018-03-24 16:36:41] Accuracy/Precision/Recall/F1-score on a random validation batch: 0.92/0.62/0.50/0.56
[2018-03-24 16:36:41] Epoch: 19
[2018-03-24 16:36:43] Accuracy/Precision/Recall/F1-score on a random training batch:   0.98/0.92/0.92/0.92
[2018-03-24 16:36:43] Accuracy/Precision/Recall/F1-score on a random validation batch: 0.96/1.00/0.64/0.78
[2018-03-24 16:36:43] Epoch: 20
[2018-03-24 16:36:45] Accuracy/Precision/Recall/F1-score on a random training batch:   0.99/1.00/0.91/0.95
[2018-03-24 16:36:45] Accuracy/Precision/Recall/F1-score on a random validation batch: 0.92/0.58/0.70/0.64
[2018-03-24 16:36:45] Epoch: 21
[2018-03-24 16:36:47] Accuracy/Precision/Recall/F1-score on a random training batch:   0.98/0.88/0.88/0.88
[2018-03-24 16:36:47] Accuracy/Precision/Recall/F1-score on a random validation batch: 0.93/0.60/0.67/0.63
[2018-03-24 16:36:47] Epoch: 22
[2018-03-24 16:36:48] Accuracy/Precision/Recall/F1-score on a random training batch:   0.99/0.89/1.00/0.94
[2018-03-24 16:36:48] Accuracy/Precision/Recall/F1-score on a random validation batch: 0.88/0.80/0.44/0.57
[2018-03-24 16:36:48] Epoch: 23
[2018-03-24 16:36:50] Accuracy/Precision/Recall/F1-score on a random training batch:   0.99/0.89/1.00/0.94
[2018-03-24 16:36:50] Accuracy/Precision/Recall/F1-score on a random validation batch: 0.90/0.33/0.25/0.29
[2018-03-24 16:36:50] Epoch: 24
[2018-03-24 16:36:52] Accuracy/Precision/Recall/F1-score on a random training batch:   0.99/1.00/0.89/0.94
[2018-03-24 16:36:52] Accuracy/Precision/Recall/F1-score on a random validation batch: 0.94/0.45/1.00/0.62
[2018-03-24 16:36:52] Epoch: 25
[2018-03-24 16:36:54] Accuracy/Precision/Recall/F1-score on a random training batch:   0.99/0.92/1.00/0.96
[2018-03-24 16:36:54] Accuracy/Precision/Recall/F1-score on a random validation batch: 0.91/0.60/0.30/0.40
[2018-03-24 16:36:54] Epoch: 26
[2018-03-24 16:36:56] Accuracy/Precision/Recall/F1-score on a random training batch:   1.00/1.00/1.00/1.00
[2018-03-24 16:36:56] Accuracy/Precision/Recall/F1-score on a random validation batch: 0.94/0.67/0.50/0.57
[2018-03-24 16:36:56] Epoch: 27
[2018-03-24 16:36:57] Accuracy/Precision/Recall/F1-score on a random training batch:   1.00/1.00/1.00/1.00
[2018-03-24 16:36:57] Accuracy/Precision/Recall/F1-score on a random validation batch: 0.94/0.83/0.71/0.77
[2018-03-24 16:36:57] Epoch: 28
[2018-03-24 16:36:59] Accuracy/Precision/Recall/F1-score on a random training batch:   0.99/0.83/1.00/0.91
[2018-03-24 16:36:59] Accuracy/Precision/Recall/F1-score on a random validation batch: 0.94/1.00/0.40/0.57
[2018-03-24 16:36:59] Epoch: 29
[2018-03-24 16:37:01] Accuracy/Precision/Recall/F1-score on a random training batch:   0.99/1.00/0.93/0.96
[2018-03-24 16:37:01] Accuracy/Precision/Recall/F1-score on a random validation batch: 0.94/1.00/0.14/0.25
[2018-03-24 16:37:01] Epoch: 30
[2018-03-24 16:37:03] Accuracy/Precision/Recall/F1-score on a random training batch:   1.00/1.00/1.00/1.00
[2018-03-24 16:37:03] Accuracy/Precision/Recall/F1-score on a random validation batch: 0.90/0.71/0.38/0.50
[2018-03-24 16:37:03] Epoch: 31
[2018-03-24 16:37:04] Accuracy/Precision/Recall/F1-score on a random training batch:   1.00/1.00/1.00/1.00
[2018-03-24 16:37:04] Accuracy/Precision/Recall/F1-score on a random validation batch: 0.93/0.67/0.73/0.70
[2018-03-24 16:37:04] Epoch: 32
[2018-03-24 16:37:06] Accuracy/Precision/Recall/F1-score on a random training batch:   0.99/0.86/1.00/0.92
[2018-03-24 16:37:06] Accuracy/Precision/Recall/F1-score on a random validation batch: 0.93/0.67/0.60/0.63
[2018-03-24 16:37:06] Epoch: 33
[2018-03-24 16:37:08] Accuracy/Precision/Recall/F1-score on a random training batch:   1.00/1.00/1.00/1.00
[2018-03-24 16:37:08] Accuracy/Precision/Recall/F1-score on a random validation batch: 0.93/0.57/0.50/0.53
[2018-03-24 16:37:08] Epoch: 34
[2018-03-24 16:37:10] Accuracy/Precision/Recall/F1-score on a random training batch:   1.00/1.00/1.00/1.00
[2018-03-24 16:37:10] Accuracy/Precision/Recall/F1-score on a random validation batch: 0.94/0.89/0.62/0.73
[2018-03-24 16:37:10] Epoch: 35
[2018-03-24 16:37:12] Accuracy/Precision/Recall/F1-score on a random training batch:   1.00/1.00/1.00/1.00
[2018-03-24 16:37:12] Accuracy/Precision/Recall/F1-score on a random validation batch: 0.91/0.57/0.40/0.47
[2018-03-24 16:37:12] Epoch: 36
[2018-03-24 16:37:13] Accuracy/Precision/Recall/F1-score on a random training batch:   0.99/0.92/1.00/0.96
[2018-03-24 16:37:13] Accuracy/Precision/Recall/F1-score on a random validation batch: 0.96/0.67/0.67/0.67
[2018-03-24 16:37:13] Epoch: 37
[2018-03-24 16:37:15] Accuracy/Precision/Recall/F1-score on a random training batch:   1.00/1.00/1.00/1.00
[2018-03-24 16:37:15] Accuracy/Precision/Recall/F1-score on a random validation batch: 0.92/0.40/0.29/0.33
[2018-03-24 16:37:15] Epoch: 38
[2018-03-24 16:37:17] Accuracy/Precision/Recall/F1-score on a random training batch:   0.99/1.00/0.92/0.96
[2018-03-24 16:37:17] Accuracy/Precision/Recall/F1-score on a random validation batch: 0.98/0.80/0.80/0.80
[2018-03-24 16:37:17] Epoch: 39
[2018-03-24 16:37:19] Accuracy/Precision/Recall/F1-score on a random training batch:   0.99/1.00/0.92/0.96
[2018-03-24 16:37:19] Accuracy/Precision/Recall/F1-score on a random validation batch: 0.95/1.00/0.50/0.67
[2018-03-24 16:37:19] Epoch: 40
[2018-03-24 16:37:21] Accuracy/Precision/Recall/F1-score on a random training batch:   1.00/1.00/1.00/1.00
[2018-03-24 16:37:21] Accuracy/Precision/Recall/F1-score on a random validation batch: 0.93/0.38/0.60/0.46
[2018-03-24 16:37:21] Epoch: 41
[2018-03-24 16:37:22] Accuracy/Precision/Recall/F1-score on a random training batch:   1.00/1.00/1.00/1.00
[2018-03-24 16:37:22] Accuracy/Precision/Recall/F1-score on a random validation batch: 0.92/0.67/0.55/0.60
[2018-03-24 16:37:22] Epoch: 42
[2018-03-24 16:37:24] Accuracy/Precision/Recall/F1-score on a random training batch:   0.99/1.00/0.90/0.95
[2018-03-24 16:37:24] Accuracy/Precision/Recall/F1-score on a random validation batch: 0.97/0.83/0.71/0.77
[2018-03-24 16:37:24] Epoch: 43
[2018-03-24 16:37:26] Accuracy/Precision/Recall/F1-score on a random training batch:   0.99/0.90/1.00/0.95
[2018-03-24 16:37:26] Accuracy/Precision/Recall/F1-score on a random validation batch: 0.96/0.78/0.78/0.78
[2018-03-24 16:37:26] Epoch: 44
[2018-03-24 16:37:28] Accuracy/Precision/Recall/F1-score on a random training batch:   1.00/1.00/1.00/1.00
[2018-03-24 16:37:28] Accuracy/Precision/Recall/F1-score on a random validation batch: 0.92/0.67/0.67/0.67
[2018-03-24 16:37:28] Epoch: 45
[2018-03-24 16:37:30] Accuracy/Precision/Recall/F1-score on a random training batch:   0.99/1.00/0.83/0.91
[2018-03-24 16:37:30] Accuracy/Precision/Recall/F1-score on a random validation batch: 0.95/0.50/0.40/0.44
[2018-03-24 16:37:30] Epoch: 46
[2018-03-24 16:37:31] Accuracy/Precision/Recall/F1-score on a random training batch:   0.99/0.93/1.00/0.97
[2018-03-24 16:37:31] Accuracy/Precision/Recall/F1-score on a random validation batch: 0.97/0.80/0.89/0.84
[2018-03-24 16:37:31] Epoch: 47
[2018-03-24 16:37:33] Accuracy/Precision/Recall/F1-score on a random training batch:   1.00/1.00/1.00/1.00
[2018-03-24 16:37:33] Accuracy/Precision/Recall/F1-score on a random validation batch: 0.92/0.20/0.20/0.20
[2018-03-24 16:37:33] Epoch: 48
[2018-03-24 16:37:35] Accuracy/Precision/Recall/F1-score on a random training batch:   1.00/1.00/1.00/1.00
[2018-03-24 16:37:35] Accuracy/Precision/Recall/F1-score on a random validation batch: 0.95/0.50/0.60/0.55
[2018-03-24 16:37:35] Epoch: 49
[2018-03-24 16:37:37] Accuracy/Precision/Recall/F1-score on a random training batch:   1.00/1.00/1.00/1.00
[2018-03-24 16:37:37] Accuracy/Precision/Recall/F1-score on a random validation batch: 0.97/1.00/0.40/0.57
[2018-03-24 16:37:37] Epoch: 50
[2018-03-24 16:37:39] Accuracy/Precision/Recall/F1-score on a random training batch:   1.00/1.00/1.00/1.00
[2018-03-24 16:37:39] Accuracy/Precision/Recall/F1-score on a random validation batch: 0.94/0.88/0.58/0.70
[2018-03-24 16:37:39] Epoch: 51
[2018-03-24 16:37:40] Accuracy/Precision/Recall/F1-score on a random training batch:   0.99/1.00/0.93/0.96
[2018-03-24 16:37:40] Accuracy/Precision/Recall/F1-score on a random validation batch: 0.91/0.50/0.22/0.31
[2018-03-24 16:37:40] Epoch: 52
[2018-03-24 16:37:42] Accuracy/Precision/Recall/F1-score on a random training batch:   0.98/0.78/1.00/0.88
[2018-03-24 16:37:42] Accuracy/Precision/Recall/F1-score on a random validation batch: 0.96/1.00/0.67/0.80
[2018-03-24 16:37:42] Epoch: 53
[2018-03-24 16:37:44] Accuracy/Precision/Recall/F1-score on a random training batch:   1.00/1.00/1.00/1.00
[2018-03-24 16:37:44] Accuracy/Precision/Recall/F1-score on a random validation batch: 0.96/1.00/0.56/0.71
[2018-03-24 16:37:44] Epoch: 54
[2018-03-24 16:37:46] Accuracy/Precision/Recall/F1-score on a random training batch:   1.00/1.00/1.00/1.00
[2018-03-24 16:37:46] Accuracy/Precision/Recall/F1-score on a random validation batch: 0.94/0.83/0.50/0.62
[2018-03-24 16:37:46] Epoch: 55
[2018-03-24 16:37:48] Accuracy/Precision/Recall/F1-score on a random training batch:   1.00/1.00/1.00/1.00
[2018-03-24 16:37:48] Accuracy/Precision/Recall/F1-score on a random validation batch: 0.97/0.67/0.80/0.73
[2018-03-24 16:37:48] Epoch: 56
[2018-03-24 16:37:49] Accuracy/Precision/Recall/F1-score on a random training batch:   0.98/0.78/1.00/0.88
[2018-03-24 16:37:49] Accuracy/Precision/Recall/F1-score on a random validation batch: 0.97/1.00/0.73/0.84
[2018-03-24 16:37:49] Epoch: 57
[2018-03-24 16:37:51] Accuracy/Precision/Recall/F1-score on a random training batch:   1.00/1.00/1.00/1.00
[2018-03-24 16:37:51] Accuracy/Precision/Recall/F1-score on a random validation batch: 0.93/0.83/0.45/0.59
[2018-03-24 16:37:51] Epoch: 58
[2018-03-24 16:37:53] Accuracy/Precision/Recall/F1-score on a random training batch:   1.00/1.00/1.00/1.00
[2018-03-24 16:37:53] Accuracy/Precision/Recall/F1-score on a random validation batch: 0.95/0.83/0.56/0.67
[2018-03-24 16:37:53] Epoch: 59
[2018-03-24 16:37:55] Accuracy/Precision/Recall/F1-score on a random training batch:   1.00/1.00/1.00/1.00
[2018-03-24 16:37:55] Accuracy/Precision/Recall/F1-score on a random validation batch: 0.94/0.57/0.57/0.57
[2018-03-24 16:37:55] Epoch: 60
[2018-03-24 16:37:57] Accuracy/Precision/Recall/F1-score on a random training batch:   1.00/1.00/1.00/1.00
[2018-03-24 16:37:57] Accuracy/Precision/Recall/F1-score on a random validation batch: 0.96/0.67/0.67/0.67
[2018-03-24 16:37:57] Epoch: 61
[2018-03-24 16:37:58] Accuracy/Precision/Recall/F1-score on a random training batch:   0.99/1.00/0.93/0.97
[2018-03-24 16:37:58] Accuracy/Precision/Recall/F1-score on a random validation batch: 0.88/0.43/0.27/0.33
[2018-03-24 16:37:58] Epoch: 62
[2018-03-24 16:38:00] Accuracy/Precision/Recall/F1-score on a random training batch:   1.00/1.00/1.00/1.00
[2018-03-24 16:38:00] Accuracy/Precision/Recall/F1-score on a random validation batch: 0.88/0.50/0.42/0.45
[2018-03-24 16:38:00] Epoch: 63
[2018-03-24 16:38:02] Accuracy/Precision/Recall/F1-score on a random training batch:   1.00/1.00/1.00/1.00
[2018-03-24 16:38:02] Accuracy/Precision/Recall/F1-score on a random validation batch: 0.93/0.80/0.40/0.53
[2018-03-24 16:38:02] Epoch: 64
[2018-03-24 16:38:04] Accuracy/Precision/Recall/F1-score on a random training batch:   0.99/1.00/0.91/0.95
[2018-03-24 16:38:04] Accuracy/Precision/Recall/F1-score on a random validation batch: 0.95/0.88/0.64/0.74
[2018-03-24 16:38:04] Epoch: 65
[2018-03-24 16:38:06] Accuracy/Precision/Recall/F1-score on a random training batch:   1.00/1.00/1.00/1.00
[2018-03-24 16:38:06] Accuracy/Precision/Recall/F1-score on a random validation batch: 0.93/0.73/0.67/0.70
[2018-03-24 16:38:06] Epoch: 66
[2018-03-24 16:38:07] Accuracy/Precision/Recall/F1-score on a random training batch:   0.99/0.83/1.00/0.91
[2018-03-24 16:38:07] Accuracy/Precision/Recall/F1-score on a random validation batch: 0.94/0.80/0.67/0.73
[2018-03-24 16:38:07] Epoch: 67
[2018-03-24 16:38:09] Accuracy/Precision/Recall/F1-score on a random training batch:   1.00/1.00/1.00/1.00
[2018-03-24 16:38:09] Accuracy/Precision/Recall/F1-score on a random validation batch: 0.92/0.57/0.44/0.50
[2018-03-24 16:38:09] Epoch: 68
[2018-03-24 16:38:11] Accuracy/Precision/Recall/F1-score on a random training batch:   1.00/1.00/1.00/1.00
[2018-03-24 16:38:11] Accuracy/Precision/Recall/F1-score on a random validation batch: 0.90/0.71/0.38/0.50
[2018-03-24 16:38:11] Epoch: 69
[2018-03-24 16:38:13] Accuracy/Precision/Recall/F1-score on a random training batch:   1.00/1.00/1.00/1.00
[2018-03-24 16:38:13] Accuracy/Precision/Recall/F1-score on a random validation batch: 0.99/1.00/0.86/0.92
[2018-03-24 16:38:13] Epoch: 70
[2018-03-24 16:38:15] Accuracy/Precision/Recall/F1-score on a random training batch:   1.00/1.00/1.00/1.00
[2018-03-24 16:38:15] Accuracy/Precision/Recall/F1-score on a random validation batch: 0.93/0.67/0.44/0.53
[2018-03-24 16:38:15] Epoch: 71
[2018-03-24 16:38:16] Accuracy/Precision/Recall/F1-score on a random training batch:   1.00/1.00/1.00/1.00
[2018-03-24 16:38:16] Accuracy/Precision/Recall/F1-score on a random validation batch: 0.89/0.71/0.36/0.48
[2018-03-24 16:38:16] Epoch: 72
[2018-03-24 16:38:18] Accuracy/Precision/Recall/F1-score on a random training batch:   1.00/1.00/1.00/1.00
[2018-03-24 16:38:18] Accuracy/Precision/Recall/F1-score on a random validation batch: 0.95/0.50/0.80/0.62
[2018-03-24 16:38:18] Epoch: 73
[2018-03-24 16:38:20] Accuracy/Precision/Recall/F1-score on a random training batch:   1.00/1.00/1.00/1.00
[2018-03-24 16:38:20] Accuracy/Precision/Recall/F1-score on a random validation batch: 0.90/0.50/0.40/0.44
[2018-03-24 16:38:20] Epoch: 74
[2018-03-24 16:38:22] Accuracy/Precision/Recall/F1-score on a random training batch:   1.00/1.00/1.00/1.00
[2018-03-24 16:38:22] Accuracy/Precision/Recall/F1-score on a random validation batch: 0.97/0.80/0.67/0.73
[2018-03-24 16:38:22] Epoch: 75
[2018-03-24 16:38:24] Accuracy/Precision/Recall/F1-score on a random training batch:   1.00/1.00/1.00/1.00
[2018-03-24 16:38:24] Accuracy/Precision/Recall/F1-score on a random validation batch: 0.93/0.60/0.38/0.46
[2018-03-24 16:38:24] Epoch: 76
[2018-03-24 16:38:26] Accuracy/Precision/Recall/F1-score on a random training batch:   1.00/1.00/1.00/1.00
[2018-03-24 16:38:26] Accuracy/Precision/Recall/F1-score on a random validation batch: 0.95/0.88/0.64/0.74
[2018-03-24 16:38:26] Epoch: 77
[2018-03-24 16:38:28] Accuracy/Precision/Recall/F1-score on a random training batch:   1.00/1.00/1.00/1.00
[2018-03-24 16:38:28] Accuracy/Precision/Recall/F1-score on a random validation batch: 0.90/0.90/0.50/0.64
[2018-03-24 16:38:28] Epoch: 78
[2018-03-24 16:38:30] Accuracy/Precision/Recall/F1-score on a random training batch:   1.00/1.00/1.00/1.00
[2018-03-24 16:38:30] Accuracy/Precision/Recall/F1-score on a random validation batch: 0.95/0.33/0.25/0.29
[2018-03-24 16:38:30] Epoch: 79
[2018-03-24 16:38:32] Accuracy/Precision/Recall/F1-score on a random training batch:   1.00/1.00/1.00/1.00
[2018-03-24 16:38:32] Accuracy/Precision/Recall/F1-score on a random validation batch: 0.98/1.00/0.71/0.83
[2018-03-24 16:38:32] Epoch: 80
[2018-03-24 16:38:34] Accuracy/Precision/Recall/F1-score on a random training batch:   1.00/1.00/1.00/1.00
[2018-03-24 16:38:34] Accuracy/Precision/Recall/F1-score on a random validation batch: 0.94/0.33/0.20/0.25
[2018-03-24 16:38:34] Epoch: 81
[2018-03-24 16:38:36] Accuracy/Precision/Recall/F1-score on a random training batch:   1.00/1.00/1.00/1.00
[2018-03-24 16:38:36] Accuracy/Precision/Recall/F1-score on a random validation batch: 0.96/0.33/0.33/0.33
[2018-03-24 16:38:36] Epoch: 82
[2018-03-24 16:38:39] Accuracy/Precision/Recall/F1-score on a random training batch:   0.99/0.92/1.00/0.96
[2018-03-24 16:38:39] Accuracy/Precision/Recall/F1-score on a random validation batch: 0.95/0.80/0.50/0.62
[2018-03-24 16:38:39] Epoch: 83
[2018-03-24 16:38:41] Accuracy/Precision/Recall/F1-score on a random training batch:   1.00/1.00/1.00/1.00
[2018-03-24 16:38:41] Accuracy/Precision/Recall/F1-score on a random validation batch: 0.96/0.67/0.40/0.50
[2018-03-24 16:38:41] Epoch: 84
[2018-03-24 16:38:43] Accuracy/Precision/Recall/F1-score on a random training batch:   1.00/1.00/1.00/1.00
[2018-03-24 16:38:43] Accuracy/Precision/Recall/F1-score on a random validation batch: 0.89/0.67/0.53/0.59
[2018-03-24 16:38:43] Epoch: 85
[2018-03-24 16:38:45] Accuracy/Precision/Recall/F1-score on a random training batch:   1.00/1.00/1.00/1.00
[2018-03-24 16:38:45] Accuracy/Precision/Recall/F1-score on a random validation batch: 0.93/0.50/0.43/0.46
[2018-03-24 16:38:45] Epoch: 86
[2018-03-24 16:38:47] Accuracy/Precision/Recall/F1-score on a random training batch:   1.00/1.00/1.00/1.00
[2018-03-24 16:38:47] Accuracy/Precision/Recall/F1-score on a random validation batch: 0.94/0.67/0.50/0.57
[2018-03-24 16:38:47] Epoch: 87
[2018-03-24 16:38:49] Accuracy/Precision/Recall/F1-score on a random training batch:   0.99/0.90/1.00/0.95
[2018-03-24 16:38:49] Accuracy/Precision/Recall/F1-score on a random validation batch: 0.93/0.62/0.56/0.59
[2018-03-24 16:38:49] Epoch: 88
[2018-03-24 16:38:51] Accuracy/Precision/Recall/F1-score on a random training batch:   1.00/1.00/1.00/1.00
[2018-03-24 16:38:51] Accuracy/Precision/Recall/F1-score on a random validation batch: 0.95/0.60/0.50/0.55
[2018-03-24 16:38:51] Epoch: 89
[2018-03-24 16:38:53] Accuracy/Precision/Recall/F1-score on a random training batch:   1.00/1.00/1.00/1.00
[2018-03-24 16:38:53] Accuracy/Precision/Recall/F1-score on a random validation batch: 0.92/0.80/0.36/0.50
[2018-03-24 16:38:53] Epoch: 90
[2018-03-24 16:38:55] Accuracy/Precision/Recall/F1-score on a random training batch:   0.99/1.00/0.88/0.93
[2018-03-24 16:38:55] Accuracy/Precision/Recall/F1-score on a random validation batch: 0.93/0.67/0.60/0.63
[2018-03-24 16:38:55] Epoch: 91
[2018-03-24 16:38:58] Accuracy/Precision/Recall/F1-score on a random training batch:   1.00/1.00/1.00/1.00
[2018-03-24 16:38:58] Accuracy/Precision/Recall/F1-score on a random validation batch: 0.93/0.75/0.55/0.63
[2018-03-24 16:38:58] Epoch: 92
[2018-03-24 16:39:00] Accuracy/Precision/Recall/F1-score on a random training batch:   0.99/1.00/0.80/0.89
[2018-03-24 16:39:00] Accuracy/Precision/Recall/F1-score on a random validation batch: 0.95/0.71/0.62/0.67
[2018-03-24 16:39:00] Epoch: 93
[2018-03-24 16:39:02] Accuracy/Precision/Recall/F1-score on a random training batch:   1.00/1.00/1.00/1.00
[2018-03-24 16:39:02] Accuracy/Precision/Recall/F1-score on a random validation batch: 0.92/1.00/0.27/0.43
[2018-03-24 16:39:02] Epoch: 94
[2018-03-24 16:39:04] Accuracy/Precision/Recall/F1-score on a random training batch:   1.00/1.00/1.00/1.00
[2018-03-24 16:39:04] Accuracy/Precision/Recall/F1-score on a random validation batch: 0.94/0.83/0.50/0.62
[2018-03-24 16:39:04] Epoch: 95
[2018-03-24 16:39:06] Accuracy/Precision/Recall/F1-score on a random training batch:   1.00/1.00/1.00/1.00
[2018-03-24 16:39:06] Accuracy/Precision/Recall/F1-score on a random validation batch: 0.97/1.00/0.70/0.82
[2018-03-24 16:39:06] Epoch: 96
[2018-03-24 16:39:08] Accuracy/Precision/Recall/F1-score on a random training batch:   1.00/1.00/1.00/1.00
[2018-03-24 16:39:08] Accuracy/Precision/Recall/F1-score on a random validation batch: 0.96/0.50/0.75/0.60
[2018-03-24 16:39:08] Epoch: 97
[2018-03-24 16:39:10] Accuracy/Precision/Recall/F1-score on a random training batch:   1.00/1.00/1.00/1.00
[2018-03-24 16:39:10] Accuracy/Precision/Recall/F1-score on a random validation batch: 0.91/0.50/0.56/0.53
[2018-03-24 16:39:10] Epoch: 98
[2018-03-24 16:39:12] Accuracy/Precision/Recall/F1-score on a random training batch:   0.99/0.89/1.00/0.94
[2018-03-24 16:39:12] Accuracy/Precision/Recall/F1-score on a random validation batch: 0.95/1.00/0.29/0.44
[2018-03-24 16:39:12] Epoch: 99
[2018-03-24 16:39:14] Accuracy/Precision/Recall/F1-score on a random training batch:   1.00/1.00/1.00/1.00
[2018-03-24 16:39:14] Accuracy/Precision/Recall/F1-score on a random validation batch: 0.94/0.71/0.56/0.63
[2018-03-24 16:39:14] Training finished.
[2018-03-24 16:39:14] Saving model to file experiments/basic_network_h1_d03_l001_e100_mptp2078_SANITY/model/2018-03-24_163914--m=network,e=100,a=relu,hl=100,d=0.3,bs=100,nof=4096,lr=0.001,l=1
[2018-03-24 16:39:14] Creating rankings of premises from the trained model for 342 theorems...
[2018-03-24 16:39:30] Rankings created.
[2018-03-24 16:39:30] Creating rankings of premises from the trained model for 1000 theorems...
[2018-03-24 16:40:08] Rankings created.
[2018-03-24 16:40:08] ATP evaluation started...
[2018-03-24 16:49:17]     Number of proved theorems: 22
[2018-03-24 16:49:17]     Percentage of proved theorems: 6.43%
[2018-03-24 16:49:17] Statistics for proofs in test set.
[2018-03-24 16:49:17] Number of all theorems with proof(s): 22
[2018-03-24 16:49:17] Number of all proofs: 23
[2018-03-24 16:49:17] Number of theorems with exactly 1 proof(s): 21
[2018-03-24 16:49:17] Number of theorems with exactly 2 proof(s): 1
[2018-03-24 16:49:17] Average number of proofs per theorem: 1.045
[2018-03-24 16:49:17] Average number of premises used in one proof: 10.826
[2018-03-24 16:49:17] Theorems with maximal number of proofs found: ['t50_zfmisc_1']
[2018-03-24 16:49:17] ATP evaluation started...
[2018-03-24 17:15:32]     Number of proved theorems: 51
[2018-03-24 17:15:32]     Percentage of proved theorems: 5.10%
[2018-03-24 17:15:32] Statistics for proofs in training set.
[2018-03-24 17:15:32] Number of all theorems with proof(s): 51
[2018-03-24 17:15:32] Number of all proofs: 58
[2018-03-24 17:15:32] Number of theorems with exactly 1 proof(s): 44
[2018-03-24 17:15:32] Number of theorems with exactly 2 proof(s): 7
[2018-03-24 17:15:32] Average number of proofs per theorem: 1.137
[2018-03-24 17:15:32] Average number of premises used in one proof: 11.862
[2018-03-24 17:15:32] Theorems with maximal number of proofs found: ['t105_xboole_1', 't98_xboole_1', 't109_xboole_1', 't116_xboole_1', 't106_xboole_1', 't49_zfmisc_1', 't16_zfmisc_1']
