[2018-03-24 17:57:36] Statements of 4564 theorems and definitions loaded.
[2018-03-24 17:57:36] Features of 4564 thms and definitions loaded.
[2018-03-24 17:57:36] Chronological order of 4564 thms and definitions loaded.
[2018-03-24 17:57:36] Proofs of 1000 theorems loaded.
[2018-03-24 17:57:36] Proofs of 342 theorems loaded.
[2018-03-24 17:57:36] Transforming proofs of 1000 theorems to training data...
[2018-03-24 17:57:36]     Number of features used: 2048 / 10241
[2018-03-24 17:57:36]     Mode of combining theorems and premises to examples: merge_mode=concat
[2018-03-24 17:57:36]     Negatives to positive ratio: 10
[2018-03-24 17:57:36]     No negative mining.
[2018-03-24 17:57:39] Transformation finished.
[2018-03-24 17:57:39] Transforming proofs of 342 theorems to training data...
[2018-03-24 17:57:39]     Number of features used: 2048 / 10241
[2018-03-24 17:57:39]     Mode of combining theorems and premises to examples: merge_mode=concat
[2018-03-24 17:57:39]     Negatives to positive ratio: 10
[2018-03-24 17:57:39]     No negative mining.
[2018-03-24 17:57:41] Transformation finished.
[2018-03-24 17:57:41] Constructing neural net graph...
[2018-03-24 17:57:41] Training of neural net started...
[2018-03-24 17:57:41] Epoch: 0
[2018-03-24 17:57:43] Accuracy/Precision/Recall/F1-score on a random training batch:   0.90/1.00/0.17/0.29
[2018-03-24 17:57:43] Accuracy/Precision/Recall/F1-score on a random validation batch: 0.90/nan/0.00/nan
[2018-03-24 17:57:43] Epoch: 1
[2018-03-24 17:57:45] Accuracy/Precision/Recall/F1-score on a random training batch:   0.93/0.67/0.25/0.36
[2018-03-24 17:57:45] Accuracy/Precision/Recall/F1-score on a random validation batch: 0.96/1.00/0.20/0.33
[2018-03-24 17:57:45] Epoch: 2
[2018-03-24 17:57:47] Accuracy/Precision/Recall/F1-score on a random training batch:   0.95/0.86/0.60/0.71
[2018-03-24 17:57:47] Accuracy/Precision/Recall/F1-score on a random validation batch: 0.92/0.33/0.33/0.33
[2018-03-24 17:57:47] Epoch: 3
[2018-03-24 17:57:49] Accuracy/Precision/Recall/F1-score on a random training batch:   0.95/0.75/0.67/0.71
[2018-03-24 17:57:49] Accuracy/Precision/Recall/F1-score on a random validation batch: 0.96/1.00/0.50/0.67
[2018-03-24 17:57:49] Epoch: 4
[2018-03-24 17:57:51] Accuracy/Precision/Recall/F1-score on a random training batch:   0.99/0.89/1.00/0.94
[2018-03-24 17:57:51] Accuracy/Precision/Recall/F1-score on a random validation batch: 0.98/0.83/0.83/0.83
[2018-03-24 17:57:51] Epoch: 5
[2018-03-24 17:57:53] Accuracy/Precision/Recall/F1-score on a random training batch:   0.97/1.00/0.67/0.80
[2018-03-24 17:57:53] Accuracy/Precision/Recall/F1-score on a random validation batch: 0.91/0.50/0.33/0.40
[2018-03-24 17:57:53] Epoch: 6
[2018-03-24 17:57:55] Accuracy/Precision/Recall/F1-score on a random training batch:   0.93/0.64/0.70/0.67
[2018-03-24 17:57:55] Accuracy/Precision/Recall/F1-score on a random validation batch: 0.95/0.00/0.00/nan
[2018-03-24 17:57:55] Epoch: 7
[2018-03-24 17:57:57] Accuracy/Precision/Recall/F1-score on a random training batch:   0.98/0.75/1.00/0.86
[2018-03-24 17:57:57] Accuracy/Precision/Recall/F1-score on a random validation batch: 0.95/0.88/0.64/0.74
[2018-03-24 17:57:57] Epoch: 8
[2018-03-24 17:57:59] Accuracy/Precision/Recall/F1-score on a random training batch:   0.97/0.80/0.67/0.73
[2018-03-24 17:57:59] Accuracy/Precision/Recall/F1-score on a random validation batch: 0.97/0.88/0.78/0.82
[2018-03-24 17:57:59] Epoch: 9
[2018-03-24 17:58:00] Accuracy/Precision/Recall/F1-score on a random training batch:   0.99/1.00/0.89/0.94
[2018-03-24 17:58:01] Accuracy/Precision/Recall/F1-score on a random validation batch: 0.93/0.57/0.50/0.53
[2018-03-24 17:58:01] Epoch: 10
[2018-03-24 17:58:02] Accuracy/Precision/Recall/F1-score on a random training batch:   0.97/1.00/0.73/0.84
[2018-03-24 17:58:02] Accuracy/Precision/Recall/F1-score on a random validation batch: 0.95/0.50/0.20/0.29
[2018-03-24 17:58:02] Epoch: 11
[2018-03-24 17:58:04] Accuracy/Precision/Recall/F1-score on a random training batch:   1.00/1.00/1.00/1.00
[2018-03-24 17:58:04] Accuracy/Precision/Recall/F1-score on a random validation batch: 0.93/1.00/0.30/0.46
[2018-03-24 17:58:04] Epoch: 12
[2018-03-24 17:58:06] Accuracy/Precision/Recall/F1-score on a random training batch:   0.98/0.88/0.88/0.88
[2018-03-24 17:58:06] Accuracy/Precision/Recall/F1-score on a random validation batch: 0.95/0.71/0.62/0.67
[2018-03-24 17:58:06] Epoch: 13
[2018-03-24 17:58:08] Accuracy/Precision/Recall/F1-score on a random training batch:   1.00/1.00/1.00/1.00
[2018-03-24 17:58:08] Accuracy/Precision/Recall/F1-score on a random validation batch: 0.95/0.80/0.50/0.62
[2018-03-24 17:58:08] Epoch: 14
[2018-03-24 17:58:10] Accuracy/Precision/Recall/F1-score on a random training batch:   0.99/1.00/0.91/0.95
[2018-03-24 17:58:10] Accuracy/Precision/Recall/F1-score on a random validation batch: 0.91/0.50/0.44/0.47
[2018-03-24 17:58:10] Epoch: 15
[2018-03-24 17:58:12] Accuracy/Precision/Recall/F1-score on a random training batch:   0.97/0.87/0.93/0.90
[2018-03-24 17:58:12] Accuracy/Precision/Recall/F1-score on a random validation batch: 0.91/0.80/0.53/0.64
[2018-03-24 17:58:12] Epoch: 16
[2018-03-24 17:58:14] Accuracy/Precision/Recall/F1-score on a random training batch:   0.99/0.88/1.00/0.93
[2018-03-24 17:58:14] Accuracy/Precision/Recall/F1-score on a random validation batch: 0.93/0.62/0.80/0.70
[2018-03-24 17:58:14] Epoch: 17
[2018-03-24 17:58:16] Accuracy/Precision/Recall/F1-score on a random training batch:   0.99/1.00/0.88/0.93
[2018-03-24 17:58:16] Accuracy/Precision/Recall/F1-score on a random validation batch: 0.91/0.89/0.50/0.64
[2018-03-24 17:58:16] Epoch: 18
[2018-03-24 17:58:17] Accuracy/Precision/Recall/F1-score on a random training batch:   0.98/0.91/0.91/0.91
[2018-03-24 17:58:18] Accuracy/Precision/Recall/F1-score on a random validation batch: 0.96/0.67/0.67/0.67
[2018-03-24 17:58:18] Epoch: 19
[2018-03-24 17:58:19] Accuracy/Precision/Recall/F1-score on a random training batch:   1.00/1.00/1.00/1.00
[2018-03-24 17:58:19] Accuracy/Precision/Recall/F1-score on a random validation batch: 0.93/0.73/0.67/0.70
[2018-03-24 17:58:19] Epoch: 20
[2018-03-24 17:58:21] Accuracy/Precision/Recall/F1-score on a random training batch:   0.99/0.90/1.00/0.95
[2018-03-24 17:58:21] Accuracy/Precision/Recall/F1-score on a random validation batch: 0.92/0.67/0.40/0.50
[2018-03-24 17:58:21] Epoch: 21
[2018-03-24 17:58:23] Accuracy/Precision/Recall/F1-score on a random training batch:   1.00/1.00/1.00/1.00
[2018-03-24 17:58:23] Accuracy/Precision/Recall/F1-score on a random validation batch: 0.97/1.00/0.62/0.77
[2018-03-24 17:58:23] Epoch: 22
[2018-03-24 17:58:25] Accuracy/Precision/Recall/F1-score on a random training batch:   0.99/1.00/0.91/0.95
[2018-03-24 17:58:25] Accuracy/Precision/Recall/F1-score on a random validation batch: 0.97/0.67/0.50/0.57
[2018-03-24 17:58:25] Epoch: 23
[2018-03-24 17:58:27] Accuracy/Precision/Recall/F1-score on a random training batch:   1.00/1.00/1.00/1.00
[2018-03-24 17:58:27] Accuracy/Precision/Recall/F1-score on a random validation batch: 0.94/0.50/0.50/0.50
[2018-03-24 17:58:27] Epoch: 24
[2018-03-24 17:58:29] Accuracy/Precision/Recall/F1-score on a random training batch:   0.98/0.94/0.94/0.94
[2018-03-24 17:58:29] Accuracy/Precision/Recall/F1-score on a random validation batch: 0.93/0.60/0.38/0.46
[2018-03-24 17:58:29] Epoch: 25
[2018-03-24 17:58:31] Accuracy/Precision/Recall/F1-score on a random training batch:   1.00/1.00/1.00/1.00
[2018-03-24 17:58:31] Accuracy/Precision/Recall/F1-score on a random validation batch: 0.90/0.60/0.50/0.55
[2018-03-24 17:58:31] Epoch: 26
[2018-03-24 17:58:33] Accuracy/Precision/Recall/F1-score on a random training batch:   0.99/1.00/0.91/0.95
[2018-03-24 17:58:33] Accuracy/Precision/Recall/F1-score on a random validation batch: 0.90/0.38/0.38/0.38
[2018-03-24 17:58:33] Epoch: 27
[2018-03-24 17:58:34] Accuracy/Precision/Recall/F1-score on a random training batch:   0.99/1.00/0.90/0.95
[2018-03-24 17:58:34] Accuracy/Precision/Recall/F1-score on a random validation batch: 0.90/0.75/0.43/0.55
[2018-03-24 17:58:34] Epoch: 28
[2018-03-24 17:58:36] Accuracy/Precision/Recall/F1-score on a random training batch:   1.00/1.00/1.00/1.00
[2018-03-24 17:58:36] Accuracy/Precision/Recall/F1-score on a random validation batch: 0.93/0.62/0.56/0.59
[2018-03-24 17:58:36] Epoch: 29
[2018-03-24 17:58:38] Accuracy/Precision/Recall/F1-score on a random training batch:   0.99/1.00/0.80/0.89
[2018-03-24 17:58:38] Accuracy/Precision/Recall/F1-score on a random validation batch: 0.91/0.70/0.54/0.61
[2018-03-24 17:58:38] Epoch: 30
[2018-03-24 17:58:40] Accuracy/Precision/Recall/F1-score on a random training batch:   1.00/1.00/1.00/1.00
[2018-03-24 17:58:40] Accuracy/Precision/Recall/F1-score on a random validation batch: 0.88/0.60/0.43/0.50
[2018-03-24 17:58:40] Epoch: 31
[2018-03-24 17:58:42] Accuracy/Precision/Recall/F1-score on a random training batch:   1.00/1.00/1.00/1.00
[2018-03-24 17:58:42] Accuracy/Precision/Recall/F1-score on a random validation batch: 0.95/0.71/0.62/0.67
[2018-03-24 17:58:42] Epoch: 32
[2018-03-24 17:58:44] Accuracy/Precision/Recall/F1-score on a random training batch:   0.99/0.75/1.00/0.86
[2018-03-24 17:58:44] Accuracy/Precision/Recall/F1-score on a random validation batch: 0.90/0.62/0.42/0.50
[2018-03-24 17:58:44] Epoch: 33
[2018-03-24 17:58:46] Accuracy/Precision/Recall/F1-score on a random training batch:   1.00/1.00/1.00/1.00
[2018-03-24 17:58:46] Accuracy/Precision/Recall/F1-score on a random validation batch: 0.93/0.44/0.67/0.53
[2018-03-24 17:58:46] Epoch: 34
[2018-03-24 17:58:47] Accuracy/Precision/Recall/F1-score on a random training batch:   1.00/1.00/1.00/1.00
[2018-03-24 17:58:47] Accuracy/Precision/Recall/F1-score on a random validation batch: 0.94/0.50/0.17/0.25
[2018-03-24 17:58:48] Epoch: 35
[2018-03-24 17:58:49] Accuracy/Precision/Recall/F1-score on a random training batch:   1.00/1.00/1.00/1.00
[2018-03-24 17:58:49] Accuracy/Precision/Recall/F1-score on a random validation batch: 0.95/0.33/0.67/0.44
[2018-03-24 17:58:49] Epoch: 36
[2018-03-24 17:58:51] Accuracy/Precision/Recall/F1-score on a random training batch:   1.00/1.00/1.00/1.00
[2018-03-24 17:58:51] Accuracy/Precision/Recall/F1-score on a random validation batch: 0.92/0.71/0.45/0.56
[2018-03-24 17:58:51] Epoch: 37
[2018-03-24 17:58:53] Accuracy/Precision/Recall/F1-score on a random training batch:   1.00/1.00/1.00/1.00
[2018-03-24 17:58:53] Accuracy/Precision/Recall/F1-score on a random validation batch: 0.94/0.50/0.50/0.50
[2018-03-24 17:58:53] Epoch: 38
[2018-03-24 17:58:55] Accuracy/Precision/Recall/F1-score on a random training batch:   0.98/0.93/0.93/0.93
[2018-03-24 17:58:55] Accuracy/Precision/Recall/F1-score on a random validation batch: 0.89/0.50/0.36/0.42
[2018-03-24 17:58:55] Epoch: 39
[2018-03-24 17:58:57] Accuracy/Precision/Recall/F1-score on a random training batch:   1.00/1.00/1.00/1.00
[2018-03-24 17:58:57] Accuracy/Precision/Recall/F1-score on a random validation batch: 0.94/0.44/0.80/0.57
[2018-03-24 17:58:57] Epoch: 40
[2018-03-24 17:58:59] Accuracy/Precision/Recall/F1-score on a random training batch:   0.99/0.91/1.00/0.95
[2018-03-24 17:58:59] Accuracy/Precision/Recall/F1-score on a random validation batch: 0.96/0.67/0.67/0.67
[2018-03-24 17:58:59] Epoch: 41
[2018-03-24 17:59:01] Accuracy/Precision/Recall/F1-score on a random training batch:   0.99/1.00/0.75/0.86
[2018-03-24 17:59:01] Accuracy/Precision/Recall/F1-score on a random validation batch: 0.92/0.60/0.33/0.43
[2018-03-24 17:59:01] Epoch: 42
[2018-03-24 17:59:03] Accuracy/Precision/Recall/F1-score on a random training batch:   1.00/1.00/1.00/1.00
[2018-03-24 17:59:03] Accuracy/Precision/Recall/F1-score on a random validation batch: 0.98/1.00/0.50/0.67
[2018-03-24 17:59:03] Epoch: 43
[2018-03-24 17:59:04] Accuracy/Precision/Recall/F1-score on a random training batch:   0.98/1.00/0.71/0.83
[2018-03-24 17:59:04] Accuracy/Precision/Recall/F1-score on a random validation batch: 0.95/1.00/0.44/0.62
[2018-03-24 17:59:04] Epoch: 44
[2018-03-24 17:59:06] Accuracy/Precision/Recall/F1-score on a random training batch:   1.00/1.00/1.00/1.00
[2018-03-24 17:59:06] Accuracy/Precision/Recall/F1-score on a random validation batch: 0.95/0.71/0.62/0.67
[2018-03-24 17:59:06] Epoch: 45
[2018-03-24 17:59:08] Accuracy/Precision/Recall/F1-score on a random training batch:   1.00/1.00/1.00/1.00
[2018-03-24 17:59:08] Accuracy/Precision/Recall/F1-score on a random validation batch: 0.96/0.78/0.78/0.78
[2018-03-24 17:59:08] Epoch: 46
[2018-03-24 17:59:10] Accuracy/Precision/Recall/F1-score on a random training batch:   1.00/1.00/1.00/1.00
[2018-03-24 17:59:10] Accuracy/Precision/Recall/F1-score on a random validation batch: 0.94/0.83/0.50/0.62
[2018-03-24 17:59:10] Epoch: 47
[2018-03-24 17:59:12] Accuracy/Precision/Recall/F1-score on a random training batch:   1.00/1.00/1.00/1.00
[2018-03-24 17:59:12] Accuracy/Precision/Recall/F1-score on a random validation batch: 0.91/0.43/0.38/0.40
[2018-03-24 17:59:12] Epoch: 48
[2018-03-24 17:59:14] Accuracy/Precision/Recall/F1-score on a random training batch:   1.00/1.00/1.00/1.00
[2018-03-24 17:59:14] Accuracy/Precision/Recall/F1-score on a random validation batch: 0.91/0.70/0.54/0.61
[2018-03-24 17:59:14] Epoch: 49
[2018-03-24 17:59:16] Accuracy/Precision/Recall/F1-score on a random training batch:   1.00/1.00/1.00/1.00
[2018-03-24 17:59:16] Accuracy/Precision/Recall/F1-score on a random validation batch: 0.89/0.70/0.47/0.56
[2018-03-24 17:59:16] Epoch: 50
[2018-03-24 17:59:18] Accuracy/Precision/Recall/F1-score on a random training batch:   1.00/1.00/1.00/1.00
[2018-03-24 17:59:18] Accuracy/Precision/Recall/F1-score on a random validation batch: 0.90/0.50/0.40/0.44
[2018-03-24 17:59:18] Epoch: 51
[2018-03-24 17:59:19] Accuracy/Precision/Recall/F1-score on a random training batch:   1.00/1.00/1.00/1.00
[2018-03-24 17:59:19] Accuracy/Precision/Recall/F1-score on a random validation batch: 0.98/0.71/1.00/0.83
[2018-03-24 17:59:19] Epoch: 52
[2018-03-24 17:59:21] Accuracy/Precision/Recall/F1-score on a random training batch:   1.00/1.00/1.00/1.00
[2018-03-24 17:59:21] Accuracy/Precision/Recall/F1-score on a random validation batch: 0.96/0.86/0.67/0.75
[2018-03-24 17:59:21] Epoch: 53
[2018-03-24 17:59:23] Accuracy/Precision/Recall/F1-score on a random training batch:   1.00/1.00/1.00/1.00
[2018-03-24 17:59:23] Accuracy/Precision/Recall/F1-score on a random validation batch: 0.95/1.00/0.50/0.67
[2018-03-24 17:59:23] Epoch: 54
[2018-03-24 17:59:25] Accuracy/Precision/Recall/F1-score on a random training batch:   0.99/1.00/0.93/0.96
[2018-03-24 17:59:25] Accuracy/Precision/Recall/F1-score on a random validation batch: 0.97/0.88/0.78/0.82
[2018-03-24 17:59:25] Epoch: 55
[2018-03-24 17:59:28] Accuracy/Precision/Recall/F1-score on a random training batch:   1.00/1.00/1.00/1.00
[2018-03-24 17:59:28] Accuracy/Precision/Recall/F1-score on a random validation batch: 0.94/0.75/0.38/0.50
[2018-03-24 17:59:28] Epoch: 56
[2018-03-24 17:59:30] Accuracy/Precision/Recall/F1-score on a random training batch:   1.00/1.00/1.00/1.00
[2018-03-24 17:59:30] Accuracy/Precision/Recall/F1-score on a random validation batch: 0.94/0.79/0.79/0.79
[2018-03-24 17:59:30] Epoch: 57
[2018-03-24 17:59:32] Accuracy/Precision/Recall/F1-score on a random training batch:   1.00/1.00/1.00/1.00
[2018-03-24 17:59:32] Accuracy/Precision/Recall/F1-score on a random validation batch: 0.91/0.20/0.17/0.18
[2018-03-24 17:59:32] Epoch: 58
[2018-03-24 17:59:34] Accuracy/Precision/Recall/F1-score on a random training batch:   1.00/1.00/1.00/1.00
[2018-03-24 17:59:34] Accuracy/Precision/Recall/F1-score on a random validation batch: 0.97/1.00/0.62/0.77
[2018-03-24 17:59:34] Epoch: 59
[2018-03-24 17:59:36] Accuracy/Precision/Recall/F1-score on a random training batch:   0.99/0.93/1.00/0.96
[2018-03-24 17:59:36] Accuracy/Precision/Recall/F1-score on a random validation batch: 0.93/0.75/0.33/0.46
[2018-03-24 17:59:36] Epoch: 60
[2018-03-24 17:59:38] Accuracy/Precision/Recall/F1-score on a random training batch:   1.00/1.00/1.00/1.00
[2018-03-24 17:59:38] Accuracy/Precision/Recall/F1-score on a random validation batch: 0.97/1.00/0.67/0.80
[2018-03-24 17:59:38] Epoch: 61
[2018-03-24 17:59:41] Accuracy/Precision/Recall/F1-score on a random training batch:   0.99/0.90/1.00/0.95
[2018-03-24 17:59:41] Accuracy/Precision/Recall/F1-score on a random validation batch: 0.93/0.57/0.50/0.53
[2018-03-24 17:59:41] Epoch: 62
[2018-03-24 17:59:43] Accuracy/Precision/Recall/F1-score on a random training batch:   1.00/1.00/1.00/1.00
[2018-03-24 17:59:43] Accuracy/Precision/Recall/F1-score on a random validation batch: 0.95/0.89/0.67/0.76
[2018-03-24 17:59:43] Epoch: 63
[2018-03-24 17:59:45] Accuracy/Precision/Recall/F1-score on a random training batch:   1.00/1.00/1.00/1.00
[2018-03-24 17:59:45] Accuracy/Precision/Recall/F1-score on a random validation batch: 0.90/0.50/0.30/0.37
[2018-03-24 17:59:45] Epoch: 64
[2018-03-24 17:59:47] Accuracy/Precision/Recall/F1-score on a random training batch:   1.00/1.00/1.00/1.00
[2018-03-24 17:59:47] Accuracy/Precision/Recall/F1-score on a random validation batch: 0.95/0.75/0.43/0.55
[2018-03-24 17:59:47] Epoch: 65
[2018-03-24 17:59:49] Accuracy/Precision/Recall/F1-score on a random training batch:   1.00/1.00/1.00/1.00
[2018-03-24 17:59:49] Accuracy/Precision/Recall/F1-score on a random validation batch: 0.90/0.67/0.33/0.44
[2018-03-24 17:59:49] Epoch: 66
[2018-03-24 17:59:51] Accuracy/Precision/Recall/F1-score on a random training batch:   1.00/1.00/1.00/1.00
[2018-03-24 17:59:51] Accuracy/Precision/Recall/F1-score on a random validation batch: 0.95/0.80/0.73/0.76
[2018-03-24 17:59:51] Epoch: 67
[2018-03-24 17:59:53] Accuracy/Precision/Recall/F1-score on a random training batch:   1.00/1.00/1.00/1.00
[2018-03-24 17:59:53] Accuracy/Precision/Recall/F1-score on a random validation batch: 0.88/0.78/0.41/0.54
[2018-03-24 17:59:53] Epoch: 68
[2018-03-24 17:59:56] Accuracy/Precision/Recall/F1-score on a random training batch:   1.00/1.00/1.00/1.00
[2018-03-24 17:59:56] Accuracy/Precision/Recall/F1-score on a random validation batch: 0.94/0.80/0.67/0.73
[2018-03-24 17:59:56] Epoch: 69
[2018-03-24 17:59:58] Accuracy/Precision/Recall/F1-score on a random training batch:   0.98/0.90/0.90/0.90
[2018-03-24 17:59:58] Accuracy/Precision/Recall/F1-score on a random validation batch: 0.93/0.50/0.57/0.53
[2018-03-24 17:59:58] Epoch: 70
[2018-03-24 18:00:00] Accuracy/Precision/Recall/F1-score on a random training batch:   1.00/1.00/1.00/1.00
[2018-03-24 18:00:00] Accuracy/Precision/Recall/F1-score on a random validation batch: 0.95/1.00/0.50/0.67
[2018-03-24 18:00:00] Epoch: 71
[2018-03-24 18:00:02] Accuracy/Precision/Recall/F1-score on a random training batch:   1.00/1.00/1.00/1.00
[2018-03-24 18:00:02] Accuracy/Precision/Recall/F1-score on a random validation batch: 0.94/0.33/0.50/0.40
[2018-03-24 18:00:02] Epoch: 72
[2018-03-24 18:00:04] Accuracy/Precision/Recall/F1-score on a random training batch:   1.00/1.00/1.00/1.00
[2018-03-24 18:00:04] Accuracy/Precision/Recall/F1-score on a random validation batch: 0.95/0.50/0.60/0.55
[2018-03-24 18:00:04] Epoch: 73
[2018-03-24 18:00:06] Accuracy/Precision/Recall/F1-score on a random training batch:   1.00/1.00/1.00/1.00
[2018-03-24 18:00:06] Accuracy/Precision/Recall/F1-score on a random validation batch: 0.96/0.33/0.33/0.33
[2018-03-24 18:00:06] Epoch: 74
[2018-03-24 18:00:08] Accuracy/Precision/Recall/F1-score on a random training batch:   1.00/1.00/1.00/1.00
[2018-03-24 18:00:08] Accuracy/Precision/Recall/F1-score on a random validation batch: 0.96/0.80/0.57/0.67
[2018-03-24 18:00:08] Epoch: 75
[2018-03-24 18:00:11] Accuracy/Precision/Recall/F1-score on a random training batch:   1.00/1.00/1.00/1.00
[2018-03-24 18:00:11] Accuracy/Precision/Recall/F1-score on a random validation batch: 0.92/0.71/0.45/0.56
[2018-03-24 18:00:11] Epoch: 76
[2018-03-24 18:00:13] Accuracy/Precision/Recall/F1-score on a random training batch:   1.00/1.00/1.00/1.00
[2018-03-24 18:00:13] Accuracy/Precision/Recall/F1-score on a random validation batch: 0.95/0.50/0.60/0.55
[2018-03-24 18:00:13] Epoch: 77
[2018-03-24 18:00:15] Accuracy/Precision/Recall/F1-score on a random training batch:   1.00/1.00/1.00/1.00
[2018-03-24 18:00:15] Accuracy/Precision/Recall/F1-score on a random validation batch: 0.94/0.67/0.50/0.57
[2018-03-24 18:00:15] Epoch: 78
[2018-03-24 18:00:17] Accuracy/Precision/Recall/F1-score on a random training batch:   0.99/1.00/0.91/0.95
[2018-03-24 18:00:17] Accuracy/Precision/Recall/F1-score on a random validation batch: 0.93/0.78/0.58/0.67
[2018-03-24 18:00:17] Epoch: 79
[2018-03-24 18:00:19] Accuracy/Precision/Recall/F1-score on a random training batch:   0.99/1.00/0.92/0.96
[2018-03-24 18:00:19] Accuracy/Precision/Recall/F1-score on a random validation batch: 0.94/0.83/0.50/0.62
[2018-03-24 18:00:19] Epoch: 80
[2018-03-24 18:00:22] Accuracy/Precision/Recall/F1-score on a random training batch:   1.00/1.00/1.00/1.00
[2018-03-24 18:00:22] Accuracy/Precision/Recall/F1-score on a random validation batch: 0.92/0.67/0.22/0.33
[2018-03-24 18:00:22] Epoch: 81
[2018-03-24 18:00:24] Accuracy/Precision/Recall/F1-score on a random training batch:   1.00/1.00/1.00/1.00
[2018-03-24 18:00:24] Accuracy/Precision/Recall/F1-score on a random validation batch: 0.95/0.80/0.50/0.62
[2018-03-24 18:00:24] Epoch: 82
[2018-03-24 18:00:26] Accuracy/Precision/Recall/F1-score on a random training batch:   1.00/1.00/1.00/1.00
[2018-03-24 18:00:26] Accuracy/Precision/Recall/F1-score on a random validation batch: 0.90/0.67/0.33/0.44
[2018-03-24 18:00:26] Epoch: 83
[2018-03-24 18:00:28] Accuracy/Precision/Recall/F1-score on a random training batch:   1.00/1.00/1.00/1.00
[2018-03-24 18:00:28] Accuracy/Precision/Recall/F1-score on a random validation batch: 0.96/0.75/0.50/0.60
[2018-03-24 18:00:28] Epoch: 84
[2018-03-24 18:00:31] Accuracy/Precision/Recall/F1-score on a random training batch:   1.00/1.00/1.00/1.00
[2018-03-24 18:00:31] Accuracy/Precision/Recall/F1-score on a random validation batch: 0.95/0.75/0.43/0.55
[2018-03-24 18:00:31] Epoch: 85
[2018-03-24 18:00:33] Accuracy/Precision/Recall/F1-score on a random training batch:   0.99/0.88/1.00/0.93
[2018-03-24 18:00:33] Accuracy/Precision/Recall/F1-score on a random validation batch: 0.93/0.70/0.64/0.67
[2018-03-24 18:00:33] Epoch: 86
[2018-03-24 18:00:35] Accuracy/Precision/Recall/F1-score on a random training batch:   0.99/0.89/1.00/0.94
[2018-03-24 18:00:35] Accuracy/Precision/Recall/F1-score on a random validation batch: 0.97/0.67/0.50/0.57
[2018-03-24 18:00:35] Epoch: 87
[2018-03-24 18:00:38] Accuracy/Precision/Recall/F1-score on a random training batch:   1.00/1.00/1.00/1.00
[2018-03-24 18:00:38] Accuracy/Precision/Recall/F1-score on a random validation batch: 0.94/0.82/0.69/0.75
[2018-03-24 18:00:38] Epoch: 88
[2018-03-24 18:00:40] Accuracy/Precision/Recall/F1-score on a random training batch:   1.00/1.00/1.00/1.00
[2018-03-24 18:00:40] Accuracy/Precision/Recall/F1-score on a random validation batch: 0.93/0.71/0.50/0.59
[2018-03-24 18:00:40] Epoch: 89
[2018-03-24 18:00:42] Accuracy/Precision/Recall/F1-score on a random training batch:   1.00/1.00/1.00/1.00
[2018-03-24 18:00:42] Accuracy/Precision/Recall/F1-score on a random validation batch: 0.91/0.67/0.50/0.57
[2018-03-24 18:00:42] Epoch: 90
[2018-03-24 18:00:45] Accuracy/Precision/Recall/F1-score on a random training batch:   1.00/1.00/1.00/1.00
[2018-03-24 18:00:45] Accuracy/Precision/Recall/F1-score on a random validation batch: 0.93/0.75/0.33/0.46
[2018-03-24 18:00:45] Epoch: 91
[2018-03-24 18:00:47] Accuracy/Precision/Recall/F1-score on a random training batch:   0.98/0.82/1.00/0.90
[2018-03-24 18:00:47] Accuracy/Precision/Recall/F1-score on a random validation batch: 0.92/1.00/0.38/0.56
[2018-03-24 18:00:47] Epoch: 92
[2018-03-24 18:00:49] Accuracy/Precision/Recall/F1-score on a random training batch:   0.98/0.83/0.83/0.83
[2018-03-24 18:00:49] Accuracy/Precision/Recall/F1-score on a random validation batch: 0.94/0.82/0.69/0.75
[2018-03-24 18:00:49] Epoch: 93
[2018-03-24 18:00:51] Accuracy/Precision/Recall/F1-score on a random training batch:   1.00/1.00/1.00/1.00
[2018-03-24 18:00:51] Accuracy/Precision/Recall/F1-score on a random validation batch: 0.91/0.56/0.50/0.53
[2018-03-24 18:00:51] Epoch: 94
[2018-03-24 18:00:53] Accuracy/Precision/Recall/F1-score on a random training batch:   1.00/1.00/1.00/1.00
[2018-03-24 18:00:53] Accuracy/Precision/Recall/F1-score on a random validation batch: 0.94/1.00/0.50/0.67
[2018-03-24 18:00:53] Epoch: 95
[2018-03-24 18:00:56] Accuracy/Precision/Recall/F1-score on a random training batch:   1.00/1.00/1.00/1.00
[2018-03-24 18:00:56] Accuracy/Precision/Recall/F1-score on a random validation batch: 0.96/0.83/0.62/0.71
[2018-03-24 18:00:56] Epoch: 96
[2018-03-24 18:00:58] Accuracy/Precision/Recall/F1-score on a random training batch:   1.00/1.00/1.00/1.00
[2018-03-24 18:00:58] Accuracy/Precision/Recall/F1-score on a random validation batch: 0.95/0.50/0.40/0.44
[2018-03-24 18:00:58] Epoch: 97
[2018-03-24 18:01:00] Accuracy/Precision/Recall/F1-score on a random training batch:   1.00/1.00/1.00/1.00
[2018-03-24 18:01:00] Accuracy/Precision/Recall/F1-score on a random validation batch: 0.91/0.62/0.67/0.64
[2018-03-24 18:01:00] Epoch: 98
[2018-03-24 18:01:03] Accuracy/Precision/Recall/F1-score on a random training batch:   1.00/1.00/1.00/1.00
[2018-03-24 18:01:03] Accuracy/Precision/Recall/F1-score on a random validation batch: 0.96/1.00/0.50/0.67
[2018-03-24 18:01:03] Epoch: 99
[2018-03-24 18:01:05] Accuracy/Precision/Recall/F1-score on a random training batch:   1.00/1.00/1.00/1.00
[2018-03-24 18:01:05] Accuracy/Precision/Recall/F1-score on a random validation batch: 0.92/0.58/0.70/0.64
[2018-03-24 18:01:05] Training finished.
[2018-03-24 18:01:05] Saving model to file experiments/basic_network_h1_d03_l001_e100_mptp2078_pos_1/model/2018-03-24_180105--d=0.3,hl=100,nof=4096,m=network,l=1,lr=0.001,bs=100,e=100,pw=1,a=relu
[2018-03-24 18:01:05] Creating rankings of premises from the trained model for 342 theorems...
[2018-03-24 18:01:23] Rankings created.
[2018-03-24 18:01:24] Creating rankings of premises from the trained model for 1000 theorems...
[2018-03-24 18:02:14] Rankings created.
[2018-03-24 18:02:14] ATP evaluation started...
[2018-03-24 18:15:53]     Number of proved theorems: 258
[2018-03-24 18:15:53]     Percentage of proved theorems: 75.44%
[2018-03-24 18:15:53] Statistics for proofs in test set.
[2018-03-24 18:15:53] Number of all theorems with proof(s): 258
[2018-03-24 18:15:53] Number of all proofs: 491
[2018-03-24 18:15:53] Number of theorems with exactly 1 proof(s): 119
[2018-03-24 18:15:53] Number of theorems with exactly 2 proof(s): 81
[2018-03-24 18:15:53] Number of theorems with exactly 3 proof(s): 33
[2018-03-24 18:15:53] Number of theorems with exactly 4 proof(s): 16
[2018-03-24 18:15:53] Number of theorems with exactly 5 proof(s): 8
[2018-03-24 18:15:53] Number of theorems with exactly 7 proof(s): 1
[2018-03-24 18:15:53] Average number of proofs per theorem: 1.903
[2018-03-24 18:15:53] Average number of premises used in one proof: 5.794
[2018-03-24 18:15:53] Theorems with maximal number of proofs found: ['t17_mcart_1']
[2018-03-24 18:15:53] ATP evaluation started...
[2018-03-24 18:40:39]     Number of proved theorems: 901
[2018-03-24 18:40:39]     Percentage of proved theorems: 90.10%
[2018-03-24 18:40:39] Statistics for proofs in training set.
[2018-03-24 18:40:39] Number of all theorems with proof(s): 901
[2018-03-24 18:40:39] Number of all proofs: 1799
[2018-03-24 18:40:39] Number of theorems with exactly 1 proof(s): 437
[2018-03-24 18:40:39] Number of theorems with exactly 2 proof(s): 214
[2018-03-24 18:40:39] Number of theorems with exactly 3 proof(s): 128
[2018-03-24 18:40:39] Number of theorems with exactly 4 proof(s): 73
[2018-03-24 18:40:39] Number of theorems with exactly 5 proof(s): 37
[2018-03-24 18:40:39] Number of theorems with exactly 6 proof(s): 11
[2018-03-24 18:40:39] Number of theorems with exactly 7 proof(s): 1
[2018-03-24 18:40:39] Average number of proofs per theorem: 1.997
[2018-03-24 18:40:39] Average number of premises used in one proof: 5.938
[2018-03-24 18:40:39] Theorems with maximal number of proofs found: ['t111_relat_1']
