[2018-08-06 18:07:47] Statements of 4564 theorems and definitions loaded.
[2018-08-06 18:07:48] Features of 4564 thms and definitions loaded.
[2018-08-06 18:07:48] Chronological order of 4564 thms and definitions loaded.
[2018-08-06 18:07:48] Proofs of 1000 theorems loaded.
[2018-08-06 18:07:48] Transforming proofs of 1000 theorems to training data...
[2018-08-06 18:07:48]     Number of features used: 0 / 0
[2018-08-06 18:07:48]     Mode of combining theorems and premises to examples: merge_mode=concat
[2018-08-06 18:07:48]     Negatives to positive ratio: 128
[2018-08-06 18:07:48]     No negative mining.
[2018-08-06 18:08:04] Transformation finished.
[2018-08-06 18:08:07] Training of xgboost model started...
[2018-08-06 20:52:13] Training finished.
[2018-08-06 20:52:13] Saving model to file models/2018-08-06_205213--md=10,e=0.1,m=xgboost,nbr=5000
[2018-08-06 20:52:13] Creating rankings of premises from the trained model for 342 theorems...
[2018-08-06 20:53:49] Rankings created.
[2018-08-06 20:53:49] ATP evaluation started...
[2018-08-06 21:00:04]     Number of proved theorems: 232
[2018-08-06 21:00:04]     Percentage of proved theorems: 67.84%
[2018-08-06 21:00:04] Number of all theorems with proof(s): 232
[2018-08-06 21:00:04] Number of all proofs: 433
[2018-08-06 21:00:04] Number of theorems with exactly 1 proof(s): 107
[2018-08-06 21:00:04] Number of theorems with exactly 2 proof(s): 74
[2018-08-06 21:00:04] Number of theorems with exactly 3 proof(s): 30
[2018-08-06 21:00:04] Number of theorems with exactly 4 proof(s): 17
[2018-08-06 21:00:04] Number of theorems with exactly 5 proof(s): 4
[2018-08-06 21:00:04] Average number of proofs per theorem: 1.866
[2018-08-06 21:00:04] Average number of premises used in one proof: 5.594
[2018-08-06 21:00:04] Theorems with maximal number of proofs found: ['t69_enumset1', 't4_funct_2', 't128_relat_1', 't17_mcart_1']
