[2018-04-14 00:00:24] Statements of 4564 theorems and definitions loaded.
[2018-04-14 00:00:24] Features of 4564 thms and definitions loaded.
[2018-04-14 00:01:21] Statements of 4564 theorems and definitions loaded.
[2018-04-14 00:01:21] Features of 4564 thms and definitions loaded.
[2018-04-14 00:01:25] Chronological order of 4564 thms and definitions loaded.
[2018-04-14 00:01:25] Proofs of 1000 theorems loaded.
[2018-04-14 00:01:25] Transforming proofs of 1000 theorems to training data...
[2018-04-14 00:01:25]     Number of features used: 10241 / 10241
[2018-04-14 00:01:25]     Mode of combining theorems and premises to examples: merge_mode=concat
[2018-04-14 00:01:26]     Negatives to positive ratio: 128
[2018-04-14 00:01:26]     No negative mining.
[2018-04-14 00:02:28] Transformation finished.
[2018-04-14 00:05:36] Training of xgboost model started...
[2018-04-14 07:36:52] Training finished.
[2018-04-14 07:36:52] Saving model to file 2018-04-14_073652--m=xgboost,nbr=10000
[2018-04-17 13:05:09] Statements of 4564 theorems and definitions loaded.
[2018-04-17 13:05:09] Features of 4564 thms and definitions loaded.
[2018-04-17 13:05:12] Chronological order of 4564 thms and definitions loaded.
[2018-04-17 13:05:12] Proofs of 1000 theorems loaded.
[2018-04-17 13:05:12] Transforming proofs of 1000 theorems to training data...
[2018-04-17 13:05:12]     Number of features used: 10241 / 10241
[2018-04-17 13:05:12]     Mode of combining theorems and premises to examples: merge_mode=concat
[2018-04-17 13:05:12]     Negatives to positive ratio: 128
[2018-04-17 13:05:12]     No negative mining.
[2018-04-17 13:07:37] Transformation finished.
[2018-04-17 13:12:12] Training of xgboost model started...
[2018-04-17 19:55:54] Training finished.
[2018-04-19 12:02:21] Statements of 4564 theorems and definitions loaded.
[2018-04-19 12:02:22] Features of 4564 thms and definitions loaded.
[2018-04-19 12:02:26] Chronological order of 4564 thms and definitions loaded.
[2018-04-19 12:02:26] Proofs of 1000 theorems loaded.
[2018-04-19 12:02:26] Transforming proofs of 1000 theorems to training data...
[2018-04-19 12:02:26]     Number of features used: 10241 / 10241
[2018-04-19 12:02:26]     Mode of combining theorems and premises to examples: merge_mode=concat
[2018-04-19 12:02:26]     Negatives to positive ratio: 128
[2018-04-19 12:02:26]     No negative mining.
[2018-04-19 12:05:35] Transformation finished.
[2018-04-19 12:08:08] Training of xgboost model started...
[2018-04-19 18:49:59] Training finished.
[2018-04-19 18:49:59] Saving model to file models/2018-04-19_184959--m=xgboost,nbr=10000
[2018-04-19 20:02:52] Statements of 4564 theorems and definitions loaded.
[2018-04-19 20:02:52] Features of 4564 thms and definitions loaded.
[2018-04-19 20:02:54] Chronological order of 4564 thms and definitions loaded.
[2018-04-19 20:02:54] Proofs of 1000 theorems loaded.
[2018-04-19 20:02:54] Transforming proofs of 1000 theorems to training data...
[2018-04-19 20:02:54]     Number of features used: 10241 / 10241
[2018-04-19 20:02:54]     Mode of combining theorems and premises to examples: merge_mode=concat
[2018-04-19 20:02:54]     Negatives to positive ratio: 128
[2018-04-19 20:02:54]     No negative mining.
[2018-04-19 20:06:34] Transformation finished.
[2018-04-19 20:10:52] Training of xgboost model started...
[2018-04-20 03:10:36] Training finished.
[2018-04-20 03:10:36] Saving model to file models/2018-04-20_031036--m=xgboost,nbr=10000
[2018-04-20 03:10:36] Creating rankings of premises from the trained model for 342 theorems...
[2018-04-20 11:35:41] Statements of 4564 theorems and definitions loaded.
[2018-04-20 11:35:41] Features of 4564 thms and definitions loaded.
[2018-04-20 11:35:45] Chronological order of 4564 thms and definitions loaded.
[2018-04-20 11:35:45] Proofs of 1000 theorems loaded.
[2018-04-20 11:35:45] Transforming proofs of 1000 theorems to training data...
[2018-04-20 11:35:45]     Number of features used: 10241 / 10241
[2018-04-20 11:35:45]     Mode of combining theorems and premises to examples: merge_mode=concat
[2018-04-20 11:35:45]     Negatives to positive ratio: 128
[2018-04-20 11:35:45]     No negative mining.
[2018-04-20 11:36:35] Transformation finished.
[2018-04-20 11:39:01] Training of xgboost model started...
[2018-04-20 18:14:49] Training finished.
[2018-04-20 18:14:49] Saving model to file models/2018-04-20_181449--nbr=10000,m=xgboost
[2018-04-20 18:14:49] Creating rankings of premises from the trained model for 342 theorems...
[2018-04-23 11:09:52] Statements of 4564 theorems and definitions loaded.
[2018-04-23 11:09:52] Features of 4564 thms and definitions loaded.
[2018-04-23 11:09:55] Chronological order of 4564 thms and definitions loaded.
[2018-04-23 11:09:55] Proofs of 1000 theorems loaded.
[2018-04-23 11:09:55] Transforming proofs of 1000 theorems to training data...
[2018-04-23 11:09:55]     Number of features used: 10241 / 10241
[2018-04-23 11:09:55]     Mode of combining theorems and premises to examples: merge_mode=concat
[2018-04-23 11:09:55]     Negatives to positive ratio: 128
[2018-04-23 11:09:55]     No negative mining.
[2018-04-23 11:10:43] Transformation finished.
[2018-04-23 11:13:53] Training of xgboost model started...
[2018-04-23 18:51:53] Training finished.
[2018-04-23 18:51:53] Saving model to file models/2018-04-23_185153--m=xgboost,nbr=10000
[2018-04-23 18:51:53] Creating rankings of premises from the trained model for 342 theorems...
[2018-04-23 18:55:56] Rankings created.
[2018-04-23 18:55:56] ATP evaluation started...
[2018-04-23 19:03:02]     Number of proved theorems: 275
[2018-04-23 19:03:02]     Percentage of proved theorems: 80.41%
[2018-04-23 19:03:02] Number of all theorems with proof(s): 275
[2018-04-23 19:03:02] Number of all proofs: 530
[2018-04-23 19:03:02] Number of theorems with exactly 1 proof(s): 135
[2018-04-23 19:03:02] Number of theorems with exactly 2 proof(s): 67
[2018-04-23 19:03:02] Number of theorems with exactly 3 proof(s): 44
[2018-04-23 19:03:02] Number of theorems with exactly 4 proof(s): 17
[2018-04-23 19:03:02] Number of theorems with exactly 5 proof(s): 11
[2018-04-23 19:03:02] Number of theorems with exactly 6 proof(s): 1
[2018-04-23 19:03:02] Average number of proofs per theorem: 1.927
[2018-04-23 19:03:02] Average number of premises used in one proof: 5.636
[2018-04-23 19:03:02] Theorems with maximal number of proofs found: ['t24_setfam_1']
