[2018-01-26 16:32:48] Statements of 146700 thms and definitions loaded.
[2018-01-26 16:32:56] Features of 146700 thms and definitions loaded.
[2018-01-26 16:32:56] Chronological order of 146700 thms and definitions loaded.
[2018-01-26 16:32:57] Proofs of 29271 thms loaded.
[2018-01-26 16:32:57] Transforming proofs of 29271 theorems to training data...
[2018-01-26 16:32:57]     Number of features used: 90341 / 451706
[2018-01-26 16:32:57]     Mode of combining theorems and premises to examples: merge_mode=comb
[2018-01-26 16:32:57]     Negatives to positive ratio: 20
[2018-01-26 16:32:57]     No negative mining.
[2018-01-26 16:51:35] Transformation finished.
[2018-01-26 16:51:35] Training of xgboost model started...
[2018-01-28 10:09:13] Training finished.
[2018-01-28 10:09:13] Creating rankings of premises from the trained model for 3253 theorems...
[2018-01-28 16:42:13] Rankings created.
[2018-01-28 16:42:13] ATP evaluation started...
[2018-01-28 17:30:39]     Number of proved theorems: 1912
[2018-01-28 17:30:39]     Percentage of proved theorems: 58.78%
[2018-01-28 17:30:39] Number of all theorems with proof(s): 1912
[2018-01-28 17:30:39] Number of all proofs: 3153
[2018-01-28 17:30:39] Number of theorems with exactly 1 proof(s): 1113
[2018-01-28 17:30:39] Number of theorems with exactly 2 proof(s): 478
[2018-01-28 17:30:39] Number of theorems with exactly 3 proof(s): 226
[2018-01-28 17:30:39] Number of theorems with exactly 4 proof(s): 72
[2018-01-28 17:30:39] Number of theorems with exactly 5 proof(s): 20
[2018-01-28 17:30:39] Number of theorems with exactly 6 proof(s): 3
[2018-01-28 17:30:39] Average number of proofs per theorem: 1.649
[2018-01-28 17:30:39] Average number of premises used in a proof: 7.330
[2018-01-28 17:30:41] Theorems with maximal number of proofs found: ['t97_funct_4', 'l3_xtuple_0', 'l22_zfmisc_1']
[2018-01-28 17:30:42] Distribution of lengths of proofs for theorem t97_funct_4: [2, 5, 4, 13, 5, 3]
