[2018-04-12 20:08:48] Statements of 4564 theorems and definitions loaded.
[2018-04-12 20:08:48] Features of 4564 thms and definitions loaded.
[2018-04-12 20:08:48] Chronological order of 4564 thms and definitions loaded.
[2018-04-12 20:08:48] Proofs of 1000 theorems loaded.
[2018-04-12 20:08:48] Proofs of 342 theorems loaded.
[2018-04-12 20:08:48] Transforming proofs of 1000 theorems to training data...
[2018-04-12 20:08:48]     Number of features used: 2048 / 10241
[2018-04-12 20:08:48]     Mode of combining theorems and premises to examples: merge_mode=concat
[2018-04-12 20:08:48]     Negatives to positive ratio: 10
[2018-04-12 20:08:48]     No negative mining.
[2018-04-12 20:08:58] Transformation finished.
[2018-04-12 20:08:58] Transforming proofs of 342 theorems to training data...
[2018-04-12 20:08:58]     Number of features used: 2048 / 10241
[2018-04-12 20:08:58]     Mode of combining theorems and premises to examples: merge_mode=concat
[2018-04-12 20:08:58]     Negatives to positive ratio: 10
[2018-04-12 20:08:58]     No negative mining.
[2018-04-12 20:09:01] Transformation finished.
[2018-04-12 20:09:01] Constructing neural net graph...
[2018-04-12 20:09:02] Training of neural net started...
[2018-04-12 20:09:02] Epoch: 0
[2018-04-12 20:11:44] Statements of 4564 theorems and definitions loaded.
[2018-04-12 20:11:44] Features of 4564 thms and definitions loaded.
[2018-04-12 20:11:44] Chronological order of 4564 thms and definitions loaded.
[2018-04-12 20:11:44] Proofs of 1000 theorems loaded.
[2018-04-12 20:11:44] Proofs of 342 theorems loaded.
[2018-04-12 20:11:44] Transforming proofs of 1000 theorems to training data...
[2018-04-12 20:11:44]     Number of features used: 2048 / 10241
[2018-04-12 20:11:44]     Mode of combining theorems and premises to examples: merge_mode=concat
[2018-04-12 20:11:44]     Negatives to positive ratio: 10
[2018-04-12 20:11:44]     No negative mining.
[2018-04-12 20:11:52] Transformation finished.
[2018-04-12 20:11:52] Transforming proofs of 342 theorems to training data...
[2018-04-12 20:11:52]     Number of features used: 2048 / 10241
[2018-04-12 20:11:52]     Mode of combining theorems and premises to examples: merge_mode=concat
[2018-04-12 20:11:52]     Negatives to positive ratio: 10
[2018-04-12 20:11:52]     No negative mining.
[2018-04-12 20:11:55] Transformation finished.
[2018-04-12 20:11:55] Constructing neural net graph...
[2018-04-12 20:11:56] Training of neural net started...
[2018-04-12 20:11:56] Epoch: 0
[2018-04-12 20:12:00] Accuracy/Precision/Recall/F1-score on a random training batch:   0.94/1.00/0.33/0.50
[2018-04-12 20:12:00] Accuracy/Precision/Recall/F1-score on a random validation batch: 0.95/0.67/0.33/0.44
[2018-04-12 20:12:00] Epoch: 1
[2018-04-12 20:12:04] Accuracy/Precision/Recall/F1-score on a random training batch:   0.90/0.75/0.25/0.38
[2018-04-12 20:12:04] Accuracy/Precision/Recall/F1-score on a random validation batch: 0.96/0.75/0.50/0.60
[2018-04-12 20:12:04] Epoch: 2
[2018-04-12 20:12:08] Accuracy/Precision/Recall/F1-score on a random training batch:   0.92/0.67/0.40/0.50
[2018-04-12 20:12:08] Accuracy/Precision/Recall/F1-score on a random validation batch: 0.88/0.67/0.29/0.40
[2018-04-12 20:12:08] Epoch: 3
[2018-04-12 20:12:11] Accuracy/Precision/Recall/F1-score on a random training batch:   0.95/0.86/0.60/0.71
[2018-04-12 20:12:11] Accuracy/Precision/Recall/F1-score on a random validation batch: 0.91/0.86/0.43/0.57
[2018-04-12 20:12:11] Epoch: 4
[2018-04-12 20:12:15] Accuracy/Precision/Recall/F1-score on a random training batch:   0.98/0.93/0.93/0.93
[2018-04-12 20:12:15] Accuracy/Precision/Recall/F1-score on a random validation batch: 0.92/0.67/0.22/0.33
[2018-04-12 20:12:15] Epoch: 5
[2018-04-12 20:12:18] Accuracy/Precision/Recall/F1-score on a random training batch:   0.98/0.80/0.80/0.80
[2018-04-12 20:12:18] Accuracy/Precision/Recall/F1-score on a random validation batch: 0.93/0.33/0.17/0.22
[2018-04-12 20:12:18] Epoch: 6
[2018-04-12 20:12:21] Accuracy/Precision/Recall/F1-score on a random training batch:   0.96/0.83/0.62/0.71
[2018-04-12 20:12:21] Accuracy/Precision/Recall/F1-score on a random validation batch: 0.94/0.75/0.60/0.67
[2018-04-12 20:12:21] Epoch: 7
[2018-04-12 20:12:24] Accuracy/Precision/Recall/F1-score on a random training batch:   0.97/1.00/0.62/0.77
[2018-04-12 20:12:24] Accuracy/Precision/Recall/F1-score on a random validation batch: 0.95/0.33/0.25/0.29
[2018-04-12 20:12:24] Epoch: 8
[2018-04-12 20:12:28] Accuracy/Precision/Recall/F1-score on a random training batch:   0.96/0.67/0.86/0.75
[2018-04-12 20:12:28] Accuracy/Precision/Recall/F1-score on a random validation batch: 0.96/0.88/0.70/0.78
[2018-04-12 20:12:28] Epoch: 9
[2018-04-12 20:12:31] Accuracy/Precision/Recall/F1-score on a random training batch:   1.00/1.00/1.00/1.00
[2018-04-12 20:12:31] Accuracy/Precision/Recall/F1-score on a random validation batch: 0.93/1.00/0.46/0.63
[2018-04-12 20:12:31] Epoch: 10
[2018-04-12 20:12:34] Accuracy/Precision/Recall/F1-score on a random training batch:   0.97/1.00/0.67/0.80
[2018-04-12 20:12:34] Accuracy/Precision/Recall/F1-score on a random validation batch: 0.94/0.86/0.55/0.67
[2018-04-12 20:12:34] Epoch: 11
[2018-04-12 20:12:37] Accuracy/Precision/Recall/F1-score on a random training batch:   0.99/1.00/0.91/0.95
[2018-04-12 20:12:37] Accuracy/Precision/Recall/F1-score on a random validation batch: 0.94/0.78/0.64/0.70
[2018-04-12 20:12:37] Epoch: 12
[2018-04-12 20:12:41] Accuracy/Precision/Recall/F1-score on a random training batch:   0.98/0.83/0.83/0.83
[2018-04-12 20:12:41] Accuracy/Precision/Recall/F1-score on a random validation batch: 0.91/0.78/0.50/0.61
[2018-04-12 20:12:41] Epoch: 13
[2018-04-12 20:12:43] Accuracy/Precision/Recall/F1-score on a random training batch:   1.00/1.00/1.00/1.00
[2018-04-12 20:12:43] Accuracy/Precision/Recall/F1-score on a random validation batch: 0.87/0.33/0.30/0.32
[2018-04-12 20:12:43] Epoch: 14
[2018-04-12 20:12:46] Accuracy/Precision/Recall/F1-score on a random training batch:   0.98/0.90/0.90/0.90
[2018-04-12 20:12:46] Accuracy/Precision/Recall/F1-score on a random validation batch: 0.98/0.80/0.80/0.80
[2018-04-12 20:12:46] Epoch: 15
[2018-04-12 20:12:50] Accuracy/Precision/Recall/F1-score on a random training batch:   1.00/1.00/1.00/1.00
[2018-04-12 20:12:50] Accuracy/Precision/Recall/F1-score on a random validation batch: 0.97/0.50/0.33/0.40
[2018-04-12 20:12:50] Epoch: 16
[2018-04-12 20:12:52] Accuracy/Precision/Recall/F1-score on a random training batch:   0.98/1.00/0.71/0.83
[2018-04-12 20:12:52] Accuracy/Precision/Recall/F1-score on a random validation batch: 0.91/0.33/0.29/0.31
[2018-04-12 20:12:52] Epoch: 17
[2018-04-12 20:12:55] Accuracy/Precision/Recall/F1-score on a random training batch:   1.00/1.00/1.00/1.00
[2018-04-12 20:12:55] Accuracy/Precision/Recall/F1-score on a random validation batch: 0.93/0.83/0.45/0.59
[2018-04-12 20:12:55] Epoch: 18
[2018-04-12 20:12:58] Accuracy/Precision/Recall/F1-score on a random training batch:   1.00/1.00/1.00/1.00
[2018-04-12 20:12:58] Accuracy/Precision/Recall/F1-score on a random validation batch: 0.95/0.67/0.75/0.71
[2018-04-12 20:12:58] Epoch: 19
[2018-04-12 20:13:01] Accuracy/Precision/Recall/F1-score on a random training batch:   1.00/1.00/1.00/1.00
[2018-04-12 20:13:01] Accuracy/Precision/Recall/F1-score on a random validation batch: 0.94/0.75/0.60/0.67
[2018-04-12 20:13:01] Epoch: 20
[2018-04-12 20:13:05] Accuracy/Precision/Recall/F1-score on a random training batch:   0.98/1.00/0.80/0.89
[2018-04-12 20:13:05] Accuracy/Precision/Recall/F1-score on a random validation batch: 0.94/0.60/0.43/0.50
[2018-04-12 20:13:05] Epoch: 21
[2018-04-12 20:13:08] Accuracy/Precision/Recall/F1-score on a random training batch:   1.00/1.00/1.00/1.00
[2018-04-12 20:13:08] Accuracy/Precision/Recall/F1-score on a random validation batch: 0.96/1.00/0.43/0.60
[2018-04-12 20:13:08] Epoch: 22
[2018-04-12 20:13:11] Accuracy/Precision/Recall/F1-score on a random training batch:   1.00/1.00/1.00/1.00
[2018-04-12 20:13:11] Accuracy/Precision/Recall/F1-score on a random validation batch: 0.93/0.55/0.75/0.63
[2018-04-12 20:13:11] Epoch: 23
[2018-04-12 20:13:14] Accuracy/Precision/Recall/F1-score on a random training batch:   0.98/0.94/0.94/0.94
[2018-04-12 20:13:14] Accuracy/Precision/Recall/F1-score on a random validation batch: 0.97/1.00/0.57/0.73
[2018-04-12 20:13:14] Epoch: 24
[2018-04-12 20:13:16] Accuracy/Precision/Recall/F1-score on a random training batch:   1.00/1.00/1.00/1.00
[2018-04-12 20:13:16] Accuracy/Precision/Recall/F1-score on a random validation batch: 0.93/0.60/0.38/0.46
[2018-04-12 20:13:16] Epoch: 25
[2018-04-12 20:13:19] Accuracy/Precision/Recall/F1-score on a random training batch:   1.00/1.00/1.00/1.00
[2018-04-12 20:13:19] Accuracy/Precision/Recall/F1-score on a random validation batch: 0.93/1.00/0.22/0.36
[2018-04-12 20:13:19] Epoch: 26
[2018-04-12 20:13:22] Accuracy/Precision/Recall/F1-score on a random training batch:   0.98/1.00/0.82/0.90
[2018-04-12 20:13:22] Accuracy/Precision/Recall/F1-score on a random validation batch: 0.93/0.73/0.67/0.70
[2018-04-12 20:13:22] Epoch: 27
[2018-04-12 20:13:25] Accuracy/Precision/Recall/F1-score on a random training batch:   0.97/0.88/0.93/0.90
[2018-04-12 20:13:25] Accuracy/Precision/Recall/F1-score on a random validation batch: 0.96/0.83/0.62/0.71
[2018-04-12 20:13:25] Epoch: 28
[2018-04-12 20:13:28] Accuracy/Precision/Recall/F1-score on a random training batch:   0.99/1.00/0.91/0.95
[2018-04-12 20:13:28] Accuracy/Precision/Recall/F1-score on a random validation batch: 0.91/0.33/0.50/0.40
[2018-04-12 20:13:28] Epoch: 29
[2018-04-12 20:13:31] Accuracy/Precision/Recall/F1-score on a random training batch:   1.00/1.00/1.00/1.00
[2018-04-12 20:13:31] Accuracy/Precision/Recall/F1-score on a random validation batch: 0.95/0.86/0.60/0.71
[2018-04-12 20:13:31] Epoch: 30
[2018-04-12 20:13:34] Accuracy/Precision/Recall/F1-score on a random training batch:   0.98/1.00/0.71/0.83
[2018-04-12 20:13:34] Accuracy/Precision/Recall/F1-score on a random validation batch: 0.93/0.60/0.38/0.46
[2018-04-12 20:13:34] Epoch: 31
[2018-04-12 20:13:38] Accuracy/Precision/Recall/F1-score on a random training batch:   1.00/1.00/1.00/1.00
[2018-04-12 20:13:38] Accuracy/Precision/Recall/F1-score on a random validation batch: 0.96/0.71/0.71/0.71
[2018-04-12 20:13:38] Epoch: 32
[2018-04-12 20:13:41] Accuracy/Precision/Recall/F1-score on a random training batch:   1.00/1.00/1.00/1.00
[2018-04-12 20:13:41] Accuracy/Precision/Recall/F1-score on a random validation batch: 0.90/0.14/0.20/0.17
[2018-04-12 20:13:41] Epoch: 33
[2018-04-12 20:13:44] Accuracy/Precision/Recall/F1-score on a random training batch:   1.00/1.00/1.00/1.00
[2018-04-12 20:13:44] Accuracy/Precision/Recall/F1-score on a random validation batch: 0.93/0.67/0.44/0.53
[2018-04-12 20:13:44] Epoch: 34
[2018-04-12 20:13:46] Accuracy/Precision/Recall/F1-score on a random training batch:   1.00/1.00/1.00/1.00
[2018-04-12 20:13:46] Accuracy/Precision/Recall/F1-score on a random validation batch: 0.96/0.75/0.50/0.60
[2018-04-12 20:13:46] Epoch: 35
[2018-04-12 20:13:49] Accuracy/Precision/Recall/F1-score on a random training batch:   1.00/1.00/1.00/1.00
[2018-04-12 20:13:49] Accuracy/Precision/Recall/F1-score on a random validation batch: 0.89/0.57/0.33/0.42
[2018-04-12 20:13:49] Epoch: 36
[2018-04-12 20:13:53] Accuracy/Precision/Recall/F1-score on a random training batch:   0.99/0.83/1.00/0.91
[2018-04-12 20:13:53] Accuracy/Precision/Recall/F1-score on a random validation batch: 0.92/0.62/0.50/0.56
[2018-04-12 20:13:53] Epoch: 37
[2018-04-12 20:13:55] Accuracy/Precision/Recall/F1-score on a random training batch:   0.99/0.83/1.00/0.91
[2018-04-12 20:13:55] Accuracy/Precision/Recall/F1-score on a random validation batch: 0.89/0.75/0.40/0.52
[2018-04-12 20:13:55] Epoch: 38
[2018-04-12 20:13:59] Accuracy/Precision/Recall/F1-score on a random training batch:   0.98/0.90/0.90/0.90
[2018-04-12 20:13:59] Accuracy/Precision/Recall/F1-score on a random validation batch: 0.98/0.60/1.00/0.75
[2018-04-12 20:13:59] Epoch: 39
[2018-04-12 20:14:02] Accuracy/Precision/Recall/F1-score on a random training batch:   1.00/1.00/1.00/1.00
[2018-04-12 20:14:02] Accuracy/Precision/Recall/F1-score on a random validation batch: 0.95/0.86/0.60/0.71
[2018-04-12 20:14:02] Epoch: 40
[2018-04-12 20:14:05] Accuracy/Precision/Recall/F1-score on a random training batch:   1.00/1.00/1.00/1.00
[2018-04-12 20:14:05] Accuracy/Precision/Recall/F1-score on a random validation batch: 0.90/0.82/0.53/0.64
[2018-04-12 20:14:05] Epoch: 41
[2018-04-12 20:14:08] Accuracy/Precision/Recall/F1-score on a random training batch:   1.00/1.00/1.00/1.00
[2018-04-12 20:14:08] Accuracy/Precision/Recall/F1-score on a random validation batch: 0.92/0.88/0.50/0.64
[2018-04-12 20:14:08] Epoch: 42
[2018-04-12 20:14:11] Accuracy/Precision/Recall/F1-score on a random training batch:   0.98/0.80/0.80/0.80
[2018-04-12 20:14:11] Accuracy/Precision/Recall/F1-score on a random validation batch: 0.94/0.60/0.43/0.50
[2018-04-12 20:14:11] Epoch: 43
[2018-04-12 20:14:14] Accuracy/Precision/Recall/F1-score on a random training batch:   0.99/1.00/0.92/0.96
[2018-04-12 20:14:14] Accuracy/Precision/Recall/F1-score on a random validation batch: 0.95/0.75/0.43/0.55
[2018-04-12 20:14:14] Epoch: 44
[2018-04-12 20:14:17] Accuracy/Precision/Recall/F1-score on a random training batch:   0.99/0.89/1.00/0.94
[2018-04-12 20:14:17] Accuracy/Precision/Recall/F1-score on a random validation batch: 0.86/0.50/0.21/0.30
[2018-04-12 20:14:17] Epoch: 45
[2018-04-12 20:14:20] Accuracy/Precision/Recall/F1-score on a random training batch:   1.00/1.00/1.00/1.00
[2018-04-12 20:14:20] Accuracy/Precision/Recall/F1-score on a random validation batch: 0.94/0.83/0.50/0.62
[2018-04-12 20:14:20] Epoch: 46
[2018-04-12 20:14:23] Accuracy/Precision/Recall/F1-score on a random training batch:   1.00/1.00/1.00/1.00
[2018-04-12 20:14:23] Accuracy/Precision/Recall/F1-score on a random validation batch: 0.94/0.57/0.57/0.57
[2018-04-12 20:14:23] Epoch: 47
[2018-04-12 20:14:26] Accuracy/Precision/Recall/F1-score on a random training batch:   1.00/1.00/1.00/1.00
[2018-04-12 20:14:26] Accuracy/Precision/Recall/F1-score on a random validation batch: 0.97/1.00/0.40/0.57
[2018-04-12 20:14:26] Epoch: 48
[2018-04-12 20:14:30] Accuracy/Precision/Recall/F1-score on a random training batch:   1.00/1.00/1.00/1.00
[2018-04-12 20:14:30] Accuracy/Precision/Recall/F1-score on a random validation batch: 0.94/1.00/0.40/0.57
[2018-04-12 20:14:30] Epoch: 49
[2018-04-12 20:14:32] Accuracy/Precision/Recall/F1-score on a random training batch:   1.00/1.00/1.00/1.00
[2018-04-12 20:14:32] Accuracy/Precision/Recall/F1-score on a random validation batch: 0.94/0.86/0.55/0.67
[2018-04-12 20:14:32] Epoch: 50
[2018-04-12 20:14:36] Accuracy/Precision/Recall/F1-score on a random training batch:   1.00/1.00/1.00/1.00
[2018-04-12 20:14:36] Accuracy/Precision/Recall/F1-score on a random validation batch: 0.93/0.40/0.33/0.36
[2018-04-12 20:14:36] Epoch: 51
[2018-04-12 20:14:39] Accuracy/Precision/Recall/F1-score on a random training batch:   1.00/1.00/1.00/1.00
[2018-04-12 20:14:39] Accuracy/Precision/Recall/F1-score on a random validation batch: 0.97/0.89/0.80/0.84
[2018-04-12 20:14:39] Epoch: 52
[2018-04-12 20:14:42] Accuracy/Precision/Recall/F1-score on a random training batch:   1.00/1.00/1.00/1.00
[2018-04-12 20:14:42] Accuracy/Precision/Recall/F1-score on a random validation batch: 0.95/0.57/0.67/0.62
[2018-04-12 20:14:42] Epoch: 53
[2018-04-12 20:14:45] Accuracy/Precision/Recall/F1-score on a random training batch:   1.00/1.00/1.00/1.00
[2018-04-12 20:14:45] Accuracy/Precision/Recall/F1-score on a random validation batch: 0.93/0.56/0.62/0.59
[2018-04-12 20:14:45] Epoch: 54
[2018-04-12 20:14:48] Accuracy/Precision/Recall/F1-score on a random training batch:   1.00/1.00/1.00/1.00
[2018-04-12 20:14:48] Accuracy/Precision/Recall/F1-score on a random validation batch: 0.90/0.40/0.22/0.29
[2018-04-12 20:14:48] Epoch: 55
[2018-04-12 20:14:51] Accuracy/Precision/Recall/F1-score on a random training batch:   0.99/0.89/1.00/0.94
[2018-04-12 20:14:51] Accuracy/Precision/Recall/F1-score on a random validation batch: 0.97/1.00/0.57/0.73
[2018-04-12 20:14:51] Epoch: 56
[2018-04-12 20:14:53] Accuracy/Precision/Recall/F1-score on a random training batch:   1.00/1.00/1.00/1.00
[2018-04-12 20:14:53] Accuracy/Precision/Recall/F1-score on a random validation batch: 0.95/0.62/0.71/0.67
[2018-04-12 20:14:53] Epoch: 57
[2018-04-12 20:14:56] Accuracy/Precision/Recall/F1-score on a random training batch:   1.00/1.00/1.00/1.00
[2018-04-12 20:14:56] Accuracy/Precision/Recall/F1-score on a random validation batch: 0.95/0.75/0.67/0.71
[2018-04-12 20:14:56] Epoch: 58
[2018-04-12 20:15:00] Accuracy/Precision/Recall/F1-score on a random training batch:   0.99/0.90/1.00/0.95
[2018-04-12 20:15:00] Accuracy/Precision/Recall/F1-score on a random validation batch: 0.96/0.75/0.50/0.60
[2018-04-12 20:15:00] Epoch: 59
[2018-04-12 20:15:02] Accuracy/Precision/Recall/F1-score on a random training batch:   0.99/0.89/1.00/0.94
[2018-04-12 20:15:02] Accuracy/Precision/Recall/F1-score on a random validation batch: 0.96/0.75/0.50/0.60
[2018-04-12 20:15:02] Epoch: 60
[2018-04-12 20:15:05] Accuracy/Precision/Recall/F1-score on a random training batch:   0.99/1.00/0.89/0.94
[2018-04-12 20:15:05] Accuracy/Precision/Recall/F1-score on a random validation batch: 0.88/0.62/0.36/0.45
[2018-04-12 20:15:05] Epoch: 61
[2018-04-12 20:15:08] Accuracy/Precision/Recall/F1-score on a random training batch:   0.99/0.90/1.00/0.95
[2018-04-12 20:15:08] Accuracy/Precision/Recall/F1-score on a random validation batch: 0.94/0.67/0.29/0.40
[2018-04-12 20:15:08] Epoch: 62
[2018-04-12 20:15:12] Accuracy/Precision/Recall/F1-score on a random training batch:   1.00/1.00/1.00/1.00
[2018-04-12 20:15:12] Accuracy/Precision/Recall/F1-score on a random validation batch: 0.89/0.56/0.42/0.48
[2018-04-12 20:15:12] Epoch: 63
[2018-04-12 20:15:15] Accuracy/Precision/Recall/F1-score on a random training batch:   0.99/1.00/0.92/0.96
[2018-04-12 20:15:15] Accuracy/Precision/Recall/F1-score on a random validation batch: 0.93/0.62/0.80/0.70
[2018-04-12 20:15:15] Epoch: 64
[2018-04-12 20:15:19] Accuracy/Precision/Recall/F1-score on a random training batch:   1.00/1.00/1.00/1.00
[2018-04-12 20:15:19] Accuracy/Precision/Recall/F1-score on a random validation batch: 0.94/0.67/0.29/0.40
[2018-04-12 20:15:19] Epoch: 65
[2018-04-12 20:15:22] Accuracy/Precision/Recall/F1-score on a random training batch:   0.99/1.00/0.93/0.96
[2018-04-12 20:15:22] Accuracy/Precision/Recall/F1-score on a random validation batch: 0.94/0.00/0.00/nan
[2018-04-12 20:15:22] Epoch: 66
[2018-04-12 20:15:24] Accuracy/Precision/Recall/F1-score on a random training batch:   1.00/1.00/1.00/1.00
[2018-04-12 20:15:24] Accuracy/Precision/Recall/F1-score on a random validation batch: 0.94/1.00/0.14/0.25
[2018-04-12 20:15:24] Epoch: 67
[2018-04-12 20:15:26] Accuracy/Precision/Recall/F1-score on a random training batch:   0.99/1.00/0.92/0.96
[2018-04-12 20:15:26] Accuracy/Precision/Recall/F1-score on a random validation batch: 0.96/0.62/0.83/0.71
[2018-04-12 20:15:26] Epoch: 68
[2018-04-12 20:15:29] Accuracy/Precision/Recall/F1-score on a random training batch:   0.99/1.00/0.86/0.92
[2018-04-12 20:15:29] Accuracy/Precision/Recall/F1-score on a random validation batch: 0.93/0.50/0.57/0.53
[2018-04-12 20:15:29] Epoch: 69
[2018-04-12 20:15:32] Accuracy/Precision/Recall/F1-score on a random training batch:   1.00/1.00/1.00/1.00
[2018-04-12 20:15:32] Accuracy/Precision/Recall/F1-score on a random validation batch: 0.98/0.88/0.88/0.88
[2018-04-12 20:15:32] Epoch: 70
[2018-04-12 20:15:36] Accuracy/Precision/Recall/F1-score on a random training batch:   1.00/1.00/1.00/1.00
[2018-04-12 20:15:36] Accuracy/Precision/Recall/F1-score on a random validation batch: 0.95/0.86/0.60/0.71
[2018-04-12 20:15:36] Epoch: 71
[2018-04-12 20:15:39] Accuracy/Precision/Recall/F1-score on a random training batch:   1.00/1.00/1.00/1.00
[2018-04-12 20:15:39] Accuracy/Precision/Recall/F1-score on a random validation batch: 0.92/0.33/0.33/0.33
[2018-04-12 20:15:39] Epoch: 72
[2018-04-12 20:15:42] Accuracy/Precision/Recall/F1-score on a random training batch:   1.00/1.00/1.00/1.00
[2018-04-12 20:15:42] Accuracy/Precision/Recall/F1-score on a random validation batch: 0.89/0.60/0.46/0.52
[2018-04-12 20:15:42] Epoch: 73
[2018-04-12 20:15:45] Accuracy/Precision/Recall/F1-score on a random training batch:   1.00/1.00/1.00/1.00
[2018-04-12 20:15:45] Accuracy/Precision/Recall/F1-score on a random validation batch: 0.97/0.67/0.50/0.57
[2018-04-12 20:15:45] Epoch: 74
[2018-04-12 20:15:47] Accuracy/Precision/Recall/F1-score on a random training batch:   0.99/0.86/1.00/0.92
[2018-04-12 20:15:47] Accuracy/Precision/Recall/F1-score on a random validation batch: 0.98/0.75/0.75/0.75
[2018-04-12 20:15:47] Epoch: 75
[2018-04-12 20:15:51] Accuracy/Precision/Recall/F1-score on a random training batch:   1.00/1.00/1.00/1.00
[2018-04-12 20:15:51] Accuracy/Precision/Recall/F1-score on a random validation batch: 0.90/0.71/0.38/0.50
[2018-04-12 20:15:51] Epoch: 76
[2018-04-12 20:15:54] Accuracy/Precision/Recall/F1-score on a random training batch:   1.00/1.00/1.00/1.00
[2018-04-12 20:15:54] Accuracy/Precision/Recall/F1-score on a random validation batch: 0.97/1.00/0.67/0.80
[2018-04-12 20:15:54] Epoch: 77
[2018-04-12 20:15:57] Accuracy/Precision/Recall/F1-score on a random training batch:   1.00/1.00/1.00/1.00
[2018-04-12 20:15:57] Accuracy/Precision/Recall/F1-score on a random validation batch: 0.88/0.67/0.29/0.40
[2018-04-12 20:15:57] Epoch: 78
[2018-04-12 20:16:01] Accuracy/Precision/Recall/F1-score on a random training batch:   1.00/1.00/1.00/1.00
[2018-04-12 20:16:01] Accuracy/Precision/Recall/F1-score on a random validation batch: 0.94/0.78/0.64/0.70
[2018-04-12 20:16:01] Epoch: 79
[2018-04-12 20:16:03] Accuracy/Precision/Recall/F1-score on a random training batch:   1.00/1.00/1.00/1.00
[2018-04-12 20:16:03] Accuracy/Precision/Recall/F1-score on a random validation batch: 0.94/0.60/0.43/0.50
[2018-04-12 20:16:03] Epoch: 80
[2018-04-12 20:16:06] Accuracy/Precision/Recall/F1-score on a random training batch:   0.99/1.00/0.90/0.95
[2018-04-12 20:16:06] Accuracy/Precision/Recall/F1-score on a random validation batch: 0.90/0.70/0.50/0.58
[2018-04-12 20:16:06] Epoch: 81
[2018-04-12 20:16:09] Accuracy/Precision/Recall/F1-score on a random training batch:   1.00/1.00/1.00/1.00
[2018-04-12 20:16:09] Accuracy/Precision/Recall/F1-score on a random validation batch: 0.94/0.50/0.67/0.57
[2018-04-12 20:16:09] Epoch: 82
[2018-04-12 20:16:12] Accuracy/Precision/Recall/F1-score on a random training batch:   1.00/1.00/1.00/1.00
[2018-04-12 20:16:12] Accuracy/Precision/Recall/F1-score on a random validation batch: 0.97/0.75/0.60/0.67
[2018-04-12 20:16:12] Epoch: 83
[2018-04-12 20:16:15] Accuracy/Precision/Recall/F1-score on a random training batch:   1.00/1.00/1.00/1.00
[2018-04-12 20:16:15] Accuracy/Precision/Recall/F1-score on a random validation batch: 0.95/0.25/0.33/0.29
[2018-04-12 20:16:15] Epoch: 84
[2018-04-12 20:16:19] Accuracy/Precision/Recall/F1-score on a random training batch:   1.00/1.00/1.00/1.00
[2018-04-12 20:16:19] Accuracy/Precision/Recall/F1-score on a random validation batch: 0.91/0.64/0.58/0.61
[2018-04-12 20:16:19] Epoch: 85
[2018-04-12 20:16:22] Accuracy/Precision/Recall/F1-score on a random training batch:   0.99/1.00/0.89/0.94
[2018-04-12 20:16:22] Accuracy/Precision/Recall/F1-score on a random validation batch: 0.90/0.88/0.44/0.58
[2018-04-12 20:16:22] Epoch: 86
[2018-04-12 20:16:26] Accuracy/Precision/Recall/F1-score on a random training batch:   0.99/1.00/0.91/0.95
[2018-04-12 20:16:26] Accuracy/Precision/Recall/F1-score on a random validation batch: 0.94/0.00/0.00/nan
[2018-04-12 20:16:26] Epoch: 87
[2018-04-12 20:16:29] Accuracy/Precision/Recall/F1-score on a random training batch:   1.00/1.00/1.00/1.00
[2018-04-12 20:16:29] Accuracy/Precision/Recall/F1-score on a random validation batch: 0.99/1.00/0.80/0.89
[2018-04-12 20:16:29] Epoch: 88
[2018-04-12 20:16:32] Accuracy/Precision/Recall/F1-score on a random training batch:   1.00/1.00/1.00/1.00
[2018-04-12 20:16:32] Accuracy/Precision/Recall/F1-score on a random validation batch: 0.97/0.75/0.60/0.67
[2018-04-12 20:16:32] Epoch: 89
[2018-04-12 20:16:34] Accuracy/Precision/Recall/F1-score on a random training batch:   1.00/1.00/1.00/1.00
[2018-04-12 20:16:35] Accuracy/Precision/Recall/F1-score on a random validation batch: 0.90/0.69/0.60/0.64
[2018-04-12 20:16:35] Epoch: 90
[2018-04-12 20:16:37] Accuracy/Precision/Recall/F1-score on a random training batch:   1.00/1.00/1.00/1.00
[2018-04-12 20:16:37] Accuracy/Precision/Recall/F1-score on a random validation batch: 0.93/0.43/0.50/0.46
[2018-04-12 20:16:37] Epoch: 91
[2018-04-12 20:16:40] Accuracy/Precision/Recall/F1-score on a random training batch:   1.00/1.00/1.00/1.00
[2018-04-12 20:16:40] Accuracy/Precision/Recall/F1-score on a random validation batch: 0.95/0.88/0.64/0.74
[2018-04-12 20:16:40] Epoch: 92
[2018-04-12 20:16:43] Accuracy/Precision/Recall/F1-score on a random training batch:   1.00/1.00/1.00/1.00
[2018-04-12 20:16:43] Accuracy/Precision/Recall/F1-score on a random validation batch: 0.95/0.80/0.73/0.76
[2018-04-12 20:16:43] Epoch: 93
[2018-04-12 20:16:45] Accuracy/Precision/Recall/F1-score on a random training batch:   1.00/1.00/1.00/1.00
[2018-04-12 20:16:46] Accuracy/Precision/Recall/F1-score on a random validation batch: 0.96/0.80/0.57/0.67
[2018-04-12 20:16:46] Epoch: 94
[2018-04-12 20:16:48] Accuracy/Precision/Recall/F1-score on a random training batch:   1.00/1.00/1.00/1.00
[2018-04-12 20:16:48] Accuracy/Precision/Recall/F1-score on a random validation batch: 0.96/0.80/0.80/0.80
[2018-04-12 20:16:48] Epoch: 95
[2018-04-12 20:16:52] Accuracy/Precision/Recall/F1-score on a random training batch:   0.99/1.00/0.92/0.96
[2018-04-12 20:16:52] Accuracy/Precision/Recall/F1-score on a random validation batch: 0.90/0.20/0.14/0.17
[2018-04-12 20:16:52] Epoch: 96
[2018-04-12 20:16:55] Accuracy/Precision/Recall/F1-score on a random training batch:   1.00/1.00/1.00/1.00
[2018-04-12 20:16:55] Accuracy/Precision/Recall/F1-score on a random validation batch: 0.95/0.88/0.64/0.74
[2018-04-12 20:16:55] Epoch: 97
[2018-04-12 20:16:58] Accuracy/Precision/Recall/F1-score on a random training batch:   0.99/1.00/0.88/0.93
[2018-04-12 20:16:58] Accuracy/Precision/Recall/F1-score on a random validation batch: 0.92/0.56/0.56/0.56
[2018-04-12 20:16:58] Epoch: 98
[2018-04-12 20:17:02] Accuracy/Precision/Recall/F1-score on a random training batch:   0.99/0.86/1.00/0.92
[2018-04-12 20:17:02] Accuracy/Precision/Recall/F1-score on a random validation batch: 0.94/0.90/0.64/0.75
[2018-04-12 20:17:02] Epoch: 99
[2018-04-12 20:17:05] Accuracy/Precision/Recall/F1-score on a random training batch:   1.00/1.00/1.00/1.00
[2018-04-12 20:17:05] Accuracy/Precision/Recall/F1-score on a random validation batch: 0.97/0.83/0.71/0.77
[2018-04-12 20:17:05] Training finished.
[2018-04-12 20:17:05] Saving model to file experiments/basic_network_h1_d03_l001_e100_mptp2078_REDO/model/2018-04-12_201705--d=0.3,hl=100,e=100,a=relu,bs=100,nof=4096,pw=1,d=False,l=1,m=network,lr=0.001
