[2018-03-23 16:17:25] Statements of 4564 theorems and definitions loaded.
[2018-03-23 16:17:25] Features of 4564 thms and definitions loaded.
[2018-03-23 16:17:25] Chronological order of 4564 thms and definitions loaded.
[2018-03-23 16:17:25] Proofs of 1000 theorems loaded.
[2018-03-23 16:17:25] Proofs of 342 theorems loaded.
[2018-03-23 16:17:25] Transforming proofs of 1000 theorems to training data...
[2018-03-23 16:17:25]     Number of features used: 2048 / 10241
[2018-03-23 16:17:25]     Mode of combining theorems and premises to examples: merge_mode=concat
[2018-03-23 16:17:25]     Negatives to positive ratio: 10
[2018-03-23 16:17:25]     No negative mining.
[2018-03-23 16:17:32] Transformation finished.
[2018-03-23 16:17:32] Transforming proofs of 342 theorems to training data...
[2018-03-23 16:17:32]     Number of features used: 2048 / 10241
[2018-03-23 16:17:32]     Mode of combining theorems and premises to examples: merge_mode=concat
[2018-03-23 16:17:32]     Negatives to positive ratio: 10
[2018-03-23 16:17:32]     No negative mining.
[2018-03-23 16:17:34] Transformation finished.
[2018-03-23 16:17:34] Constructing neural net graph...
[2018-03-23 16:17:35] Training of neural net started...
[2018-03-23 16:17:35] Epoch: 0
[2018-03-23 16:17:37] Accuracy/Precision/Recall/F1-score on a random training batch:   0.92/1.00/0.27/0.43
[2018-03-23 16:17:37] Accuracy/Precision/Recall/F1-score on a random validation batch: 0.93/1.00/0.22/0.36
[2018-03-23 16:17:37] Epoch: 1
[2018-03-23 16:17:39] Accuracy/Precision/Recall/F1-score on a random training batch:   0.97/1.00/0.50/0.67
[2018-03-23 16:17:39] Accuracy/Precision/Recall/F1-score on a random validation batch: 0.90/0.83/0.36/0.50
[2018-03-23 16:17:39] Epoch: 2
[2018-03-23 16:17:42] Accuracy/Precision/Recall/F1-score on a random training batch:   0.94/0.90/0.64/0.75
[2018-03-23 16:17:42] Accuracy/Precision/Recall/F1-score on a random validation batch: 0.92/0.38/0.50/0.43
[2018-03-23 16:17:42] Epoch: 3
[2018-03-23 16:17:44] Accuracy/Precision/Recall/F1-score on a random training batch:   0.94/0.80/0.67/0.73
[2018-03-23 16:17:44] Accuracy/Precision/Recall/F1-score on a random validation batch: 0.90/0.71/0.38/0.50
[2018-03-23 16:17:44] Epoch: 4
[2018-03-23 16:17:47] Accuracy/Precision/Recall/F1-score on a random training batch:   0.99/0.89/1.00/0.94
[2018-03-23 16:17:47] Accuracy/Precision/Recall/F1-score on a random validation batch: 0.91/0.80/0.33/0.47
[2018-03-23 16:17:47] Epoch: 5
[2018-03-23 16:17:49] Accuracy/Precision/Recall/F1-score on a random training batch:   0.98/1.00/0.82/0.90
[2018-03-23 16:17:49] Accuracy/Precision/Recall/F1-score on a random validation batch: 0.93/1.00/0.42/0.59
[2018-03-23 16:17:49] Epoch: 6
[2018-03-23 16:17:51] Accuracy/Precision/Recall/F1-score on a random training batch:   0.97/1.00/0.62/0.77
[2018-03-23 16:17:51] Accuracy/Precision/Recall/F1-score on a random validation batch: 0.89/0.69/0.56/0.62
[2018-03-23 16:17:51] Epoch: 7
[2018-03-23 16:17:53] Accuracy/Precision/Recall/F1-score on a random training batch:   0.96/0.88/0.70/0.78
[2018-03-23 16:17:53] Accuracy/Precision/Recall/F1-score on a random validation batch: 0.94/0.75/0.38/0.50
[2018-03-23 16:17:53] Epoch: 8
[2018-03-23 16:17:56] Accuracy/Precision/Recall/F1-score on a random training batch:   0.98/0.86/0.86/0.86
[2018-03-23 16:17:56] Accuracy/Precision/Recall/F1-score on a random validation batch: 0.90/0.43/0.33/0.38
[2018-03-23 16:17:56] Epoch: 9
[2018-03-23 16:17:58] Accuracy/Precision/Recall/F1-score on a random training batch:   0.99/0.93/1.00/0.97
[2018-03-23 16:17:58] Accuracy/Precision/Recall/F1-score on a random validation batch: 0.97/0.75/0.60/0.67
[2018-03-23 16:17:58] Epoch: 10
[2018-03-23 16:18:00] Accuracy/Precision/Recall/F1-score on a random training batch:   0.98/0.88/1.00/0.94
[2018-03-23 16:18:00] Accuracy/Precision/Recall/F1-score on a random validation batch: 0.96/0.62/0.83/0.71
[2018-03-23 16:18:00] Epoch: 11
[2018-03-23 16:18:02] Accuracy/Precision/Recall/F1-score on a random training batch:   0.98/0.82/1.00/0.90
[2018-03-23 16:18:02] Accuracy/Precision/Recall/F1-score on a random validation batch: 0.93/0.67/0.73/0.70
[2018-03-23 16:18:02] Epoch: 12
[2018-03-23 16:18:05] Accuracy/Precision/Recall/F1-score on a random training batch:   0.99/1.00/0.91/0.95
[2018-03-23 16:18:05] Accuracy/Precision/Recall/F1-score on a random validation batch: 0.98/0.60/1.00/0.75
[2018-03-23 16:18:05] Epoch: 13
[2018-03-23 16:18:07] Accuracy/Precision/Recall/F1-score on a random training batch:   0.99/1.00/0.90/0.95
[2018-03-23 16:18:07] Accuracy/Precision/Recall/F1-score on a random validation batch: 0.89/0.42/0.56/0.48
[2018-03-23 16:18:07] Epoch: 14
[2018-03-23 16:18:09] Accuracy/Precision/Recall/F1-score on a random training batch:   1.00/1.00/1.00/1.00
[2018-03-23 16:18:09] Accuracy/Precision/Recall/F1-score on a random validation batch: 0.91/0.25/0.14/0.18
[2018-03-23 16:18:09] Epoch: 15
[2018-03-23 16:18:11] Accuracy/Precision/Recall/F1-score on a random training batch:   0.99/0.90/1.00/0.95
[2018-03-23 16:18:11] Accuracy/Precision/Recall/F1-score on a random validation batch: 0.98/0.80/0.80/0.80
[2018-03-23 16:18:11] Epoch: 16
[2018-03-23 16:18:14] Accuracy/Precision/Recall/F1-score on a random training batch:   1.00/1.00/1.00/1.00
[2018-03-23 16:18:14] Accuracy/Precision/Recall/F1-score on a random validation batch: 0.98/0.67/0.67/0.67
[2018-03-23 16:18:14] Epoch: 17
[2018-03-23 16:18:16] Accuracy/Precision/Recall/F1-score on a random training batch:   1.00/1.00/1.00/1.00
[2018-03-23 16:18:16] Accuracy/Precision/Recall/F1-score on a random validation batch: 0.95/0.71/0.62/0.67
[2018-03-23 16:18:16] Epoch: 18
[2018-03-23 16:18:18] Accuracy/Precision/Recall/F1-score on a random training batch:   0.99/1.00/0.93/0.96
[2018-03-23 16:18:18] Accuracy/Precision/Recall/F1-score on a random validation batch: 0.94/0.67/0.29/0.40
[2018-03-23 16:18:18] Epoch: 19
[2018-03-23 16:18:20] Accuracy/Precision/Recall/F1-score on a random training batch:   0.99/0.88/1.00/0.93
[2018-03-23 16:18:20] Accuracy/Precision/Recall/F1-score on a random validation batch: 0.94/0.67/0.29/0.40
[2018-03-23 16:18:20] Epoch: 20
[2018-03-23 16:18:23] Accuracy/Precision/Recall/F1-score on a random training batch:   1.00/1.00/1.00/1.00
[2018-03-23 16:18:23] Accuracy/Precision/Recall/F1-score on a random validation batch: 0.92/0.80/0.57/0.67
[2018-03-23 16:18:23] Epoch: 21
[2018-03-23 16:18:25] Accuracy/Precision/Recall/F1-score on a random training batch:   1.00/1.00/1.00/1.00
[2018-03-23 16:18:25] Accuracy/Precision/Recall/F1-score on a random validation batch: 0.98/1.00/0.60/0.75
[2018-03-23 16:18:25] Epoch: 22
[2018-03-23 16:18:27] Accuracy/Precision/Recall/F1-score on a random training batch:   1.00/1.00/1.00/1.00
[2018-03-23 16:18:27] Accuracy/Precision/Recall/F1-score on a random validation batch: 0.93/0.20/0.25/0.22
[2018-03-23 16:18:27] Epoch: 23
[2018-03-23 16:18:29] Accuracy/Precision/Recall/F1-score on a random training batch:   0.99/0.93/1.00/0.97
[2018-03-23 16:18:29] Accuracy/Precision/Recall/F1-score on a random validation batch: 0.95/0.58/1.00/0.74
[2018-03-23 16:18:29] Epoch: 24
[2018-03-23 16:18:32] Accuracy/Precision/Recall/F1-score on a random training batch:   0.97/1.00/0.75/0.86
[2018-03-23 16:18:32] Accuracy/Precision/Recall/F1-score on a random validation batch: 0.95/0.56/0.83/0.67
[2018-03-23 16:18:32] Epoch: 25
[2018-03-23 16:18:34] Accuracy/Precision/Recall/F1-score on a random training batch:   1.00/1.00/1.00/1.00
[2018-03-23 16:18:34] Accuracy/Precision/Recall/F1-score on a random validation batch: 0.93/0.70/0.64/0.67
[2018-03-23 16:18:34] Epoch: 26
[2018-03-23 16:18:36] Accuracy/Precision/Recall/F1-score on a random training batch:   0.99/0.92/1.00/0.96
[2018-03-23 16:18:36] Accuracy/Precision/Recall/F1-score on a random validation batch: 0.93/0.45/0.83/0.59
[2018-03-23 16:18:36] Epoch: 27
[2018-03-23 16:18:38] Accuracy/Precision/Recall/F1-score on a random training batch:   1.00/1.00/1.00/1.00
[2018-03-23 16:18:38] Accuracy/Precision/Recall/F1-score on a random validation batch: 0.96/0.83/0.62/0.71
[2018-03-23 16:18:38] Epoch: 28
[2018-03-23 16:18:41] Accuracy/Precision/Recall/F1-score on a random training batch:   0.99/1.00/0.88/0.93
[2018-03-23 16:18:41] Accuracy/Precision/Recall/F1-score on a random validation batch: 0.90/0.40/0.22/0.29
[2018-03-23 16:18:41] Epoch: 29
[2018-03-23 16:18:43] Accuracy/Precision/Recall/F1-score on a random training batch:   0.98/0.83/0.83/0.83
[2018-03-23 16:18:43] Accuracy/Precision/Recall/F1-score on a random validation batch: 0.89/0.60/0.46/0.52
[2018-03-23 16:18:43] Epoch: 30
[2018-03-23 16:18:45] Accuracy/Precision/Recall/F1-score on a random training batch:   1.00/1.00/1.00/1.00
[2018-03-23 16:18:45] Accuracy/Precision/Recall/F1-score on a random validation batch: 0.91/0.60/0.55/0.57
[2018-03-23 16:18:45] Epoch: 31
[2018-03-23 16:18:47] Accuracy/Precision/Recall/F1-score on a random training batch:   1.00/1.00/1.00/1.00
[2018-03-23 16:18:47] Accuracy/Precision/Recall/F1-score on a random validation batch: 0.97/0.83/0.71/0.77
[2018-03-23 16:18:47] Epoch: 32
[2018-03-23 16:18:50] Accuracy/Precision/Recall/F1-score on a random training batch:   1.00/1.00/1.00/1.00
[2018-03-23 16:18:50] Accuracy/Precision/Recall/F1-score on a random validation batch: 0.94/0.33/0.20/0.25
[2018-03-23 16:18:50] Epoch: 33
[2018-03-23 16:18:52] Accuracy/Precision/Recall/F1-score on a random training batch:   1.00/1.00/1.00/1.00
[2018-03-23 16:18:52] Accuracy/Precision/Recall/F1-score on a random validation batch: 0.95/0.75/0.67/0.71
[2018-03-23 16:18:52] Epoch: 34
[2018-03-23 16:18:54] Accuracy/Precision/Recall/F1-score on a random training batch:   1.00/1.00/1.00/1.00
[2018-03-23 16:18:54] Accuracy/Precision/Recall/F1-score on a random validation batch: 0.92/0.71/0.45/0.56
[2018-03-23 16:18:54] Epoch: 35
[2018-03-23 16:18:56] Accuracy/Precision/Recall/F1-score on a random training batch:   0.99/1.00/0.90/0.95
[2018-03-23 16:18:56] Accuracy/Precision/Recall/F1-score on a random validation batch: 0.95/0.80/0.50/0.62
[2018-03-23 16:18:56] Epoch: 36
[2018-03-23 16:18:59] Accuracy/Precision/Recall/F1-score on a random training batch:   1.00/1.00/1.00/1.00
[2018-03-23 16:18:59] Accuracy/Precision/Recall/F1-score on a random validation batch: 0.93/0.60/0.67/0.63
[2018-03-23 16:18:59] Epoch: 37
[2018-03-23 16:19:01] Accuracy/Precision/Recall/F1-score on a random training batch:   1.00/1.00/1.00/1.00
[2018-03-23 16:19:01] Accuracy/Precision/Recall/F1-score on a random validation batch: 0.91/0.33/0.50/0.40
[2018-03-23 16:19:01] Epoch: 38
[2018-03-23 16:19:03] Accuracy/Precision/Recall/F1-score on a random training batch:   1.00/1.00/1.00/1.00
[2018-03-23 16:19:03] Accuracy/Precision/Recall/F1-score on a random validation batch: 0.96/1.00/0.60/0.75
[2018-03-23 16:19:03] Epoch: 39
[2018-03-23 16:19:05] Accuracy/Precision/Recall/F1-score on a random training batch:   0.99/1.00/0.89/0.94
[2018-03-23 16:19:05] Accuracy/Precision/Recall/F1-score on a random validation batch: 0.96/0.88/0.70/0.78
[2018-03-23 16:19:05] Epoch: 40
[2018-03-23 16:19:08] Accuracy/Precision/Recall/F1-score on a random training batch:   0.99/0.94/1.00/0.97
[2018-03-23 16:19:08] Accuracy/Precision/Recall/F1-score on a random validation batch: 0.94/0.67/0.67/0.67
[2018-03-23 16:19:08] Epoch: 41
[2018-03-23 16:19:10] Accuracy/Precision/Recall/F1-score on a random training batch:   0.98/1.00/0.75/0.86
[2018-03-23 16:19:10] Accuracy/Precision/Recall/F1-score on a random validation batch: 0.95/0.60/0.50/0.55
[2018-03-23 16:19:10] Epoch: 42
[2018-03-23 16:19:12] Accuracy/Precision/Recall/F1-score on a random training batch:   0.99/0.88/1.00/0.93
[2018-03-23 16:19:12] Accuracy/Precision/Recall/F1-score on a random validation batch: 0.95/0.56/0.83/0.67
[2018-03-23 16:19:12] Epoch: 43
[2018-03-23 16:19:14] Accuracy/Precision/Recall/F1-score on a random training batch:   1.00/1.00/1.00/1.00
[2018-03-23 16:19:14] Accuracy/Precision/Recall/F1-score on a random validation batch: 0.94/0.67/0.50/0.57
[2018-03-23 16:19:14] Epoch: 44
[2018-03-23 16:19:17] Accuracy/Precision/Recall/F1-score on a random training batch:   1.00/1.00/1.00/1.00
[2018-03-23 16:19:17] Accuracy/Precision/Recall/F1-score on a random validation batch: 0.96/0.75/0.75/0.75
[2018-03-23 16:19:17] Epoch: 45
[2018-03-23 16:19:19] Accuracy/Precision/Recall/F1-score on a random training batch:   1.00/1.00/1.00/1.00
[2018-03-23 16:19:19] Accuracy/Precision/Recall/F1-score on a random validation batch: 0.93/1.00/0.36/0.53
[2018-03-23 16:19:19] Epoch: 46
[2018-03-23 16:19:21] Accuracy/Precision/Recall/F1-score on a random training batch:   0.99/1.00/0.86/0.92
[2018-03-23 16:19:21] Accuracy/Precision/Recall/F1-score on a random validation batch: 0.96/0.86/0.67/0.75
[2018-03-23 16:19:21] Epoch: 47
[2018-03-23 16:19:23] Accuracy/Precision/Recall/F1-score on a random training batch:   1.00/1.00/1.00/1.00
[2018-03-23 16:19:23] Accuracy/Precision/Recall/F1-score on a random validation batch: 0.91/0.40/0.25/0.31
[2018-03-23 16:19:23] Epoch: 48
[2018-03-23 16:19:26] Accuracy/Precision/Recall/F1-score on a random training batch:   1.00/1.00/1.00/1.00
[2018-03-23 16:19:26] Accuracy/Precision/Recall/F1-score on a random validation batch: 0.91/0.50/0.33/0.40
[2018-03-23 16:19:26] Epoch: 49
[2018-03-23 16:19:28] Accuracy/Precision/Recall/F1-score on a random training batch:   0.99/1.00/0.88/0.93
[2018-03-23 16:19:28] Accuracy/Precision/Recall/F1-score on a random validation batch: 0.93/0.33/0.40/0.36
[2018-03-23 16:19:28] Epoch: 50
[2018-03-23 16:19:30] Accuracy/Precision/Recall/F1-score on a random training batch:   0.98/0.80/0.80/0.80
[2018-03-23 16:19:30] Accuracy/Precision/Recall/F1-score on a random validation batch: 0.96/0.90/0.75/0.82
[2018-03-23 16:19:30] Epoch: 51
[2018-03-23 16:19:32] Accuracy/Precision/Recall/F1-score on a random training batch:   1.00/1.00/1.00/1.00
[2018-03-23 16:19:32] Accuracy/Precision/Recall/F1-score on a random validation batch: 0.95/0.71/0.62/0.67
[2018-03-23 16:19:32] Epoch: 52
[2018-03-23 16:19:35] Accuracy/Precision/Recall/F1-score on a random training batch:   1.00/1.00/1.00/1.00
[2018-03-23 16:19:35] Accuracy/Precision/Recall/F1-score on a random validation batch: 0.90/0.50/0.30/0.37
[2018-03-23 16:19:35] Epoch: 53
[2018-03-23 16:19:37] Accuracy/Precision/Recall/F1-score on a random training batch:   0.99/1.00/0.92/0.96
[2018-03-23 16:19:37] Accuracy/Precision/Recall/F1-score on a random validation batch: 0.91/0.80/0.33/0.47
[2018-03-23 16:19:37] Epoch: 54
[2018-03-23 16:19:39] Accuracy/Precision/Recall/F1-score on a random training batch:   1.00/1.00/1.00/1.00
[2018-03-23 16:19:39] Accuracy/Precision/Recall/F1-score on a random validation batch: 0.92/1.00/0.43/0.60
[2018-03-23 16:19:39] Epoch: 55
[2018-03-23 16:19:41] Accuracy/Precision/Recall/F1-score on a random training batch:   1.00/1.00/1.00/1.00
[2018-03-23 16:19:41] Accuracy/Precision/Recall/F1-score on a random validation batch: 0.91/0.33/0.50/0.40
[2018-03-23 16:19:41] Epoch: 56
[2018-03-23 16:19:44] Accuracy/Precision/Recall/F1-score on a random training batch:   1.00/1.00/1.00/1.00
[2018-03-23 16:19:44] Accuracy/Precision/Recall/F1-score on a random validation batch: 0.92/0.64/0.64/0.64
[2018-03-23 16:19:44] Epoch: 57
[2018-03-23 16:19:46] Accuracy/Precision/Recall/F1-score on a random training batch:   0.99/0.92/1.00/0.96
[2018-03-23 16:19:46] Accuracy/Precision/Recall/F1-score on a random validation batch: 0.89/0.58/0.54/0.56
[2018-03-23 16:19:46] Epoch: 58
[2018-03-23 16:19:48] Accuracy/Precision/Recall/F1-score on a random training batch:   1.00/1.00/1.00/1.00
[2018-03-23 16:19:48] Accuracy/Precision/Recall/F1-score on a random validation batch: 0.95/0.86/0.60/0.71
[2018-03-23 16:19:48] Epoch: 59
[2018-03-23 16:19:50] Accuracy/Precision/Recall/F1-score on a random training batch:   1.00/1.00/1.00/1.00
[2018-03-23 16:19:50] Accuracy/Precision/Recall/F1-score on a random validation batch: 0.96/1.00/0.50/0.67
[2018-03-23 16:19:50] Epoch: 60
[2018-03-23 16:19:52] Accuracy/Precision/Recall/F1-score on a random training batch:   1.00/1.00/1.00/1.00
[2018-03-23 16:19:52] Accuracy/Precision/Recall/F1-score on a random validation batch: 0.87/0.33/0.44/0.38
[2018-03-23 16:19:52] Epoch: 61
[2018-03-23 16:19:55] Accuracy/Precision/Recall/F1-score on a random training batch:   1.00/1.00/1.00/1.00
[2018-03-23 16:19:55] Accuracy/Precision/Recall/F1-score on a random validation batch: 0.96/0.75/0.50/0.60
[2018-03-23 16:19:55] Epoch: 62
[2018-03-23 16:19:57] Accuracy/Precision/Recall/F1-score on a random training batch:   1.00/1.00/1.00/1.00
[2018-03-23 16:19:57] Accuracy/Precision/Recall/F1-score on a random validation batch: 0.99/1.00/0.90/0.95
[2018-03-23 16:19:57] Epoch: 63
[2018-03-23 16:19:59] Accuracy/Precision/Recall/F1-score on a random training batch:   0.98/0.80/1.00/0.89
[2018-03-23 16:19:59] Accuracy/Precision/Recall/F1-score on a random validation batch: 0.95/0.71/0.62/0.67
[2018-03-23 16:19:59] Epoch: 64
[2018-03-23 16:20:01] Accuracy/Precision/Recall/F1-score on a random training batch:   1.00/1.00/1.00/1.00
[2018-03-23 16:20:01] Accuracy/Precision/Recall/F1-score on a random validation batch: 0.92/0.67/0.67/0.67
[2018-03-23 16:20:01] Epoch: 65
[2018-03-23 16:20:04] Accuracy/Precision/Recall/F1-score on a random training batch:   1.00/1.00/1.00/1.00
[2018-03-23 16:20:04] Accuracy/Precision/Recall/F1-score on a random validation batch: 0.93/0.70/0.64/0.67
[2018-03-23 16:20:04] Epoch: 66
[2018-03-23 16:20:06] Accuracy/Precision/Recall/F1-score on a random training batch:   1.00/1.00/1.00/1.00
[2018-03-23 16:20:06] Accuracy/Precision/Recall/F1-score on a random validation batch: 0.99/0.75/1.00/0.86
[2018-03-23 16:20:06] Epoch: 67
[2018-03-23 16:20:08] Accuracy/Precision/Recall/F1-score on a random training batch:   1.00/1.00/1.00/1.00
[2018-03-23 16:20:08] Accuracy/Precision/Recall/F1-score on a random validation batch: 0.92/0.80/0.36/0.50
[2018-03-23 16:20:08] Epoch: 68
[2018-03-23 16:20:10] Accuracy/Precision/Recall/F1-score on a random training batch:   1.00/1.00/1.00/1.00
[2018-03-23 16:20:10] Accuracy/Precision/Recall/F1-score on a random validation batch: 0.93/0.82/0.64/0.72
[2018-03-23 16:20:10] Epoch: 69
[2018-03-23 16:20:12] Accuracy/Precision/Recall/F1-score on a random training batch:   0.99/0.80/1.00/0.89
[2018-03-23 16:20:12] Accuracy/Precision/Recall/F1-score on a random validation batch: 0.95/0.71/0.62/0.67
[2018-03-23 16:20:12] Epoch: 70
[2018-03-23 16:20:15] Accuracy/Precision/Recall/F1-score on a random training batch:   1.00/1.00/1.00/1.00
[2018-03-23 16:20:15] Accuracy/Precision/Recall/F1-score on a random validation batch: 0.98/0.88/0.88/0.88
[2018-03-23 16:20:15] Epoch: 71
[2018-03-23 16:20:17] Accuracy/Precision/Recall/F1-score on a random training batch:   1.00/1.00/1.00/1.00
[2018-03-23 16:20:17] Accuracy/Precision/Recall/F1-score on a random validation batch: 0.91/0.50/0.22/0.31
[2018-03-23 16:20:17] Epoch: 72
[2018-03-23 16:20:19] Accuracy/Precision/Recall/F1-score on a random training batch:   1.00/1.00/1.00/1.00
[2018-03-23 16:20:19] Accuracy/Precision/Recall/F1-score on a random validation batch: 0.96/1.00/0.50/0.67
[2018-03-23 16:20:19] Epoch: 73
[2018-03-23 16:20:21] Accuracy/Precision/Recall/F1-score on a random training batch:   1.00/1.00/1.00/1.00
[2018-03-23 16:20:21] Accuracy/Precision/Recall/F1-score on a random validation batch: 0.95/1.00/0.62/0.76
[2018-03-23 16:20:21] Epoch: 74
[2018-03-23 16:20:24] Accuracy/Precision/Recall/F1-score on a random training batch:   1.00/1.00/1.00/1.00
[2018-03-23 16:20:24] Accuracy/Precision/Recall/F1-score on a random validation batch: 0.93/0.70/0.64/0.67
[2018-03-23 16:20:24] Epoch: 75
[2018-03-23 16:20:26] Accuracy/Precision/Recall/F1-score on a random training batch:   1.00/1.00/1.00/1.00
[2018-03-23 16:20:26] Accuracy/Precision/Recall/F1-score on a random validation batch: 0.91/0.71/0.42/0.53
[2018-03-23 16:20:26] Epoch: 76
[2018-03-23 16:20:28] Accuracy/Precision/Recall/F1-score on a random training batch:   0.99/1.00/0.89/0.94
[2018-03-23 16:20:28] Accuracy/Precision/Recall/F1-score on a random validation batch: 0.94/0.90/0.64/0.75
[2018-03-23 16:20:28] Epoch: 77
[2018-03-23 16:20:30] Accuracy/Precision/Recall/F1-score on a random training batch:   0.99/0.86/1.00/0.92
[2018-03-23 16:20:30] Accuracy/Precision/Recall/F1-score on a random validation batch: 0.93/0.57/0.50/0.53
[2018-03-23 16:20:30] Epoch: 78
[2018-03-23 16:20:32] Accuracy/Precision/Recall/F1-score on a random training batch:   1.00/1.00/1.00/1.00
[2018-03-23 16:20:32] Accuracy/Precision/Recall/F1-score on a random validation batch: 0.92/0.50/0.25/0.33
[2018-03-23 16:20:32] Epoch: 79
[2018-03-23 16:20:35] Accuracy/Precision/Recall/F1-score on a random training batch:   1.00/1.00/1.00/1.00
[2018-03-23 16:20:35] Accuracy/Precision/Recall/F1-score on a random validation batch: 0.90/0.89/0.47/0.62
[2018-03-23 16:20:35] Epoch: 80
[2018-03-23 16:20:37] Accuracy/Precision/Recall/F1-score on a random training batch:   0.99/0.88/1.00/0.93
[2018-03-23 16:20:37] Accuracy/Precision/Recall/F1-score on a random validation batch: 0.92/0.50/0.38/0.43
[2018-03-23 16:20:37] Epoch: 81
[2018-03-23 16:20:39] Accuracy/Precision/Recall/F1-score on a random training batch:   1.00/1.00/1.00/1.00
[2018-03-23 16:20:39] Accuracy/Precision/Recall/F1-score on a random validation batch: 0.94/1.00/0.50/0.67
[2018-03-23 16:20:39] Epoch: 82
[2018-03-23 16:20:41] Accuracy/Precision/Recall/F1-score on a random training batch:   0.99/0.88/1.00/0.93
[2018-03-23 16:20:41] Accuracy/Precision/Recall/F1-score on a random validation batch: 0.91/0.33/0.29/0.31
[2018-03-23 16:20:41] Epoch: 83
[2018-03-23 16:20:44] Accuracy/Precision/Recall/F1-score on a random training batch:   0.98/0.83/1.00/0.91
[2018-03-23 16:20:44] Accuracy/Precision/Recall/F1-score on a random validation batch: 0.91/0.60/0.55/0.57
[2018-03-23 16:20:44] Epoch: 84
[2018-03-23 16:20:46] Accuracy/Precision/Recall/F1-score on a random training batch:   0.99/0.86/1.00/0.92
[2018-03-23 16:20:46] Accuracy/Precision/Recall/F1-score on a random validation batch: 0.94/1.00/0.33/0.50
[2018-03-23 16:20:46] Epoch: 85
[2018-03-23 16:20:48] Accuracy/Precision/Recall/F1-score on a random training batch:   1.00/1.00/1.00/1.00
[2018-03-23 16:20:48] Accuracy/Precision/Recall/F1-score on a random validation batch: 0.96/1.00/0.60/0.75
[2018-03-23 16:20:48] Epoch: 86
[2018-03-23 16:20:50] Accuracy/Precision/Recall/F1-score on a random training batch:   1.00/1.00/1.00/1.00
[2018-03-23 16:20:50] Accuracy/Precision/Recall/F1-score on a random validation batch: 0.93/0.69/0.75/0.72
[2018-03-23 16:20:50] Epoch: 87
[2018-03-23 16:20:52] Accuracy/Precision/Recall/F1-score on a random training batch:   1.00/1.00/1.00/1.00
[2018-03-23 16:20:52] Accuracy/Precision/Recall/F1-score on a random validation batch: 0.94/0.71/0.56/0.63
[2018-03-23 16:20:52] Epoch: 88
[2018-03-23 16:20:55] Accuracy/Precision/Recall/F1-score on a random training batch:   1.00/1.00/1.00/1.00
[2018-03-23 16:20:55] Accuracy/Precision/Recall/F1-score on a random validation batch: 0.92/0.80/0.36/0.50
[2018-03-23 16:20:55] Epoch: 89
[2018-03-23 16:20:57] Accuracy/Precision/Recall/F1-score on a random training batch:   1.00/1.00/1.00/1.00
[2018-03-23 16:20:57] Accuracy/Precision/Recall/F1-score on a random validation batch: 0.90/0.38/0.38/0.38
[2018-03-23 16:20:57] Epoch: 90
[2018-03-23 16:20:59] Accuracy/Precision/Recall/F1-score on a random training batch:   1.00/1.00/1.00/1.00
[2018-03-23 16:20:59] Accuracy/Precision/Recall/F1-score on a random validation batch: 0.91/1.00/0.10/0.18
[2018-03-23 16:20:59] Epoch: 91
[2018-03-23 16:21:01] Accuracy/Precision/Recall/F1-score on a random training batch:   1.00/1.00/1.00/1.00
[2018-03-23 16:21:01] Accuracy/Precision/Recall/F1-score on a random validation batch: 0.94/0.75/0.60/0.67
[2018-03-23 16:21:01] Epoch: 92
[2018-03-23 16:21:04] Accuracy/Precision/Recall/F1-score on a random training batch:   0.99/0.93/1.00/0.96
[2018-03-23 16:21:04] Accuracy/Precision/Recall/F1-score on a random validation batch: 0.89/0.50/0.36/0.42
[2018-03-23 16:21:04] Epoch: 93
[2018-03-23 16:21:06] Accuracy/Precision/Recall/F1-score on a random training batch:   1.00/1.00/1.00/1.00
[2018-03-23 16:21:06] Accuracy/Precision/Recall/F1-score on a random validation batch: 0.96/0.60/0.60/0.60
[2018-03-23 16:21:06] Epoch: 94
[2018-03-23 16:21:08] Accuracy/Precision/Recall/F1-score on a random training batch:   1.00/1.00/1.00/1.00
[2018-03-23 16:21:08] Accuracy/Precision/Recall/F1-score on a random validation batch: 0.91/0.25/0.14/0.18
[2018-03-23 16:21:08] Epoch: 95
[2018-03-23 16:21:10] Accuracy/Precision/Recall/F1-score on a random training batch:   0.99/1.00/0.90/0.95
[2018-03-23 16:21:10] Accuracy/Precision/Recall/F1-score on a random validation batch: 0.86/0.30/0.30/0.30
[2018-03-23 16:21:10] Epoch: 96
[2018-03-23 16:21:13] Accuracy/Precision/Recall/F1-score on a random training batch:   1.00/1.00/1.00/1.00
[2018-03-23 16:21:13] Accuracy/Precision/Recall/F1-score on a random validation batch: 0.92/0.50/0.50/0.50
[2018-03-23 16:21:13] Epoch: 97
[2018-03-23 16:21:15] Accuracy/Precision/Recall/F1-score on a random training batch:   1.00/1.00/1.00/1.00
[2018-03-23 16:21:15] Accuracy/Precision/Recall/F1-score on a random validation batch: 0.91/0.67/0.50/0.57
[2018-03-23 16:21:15] Epoch: 98
[2018-03-23 16:21:17] Accuracy/Precision/Recall/F1-score on a random training batch:   1.00/1.00/1.00/1.00
[2018-03-23 16:21:17] Accuracy/Precision/Recall/F1-score on a random validation batch: 0.90/0.78/0.47/0.58
[2018-03-23 16:21:17] Epoch: 99
[2018-03-23 16:21:19] Accuracy/Precision/Recall/F1-score on a random training batch:   1.00/1.00/1.00/1.00
[2018-03-23 16:21:19] Accuracy/Precision/Recall/F1-score on a random validation batch: 0.96/1.00/0.50/0.67
[2018-03-23 16:21:19] Training finished.
[2018-03-23 16:21:19] Saving model to file experiments/basic_network_h1_d03_l001_e100_mptp2078/model/2018-03-23_162119--bs=100,lr=0.001,e=100,l=1,nof=4096,hl=100,m=network,d=0.3,a=relu
[2018-03-23 16:21:20] Creating rankings of premises from the trained model for 342 theorems...
[2018-03-23 16:21:37] Rankings created.
[2018-03-23 16:21:38] Creating rankings of premises from the trained model for 1000 theorems...
[2018-03-23 16:22:12] Rankings created.
[2018-03-23 16:22:12] ATP evaluation started...
[2018-03-23 16:27:27]     Number of proved theorems: 257
[2018-03-23 16:27:27]     Percentage of proved theorems: 75.15%
[2018-03-23 16:27:27] Statistics for proofs in test set.
[2018-03-23 16:27:27] Number of all theorems with proof(s): 257
[2018-03-23 16:27:27] Number of all proofs: 516
[2018-03-23 16:27:27] Number of theorems with exactly 1 proof(s): 106
[2018-03-23 16:27:27] Number of theorems with exactly 2 proof(s): 82
[2018-03-23 16:27:27] Number of theorems with exactly 3 proof(s): 41
[2018-03-23 16:27:27] Number of theorems with exactly 4 proof(s): 19
[2018-03-23 16:27:27] Number of theorems with exactly 5 proof(s): 7
[2018-03-23 16:27:27] Number of theorems with exactly 6 proof(s): 2
[2018-03-23 16:27:27] Average number of proofs per theorem: 2.008
[2018-03-23 16:27:27] Average number of premises used in one proof: 5.616
[2018-03-23 16:27:27] Theorems with maximal number of proofs found: ['t60_relat_1', 't4_funct_2']
[2018-03-23 16:27:27] ATP evaluation started...
[2018-03-23 16:37:46]     Number of proved theorems: 917
[2018-03-23 16:37:46]     Percentage of proved theorems: 91.70%
[2018-03-23 16:37:46] Statistics for proofs in training set.
[2018-03-23 16:37:46] Number of all theorems with proof(s): 917
[2018-03-23 16:37:46] Number of all proofs: 1851
[2018-03-23 16:37:46] Number of theorems with exactly 1 proof(s): 429
[2018-03-23 16:37:46] Number of theorems with exactly 2 proof(s): 216
[2018-03-23 16:37:46] Number of theorems with exactly 3 proof(s): 146
[2018-03-23 16:37:46] Number of theorems with exactly 4 proof(s): 84
[2018-03-23 16:37:46] Number of theorems with exactly 5 proof(s): 36
[2018-03-23 16:37:46] Number of theorems with exactly 6 proof(s): 6
[2018-03-23 16:37:46] Average number of proofs per theorem: 2.019
[2018-03-23 16:37:46] Average number of premises used in one proof: 5.994
[2018-03-23 16:37:46] Theorems with maximal number of proofs found: ['t56_mcart_1', 't25_pre_topc', 't207_relat_1', 't45_zfmisc_1', 't63_zfmisc_1', 't33_tex_2']
