[2018-01-12 02:05:03] Statements of 4564 theorems and definitions loaded.
[2018-01-12 02:05:03] Features of 4564 theorems and definitions loaded.
[2018-01-12 02:05:03] Chronological order of 4564 theorems and definitions loaded.
[2018-01-12 02:05:03] Proofs of 70 theorems loaded.
[2018-01-12 02:05:03] Transforming proofs into training data...
[2018-01-12 02:05:24] Transformation finished.
[2018-01-12 02:05:24] Training of xgboost model started...
[2018-01-12 02:06:26] Training finished.
[2018-01-12 02:06:26] Creating rankings of premises from the trained model for 30 theorems...
[2018-01-15 17:15:29] Statements of 4564 theorems and definitions loaded.
[2018-01-15 17:15:29] Features of 4564 theorems and definitions loaded.
[2018-01-15 17:15:29] Chronological order of 4564 theorems and definitions loaded.
[2018-01-15 17:15:29] Proofs of 1000 theorems loaded.
[2018-01-15 17:15:29] Transforming proofs into training data...
[2018-01-15 17:16:27] Statements of 4564 theorems and definitions loaded.
[2018-01-15 17:16:27] Features of 4564 theorems and definitions loaded.
[2018-01-15 17:16:27] Chronological order of 4564 theorems and definitions loaded.
[2018-01-15 17:16:27] Proofs of 1000 theorems loaded.
[2018-01-15 17:16:27] Transforming proofs into training data...
[2018-01-15 17:16:48] Statements of 4564 theorems and definitions loaded.
[2018-01-15 17:16:48] Features of 4564 theorems and definitions loaded.
[2018-01-15 17:16:49] Chronological order of 4564 theorems and definitions loaded.
[2018-01-15 17:16:49] Proofs of 1000 theorems loaded.
[2018-01-15 17:16:49] Transforming proofs into training data...
[2018-01-15 17:28:28] Statements of 4564 theorems and definitions loaded.
[2018-01-15 17:28:28] Features of 4564 theorems and definitions loaded.
[2018-01-15 17:28:28] Chronological order of 4564 theorems and definitions loaded.
[2018-01-15 17:28:28] Proofs of 1000 theorems loaded.
[2018-01-15 17:28:28] Transforming proofs into training data...
[2018-01-15 17:30:23] Statements of 4564 theorems and definitions loaded.
[2018-01-15 17:30:23] Features of 4564 theorems and definitions loaded.
[2018-01-15 17:30:23] Chronological order of 4564 theorems and definitions loaded.
[2018-01-15 17:30:23] Proofs of 70 theorems loaded.
[2018-01-15 17:30:23] Transforming proofs into training data...
[2018-01-15 17:30:58] Statements of 4564 theorems and definitions loaded.
[2018-01-15 17:30:58] Features of 4564 theorems and definitions loaded.
[2018-01-15 17:30:58] Chronological order of 4564 theorems and definitions loaded.
[2018-01-15 17:30:58] Proofs of 70 theorems loaded.
[2018-01-15 17:30:58] Transforming proofs into training data...
[2018-01-15 17:31:20] Statements of 4564 theorems and definitions loaded.
[2018-01-15 17:31:20] Features of 4564 theorems and definitions loaded.
[2018-01-15 17:31:20] Chronological order of 4564 theorems and definitions loaded.
[2018-01-15 17:31:20] Proofs of 70 theorems loaded.
[2018-01-15 17:31:20] Transforming proofs into training data...
[2018-01-15 17:32:03] Statements of 4564 theorems and definitions loaded.
[2018-01-15 17:32:03] Features of 4564 theorems and definitions loaded.
[2018-01-15 17:32:03] Chronological order of 4564 theorems and definitions loaded.
[2018-01-15 17:32:03] Proofs of 70 theorems loaded.
[2018-01-15 17:32:03] Transforming proofs into training data...
[2018-01-15 17:33:01] Statements of 4564 theorems and definitions loaded.
[2018-01-15 17:33:01] Features of 4564 theorems and definitions loaded.
[2018-01-15 17:33:01] Chronological order of 4564 theorems and definitions loaded.
[2018-01-15 17:33:01] Proofs of 70 theorems loaded.
[2018-01-15 17:33:01] Transforming proofs into training data...
[2018-01-15 17:33:04] Statements of 4564 theorems and definitions loaded.
[2018-01-15 17:33:04] Features of 4564 theorems and definitions loaded.
[2018-01-15 17:33:04] Chronological order of 4564 theorems and definitions loaded.
[2018-01-15 17:33:04] Proofs of 70 theorems loaded.
[2018-01-15 17:33:04] Transforming proofs into training data...
[2018-01-15 17:34:26] Statements of 4564 theorems and definitions loaded.
[2018-01-15 17:34:26] Features of 4564 theorems and definitions loaded.
[2018-01-15 17:34:26] Chronological order of 4564 theorems and definitions loaded.
[2018-01-15 17:34:26] Proofs of 70 theorems loaded.
[2018-01-15 17:34:26] Transforming proofs into training data...
[2018-01-15 17:35:38] Statements of 4564 theorems and definitions loaded.
[2018-01-15 17:35:38] Features of 4564 theorems and definitions loaded.
[2018-01-15 17:35:38] Chronological order of 4564 theorems and definitions loaded.
[2018-01-15 17:35:38] Proofs of 70 theorems loaded.
[2018-01-15 17:35:38] Transforming proofs into training data...
[2018-01-15 17:35:51] Transformation finished.
[2018-01-15 17:35:51] Training of xgboost model started...
[2018-01-15 17:53:51] Statements of 4564 theorems and definitions loaded.
[2018-01-15 17:53:52] Features of 4564 theorems and definitions loaded.
[2018-01-15 17:53:52] Chronological order of 4564 theorems and definitions loaded.
[2018-01-15 17:53:52] Proofs of 70 theorems loaded.
[2018-01-15 17:53:52] Transforming proofs into training data...
[2018-01-15 17:55:56] Statements of 4564 theorems and definitions loaded.
[2018-01-15 17:55:56] Features of 4564 theorems and definitions loaded.
[2018-01-15 17:55:56] Chronological order of 4564 theorems and definitions loaded.
[2018-01-15 17:55:56] Proofs of 70 theorems loaded.
[2018-01-15 17:55:56] Transforming proofs into training data...
[2018-01-15 17:56:38] Statements of 4564 theorems and definitions loaded.
[2018-01-15 17:56:38] Features of 4564 theorems and definitions loaded.
[2018-01-15 17:56:38] Chronological order of 4564 theorems and definitions loaded.
[2018-01-15 17:56:38] Proofs of 70 theorems loaded.
[2018-01-15 17:56:38] Transforming proofs into training data...
[2018-01-15 17:57:57] Statements of 4564 theorems and definitions loaded.
[2018-01-15 17:57:57] Features of 4564 theorems and definitions loaded.
[2018-01-15 17:57:57] Chronological order of 4564 theorems and definitions loaded.
[2018-01-15 17:57:57] Proofs of 70 theorems loaded.
[2018-01-15 17:58:48] Statements of 4564 theorems and definitions loaded.
[2018-01-15 17:58:48] Features of 4564 theorems and definitions loaded.
[2018-01-15 17:58:48] Chronological order of 4564 theorems and definitions loaded.
[2018-01-15 17:58:48] Proofs of 70 theorems loaded.
[2018-01-15 18:00:03] Statements of 4564 theorems and definitions loaded.
[2018-01-15 18:00:03] Features of 4564 theorems and definitions loaded.
[2018-01-15 18:00:03] Chronological order of 4564 theorems and definitions loaded.
[2018-01-15 18:00:03] Proofs of 70 theorems loaded.
