[2018-01-21 00:52:30] Statements of 4564 thms and definitions loaded.
[2018-01-21 00:52:31] Features of 4564 thms and definitions loaded.
[2018-01-21 00:52:31] Chronological order of 4564 thms and definitions loaded.
[2018-01-21 00:52:31] Proofs of 1000 thms loaded.
[2018-01-21 00:52:31] Transforming proofs of 1000 theorems to training data...
[2018-01-21 00:52:31]     Number of features used: 1024 / 10241
[2018-01-21 00:52:31]     Mode of combining theorems and premises to examples: merge_mode=concat
[2018-01-21 00:52:31]     Negatives to positive ratio: 5
[2018-01-21 00:52:31]     No negative mining.
[2018-01-21 00:52:32] Transformation finished.
[2018-01-21 00:52:32] Training of xgboost model started...
[2018-01-21 01:11:26] Training finished.
[2018-01-21 01:11:26] Creating rankings of premises from the trained model for 342 theorems...
[2018-01-21 01:12:03] Rankings created.
[2018-01-21 01:12:03] ATP evaluation started...
[2018-01-21 01:33:55]     Number of proved theorems: 264
[2018-01-21 01:33:55]     Percentage of proved theorems: 77.19%
[2018-01-21 01:33:55] Number of all theorems with proof(s): 264
[2018-01-21 01:33:55] Number of all proofs: 519
[2018-01-21 01:33:55] Number of theorems with exactly 1 proof(s): 121
[2018-01-21 01:33:55] Number of theorems with exactly 2 proof(s): 70
[2018-01-21 01:33:55] Number of theorems with exactly 3 proof(s): 42
[2018-01-21 01:33:55] Number of theorems with exactly 4 proof(s): 24
[2018-01-21 01:33:55] Number of theorems with exactly 5 proof(s): 6
[2018-01-21 01:33:55] Number of theorems with exactly 6 proof(s): 1
[2018-01-21 01:33:55] Average number of proofs per theorem: 1.966
[2018-01-21 01:33:55] Transforming proofs of 1000 theorems to training data...
[2018-01-21 01:33:55]     Number of features used: 5120 / 10241
[2018-01-21 01:33:55]     Mode of combining theorems and premises to examples: merge_mode=concat
[2018-01-21 01:33:55]     Negatives to positive ratio: 5
[2018-01-21 01:33:55]     No negative mining.
[2018-01-21 01:33:57] Transformation finished.
[2018-01-21 01:33:57] Training of xgboost model started...
[2018-01-21 01:48:58] Training finished.
[2018-01-21 01:48:58] Creating rankings of premises from the trained model for 342 theorems...
[2018-01-21 01:49:31] Rankings created.
[2018-01-21 01:49:32] ATP evaluation started...
[2018-01-21 02:00:43]     Number of proved theorems: 268
[2018-01-21 02:00:43]     Percentage of proved theorems: 78.36%
[2018-01-21 02:00:43] Number of all theorems with proof(s): 268
[2018-01-21 02:00:43] Number of all proofs: 522
[2018-01-21 02:00:43] Number of theorems with exactly 1 proof(s): 119
[2018-01-21 02:00:43] Number of theorems with exactly 2 proof(s): 76
[2018-01-21 02:00:43] Number of theorems with exactly 3 proof(s): 48
[2018-01-21 02:00:43] Number of theorems with exactly 4 proof(s): 18
[2018-01-21 02:00:43] Number of theorems with exactly 5 proof(s): 7
[2018-01-21 02:00:43] Average number of proofs per theorem: 1.948
[2018-01-21 02:00:43] Transforming proofs of 1000 theorems to training data...
[2018-01-21 02:00:43]     Number of features used: 10241 / 10241
[2018-01-21 02:00:43]     Mode of combining theorems and premises to examples: merge_mode=concat
[2018-01-21 02:00:43]     Negatives to positive ratio: 5
[2018-01-21 02:00:43]     No negative mining.
[2018-01-21 02:00:45] Transformation finished.
[2018-01-21 02:00:45] Training of xgboost model started...
[2018-01-21 02:09:38] Training finished.
[2018-01-21 02:09:38] Creating rankings of premises from the trained model for 342 theorems...
[2018-01-21 02:10:04] Rankings created.
[2018-01-21 02:10:04] ATP evaluation started...
[2018-01-21 02:31:34]     Number of proved theorems: 266
[2018-01-21 02:31:34]     Percentage of proved theorems: 77.78%
[2018-01-21 02:31:34] Number of all theorems with proof(s): 266
[2018-01-21 02:31:34] Number of all proofs: 517
[2018-01-21 02:31:34] Number of theorems with exactly 1 proof(s): 114
[2018-01-21 02:31:34] Number of theorems with exactly 2 proof(s): 88
[2018-01-21 02:31:34] Number of theorems with exactly 3 proof(s): 38
[2018-01-21 02:31:34] Number of theorems with exactly 4 proof(s): 17
[2018-01-21 02:31:34] Number of theorems with exactly 5 proof(s): 9
[2018-01-21 02:31:34] Average number of proofs per theorem: 1.944
