[2018-01-18 01:16:45] Statements of 4564 theorems and definitions loaded.
[2018-01-18 01:16:45] Features of 4564 theorems and definitions loaded.
[2018-01-18 01:16:45] Chronological order of 4564 theorems and definitions loaded.
[2018-01-18 01:16:45] Proofs of 1000 theorems loaded.
[2018-01-18 01:16:45] Transforming proofs into training data...
[2018-01-18 01:16:45]     Sparse matrix: False
[2018-01-18 01:16:45]     Negative mining: False
[2018-01-18 01:16:45]     Mode of combining theorems and premises to examples: merge_mode=concat
[2018-01-18 01:17:17] Transformation finished.
[2018-01-18 01:17:17] 
BOOSTER GBLINEAR
[2018-01-18 01:17:17] Training of xgboost model started...
[2018-01-18 01:18:07] Training finished.
[2018-01-18 01:18:07] Creating rankings of premises from the trained model for 342 theorems...
[2018-01-18 01:22:06] Rankings created.
[2018-01-18 01:22:06] ATP evaluation started...
[2018-01-18 01:33:13]     Number of proved theorems: 162
[2018-01-18 01:33:13]     Percentage of proved theorems: 47.37%
[2018-01-18 01:33:13] Number of all theorems with proof(s): 162
[2018-01-18 01:33:13] Number of all proofs: 272
[2018-01-18 01:33:13] Number of theorems with exactly 1 proof(s): 92
[2018-01-18 01:33:13] Number of theorems with exactly 2 proof(s): 40
[2018-01-18 01:33:13] Number of theorems with exactly 3 proof(s): 21
[2018-01-18 01:33:13] Number of theorems with exactly 4 proof(s): 8
[2018-01-18 01:33:13] Number of theorems with exactly 5 proof(s): 1
[2018-01-18 01:33:13] Average number of proofs per theorem: 1.679
[2018-01-18 01:33:13] 
BOOSTER GBTREE
[2018-01-18 01:33:13] Training of xgboost model started...
[2018-01-18 01:35:41] Training finished.
[2018-01-18 01:35:41] Creating rankings of premises from the trained model for 342 theorems...
[2018-01-18 01:39:24] Rankings created.
[2018-01-18 01:39:24] ATP evaluation started...
[2018-01-18 01:49:19]     Number of proved theorems: 238
[2018-01-18 01:49:19]     Percentage of proved theorems: 69.59%
[2018-01-18 01:49:19] Number of all theorems with proof(s): 238
[2018-01-18 01:49:19] Number of all proofs: 436
[2018-01-18 01:49:19] Number of theorems with exactly 1 proof(s): 120
[2018-01-18 01:49:19] Number of theorems with exactly 2 proof(s): 66
[2018-01-18 01:49:19] Number of theorems with exactly 3 proof(s): 29
[2018-01-18 01:49:19] Number of theorems with exactly 4 proof(s): 18
[2018-01-18 01:49:19] Number of theorems with exactly 5 proof(s): 5
[2018-01-18 01:49:19] Average number of proofs per theorem: 1.832
