[2018-01-25 00:23:32] Statements of 146700 thms and definitions loaded.
[2018-01-25 00:23:40] Features of 146700 thms and definitions loaded.
[2018-01-25 00:23:40] Chronological order of 146700 thms and definitions loaded.
[2018-01-25 00:23:41] Proofs of 29271 thms loaded.
[2018-01-25 00:24:09] Statements of 146700 thms and definitions loaded.
[2018-01-25 00:24:17] Features of 146700 thms and definitions loaded.
[2018-01-25 00:24:17] Chronological order of 146700 thms and definitions loaded.
[2018-01-25 00:24:18] Proofs of 29271 thms loaded.
[2018-01-25 00:24:18] Neighbours: 80
[2018-01-25 06:54:42] ATP evaluation started...
[2018-01-25 08:24:20]     Number of proved theorems: 1601
[2018-01-25 08:24:20]     Percentage of proved theorems: 49.22%
[2018-01-25 08:24:20] Number of all theorems with proof(s): 1601
[2018-01-25 08:24:20] Number of all proofs: 2311
[2018-01-25 08:24:20] Number of theorems with exactly 1 proof(s): 1046
[2018-01-25 08:24:20] Number of theorems with exactly 2 proof(s): 417
[2018-01-25 08:24:20] Number of theorems with exactly 3 proof(s): 121
[2018-01-25 08:24:20] Number of theorems with exactly 4 proof(s): 17
[2018-01-25 08:24:20] Average number of proofs per theorem: 1.443
[2018-01-25 08:24:20] Average number of premises used in a proof: 6.985
[2018-01-25 08:24:21] Theorems with maximal number of proofs found: ['l54_xreal_1', 't7_trees_3', 'l64_xcmplx_1', 'l102_jordan', 't32_aff_4', 't21_rlsub_2', 'l8_translac', 't17_xxreal_1', 'l19_xxreal_3', 't203_xcmplx_1', 't59_zfmisc_1', 'l7_homothet', 't32_projpl_1', 't12_rusub_1', 'l18_homothet', 't1_hausdorf', 't38_bcialg_4']
[2018-01-25 08:24:23] Distribution of lengths of proofs for theorem l54_xreal_1: [8, 6, 3, 7]
[2018-01-25 08:24:23] Neighbours: 160
