[2018-01-29 00:43:38] Statements of 4564 thms and definitions loaded.
[2018-01-29 00:43:38] Features of 4564 thms and definitions loaded.
[2018-01-29 00:43:38] Chronological order of 4564 thms and definitions loaded.
[2018-01-29 00:43:38] Creating random rankings of premises for 1342 theorems...
[2018-01-29 00:43:40] Rankings created.
[2018-01-29 00:43:40] ATP evaluation started...
[2018-01-29 02:53:30]     Number of proved theorems: 341
[2018-01-29 02:53:30]     Percentage of proved theorems: 25.41%
[2018-01-29 02:53:30] ITERATION: 0
[2018-01-29 02:53:30] Transforming proofs of 341 theorems to training data...
[2018-01-29 02:53:30]     Number of features used: 10241 / 10241
[2018-01-29 02:53:30]     Mode of combining theorems and premises to examples: merge_mode=concat
[2018-01-29 02:53:30]     Negatives to positive ratio: 16
[2018-01-29 02:53:30]     No negative mining.
[2018-01-29 02:53:31] Transformation finished.
[2018-01-29 02:53:31] Training of xgboost model started...
[2018-01-29 04:02:18] Training finished.
[2018-01-29 04:02:18] Creating rankings of premises from the trained model for 1342 theorems...
[2018-01-29 04:04:22] Rankings created.
[2018-01-29 04:04:22] ATP evaluation started...
[2018-01-29 05:41:53]     Number of proved theorems: 664
[2018-01-29 05:41:53]     Percentage of proved theorems: 49.48%
[2018-01-29 05:41:53] Number of all theorems with proof(s): 667
[2018-01-29 05:41:53] Number of all proofs: 1613
[2018-01-29 05:41:53] Number of theorems with exactly 1 proof(s): 254
[2018-01-29 05:41:53] Number of theorems with exactly 2 proof(s): 162
[2018-01-29 05:41:53] Number of theorems with exactly 3 proof(s): 107
[2018-01-29 05:41:53] Number of theorems with exactly 4 proof(s): 68
[2018-01-29 05:41:53] Number of theorems with exactly 5 proof(s): 36
[2018-01-29 05:41:53] Number of theorems with exactly 6 proof(s): 23
[2018-01-29 05:41:53] Number of theorems with exactly 7 proof(s): 13
[2018-01-29 05:41:53] Number of theorems with exactly 8 proof(s): 3
[2018-01-29 05:41:53] Number of theorems with exactly 9 proof(s): 1
[2018-01-29 05:41:53] Average number of proofs per theorem: 2.418
[2018-01-29 05:41:53] Average number of premises used in a proof: 7.728
[2018-01-29 05:41:53] Theorems with maximal number of proofs found: ['t174_funct_1']
[2018-01-29 05:41:53] Distribution of lengths of proofs for theorem t174_funct_1: [8, 20, 7, 15, 11, 7, 9, 6, 13]
[2018-01-29 05:41:53] ITERATION: 1
[2018-01-29 05:41:53] Transforming proofs of 667 theorems to training data...
[2018-01-29 05:41:53]     Number of features used: 10241 / 10241
[2018-01-29 05:41:53]     Mode of combining theorems and premises to examples: merge_mode=concat
[2018-01-29 05:41:53]     Negatives to positive ratio: 16
[2018-01-29 05:41:53]     Negative mining:
[2018-01-29 05:41:53]         Level of negative mining: random
[2018-01-29 05:41:53]         Part of theorems for negative mining: 0.5
[2018-01-29 05:42:28] Transformation finished.
[2018-01-29 05:42:28] Training of xgboost model started...
[2018-01-29 06:28:04] Training finished.
[2018-01-29 06:28:04] Creating rankings of premises from the trained model for 1342 theorems...
[2018-01-29 06:30:10] Rankings created.
[2018-01-29 06:30:10] ATP evaluation started...
[2018-01-29 07:10:23]     Number of proved theorems: 844
[2018-01-29 07:10:23]     Percentage of proved theorems: 62.89%
[2018-01-29 07:10:23] Number of all theorems with proof(s): 850
[2018-01-29 07:10:23] Number of all proofs: 2357
[2018-01-29 07:10:23] Number of theorems with exactly 1 proof(s): 303
[2018-01-29 07:10:23] Number of theorems with exactly 2 proof(s): 200
[2018-01-29 07:10:23] Number of theorems with exactly 3 proof(s): 123
[2018-01-29 07:10:23] Number of theorems with exactly 4 proof(s): 73
[2018-01-29 07:10:23] Number of theorems with exactly 5 proof(s): 57
[2018-01-29 07:10:23] Number of theorems with exactly 6 proof(s): 32
[2018-01-29 07:10:23] Number of theorems with exactly 7 proof(s): 21
[2018-01-29 07:10:23] Number of theorems with exactly 8 proof(s): 18
[2018-01-29 07:10:23] Number of theorems with exactly 9 proof(s): 13
[2018-01-29 07:10:23] Number of theorems with exactly 10 proof(s): 7
[2018-01-29 07:10:23] Number of theorems with exactly 11 proof(s): 1
[2018-01-29 07:10:23] Number of theorems with exactly 13 proof(s): 1
[2018-01-29 07:10:23] Number of theorems with exactly 14 proof(s): 1
[2018-01-29 07:10:23] Average number of proofs per theorem: 2.773
[2018-01-29 07:10:23] Average number of premises used in a proof: 8.050
[2018-01-29 07:10:23] Theorems with maximal number of proofs found: ['t174_funct_1']
[2018-01-29 07:10:24] Distribution of lengths of proofs for theorem t174_funct_1: [8, 20, 7, 15, 11, 7, 9, 6, 13, 10, 6, 6, 8, 14]
[2018-01-29 07:10:24] ITERATION: 2
[2018-01-29 07:10:24] Transforming proofs of 850 theorems to training data...
[2018-01-29 07:10:24]     Number of features used: 10241 / 10241
[2018-01-29 07:10:24]     Mode of combining theorems and premises to examples: merge_mode=concat
[2018-01-29 07:10:24]     Negatives to positive ratio: 16
[2018-01-29 07:10:24]     Negative mining:
[2018-01-29 07:10:24]         Level of negative mining: random
[2018-01-29 07:10:24]         Part of theorems for negative mining: 0.5
[2018-01-29 07:10:59] Transformation finished.
[2018-01-29 07:10:59] Training of xgboost model started...
[2018-01-29 07:57:15] Training finished.
[2018-01-29 07:57:15] Creating rankings of premises from the trained model for 1342 theorems...
[2018-01-29 07:59:08] Rankings created.
[2018-01-29 07:59:08] ATP evaluation started...
[2018-01-29 09:12:12]     Number of proved theorems: 933
[2018-01-29 09:12:12]     Percentage of proved theorems: 69.52%
[2018-01-29 09:12:12] Number of all theorems with proof(s): 941
[2018-01-29 09:12:12] Number of all proofs: 2906
[2018-01-29 09:12:12] Number of theorems with exactly 1 proof(s): 307
[2018-01-29 09:12:12] Number of theorems with exactly 2 proof(s): 209
[2018-01-29 09:12:12] Number of theorems with exactly 3 proof(s): 140
[2018-01-29 09:12:12] Number of theorems with exactly 4 proof(s): 83
[2018-01-29 09:12:12] Number of theorems with exactly 5 proof(s): 62
[2018-01-29 09:12:12] Number of theorems with exactly 6 proof(s): 49
[2018-01-29 09:12:12] Number of theorems with exactly 7 proof(s): 26
[2018-01-29 09:12:12] Number of theorems with exactly 8 proof(s): 20
[2018-01-29 09:12:12] Number of theorems with exactly 9 proof(s): 12
[2018-01-29 09:12:12] Number of theorems with exactly 10 proof(s): 14
[2018-01-29 09:12:12] Number of theorems with exactly 11 proof(s): 10
[2018-01-29 09:12:12] Number of theorems with exactly 12 proof(s): 2
[2018-01-29 09:12:12] Number of theorems with exactly 13 proof(s): 3
[2018-01-29 09:12:12] Number of theorems with exactly 14 proof(s): 2
[2018-01-29 09:12:12] Number of theorems with exactly 16 proof(s): 1
[2018-01-29 09:12:12] Number of theorems with exactly 18 proof(s): 1
[2018-01-29 09:12:12] Average number of proofs per theorem: 3.088
[2018-01-29 09:12:12] Average number of premises used in a proof: 8.310
[2018-01-29 09:12:13] Theorems with maximal number of proofs found: ['t174_funct_1']
[2018-01-29 09:12:14] Distribution of lengths of proofs for theorem t174_funct_1: [8, 20, 7, 15, 11, 7, 9, 6, 13, 10, 6, 6, 8, 14, 15, 14, 11, 9]
[2018-01-29 09:12:14] ITERATION: 3
[2018-01-29 09:12:14] Transforming proofs of 941 theorems to training data...
[2018-01-29 09:12:14]     Number of features used: 10241 / 10241
[2018-01-29 09:12:14]     Mode of combining theorems and premises to examples: merge_mode=concat
[2018-01-29 09:12:14]     Negatives to positive ratio: 16
[2018-01-29 09:12:14]     Negative mining:
[2018-01-29 09:12:14]         Level of negative mining: random
[2018-01-29 09:12:14]         Part of theorems for negative mining: 0.5
[2018-01-29 09:12:53] Transformation finished.
[2018-01-29 09:12:53] Training of xgboost model started...
[2018-01-29 09:59:33] Training finished.
[2018-01-29 09:59:33] Creating rankings of premises from the trained model for 1342 theorems...
[2018-01-29 10:01:23] Rankings created.
[2018-01-29 10:01:23] ATP evaluation started...
[2018-01-29 11:13:50]     Number of proved theorems: 983
[2018-01-29 11:13:50]     Percentage of proved theorems: 73.25%
[2018-01-29 11:13:50] Number of all theorems with proof(s): 993
[2018-01-29 11:13:50] Number of all proofs: 3311
[2018-01-29 11:13:50] Number of theorems with exactly 1 proof(s): 314
[2018-01-29 11:13:50] Number of theorems with exactly 2 proof(s): 199
[2018-01-29 11:13:50] Number of theorems with exactly 3 proof(s): 153
[2018-01-29 11:13:50] Number of theorems with exactly 4 proof(s): 92
[2018-01-29 11:13:50] Number of theorems with exactly 5 proof(s): 66
[2018-01-29 11:13:50] Number of theorems with exactly 6 proof(s): 43
[2018-01-29 11:13:50] Number of theorems with exactly 7 proof(s): 37
[2018-01-29 11:13:50] Number of theorems with exactly 8 proof(s): 24
[2018-01-29 11:13:50] Number of theorems with exactly 9 proof(s): 21
[2018-01-29 11:13:50] Number of theorems with exactly 10 proof(s): 10
[2018-01-29 11:13:50] Number of theorems with exactly 11 proof(s): 11
[2018-01-29 11:13:50] Number of theorems with exactly 12 proof(s): 5
[2018-01-29 11:13:50] Number of theorems with exactly 13 proof(s): 6
[2018-01-29 11:13:50] Number of theorems with exactly 14 proof(s): 6
[2018-01-29 11:13:50] Number of theorems with exactly 15 proof(s): 1
[2018-01-29 11:13:50] Number of theorems with exactly 16 proof(s): 3
[2018-01-29 11:13:50] Number of theorems with exactly 18 proof(s): 1
[2018-01-29 11:13:50] Number of theorems with exactly 20 proof(s): 1
[2018-01-29 11:13:50] Average number of proofs per theorem: 3.334
[2018-01-29 11:13:50] Average number of premises used in a proof: 8.514
[2018-01-29 11:13:50] Theorems with maximal number of proofs found: ['t174_funct_1']
[2018-01-29 11:13:51] Distribution of lengths of proofs for theorem t174_funct_1: [8, 20, 7, 15, 11, 7, 9, 6, 13, 10, 6, 6, 8, 14, 15, 14, 11, 9, 14, 6]
[2018-01-29 11:13:51] ITERATION: 4
[2018-01-29 11:13:51] Transforming proofs of 993 theorems to training data...
[2018-01-29 11:13:51]     Number of features used: 10241 / 10241
[2018-01-29 11:13:51]     Mode of combining theorems and premises to examples: merge_mode=concat
[2018-01-29 11:13:51]     Negatives to positive ratio: 16
[2018-01-29 11:13:51]     Negative mining:
[2018-01-29 11:13:51]         Level of negative mining: random
[2018-01-29 11:13:51]         Part of theorems for negative mining: 0.5
[2018-01-29 11:14:32] Transformation finished.
[2018-01-29 11:14:32] Training of xgboost model started...
[2018-01-29 12:25:59] Training finished.
[2018-01-29 12:25:59] Creating rankings of premises from the trained model for 1342 theorems...
[2018-01-29 12:28:33] Rankings created.
[2018-01-29 12:28:33] ATP evaluation started...
[2018-01-29 13:40:29]     Number of proved theorems: 1006
[2018-01-29 13:40:29]     Percentage of proved theorems: 74.96%
[2018-01-29 13:40:30] Number of all theorems with proof(s): 1020
[2018-01-29 13:40:30] Number of all proofs: 3635
[2018-01-29 13:40:30] Number of theorems with exactly 1 proof(s): 309
[2018-01-29 13:40:30] Number of theorems with exactly 2 proof(s): 205
[2018-01-29 13:40:30] Number of theorems with exactly 3 proof(s): 143
[2018-01-29 13:40:30] Number of theorems with exactly 4 proof(s): 93
[2018-01-29 13:40:30] Number of theorems with exactly 5 proof(s): 65
[2018-01-29 13:40:30] Number of theorems with exactly 6 proof(s): 58
[2018-01-29 13:40:30] Number of theorems with exactly 7 proof(s): 37
[2018-01-29 13:40:30] Number of theorems with exactly 8 proof(s): 27
[2018-01-29 13:40:30] Number of theorems with exactly 9 proof(s): 21
[2018-01-29 13:40:30] Number of theorems with exactly 10 proof(s): 12
[2018-01-29 13:40:30] Number of theorems with exactly 11 proof(s): 20
[2018-01-29 13:40:30] Number of theorems with exactly 12 proof(s): 7
[2018-01-29 13:40:30] Number of theorems with exactly 13 proof(s): 5
[2018-01-29 13:40:30] Number of theorems with exactly 14 proof(s): 6
[2018-01-29 13:40:30] Number of theorems with exactly 15 proof(s): 4
[2018-01-29 13:40:30] Number of theorems with exactly 16 proof(s): 1
[2018-01-29 13:40:30] Number of theorems with exactly 17 proof(s): 2
[2018-01-29 13:40:30] Number of theorems with exactly 18 proof(s): 2
[2018-01-29 13:40:30] Number of theorems with exactly 19 proof(s): 2
[2018-01-29 13:40:30] Number of theorems with exactly 21 proof(s): 1
[2018-01-29 13:40:30] Average number of proofs per theorem: 3.564
[2018-01-29 13:40:30] Average number of premises used in a proof: 8.657
[2018-01-29 13:40:30] Theorems with maximal number of proofs found: ['t174_funct_1']
[2018-01-29 13:40:31] Distribution of lengths of proofs for theorem t174_funct_1: [8, 20, 7, 15, 11, 7, 9, 6, 13, 10, 6, 6, 8, 14, 15, 14, 11, 9, 14, 6, 6]
[2018-01-29 13:40:31] ITERATION: 5
[2018-01-29 13:40:31] Transforming proofs of 1020 theorems to training data...
[2018-01-29 13:40:31]     Number of features used: 10241 / 10241
[2018-01-29 13:40:31]     Mode of combining theorems and premises to examples: merge_mode=concat
[2018-01-29 13:40:31]     Negatives to positive ratio: 16
[2018-01-29 13:40:31]     Negative mining:
[2018-01-29 13:40:31]         Level of negative mining: random
[2018-01-29 13:40:31]         Part of theorems for negative mining: 0.5
[2018-01-29 13:41:18] Transformation finished.
[2018-01-29 13:41:18] Training of xgboost model started...
[2018-01-29 15:07:13] Training finished.
[2018-01-29 15:07:13] Creating rankings of premises from the trained model for 1342 theorems...
[2018-01-29 15:09:13] Rankings created.
[2018-01-29 15:09:13] ATP evaluation started...
[2018-01-29 16:19:12]     Number of proved theorems: 1029
[2018-01-29 16:19:12]     Percentage of proved theorems: 76.68%
[2018-01-29 16:19:12] Number of all theorems with proof(s): 1047
[2018-01-29 16:19:12] Number of all proofs: 3949
[2018-01-29 16:19:12] Number of theorems with exactly 1 proof(s): 314
[2018-01-29 16:19:12] Number of theorems with exactly 2 proof(s): 205
[2018-01-29 16:19:12] Number of theorems with exactly 3 proof(s): 148
[2018-01-29 16:19:12] Number of theorems with exactly 4 proof(s): 89
[2018-01-29 16:19:12] Number of theorems with exactly 5 proof(s): 65
[2018-01-29 16:19:12] Number of theorems with exactly 6 proof(s): 52
[2018-01-29 16:19:12] Number of theorems with exactly 7 proof(s): 34
[2018-01-29 16:19:12] Number of theorems with exactly 8 proof(s): 34
[2018-01-29 16:19:12] Number of theorems with exactly 9 proof(s): 24
[2018-01-29 16:19:12] Number of theorems with exactly 10 proof(s): 20
[2018-01-29 16:19:12] Number of theorems with exactly 11 proof(s): 11
[2018-01-29 16:19:12] Number of theorems with exactly 12 proof(s): 13
[2018-01-29 16:19:12] Number of theorems with exactly 13 proof(s): 15
[2018-01-29 16:19:12] Number of theorems with exactly 14 proof(s): 3
[2018-01-29 16:19:12] Number of theorems with exactly 15 proof(s): 7
[2018-01-29 16:19:12] Number of theorems with exactly 16 proof(s): 2
[2018-01-29 16:19:12] Number of theorems with exactly 17 proof(s): 3
[2018-01-29 16:19:12] Number of theorems with exactly 18 proof(s): 3
[2018-01-29 16:19:12] Number of theorems with exactly 19 proof(s): 1
[2018-01-29 16:19:12] Number of theorems with exactly 21 proof(s): 3
[2018-01-29 16:19:12] Number of theorems with exactly 24 proof(s): 1
[2018-01-29 16:19:12] Average number of proofs per theorem: 3.772
[2018-01-29 16:19:12] Average number of premises used in a proof: 8.784
[2018-01-29 16:19:13] Theorems with maximal number of proofs found: ['t174_funct_1']
[2018-01-29 16:19:14] Distribution of lengths of proofs for theorem t174_funct_1: [8, 20, 7, 15, 11, 7, 9, 6, 13, 10, 6, 6, 8, 14, 15, 14, 11, 9, 14, 6, 6, 6, 11, 8]
[2018-01-29 16:19:14] ITERATION: 6
[2018-01-29 16:19:14] Transforming proofs of 1047 theorems to training data...
[2018-01-29 16:19:14]     Number of features used: 10241 / 10241
[2018-01-29 16:19:14]     Mode of combining theorems and premises to examples: merge_mode=concat
[2018-01-29 16:19:14]     Negatives to positive ratio: 16
[2018-01-29 16:19:14]     Negative mining:
[2018-01-29 16:19:14]         Level of negative mining: random
[2018-01-29 16:19:14]         Part of theorems for negative mining: 0.5
[2018-01-29 16:19:57] Transformation finished.
[2018-01-29 16:19:57] Training of xgboost model started...
[2018-01-29 17:42:07] Training finished.
[2018-01-29 17:42:07] Creating rankings of premises from the trained model for 1342 theorems...
[2018-01-29 17:44:46] Rankings created.
[2018-01-29 17:44:46] ATP evaluation started...
[2018-01-29 18:55:44]     Number of proved theorems: 1046
[2018-01-29 18:55:44]     Percentage of proved theorems: 77.94%
[2018-01-29 18:55:44] Number of all theorems with proof(s): 1069
[2018-01-29 18:55:44] Number of all proofs: 4202
[2018-01-29 18:55:44] Number of theorems with exactly 1 proof(s): 311
[2018-01-29 18:55:44] Number of theorems with exactly 2 proof(s): 212
[2018-01-29 18:55:44] Number of theorems with exactly 3 proof(s): 148
[2018-01-29 18:55:44] Number of theorems with exactly 4 proof(s): 92
[2018-01-29 18:55:44] Number of theorems with exactly 5 proof(s): 59
[2018-01-29 18:55:44] Number of theorems with exactly 6 proof(s): 58
[2018-01-29 18:55:44] Number of theorems with exactly 7 proof(s): 35
[2018-01-29 18:55:44] Number of theorems with exactly 8 proof(s): 32
[2018-01-29 18:55:44] Number of theorems with exactly 9 proof(s): 30
[2018-01-29 18:55:44] Number of theorems with exactly 10 proof(s): 17
[2018-01-29 18:55:44] Number of theorems with exactly 11 proof(s): 12
[2018-01-29 18:55:44] Number of theorems with exactly 12 proof(s): 16
[2018-01-29 18:55:44] Number of theorems with exactly 13 proof(s): 15
[2018-01-29 18:55:44] Number of theorems with exactly 14 proof(s): 6
[2018-01-29 18:55:44] Number of theorems with exactly 15 proof(s): 5
[2018-01-29 18:55:44] Number of theorems with exactly 16 proof(s): 4
[2018-01-29 18:55:44] Number of theorems with exactly 17 proof(s): 5
[2018-01-29 18:55:44] Number of theorems with exactly 18 proof(s): 4
[2018-01-29 18:55:44] Number of theorems with exactly 19 proof(s): 2
[2018-01-29 18:55:44] Number of theorems with exactly 20 proof(s): 2
[2018-01-29 18:55:44] Number of theorems with exactly 22 proof(s): 1
[2018-01-29 18:55:44] Number of theorems with exactly 23 proof(s): 2
[2018-01-29 18:55:44] Number of theorems with exactly 26 proof(s): 1
[2018-01-29 18:55:44] Average number of proofs per theorem: 3.931
[2018-01-29 18:55:44] Average number of premises used in a proof: 8.868
[2018-01-29 18:55:45] Theorems with maximal number of proofs found: ['t174_funct_1']
[2018-01-29 18:55:46] Distribution of lengths of proofs for theorem t174_funct_1: [8, 20, 7, 15, 11, 7, 9, 6, 13, 10, 6, 6, 8, 14, 15, 14, 11, 9, 14, 6, 6, 6, 11, 8, 7, 14]
[2018-01-29 18:55:46] ITERATION: 7
[2018-01-29 18:55:46] Transforming proofs of 1069 theorems to training data...
[2018-01-29 18:55:46]     Number of features used: 10241 / 10241
[2018-01-29 18:55:46]     Mode of combining theorems and premises to examples: merge_mode=concat
[2018-01-29 18:55:46]     Negatives to positive ratio: 16
[2018-01-29 18:55:46]     Negative mining:
[2018-01-29 18:55:46]         Level of negative mining: random
[2018-01-29 18:55:46]         Part of theorems for negative mining: 0.5
[2018-01-29 18:56:34] Transformation finished.
[2018-01-29 18:56:34] Training of xgboost model started...
[2018-01-29 20:46:08] Training finished.
[2018-01-29 20:46:08] Creating rankings of premises from the trained model for 1342 theorems...
[2018-01-29 20:48:42] Rankings created.
[2018-01-29 20:48:42] ATP evaluation started...
[2018-01-29 21:27:37]     Number of proved theorems: 1065
[2018-01-29 21:27:37]     Percentage of proved theorems: 79.36%
[2018-01-29 21:27:37] Number of all theorems with proof(s): 1086
[2018-01-29 21:27:37] Number of all proofs: 4419
[2018-01-29 21:27:37] Number of theorems with exactly 1 proof(s): 314
[2018-01-29 21:27:37] Number of theorems with exactly 2 proof(s): 200
[2018-01-29 21:27:37] Number of theorems with exactly 3 proof(s): 153
[2018-01-29 21:27:37] Number of theorems with exactly 4 proof(s): 102
[2018-01-29 21:27:37] Number of theorems with exactly 5 proof(s): 60
[2018-01-29 21:27:37] Number of theorems with exactly 6 proof(s): 48
[2018-01-29 21:27:37] Number of theorems with exactly 7 proof(s): 49
[2018-01-29 21:27:37] Number of theorems with exactly 8 proof(s): 29
[2018-01-29 21:27:37] Number of theorems with exactly 9 proof(s): 29
[2018-01-29 21:27:37] Number of theorems with exactly 10 proof(s): 19
[2018-01-29 21:27:37] Number of theorems with exactly 11 proof(s): 15
[2018-01-29 21:27:37] Number of theorems with exactly 12 proof(s): 12
[2018-01-29 21:27:37] Number of theorems with exactly 13 proof(s): 15
[2018-01-29 21:27:37] Number of theorems with exactly 14 proof(s): 5
[2018-01-29 21:27:37] Number of theorems with exactly 15 proof(s): 9
[2018-01-29 21:27:37] Number of theorems with exactly 16 proof(s): 7
[2018-01-29 21:27:37] Number of theorems with exactly 17 proof(s): 2
[2018-01-29 21:27:37] Number of theorems with exactly 18 proof(s): 3
[2018-01-29 21:27:37] Number of theorems with exactly 19 proof(s): 7
[2018-01-29 21:27:37] Number of theorems with exactly 20 proof(s): 2
[2018-01-29 21:27:37] Number of theorems with exactly 21 proof(s): 1
[2018-01-29 21:27:37] Number of theorems with exactly 22 proof(s): 1
[2018-01-29 21:27:37] Number of theorems with exactly 23 proof(s): 1
[2018-01-29 21:27:37] Number of theorems with exactly 24 proof(s): 1
[2018-01-29 21:27:37] Number of theorems with exactly 25 proof(s): 1
[2018-01-29 21:27:37] Number of theorems with exactly 27 proof(s): 1
[2018-01-29 21:27:37] Average number of proofs per theorem: 4.069
[2018-01-29 21:27:37] Average number of premises used in a proof: 8.973
[2018-01-29 21:27:38] Theorems with maximal number of proofs found: ['t174_funct_1']
[2018-01-29 21:27:39] Distribution of lengths of proofs for theorem t174_funct_1: [8, 20, 7, 15, 11, 7, 9, 6, 13, 10, 6, 6, 8, 14, 15, 14, 11, 9, 14, 6, 6, 6, 11, 8, 7, 14, 6]
[2018-01-29 21:27:39] ITERATION: 8
[2018-01-29 21:27:39] Transforming proofs of 1086 theorems to training data...
[2018-01-29 21:27:39]     Number of features used: 10241 / 10241
[2018-01-29 21:27:39]     Mode of combining theorems and premises to examples: merge_mode=concat
[2018-01-29 21:27:39]     Negatives to positive ratio: 16
[2018-01-29 21:27:39]     Negative mining:
[2018-01-29 21:27:39]         Level of negative mining: random
[2018-01-29 21:27:39]         Part of theorems for negative mining: 0.5
[2018-01-29 21:28:28] Transformation finished.
[2018-01-29 21:28:28] Training of xgboost model started...
[2018-01-29 23:17:45] Training finished.
[2018-01-29 23:17:45] Creating rankings of premises from the trained model for 1342 theorems...
[2018-01-29 23:20:24] Rankings created.
[2018-01-29 23:20:24] ATP evaluation started...
[2018-01-29 23:57:13]     Number of proved theorems: 1061
[2018-01-29 23:57:13]     Percentage of proved theorems: 79.06%
[2018-01-29 23:57:14] Number of all theorems with proof(s): 1092
[2018-01-29 23:57:14] Number of all proofs: 4626
[2018-01-29 23:57:14] Number of theorems with exactly 1 proof(s): 315
[2018-01-29 23:57:14] Number of theorems with exactly 2 proof(s): 194
[2018-01-29 23:57:14] Number of theorems with exactly 3 proof(s): 147
[2018-01-29 23:57:14] Number of theorems with exactly 4 proof(s): 103
[2018-01-29 23:57:14] Number of theorems with exactly 5 proof(s): 63
[2018-01-29 23:57:14] Number of theorems with exactly 6 proof(s): 55
[2018-01-29 23:57:14] Number of theorems with exactly 7 proof(s): 35
[2018-01-29 23:57:14] Number of theorems with exactly 8 proof(s): 33
[2018-01-29 23:57:14] Number of theorems with exactly 9 proof(s): 34
[2018-01-29 23:57:14] Number of theorems with exactly 10 proof(s): 18
[2018-01-29 23:57:14] Number of theorems with exactly 11 proof(s): 17
[2018-01-29 23:57:14] Number of theorems with exactly 12 proof(s): 16
[2018-01-29 23:57:14] Number of theorems with exactly 13 proof(s): 10
[2018-01-29 23:57:14] Number of theorems with exactly 14 proof(s): 10
[2018-01-29 23:57:14] Number of theorems with exactly 15 proof(s): 10
[2018-01-29 23:57:14] Number of theorems with exactly 16 proof(s): 6
[2018-01-29 23:57:14] Number of theorems with exactly 17 proof(s): 4
[2018-01-29 23:57:14] Number of theorems with exactly 18 proof(s): 4
[2018-01-29 23:57:14] Number of theorems with exactly 19 proof(s): 4
[2018-01-29 23:57:14] Number of theorems with exactly 20 proof(s): 3
[2018-01-29 23:57:14] Number of theorems with exactly 21 proof(s): 4
[2018-01-29 23:57:14] Number of theorems with exactly 22 proof(s): 1
[2018-01-29 23:57:14] Number of theorems with exactly 23 proof(s): 2
[2018-01-29 23:57:14] Number of theorems with exactly 24 proof(s): 1
[2018-01-29 23:57:14] Number of theorems with exactly 27 proof(s): 1
[2018-01-29 23:57:14] Number of theorems with exactly 28 proof(s): 2
[2018-01-29 23:57:14] Average number of proofs per theorem: 4.236
[2018-01-29 23:57:14] Average number of premises used in a proof: 9.052
[2018-01-29 23:57:15] Theorems with maximal number of proofs found: ['t106_xboole_1', 't174_funct_1']
[2018-01-29 23:57:15] Distribution of lengths of proofs for theorem t106_xboole_1: [12, 11, 20, 10, 14, 14, 10, 13, 12, 10, 12, 12, 13, 10, 7, 11, 14, 18, 15, 10, 10, 7, 7, 14, 12, 13, 12, 17]
[2018-01-29 23:57:15] ITERATION: 9
[2018-01-29 23:57:15] Transforming proofs of 1092 theorems to training data...
[2018-01-29 23:57:15]     Number of features used: 10241 / 10241
[2018-01-29 23:57:15]     Mode of combining theorems and premises to examples: merge_mode=concat
[2018-01-29 23:57:15]     Negatives to positive ratio: 16
[2018-01-29 23:57:15]     Negative mining:
[2018-01-29 23:57:15]         Level of negative mining: random
[2018-01-29 23:57:15]         Part of theorems for negative mining: 0.5
[2018-01-29 23:58:07] Transformation finished.
[2018-01-29 23:58:07] Training of xgboost model started...
[2018-01-30 01:39:36] Training finished.
[2018-01-30 01:39:36] Creating rankings of premises from the trained model for 1342 theorems...
[2018-01-30 01:42:10] Rankings created.
[2018-01-30 01:42:10] ATP evaluation started...
[2018-01-30 02:19:42]     Number of proved theorems: 1068
[2018-01-30 02:19:42]     Percentage of proved theorems: 79.58%
[2018-01-30 02:19:42] Number of all theorems with proof(s): 1100
[2018-01-30 02:19:42] Number of all proofs: 4789
[2018-01-30 02:19:42] Number of theorems with exactly 1 proof(s): 315
[2018-01-30 02:19:42] Number of theorems with exactly 2 proof(s): 194
[2018-01-30 02:19:42] Number of theorems with exactly 3 proof(s): 147
[2018-01-30 02:19:42] Number of theorems with exactly 4 proof(s): 106
[2018-01-30 02:19:42] Number of theorems with exactly 5 proof(s): 55
[2018-01-30 02:19:42] Number of theorems with exactly 6 proof(s): 59
[2018-01-30 02:19:42] Number of theorems with exactly 7 proof(s): 34
[2018-01-30 02:19:42] Number of theorems with exactly 8 proof(s): 33
[2018-01-30 02:19:42] Number of theorems with exactly 9 proof(s): 34
[2018-01-30 02:19:42] Number of theorems with exactly 10 proof(s): 20
[2018-01-30 02:19:42] Number of theorems with exactly 11 proof(s): 14
[2018-01-30 02:19:42] Number of theorems with exactly 12 proof(s): 20
[2018-01-30 02:19:42] Number of theorems with exactly 13 proof(s): 13
[2018-01-30 02:19:42] Number of theorems with exactly 14 proof(s): 6
[2018-01-30 02:19:42] Number of theorems with exactly 15 proof(s): 9
[2018-01-30 02:19:42] Number of theorems with exactly 16 proof(s): 14
[2018-01-30 02:19:42] Number of theorems with exactly 17 proof(s): 3
[2018-01-30 02:19:42] Number of theorems with exactly 18 proof(s): 4
[2018-01-30 02:19:42] Number of theorems with exactly 19 proof(s): 4
[2018-01-30 02:19:42] Number of theorems with exactly 20 proof(s): 2
[2018-01-30 02:19:42] Number of theorems with exactly 21 proof(s): 3
[2018-01-30 02:19:42] Number of theorems with exactly 22 proof(s): 2
[2018-01-30 02:19:42] Number of theorems with exactly 23 proof(s): 2
[2018-01-30 02:19:42] Number of theorems with exactly 24 proof(s): 2
[2018-01-30 02:19:42] Number of theorems with exactly 25 proof(s): 1
[2018-01-30 02:19:42] Number of theorems with exactly 26 proof(s): 1
[2018-01-30 02:19:42] Number of theorems with exactly 28 proof(s): 1
[2018-01-30 02:19:42] Number of theorems with exactly 29 proof(s): 1
[2018-01-30 02:19:42] Number of theorems with exactly 30 proof(s): 1
[2018-01-30 02:19:42] Average number of proofs per theorem: 4.354
[2018-01-30 02:19:42] Average number of premises used in a proof: 9.145
[2018-01-30 02:19:43] Theorems with maximal number of proofs found: ['t106_xboole_1']
[2018-01-30 02:19:44] Distribution of lengths of proofs for theorem t106_xboole_1: [12, 11, 20, 10, 14, 14, 10, 13, 12, 10, 12, 12, 13, 10, 7, 11, 14, 18, 15, 10, 10, 7, 7, 14, 12, 13, 12, 17, 8, 12]
[2018-01-30 02:19:44] ITERATION: 10
[2018-01-30 02:19:44] Transforming proofs of 1100 theorems to training data...
[2018-01-30 02:19:44]     Number of features used: 10241 / 10241
[2018-01-30 02:19:44]     Mode of combining theorems and premises to examples: merge_mode=concat
[2018-01-30 02:19:44]     Negatives to positive ratio: 16
[2018-01-30 02:19:44]     Negative mining:
[2018-01-30 02:19:44]         Level of negative mining: random
[2018-01-30 02:19:44]         Part of theorems for negative mining: 0.5
[2018-01-30 02:20:31] Transformation finished.
[2018-01-30 02:20:31] Training of xgboost model started...
[2018-01-30 04:02:56] Training finished.
[2018-01-30 04:02:56] Creating rankings of premises from the trained model for 1342 theorems...
[2018-01-30 04:05:26] Rankings created.
[2018-01-30 04:05:26] ATP evaluation started...
[2018-01-30 05:14:42]     Number of proved theorems: 1075
[2018-01-30 05:14:42]     Percentage of proved theorems: 80.10%
[2018-01-30 05:14:42] Number of all theorems with proof(s): 1105
[2018-01-30 05:14:42] Number of all proofs: 4944
[2018-01-30 05:14:42] Number of theorems with exactly 1 proof(s): 305
[2018-01-30 05:14:42] Number of theorems with exactly 2 proof(s): 200
[2018-01-30 05:14:42] Number of theorems with exactly 3 proof(s): 140
[2018-01-30 05:14:42] Number of theorems with exactly 4 proof(s): 114
[2018-01-30 05:14:42] Number of theorems with exactly 5 proof(s): 51
[2018-01-30 05:14:42] Number of theorems with exactly 6 proof(s): 58
[2018-01-30 05:14:42] Number of theorems with exactly 7 proof(s): 36
[2018-01-30 05:14:42] Number of theorems with exactly 8 proof(s): 38
[2018-01-30 05:14:42] Number of theorems with exactly 9 proof(s): 28
[2018-01-30 05:14:42] Number of theorems with exactly 10 proof(s): 24
[2018-01-30 05:14:42] Number of theorems with exactly 11 proof(s): 19
[2018-01-30 05:14:42] Number of theorems with exactly 12 proof(s): 20
[2018-01-30 05:14:42] Number of theorems with exactly 13 proof(s): 15
[2018-01-30 05:14:42] Number of theorems with exactly 14 proof(s): 7
[2018-01-30 05:14:42] Number of theorems with exactly 15 proof(s): 11
[2018-01-30 05:14:42] Number of theorems with exactly 16 proof(s): 5
[2018-01-30 05:14:42] Number of theorems with exactly 17 proof(s): 7
[2018-01-30 05:14:42] Number of theorems with exactly 18 proof(s): 5
[2018-01-30 05:14:42] Number of theorems with exactly 19 proof(s): 3
[2018-01-30 05:14:42] Number of theorems with exactly 20 proof(s): 4
[2018-01-30 05:14:42] Number of theorems with exactly 21 proof(s): 1
[2018-01-30 05:14:42] Number of theorems with exactly 22 proof(s): 1
[2018-01-30 05:14:42] Number of theorems with exactly 23 proof(s): 3
[2018-01-30 05:14:42] Number of theorems with exactly 24 proof(s): 3
[2018-01-30 05:14:42] Number of theorems with exactly 25 proof(s): 1
[2018-01-30 05:14:42] Number of theorems with exactly 26 proof(s): 2
[2018-01-30 05:14:42] Number of theorems with exactly 28 proof(s): 1
[2018-01-30 05:14:42] Number of theorems with exactly 29 proof(s): 1
[2018-01-30 05:14:42] Number of theorems with exactly 30 proof(s): 1
[2018-01-30 05:14:42] Number of theorems with exactly 31 proof(s): 1
[2018-01-30 05:14:42] Average number of proofs per theorem: 4.474
[2018-01-30 05:14:42] Average number of premises used in a proof: 9.189
[2018-01-30 05:14:43] Theorems with maximal number of proofs found: ['t106_xboole_1']
[2018-01-30 05:14:44] Distribution of lengths of proofs for theorem t106_xboole_1: [12, 11, 20, 10, 14, 14, 10, 13, 12, 10, 12, 12, 13, 10, 7, 11, 14, 17, 15, 10, 10, 7, 7, 14, 12, 13, 12, 17, 7, 12, 10]
[2018-01-30 05:14:44] ITERATION: 11
[2018-01-30 05:14:44] Transforming proofs of 1105 theorems to training data...
[2018-01-30 05:14:44]     Number of features used: 10241 / 10241
[2018-01-30 05:14:44]     Mode of combining theorems and premises to examples: merge_mode=concat
[2018-01-30 05:14:44]     Negatives to positive ratio: 16
[2018-01-30 05:14:44]     Negative mining:
[2018-01-30 05:14:44]         Level of negative mining: random
[2018-01-30 05:14:44]         Part of theorems for negative mining: 0.5
[2018-01-30 05:15:31] Transformation finished.
[2018-01-30 05:15:31] Training of xgboost model started...
[2018-01-30 06:56:55] Training finished.
[2018-01-30 06:56:55] Creating rankings of premises from the trained model for 1342 theorems...
[2018-01-30 06:59:24] Rankings created.
[2018-01-30 06:59:24] ATP evaluation started...
[2018-01-30 07:35:43]     Number of proved theorems: 1080
[2018-01-30 07:35:43]     Percentage of proved theorems: 80.48%
[2018-01-30 07:35:44] Number of all theorems with proof(s): 1111
[2018-01-30 07:35:44] Number of all proofs: 5109
[2018-01-30 07:35:44] Number of theorems with exactly 1 proof(s): 299
[2018-01-30 07:35:44] Number of theorems with exactly 2 proof(s): 201
[2018-01-30 07:35:44] Number of theorems with exactly 3 proof(s): 141
[2018-01-30 07:35:44] Number of theorems with exactly 4 proof(s): 106
[2018-01-30 07:35:44] Number of theorems with exactly 5 proof(s): 63
[2018-01-30 07:35:44] Number of theorems with exactly 6 proof(s): 50
[2018-01-30 07:35:44] Number of theorems with exactly 7 proof(s): 45
[2018-01-30 07:35:44] Number of theorems with exactly 8 proof(s): 36
[2018-01-30 07:35:44] Number of theorems with exactly 9 proof(s): 24
[2018-01-30 07:35:44] Number of theorems with exactly 10 proof(s): 32
[2018-01-30 07:35:44] Number of theorems with exactly 11 proof(s): 18
[2018-01-30 07:35:44] Number of theorems with exactly 12 proof(s): 19
[2018-01-30 07:35:44] Number of theorems with exactly 13 proof(s): 13
[2018-01-30 07:35:44] Number of theorems with exactly 14 proof(s): 11
[2018-01-30 07:35:44] Number of theorems with exactly 15 proof(s): 5
[2018-01-30 07:35:44] Number of theorems with exactly 16 proof(s): 10
[2018-01-30 07:35:44] Number of theorems with exactly 17 proof(s): 7
[2018-01-30 07:35:44] Number of theorems with exactly 18 proof(s): 3
[2018-01-30 07:35:44] Number of theorems with exactly 19 proof(s): 7
[2018-01-30 07:35:44] Number of theorems with exactly 20 proof(s): 5
[2018-01-30 07:35:44] Number of theorems with exactly 21 proof(s): 1
[2018-01-30 07:35:44] Number of theorems with exactly 22 proof(s): 1
[2018-01-30 07:35:44] Number of theorems with exactly 23 proof(s): 1
[2018-01-30 07:35:44] Number of theorems with exactly 24 proof(s): 3
[2018-01-30 07:35:44] Number of theorems with exactly 25 proof(s): 4
[2018-01-30 07:35:44] Number of theorems with exactly 27 proof(s): 1
[2018-01-30 07:35:44] Number of theorems with exactly 28 proof(s): 1
[2018-01-30 07:35:44] Number of theorems with exactly 29 proof(s): 1
[2018-01-30 07:35:44] Number of theorems with exactly 31 proof(s): 2
[2018-01-30 07:35:44] Number of theorems with exactly 33 proof(s): 1
[2018-01-30 07:35:44] Average number of proofs per theorem: 4.599
[2018-01-30 07:35:44] Average number of premises used in a proof: 9.256
[2018-01-30 07:35:44] Theorems with maximal number of proofs found: ['t106_xboole_1']
[2018-01-30 07:35:45] Distribution of lengths of proofs for theorem t106_xboole_1: [12, 11, 20, 10, 14, 14, 10, 13, 12, 10, 12, 12, 13, 10, 7, 11, 14, 17, 15, 10, 10, 7, 7, 14, 12, 13, 12, 17, 7, 12, 10, 12, 9]
[2018-01-30 07:35:45] ITERATION: 12
[2018-01-30 07:35:45] Transforming proofs of 1111 theorems to training data...
[2018-01-30 07:35:45]     Number of features used: 10241 / 10241
[2018-01-30 07:35:45]     Mode of combining theorems and premises to examples: merge_mode=concat
[2018-01-30 07:35:45]     Negatives to positive ratio: 16
[2018-01-30 07:35:45]     Negative mining:
[2018-01-30 07:35:45]         Level of negative mining: random
[2018-01-30 07:35:45]         Part of theorems for negative mining: 0.5
[2018-01-30 07:36:34] Transformation finished.
[2018-01-30 07:36:34] Training of xgboost model started...
[2018-01-30 09:11:57] Training finished.
[2018-01-30 09:11:57] Creating rankings of premises from the trained model for 1342 theorems...
[2018-01-30 09:14:24] Rankings created.
[2018-01-30 09:14:24] ATP evaluation started...
[2018-01-30 10:22:55]     Number of proved theorems: 1092
[2018-01-30 10:22:55]     Percentage of proved theorems: 81.37%
[2018-01-30 10:22:55] Number of all theorems with proof(s): 1117
[2018-01-30 10:22:55] Number of all proofs: 5246
[2018-01-30 10:22:55] Number of theorems with exactly 1 proof(s): 299
[2018-01-30 10:22:55] Number of theorems with exactly 2 proof(s): 204
[2018-01-30 10:22:55] Number of theorems with exactly 3 proof(s): 137
[2018-01-30 10:22:55] Number of theorems with exactly 4 proof(s): 107
[2018-01-30 10:22:55] Number of theorems with exactly 5 proof(s): 60
[2018-01-30 10:22:55] Number of theorems with exactly 6 proof(s): 51
[2018-01-30 10:22:55] Number of theorems with exactly 7 proof(s): 46
[2018-01-30 10:22:55] Number of theorems with exactly 8 proof(s): 34
[2018-01-30 10:22:55] Number of theorems with exactly 9 proof(s): 27
[2018-01-30 10:22:55] Number of theorems with exactly 10 proof(s): 31
[2018-01-30 10:22:55] Number of theorems with exactly 11 proof(s): 17
[2018-01-30 10:22:55] Number of theorems with exactly 12 proof(s): 21
[2018-01-30 10:22:55] Number of theorems with exactly 13 proof(s): 13
[2018-01-30 10:22:55] Number of theorems with exactly 14 proof(s): 13
[2018-01-30 10:22:55] Number of theorems with exactly 15 proof(s): 6
[2018-01-30 10:22:55] Number of theorems with exactly 16 proof(s): 7
[2018-01-30 10:22:55] Number of theorems with exactly 17 proof(s): 9
[2018-01-30 10:22:55] Number of theorems with exactly 18 proof(s): 5
[2018-01-30 10:22:55] Number of theorems with exactly 19 proof(s): 5
[2018-01-30 10:22:55] Number of theorems with exactly 20 proof(s): 5
[2018-01-30 10:22:55] Number of theorems with exactly 21 proof(s): 2
[2018-01-30 10:22:55] Number of theorems with exactly 22 proof(s): 3
[2018-01-30 10:22:55] Number of theorems with exactly 23 proof(s): 1
[2018-01-30 10:22:55] Number of theorems with exactly 24 proof(s): 2
[2018-01-30 10:22:55] Number of theorems with exactly 25 proof(s): 2
[2018-01-30 10:22:55] Number of theorems with exactly 26 proof(s): 3
[2018-01-30 10:22:55] Number of theorems with exactly 27 proof(s): 2
[2018-01-30 10:22:55] Number of theorems with exactly 30 proof(s): 2
[2018-01-30 10:22:55] Number of theorems with exactly 31 proof(s): 2
[2018-01-30 10:22:55] Number of theorems with exactly 34 proof(s): 1
[2018-01-30 10:22:55] Average number of proofs per theorem: 4.697
[2018-01-30 10:22:55] Average number of premises used in a proof: 9.324
[2018-01-30 10:22:56] Theorems with maximal number of proofs found: ['t106_xboole_1']
[2018-01-30 10:22:57] Distribution of lengths of proofs for theorem t106_xboole_1: [12, 11, 20, 10, 14, 14, 10, 13, 12, 10, 12, 12, 13, 10, 7, 11, 14, 17, 15, 10, 10, 7, 7, 14, 12, 13, 12, 17, 7, 12, 6, 12, 9, 17]
[2018-01-30 10:22:57] ITERATION: 13
[2018-01-30 10:22:57] Transforming proofs of 1117 theorems to training data...
[2018-01-30 10:22:57]     Number of features used: 10241 / 10241
[2018-01-30 10:22:57]     Mode of combining theorems and premises to examples: merge_mode=concat
[2018-01-30 10:22:57]     Negatives to positive ratio: 16
[2018-01-30 10:22:57]     Negative mining:
[2018-01-30 10:22:57]         Level of negative mining: random
[2018-01-30 10:22:57]         Part of theorems for negative mining: 0.5
[2018-01-30 10:23:47] Transformation finished.
[2018-01-30 10:23:47] Training of xgboost model started...
[2018-01-30 11:34:12] Training finished.
[2018-01-30 11:34:12] Creating rankings of premises from the trained model for 1342 theorems...
[2018-01-30 11:36:16] Rankings created.
[2018-01-30 11:36:16] ATP evaluation started...
