[2018-01-21 17:46:06] Statements of 4564 thms and definitions loaded.
[2018-01-21 17:46:06] Features of 4564 thms and definitions loaded.
[2018-01-21 17:46:06] Chronological order of 4564 thms and definitions loaded.
[2018-01-21 17:46:06] Creating random rankings of premises for 1342 theorems...
[2018-01-21 17:46:08] Rankings created.
[2018-01-21 17:46:08] ATP evaluation started...
[2018-01-21 19:58:16]     Number of proved theorems: 333
[2018-01-21 19:58:16]     Percentage of proved theorems: 24.81%
[2018-01-21 19:58:16] ITERATION: 0
[2018-01-21 19:58:16] Transforming proofs of 333 theorems to training data...
[2018-01-21 19:58:16]     Number of features used: 10241 / 10241
[2018-01-21 19:58:16]     Mode of combining theorems and premises to examples: merge_mode=concat
[2018-01-21 19:58:16]     Negatives to positive ratio: 16
[2018-01-21 19:58:16]     No negative mining.
[2018-01-21 19:58:18] Transformation finished.
[2018-01-21 19:58:18] Training of xgboost model started...
[2018-01-21 20:27:12] Training finished.
[2018-01-21 20:27:12] Creating rankings of premises from the trained model for 1342 theorems...
[2018-01-21 20:30:25] Rankings created.
[2018-01-21 20:30:25] ATP evaluation started...
[2018-01-21 22:06:11]     Number of proved theorems: 745
[2018-01-21 22:06:11]     Percentage of proved theorems: 55.51%
[2018-01-21 22:06:11] Number of all theorems with proof(s): 748
[2018-01-21 22:06:11] Number of all proofs: 1632
[2018-01-21 22:06:11] Number of theorems with exactly 1 proof(s): 338
[2018-01-21 22:06:11] Number of theorems with exactly 2 proof(s): 179
[2018-01-21 22:06:11] Number of theorems with exactly 3 proof(s): 108
[2018-01-21 22:06:11] Number of theorems with exactly 4 proof(s): 53
[2018-01-21 22:06:11] Number of theorems with exactly 5 proof(s): 34
[2018-01-21 22:06:11] Number of theorems with exactly 6 proof(s): 24
[2018-01-21 22:06:11] Number of theorems with exactly 7 proof(s): 10
[2018-01-21 22:06:11] Number of theorems with exactly 8 proof(s): 2
[2018-01-21 22:06:11] Average number of proofs per theorem: 2.182
[2018-01-21 22:06:11] ITERATION: 1
[2018-01-21 22:06:11] Transforming proofs of 748 theorems to training data...
[2018-01-21 22:06:11]     Number of features used: 10241 / 10241
[2018-01-21 22:06:11]     Mode of combining theorems and premises to examples: merge_mode=concat
[2018-01-21 22:06:11]     Negatives to positive ratio: 16
[2018-01-21 22:06:11]     No negative mining.
[2018-01-21 22:06:14] Transformation finished.
[2018-01-21 22:06:14] Training of xgboost model started...
[2018-01-21 22:41:27] Training finished.
[2018-01-21 22:41:27] Creating rankings of premises from the trained model for 1342 theorems...
[2018-01-21 22:44:54] Rankings created.
[2018-01-21 22:44:55] ATP evaluation started...
[2018-01-21 23:29:08]     Number of proved theorems: 898
[2018-01-21 23:29:08]     Percentage of proved theorems: 66.92%
[2018-01-21 23:29:08] Number of all theorems with proof(s): 908
[2018-01-21 23:29:08] Number of all proofs: 2292
[2018-01-21 23:29:08] Number of theorems with exactly 1 proof(s): 389
[2018-01-21 23:29:08] Number of theorems with exactly 2 proof(s): 185
[2018-01-21 23:29:08] Number of theorems with exactly 3 proof(s): 132
[2018-01-21 23:29:08] Number of theorems with exactly 4 proof(s): 70
[2018-01-21 23:29:08] Number of theorems with exactly 5 proof(s): 44
[2018-01-21 23:29:08] Number of theorems with exactly 6 proof(s): 30
[2018-01-21 23:29:08] Number of theorems with exactly 7 proof(s): 29
[2018-01-21 23:29:08] Number of theorems with exactly 8 proof(s): 12
[2018-01-21 23:29:08] Number of theorems with exactly 9 proof(s): 13
[2018-01-21 23:29:08] Number of theorems with exactly 10 proof(s): 3
[2018-01-21 23:29:08] Number of theorems with exactly 11 proof(s): 1
[2018-01-21 23:29:08] Average number of proofs per theorem: 2.524
[2018-01-21 23:29:08] ITERATION: 2
[2018-01-21 23:29:08] Transforming proofs of 908 theorems to training data...
[2018-01-21 23:29:08]     Number of features used: 10241 / 10241
[2018-01-21 23:29:08]     Mode of combining theorems and premises to examples: merge_mode=concat
[2018-01-21 23:29:08]     Negatives to positive ratio: 16
[2018-01-21 23:29:08]     No negative mining.
[2018-01-21 23:29:11] Transformation finished.
[2018-01-21 23:29:11] Training of xgboost model started...
[2018-01-22 00:02:02] Training finished.
[2018-01-22 00:02:02] Creating rankings of premises from the trained model for 1342 theorems...
[2018-01-22 00:05:13] Rankings created.
[2018-01-22 00:05:13] ATP evaluation started...
[2018-01-22 01:28:31]     Number of proved theorems: 961
[2018-01-22 01:28:31]     Percentage of proved theorems: 71.61%
[2018-01-22 01:28:31] Number of all theorems with proof(s): 983
[2018-01-22 01:28:31] Number of all proofs: 2746
[2018-01-22 01:28:31] Number of theorems with exactly 1 proof(s): 386
[2018-01-22 01:28:31] Number of theorems with exactly 2 proof(s): 203
[2018-01-22 01:28:31] Number of theorems with exactly 3 proof(s): 134
[2018-01-22 01:28:31] Number of theorems with exactly 4 proof(s): 82
[2018-01-22 01:28:31] Number of theorems with exactly 5 proof(s): 49
[2018-01-22 01:28:31] Number of theorems with exactly 6 proof(s): 57
[2018-01-22 01:28:31] Number of theorems with exactly 7 proof(s): 24
[2018-01-22 01:28:31] Number of theorems with exactly 8 proof(s): 16
[2018-01-22 01:28:31] Number of theorems with exactly 9 proof(s): 11
[2018-01-22 01:28:31] Number of theorems with exactly 10 proof(s): 5
[2018-01-22 01:28:31] Number of theorems with exactly 11 proof(s): 7
[2018-01-22 01:28:31] Number of theorems with exactly 12 proof(s): 5
[2018-01-22 01:28:31] Number of theorems with exactly 13 proof(s): 2
[2018-01-22 01:28:31] Number of theorems with exactly 14 proof(s): 1
[2018-01-22 01:28:31] Number of theorems with exactly 15 proof(s): 1
[2018-01-22 01:28:31] Average number of proofs per theorem: 2.793
[2018-01-22 01:28:31] ITERATION: 3
[2018-01-22 01:28:31] Transforming proofs of 983 theorems to training data...
[2018-01-22 01:28:31]     Number of features used: 10241 / 10241
[2018-01-22 01:28:31]     Mode of combining theorems and premises to examples: merge_mode=concat
[2018-01-22 01:28:31]     Negatives to positive ratio: 16
[2018-01-22 01:28:31]     No negative mining.
[2018-01-22 01:28:36] Transformation finished.
[2018-01-22 01:28:36] Training of xgboost model started...
[2018-01-22 02:03:58] Training finished.
[2018-01-22 02:03:58] Creating rankings of premises from the trained model for 1342 theorems...
[2018-01-22 02:07:04] Rankings created.
[2018-01-22 02:07:05] ATP evaluation started...
[2018-01-22 03:24:37]     Number of proved theorems: 993
[2018-01-22 03:24:37]     Percentage of proved theorems: 73.99%
[2018-01-22 03:24:37] Number of all theorems with proof(s): 1022
[2018-01-22 03:24:37] Number of all proofs: 3081
[2018-01-22 03:24:37] Number of theorems with exactly 1 proof(s): 395
[2018-01-22 03:24:37] Number of theorems with exactly 2 proof(s): 190
[2018-01-22 03:24:37] Number of theorems with exactly 3 proof(s): 132
[2018-01-22 03:24:37] Number of theorems with exactly 4 proof(s): 95
[2018-01-22 03:24:37] Number of theorems with exactly 5 proof(s): 49
[2018-01-22 03:24:37] Number of theorems with exactly 6 proof(s): 56
[2018-01-22 03:24:37] Number of theorems with exactly 7 proof(s): 38
[2018-01-22 03:24:37] Number of theorems with exactly 8 proof(s): 21
[2018-01-22 03:24:37] Number of theorems with exactly 9 proof(s): 12
[2018-01-22 03:24:37] Number of theorems with exactly 10 proof(s): 13
[2018-01-22 03:24:37] Number of theorems with exactly 11 proof(s): 3
[2018-01-22 03:24:37] Number of theorems with exactly 12 proof(s): 4
[2018-01-22 03:24:37] Number of theorems with exactly 13 proof(s): 8
[2018-01-22 03:24:37] Number of theorems with exactly 14 proof(s): 2
[2018-01-22 03:24:37] Number of theorems with exactly 15 proof(s): 2
[2018-01-22 03:24:37] Number of theorems with exactly 17 proof(s): 2
[2018-01-22 03:24:37] Average number of proofs per theorem: 3.015
[2018-01-22 03:24:37] ITERATION: 4
[2018-01-22 03:24:37] Transforming proofs of 1022 theorems to training data...
[2018-01-22 03:24:37]     Number of features used: 10241 / 10241
[2018-01-22 03:24:37]     Mode of combining theorems and premises to examples: merge_mode=concat
[2018-01-22 03:24:37]     Negatives to positive ratio: 16
[2018-01-22 03:24:37]     No negative mining.
[2018-01-22 03:24:41] Transformation finished.
[2018-01-22 03:24:41] Training of xgboost model started...
[2018-01-22 03:55:16] Training finished.
[2018-01-22 03:55:16] Creating rankings of premises from the trained model for 1342 theorems...
[2018-01-22 03:58:15] Rankings created.
[2018-01-22 03:58:16] ATP evaluation started...
[2018-01-22 04:39:56]     Number of proved theorems: 1005
[2018-01-22 04:39:56]     Percentage of proved theorems: 74.89%
[2018-01-22 04:39:56] Number of all theorems with proof(s): 1035
[2018-01-22 04:39:56] Number of all proofs: 3338
[2018-01-22 04:39:56] Number of theorems with exactly 1 proof(s): 379
[2018-01-22 04:39:56] Number of theorems with exactly 2 proof(s): 194
[2018-01-22 04:39:56] Number of theorems with exactly 3 proof(s): 119
[2018-01-22 04:39:56] Number of theorems with exactly 4 proof(s): 106
[2018-01-22 04:39:56] Number of theorems with exactly 5 proof(s): 55
[2018-01-22 04:39:56] Number of theorems with exactly 6 proof(s): 59
[2018-01-22 04:39:56] Number of theorems with exactly 7 proof(s): 42
[2018-01-22 04:39:56] Number of theorems with exactly 8 proof(s): 19
[2018-01-22 04:39:56] Number of theorems with exactly 9 proof(s): 16
[2018-01-22 04:39:56] Number of theorems with exactly 10 proof(s): 11
[2018-01-22 04:39:56] Number of theorems with exactly 11 proof(s): 12
[2018-01-22 04:39:56] Number of theorems with exactly 12 proof(s): 4
[2018-01-22 04:39:56] Number of theorems with exactly 13 proof(s): 7
[2018-01-22 04:39:56] Number of theorems with exactly 14 proof(s): 3
[2018-01-22 04:39:56] Number of theorems with exactly 15 proof(s): 3
[2018-01-22 04:39:56] Number of theorems with exactly 16 proof(s): 3
[2018-01-22 04:39:56] Number of theorems with exactly 17 proof(s): 1
[2018-01-22 04:39:56] Number of theorems with exactly 18 proof(s): 1
[2018-01-22 04:39:56] Number of theorems with exactly 20 proof(s): 1
[2018-01-22 04:39:56] Average number of proofs per theorem: 3.225
[2018-01-22 04:39:56] ITERATION: 5
[2018-01-22 04:39:56] Transforming proofs of 1035 theorems to training data...
[2018-01-22 04:39:56]     Number of features used: 10241 / 10241
[2018-01-22 04:39:56]     Mode of combining theorems and premises to examples: merge_mode=concat
[2018-01-22 04:39:56]     Negatives to positive ratio: 16
[2018-01-22 04:39:56]     No negative mining.
[2018-01-22 04:40:01] Transformation finished.
[2018-01-22 04:40:01] Training of xgboost model started...
[2018-01-22 05:13:01] Training finished.
[2018-01-22 05:13:01] Creating rankings of premises from the trained model for 1342 theorems...
[2018-01-22 05:16:18] Rankings created.
[2018-01-22 05:16:19] ATP evaluation started...
[2018-01-22 06:33:12]     Number of proved theorems: 1002
[2018-01-22 06:33:12]     Percentage of proved theorems: 74.66%
[2018-01-22 06:33:12] Number of all theorems with proof(s): 1043
[2018-01-22 06:33:12] Number of all proofs: 3560
[2018-01-22 06:33:12] Number of theorems with exactly 1 proof(s): 367
[2018-01-22 06:33:12] Number of theorems with exactly 2 proof(s): 189
[2018-01-22 06:33:12] Number of theorems with exactly 3 proof(s): 126
[2018-01-22 06:33:12] Number of theorems with exactly 4 proof(s): 99
[2018-01-22 06:33:12] Number of theorems with exactly 5 proof(s): 55
[2018-01-22 06:33:12] Number of theorems with exactly 6 proof(s): 58
[2018-01-22 06:33:12] Number of theorems with exactly 7 proof(s): 54
[2018-01-22 06:33:12] Number of theorems with exactly 8 proof(s): 20
[2018-01-22 06:33:12] Number of theorems with exactly 9 proof(s): 18
[2018-01-22 06:33:12] Number of theorems with exactly 10 proof(s): 15
[2018-01-22 06:33:12] Number of theorems with exactly 11 proof(s): 12
[2018-01-22 06:33:12] Number of theorems with exactly 12 proof(s): 6
[2018-01-22 06:33:12] Number of theorems with exactly 13 proof(s): 5
[2018-01-22 06:33:12] Number of theorems with exactly 14 proof(s): 6
[2018-01-22 06:33:12] Number of theorems with exactly 15 proof(s): 5
[2018-01-22 06:33:12] Number of theorems with exactly 16 proof(s): 4
[2018-01-22 06:33:12] Number of theorems with exactly 18 proof(s): 2
[2018-01-22 06:33:12] Number of theorems with exactly 19 proof(s): 1
[2018-01-22 06:33:12] Number of theorems with exactly 21 proof(s): 1
[2018-01-22 06:33:12] Average number of proofs per theorem: 3.413
[2018-01-22 06:33:12] ITERATION: 6
[2018-01-22 06:33:12] Transforming proofs of 1043 theorems to training data...
[2018-01-22 06:33:12]     Number of features used: 10241 / 10241
[2018-01-22 06:33:12]     Mode of combining theorems and premises to examples: merge_mode=concat
[2018-01-22 06:33:12]     Negatives to positive ratio: 16
[2018-01-22 06:33:12]     No negative mining.
[2018-01-22 06:33:17] Transformation finished.
[2018-01-22 06:33:17] Training of xgboost model started...
[2018-01-22 07:09:59] Training finished.
[2018-01-22 07:09:59] Creating rankings of premises from the trained model for 1342 theorems...
[2018-01-22 07:13:14] Rankings created.
[2018-01-22 07:13:14] ATP evaluation started...
[2018-01-22 07:53:13]     Number of proved theorems: 998
[2018-01-22 07:53:13]     Percentage of proved theorems: 74.37%
[2018-01-22 07:53:13] Number of all theorems with proof(s): 1050
[2018-01-22 07:53:13] Number of all proofs: 3751
[2018-01-22 07:53:13] Number of theorems with exactly 1 proof(s): 360
[2018-01-22 07:53:13] Number of theorems with exactly 2 proof(s): 193
[2018-01-22 07:53:13] Number of theorems with exactly 3 proof(s): 124
[2018-01-22 07:53:13] Number of theorems with exactly 4 proof(s): 93
[2018-01-22 07:53:13] Number of theorems with exactly 5 proof(s): 57
[2018-01-22 07:53:13] Number of theorems with exactly 6 proof(s): 53
[2018-01-22 07:53:13] Number of theorems with exactly 7 proof(s): 53
[2018-01-22 07:53:13] Number of theorems with exactly 8 proof(s): 31
[2018-01-22 07:53:13] Number of theorems with exactly 9 proof(s): 21
[2018-01-22 07:53:13] Number of theorems with exactly 10 proof(s): 16
[2018-01-22 07:53:13] Number of theorems with exactly 11 proof(s): 11
[2018-01-22 07:53:13] Number of theorems with exactly 12 proof(s): 9
[2018-01-22 07:53:13] Number of theorems with exactly 13 proof(s): 4
[2018-01-22 07:53:13] Number of theorems with exactly 14 proof(s): 4
[2018-01-22 07:53:13] Number of theorems with exactly 15 proof(s): 7
[2018-01-22 07:53:13] Number of theorems with exactly 16 proof(s): 6
[2018-01-22 07:53:13] Number of theorems with exactly 17 proof(s): 2
[2018-01-22 07:53:13] Number of theorems with exactly 18 proof(s): 3
[2018-01-22 07:53:13] Number of theorems with exactly 20 proof(s): 1
[2018-01-22 07:53:13] Number of theorems with exactly 21 proof(s): 1
[2018-01-22 07:53:13] Number of theorems with exactly 23 proof(s): 1
[2018-01-22 07:53:13] Average number of proofs per theorem: 3.572
[2018-01-22 07:53:13] ITERATION: 7
[2018-01-22 07:53:13] Transforming proofs of 1050 theorems to training data...
[2018-01-22 07:53:13]     Number of features used: 10241 / 10241
[2018-01-22 07:53:13]     Mode of combining theorems and premises to examples: merge_mode=concat
[2018-01-22 07:53:13]     Negatives to positive ratio: 16
[2018-01-22 07:53:13]     No negative mining.
[2018-01-22 07:53:17] Transformation finished.
[2018-01-22 07:53:17] Training of xgboost model started...
[2018-01-22 08:29:01] Training finished.
[2018-01-22 08:29:01] Creating rankings of premises from the trained model for 1342 theorems...
[2018-01-22 08:32:13] Rankings created.
[2018-01-22 08:32:13] ATP evaluation started...
[2018-01-22 09:46:39]     Number of proved theorems: 1020
[2018-01-22 09:46:39]     Percentage of proved theorems: 76.01%
[2018-01-22 09:46:39] Number of all theorems with proof(s): 1056
[2018-01-22 09:46:39] Number of all proofs: 3930
[2018-01-22 09:46:39] Number of theorems with exactly 1 proof(s): 349
[2018-01-22 09:46:39] Number of theorems with exactly 2 proof(s): 195
[2018-01-22 09:46:39] Number of theorems with exactly 3 proof(s): 126
[2018-01-22 09:46:39] Number of theorems with exactly 4 proof(s): 91
[2018-01-22 09:46:39] Number of theorems with exactly 5 proof(s): 61
[2018-01-22 09:46:39] Number of theorems with exactly 6 proof(s): 49
[2018-01-22 09:46:39] Number of theorems with exactly 7 proof(s): 56
[2018-01-22 09:46:39] Number of theorems with exactly 8 proof(s): 26
[2018-01-22 09:46:39] Number of theorems with exactly 9 proof(s): 28
[2018-01-22 09:46:39] Number of theorems with exactly 10 proof(s): 19
[2018-01-22 09:46:39] Number of theorems with exactly 11 proof(s): 14
[2018-01-22 09:46:39] Number of theorems with exactly 12 proof(s): 8
[2018-01-22 09:46:39] Number of theorems with exactly 13 proof(s): 6
[2018-01-22 09:46:39] Number of theorems with exactly 14 proof(s): 3
[2018-01-22 09:46:39] Number of theorems with exactly 15 proof(s): 5
[2018-01-22 09:46:39] Number of theorems with exactly 16 proof(s): 4
[2018-01-22 09:46:39] Number of theorems with exactly 17 proof(s): 6
[2018-01-22 09:46:39] Number of theorems with exactly 18 proof(s): 3
[2018-01-22 09:46:39] Number of theorems with exactly 19 proof(s): 3
[2018-01-22 09:46:39] Number of theorems with exactly 20 proof(s): 2
[2018-01-22 09:46:39] Number of theorems with exactly 22 proof(s): 1
[2018-01-22 09:46:39] Number of theorems with exactly 24 proof(s): 1
[2018-01-22 09:46:39] Average number of proofs per theorem: 3.722
[2018-01-22 09:46:39] ITERATION: 8
[2018-01-22 09:46:39] Transforming proofs of 1056 theorems to training data...
[2018-01-22 09:46:39]     Number of features used: 10241 / 10241
[2018-01-22 09:46:39]     Mode of combining theorems and premises to examples: merge_mode=concat
[2018-01-22 09:46:39]     Negatives to positive ratio: 16
[2018-01-22 09:46:39]     No negative mining.
[2018-01-22 09:46:44] Transformation finished.
[2018-01-22 09:46:44] Training of xgboost model started...
[2018-01-22 10:17:22] Training finished.
[2018-01-22 10:17:22] Creating rankings of premises from the trained model for 1342 theorems...
[2018-01-22 10:20:17] Rankings created.
[2018-01-22 10:20:18] ATP evaluation started...
[2018-01-22 10:59:06]     Number of proved theorems: 1008
[2018-01-22 10:59:06]     Percentage of proved theorems: 75.11%
[2018-01-22 10:59:06] Number of all theorems with proof(s): 1060
[2018-01-22 10:59:06] Number of all proofs: 4083
[2018-01-22 10:59:06] Number of theorems with exactly 1 proof(s): 345
[2018-01-22 10:59:06] Number of theorems with exactly 2 proof(s): 192
[2018-01-22 10:59:06] Number of theorems with exactly 3 proof(s): 127
[2018-01-22 10:59:06] Number of theorems with exactly 4 proof(s): 90
[2018-01-22 10:59:06] Number of theorems with exactly 5 proof(s): 60
[2018-01-22 10:59:06] Number of theorems with exactly 6 proof(s): 51
[2018-01-22 10:59:06] Number of theorems with exactly 7 proof(s): 56
[2018-01-22 10:59:06] Number of theorems with exactly 8 proof(s): 27
[2018-01-22 10:59:06] Number of theorems with exactly 9 proof(s): 26
[2018-01-22 10:59:06] Number of theorems with exactly 10 proof(s): 23
[2018-01-22 10:59:06] Number of theorems with exactly 11 proof(s): 9
[2018-01-22 10:59:06] Number of theorems with exactly 12 proof(s): 13
[2018-01-22 10:59:06] Number of theorems with exactly 13 proof(s): 8
[2018-01-22 10:59:06] Number of theorems with exactly 14 proof(s): 5
[2018-01-22 10:59:06] Number of theorems with exactly 15 proof(s): 7
[2018-01-22 10:59:06] Number of theorems with exactly 16 proof(s): 1
[2018-01-22 10:59:06] Number of theorems with exactly 17 proof(s): 3
[2018-01-22 10:59:06] Number of theorems with exactly 18 proof(s): 4
[2018-01-22 10:59:06] Number of theorems with exactly 19 proof(s): 7
[2018-01-22 10:59:06] Number of theorems with exactly 20 proof(s): 3
[2018-01-22 10:59:06] Number of theorems with exactly 22 proof(s): 2
[2018-01-22 10:59:06] Number of theorems with exactly 25 proof(s): 1
[2018-01-22 10:59:06] Average number of proofs per theorem: 3.852
[2018-01-22 10:59:06] ITERATION: 9
[2018-01-22 10:59:06] Transforming proofs of 1060 theorems to training data...
[2018-01-22 10:59:06]     Number of features used: 10241 / 10241
[2018-01-22 10:59:06]     Mode of combining theorems and premises to examples: merge_mode=concat
[2018-01-22 10:59:06]     Negatives to positive ratio: 16
[2018-01-22 10:59:06]     No negative mining.
[2018-01-22 10:59:10] Transformation finished.
[2018-01-22 10:59:10] Training of xgboost model started...
[2018-01-22 11:33:03] Training finished.
[2018-01-22 11:33:03] Creating rankings of premises from the trained model for 1342 theorems...
[2018-01-22 11:36:38] Rankings created.
[2018-01-22 11:36:39] ATP evaluation started...
[2018-01-22 12:53:40]     Number of proved theorems: 1013
[2018-01-22 12:53:40]     Percentage of proved theorems: 75.48%
[2018-01-22 12:53:40] Number of all theorems with proof(s): 1064
[2018-01-22 12:53:40] Number of all proofs: 4237
[2018-01-22 12:53:40] Number of theorems with exactly 1 proof(s): 338
[2018-01-22 12:53:40] Number of theorems with exactly 2 proof(s): 191
[2018-01-22 12:53:40] Number of theorems with exactly 3 proof(s): 132
[2018-01-22 12:53:40] Number of theorems with exactly 4 proof(s): 83
[2018-01-22 12:53:40] Number of theorems with exactly 5 proof(s): 63
[2018-01-22 12:53:40] Number of theorems with exactly 6 proof(s): 49
[2018-01-22 12:53:40] Number of theorems with exactly 7 proof(s): 61
[2018-01-22 12:53:40] Number of theorems with exactly 8 proof(s): 24
[2018-01-22 12:53:40] Number of theorems with exactly 9 proof(s): 28
[2018-01-22 12:53:40] Number of theorems with exactly 10 proof(s): 22
[2018-01-22 12:53:40] Number of theorems with exactly 11 proof(s): 14
[2018-01-22 12:53:40] Number of theorems with exactly 12 proof(s): 11
[2018-01-22 12:53:40] Number of theorems with exactly 13 proof(s): 7
[2018-01-22 12:53:40] Number of theorems with exactly 14 proof(s): 9
[2018-01-22 12:53:40] Number of theorems with exactly 15 proof(s): 8
[2018-01-22 12:53:40] Number of theorems with exactly 16 proof(s): 2
[2018-01-22 12:53:40] Number of theorems with exactly 17 proof(s): 3
[2018-01-22 12:53:40] Number of theorems with exactly 18 proof(s): 3
[2018-01-22 12:53:40] Number of theorems with exactly 19 proof(s): 6
[2018-01-22 12:53:40] Number of theorems with exactly 20 proof(s): 4
[2018-01-22 12:53:40] Number of theorems with exactly 21 proof(s): 3
[2018-01-22 12:53:40] Number of theorems with exactly 22 proof(s): 1
[2018-01-22 12:53:40] Number of theorems with exactly 25 proof(s): 2
[2018-01-22 12:53:40] Average number of proofs per theorem: 3.982
[2018-01-22 12:53:40] ITERATION: 10
[2018-01-22 12:53:40] Transforming proofs of 1064 theorems to training data...
[2018-01-22 12:53:40]     Number of features used: 10241 / 10241
[2018-01-22 12:53:40]     Mode of combining theorems and premises to examples: merge_mode=concat
[2018-01-22 12:53:40]     Negatives to positive ratio: 16
[2018-01-22 12:53:40]     No negative mining.
[2018-01-22 12:53:44] Transformation finished.
[2018-01-22 12:53:44] Training of xgboost model started...
