[2018-01-25 18:52:20] Statements of 4564 thms and definitions loaded.
[2018-01-25 18:52:20] Features of 4564 thms and definitions loaded.
[2018-01-25 18:52:20] Chronological order of 4564 thms and definitions loaded.
[2018-01-25 18:52:20] Creating random rankings of premises for 2078 theorems...
[2018-01-25 18:52:30] Rankings created.
[2018-01-25 18:52:30] ATP evaluation started...
[2018-01-25 21:34:29]     Number of proved theorems: 341
[2018-01-25 21:34:29]     Percentage of proved theorems: 16.41%
[2018-01-25 21:34:29] ITERATION: 0
[2018-01-25 21:34:29] Transforming proofs of 340 theorems to training data...
[2018-01-25 21:34:29]     Number of features used: 10241 / 10241
[2018-01-25 21:34:29]     Mode of combining theorems and premises to examples: merge_mode=concat
[2018-01-25 21:34:29]     Negatives to positive ratio: 16
[2018-01-25 21:34:30]     No negative mining.
[2018-01-25 21:34:37] Transformation finished.
[2018-01-25 21:34:37] Training of xgboost model started...
[2018-01-25 23:52:33] Training finished.
[2018-01-25 23:52:33] Creating rankings of premises from the trained model for 2078 theorems...
[2018-01-25 23:59:11] Rankings created.
[2018-01-25 23:59:11] ATP evaluation started...
[2018-01-26 01:11:57] Statements of 4564 thms and definitions loaded.
[2018-01-26 01:11:57] Features of 4564 thms and definitions loaded.
[2018-01-26 01:11:57] Chronological order of 4564 thms and definitions loaded.
[2018-01-26 01:11:57] Creating random rankings of premises for 1342 theorems...
[2018-01-26 01:12:04] Rankings created.
[2018-01-26 01:12:04] ATP evaluation started...
[2018-01-26 03:05:42]     Number of proved theorems: 334
[2018-01-26 03:05:42]     Percentage of proved theorems: 24.89%
[2018-01-26 03:05:42] ITERATION: 0
[2018-01-26 03:05:42] Transforming proofs of 334 theorems to training data...
[2018-01-26 03:05:42]     Number of features used: 10241 / 10241
[2018-01-26 03:05:42]     Mode of combining theorems and premises to examples: merge_mode=concat
[2018-01-26 03:05:42]     Negatives to positive ratio: 16
[2018-01-26 03:05:42]     No negative mining.
[2018-01-26 03:05:50] Transformation finished.
[2018-01-26 03:05:50] Training of xgboost model started...
[2018-01-26 05:48:44] Training finished.
[2018-01-26 05:48:44] Creating rankings of premises from the trained model for 1342 theorems...
[2018-01-26 05:52:29] Rankings created.
[2018-01-26 05:52:29] ATP evaluation started...
[2018-01-26 07:02:14]     Number of proved theorems: 655
[2018-01-26 07:02:14]     Percentage of proved theorems: 48.81%
[2018-01-26 07:02:14] Number of all theorems with proof(s): 659
[2018-01-26 07:02:14] Number of all proofs: 1596
[2018-01-26 07:02:14] Number of theorems with exactly 1 proof(s): 271
[2018-01-26 07:02:14] Number of theorems with exactly 2 proof(s): 147
[2018-01-26 07:02:14] Number of theorems with exactly 3 proof(s): 90
[2018-01-26 07:02:14] Number of theorems with exactly 4 proof(s): 64
[2018-01-26 07:02:14] Number of theorems with exactly 5 proof(s): 44
[2018-01-26 07:02:14] Number of theorems with exactly 6 proof(s): 25
[2018-01-26 07:02:14] Number of theorems with exactly 7 proof(s): 11
[2018-01-26 07:02:14] Number of theorems with exactly 8 proof(s): 5
[2018-01-26 07:02:14] Number of theorems with exactly 9 proof(s): 2
[2018-01-26 07:02:14] Average number of proofs per theorem: 2.422
[2018-01-26 07:02:14] Average number of premises used in a proof: 7.613
[2018-01-26 07:02:14] Theorems with maximal number of proofs found: ['t61_setfam_1', 't174_funct_1']
[2018-01-26 07:02:14] Distribution of lengths of proofs for theorem t61_setfam_1: [13, 20, 9, 11, 11, 11, 11, 10, 11]
[2018-01-26 07:02:14] ITERATION: 1
[2018-01-26 07:02:14] Transforming proofs of 659 theorems to training data...
[2018-01-26 07:02:14]     Number of features used: 10241 / 10241
[2018-01-26 07:02:15]     Mode of combining theorems and premises to examples: merge_mode=concat
[2018-01-26 07:02:15]     Negatives to positive ratio: 16
[2018-01-26 07:02:15]     Negative mining:
[2018-01-26 07:02:15]         Level of negative mining: all
[2018-01-26 07:02:15]         Part of theorems for negative mining: 0.5
[2018-01-26 07:04:06] Transformation finished.
[2018-01-26 07:04:06] Training of xgboost model started...
[2018-01-26 09:52:53] Training finished.
[2018-01-26 09:52:53] Creating rankings of premises from the trained model for 1342 theorems...
[2018-01-26 09:57:32] Rankings created.
[2018-01-26 09:57:32] ATP evaluation started...
[2018-01-26 10:42:17]     Number of proved theorems: 844
[2018-01-26 10:42:17]     Percentage of proved theorems: 62.89%
[2018-01-26 10:42:17] Number of all theorems with proof(s): 848
[2018-01-26 10:42:17] Number of all proofs: 2307
[2018-01-26 10:42:17] Number of theorems with exactly 1 proof(s): 338
[2018-01-26 10:42:17] Number of theorems with exactly 2 proof(s): 170
[2018-01-26 10:42:17] Number of theorems with exactly 3 proof(s): 118
[2018-01-26 10:42:17] Number of theorems with exactly 4 proof(s): 72
[2018-01-26 10:42:17] Number of theorems with exactly 5 proof(s): 51
[2018-01-26 10:42:17] Number of theorems with exactly 6 proof(s): 34
[2018-01-26 10:42:17] Number of theorems with exactly 7 proof(s): 33
[2018-01-26 10:42:17] Number of theorems with exactly 8 proof(s): 13
[2018-01-26 10:42:17] Number of theorems with exactly 9 proof(s): 8
[2018-01-26 10:42:17] Number of theorems with exactly 10 proof(s): 4
[2018-01-26 10:42:17] Number of theorems with exactly 11 proof(s): 4
[2018-01-26 10:42:17] Number of theorems with exactly 12 proof(s): 2
[2018-01-26 10:42:17] Number of theorems with exactly 13 proof(s): 1
[2018-01-26 10:42:17] Average number of proofs per theorem: 2.721
[2018-01-26 10:42:17] Average number of premises used in a proof: 7.749
[2018-01-26 10:42:18] Theorems with maximal number of proofs found: ['t174_funct_1']
[2018-01-26 10:42:18] Distribution of lengths of proofs for theorem t174_funct_1: [7, 20, 8, 12, 6, 7, 7, 11, 8, 11, 8, 14, 7]
[2018-01-26 10:42:19] ITERATION: 2
[2018-01-26 10:42:19] Transforming proofs of 848 theorems to training data...
[2018-01-26 10:42:19]     Number of features used: 10241 / 10241
[2018-01-26 10:42:19]     Mode of combining theorems and premises to examples: merge_mode=concat
[2018-01-26 10:42:19]     Negatives to positive ratio: 16
[2018-01-26 10:42:19]     Negative mining:
[2018-01-26 10:42:19]         Level of negative mining: all
[2018-01-26 10:42:19]         Part of theorems for negative mining: 0.5
[2018-01-26 10:44:01] Transformation finished.
[2018-01-26 10:44:01] Training of xgboost model started...
[2018-01-26 13:16:53] Training finished.
[2018-01-26 13:16:53] Creating rankings of premises from the trained model for 1342 theorems...
[2018-01-26 13:23:06] Rankings created.
[2018-01-26 13:23:06] ATP evaluation started...
[2018-01-26 14:13:10]     Number of proved theorems: 920
[2018-01-26 14:13:10]     Percentage of proved theorems: 68.55%
[2018-01-26 14:13:10] Number of all theorems with proof(s): 926
[2018-01-26 14:13:10] Number of all proofs: 2817
[2018-01-26 14:13:10] Number of theorems with exactly 1 proof(s): 324
[2018-01-26 14:13:10] Number of theorems with exactly 2 proof(s): 191
[2018-01-26 14:13:10] Number of theorems with exactly 3 proof(s): 129
[2018-01-26 14:13:10] Number of theorems with exactly 4 proof(s): 88
[2018-01-26 14:13:10] Number of theorems with exactly 5 proof(s): 53
[2018-01-26 14:13:10] Number of theorems with exactly 6 proof(s): 47
[2018-01-26 14:13:10] Number of theorems with exactly 7 proof(s): 30
[2018-01-26 14:13:10] Number of theorems with exactly 8 proof(s): 28
[2018-01-26 14:13:10] Number of theorems with exactly 9 proof(s): 14
[2018-01-26 14:13:10] Number of theorems with exactly 10 proof(s): 4
[2018-01-26 14:13:10] Number of theorems with exactly 11 proof(s): 8
[2018-01-26 14:13:10] Number of theorems with exactly 12 proof(s): 4
[2018-01-26 14:13:10] Number of theorems with exactly 14 proof(s): 3
[2018-01-26 14:13:10] Number of theorems with exactly 15 proof(s): 2
[2018-01-26 14:13:10] Number of theorems with exactly 17 proof(s): 1
[2018-01-26 14:13:10] Average number of proofs per theorem: 3.042
[2018-01-26 14:13:10] Average number of premises used in a proof: 7.963
[2018-01-26 14:13:11] Theorems with maximal number of proofs found: ['t174_funct_1']
[2018-01-26 14:13:12] Distribution of lengths of proofs for theorem t174_funct_1: [7, 20, 8, 12, 6, 7, 7, 11, 8, 11, 8, 14, 7, 8, 14, 12, 7]
[2018-01-26 14:13:12] ITERATION: 3
[2018-01-26 14:13:12] Transforming proofs of 926 theorems to training data...
[2018-01-26 14:13:12]     Number of features used: 10241 / 10241
[2018-01-26 14:13:12]     Mode of combining theorems and premises to examples: merge_mode=concat
[2018-01-26 14:13:12]     Negatives to positive ratio: 16
[2018-01-26 14:13:12]     Negative mining:
[2018-01-26 14:13:12]         Level of negative mining: all
[2018-01-26 14:13:12]         Part of theorems for negative mining: 0.5
[2018-01-26 14:14:53] Transformation finished.
[2018-01-26 14:14:53] Training of xgboost model started...
[2018-01-26 17:04:04] Training finished.
[2018-01-26 17:04:04] Creating rankings of premises from the trained model for 1342 theorems...
[2018-01-26 17:10:47] Rankings created.
[2018-01-26 17:10:47] ATP evaluation started...
[2018-01-26 18:21:21]     Number of proved theorems: 972
[2018-01-26 18:21:21]     Percentage of proved theorems: 72.43%
[2018-01-26 18:21:21] Number of all theorems with proof(s): 981
[2018-01-26 18:21:21] Number of all proofs: 3226
[2018-01-26 18:21:21] Number of theorems with exactly 1 proof(s): 329
[2018-01-26 18:21:21] Number of theorems with exactly 2 proof(s): 191
[2018-01-26 18:21:21] Number of theorems with exactly 3 proof(s): 142
[2018-01-26 18:21:21] Number of theorems with exactly 4 proof(s): 90
[2018-01-26 18:21:21] Number of theorems with exactly 5 proof(s): 54
[2018-01-26 18:21:21] Number of theorems with exactly 6 proof(s): 49
[2018-01-26 18:21:21] Number of theorems with exactly 7 proof(s): 37
[2018-01-26 18:21:21] Number of theorems with exactly 8 proof(s): 28
[2018-01-26 18:21:21] Number of theorems with exactly 9 proof(s): 20
[2018-01-26 18:21:21] Number of theorems with exactly 10 proof(s): 14
[2018-01-26 18:21:21] Number of theorems with exactly 11 proof(s): 10
[2018-01-26 18:21:21] Number of theorems with exactly 12 proof(s): 3
[2018-01-26 18:21:21] Number of theorems with exactly 13 proof(s): 3
[2018-01-26 18:21:21] Number of theorems with exactly 14 proof(s): 3
[2018-01-26 18:21:21] Number of theorems with exactly 15 proof(s): 1
[2018-01-26 18:21:21] Number of theorems with exactly 16 proof(s): 4
[2018-01-26 18:21:21] Number of theorems with exactly 17 proof(s): 1
[2018-01-26 18:21:21] Number of theorems with exactly 18 proof(s): 1
[2018-01-26 18:21:21] Number of theorems with exactly 21 proof(s): 1
[2018-01-26 18:21:21] Average number of proofs per theorem: 3.288
[2018-01-26 18:21:21] Average number of premises used in a proof: 8.188
[2018-01-26 18:21:23] Theorems with maximal number of proofs found: ['t174_funct_1']
[2018-01-26 18:21:24] Distribution of lengths of proofs for theorem t174_funct_1: [7, 20, 8, 12, 6, 7, 7, 11, 8, 11, 8, 14, 7, 8, 14, 12, 7, 14, 9, 10, 6]
[2018-01-26 18:21:25] ITERATION: 4
[2018-01-26 18:21:25] Transforming proofs of 981 theorems to training data...
[2018-01-26 18:21:25]     Number of features used: 10241 / 10241
[2018-01-26 18:21:25]     Mode of combining theorems and premises to examples: merge_mode=concat
[2018-01-26 18:21:25]     Negatives to positive ratio: 16
[2018-01-26 18:21:25]     Negative mining:
[2018-01-26 18:21:25]         Level of negative mining: all
[2018-01-26 18:21:25]         Part of theorems for negative mining: 0.5
[2018-01-26 18:24:28] Transformation finished.
[2018-01-26 18:24:28] Training of xgboost model started...
[2018-01-26 21:14:56] Training finished.
[2018-01-26 21:14:56] Creating rankings of premises from the trained model for 1342 theorems...
[2018-01-26 21:21:17] Rankings created.
[2018-01-26 21:21:17] ATP evaluation started...
[2018-01-26 22:24:56]     Number of proved theorems: 1011
[2018-01-26 22:24:56]     Percentage of proved theorems: 75.34%
[2018-01-26 22:24:56] Number of all theorems with proof(s): 1024
[2018-01-26 22:24:56] Number of all proofs: 3537
[2018-01-26 22:24:56] Number of theorems with exactly 1 proof(s): 335
[2018-01-26 22:24:56] Number of theorems with exactly 2 proof(s): 194
[2018-01-26 22:24:56] Number of theorems with exactly 3 proof(s): 140
[2018-01-26 22:24:56] Number of theorems with exactly 4 proof(s): 107
[2018-01-26 22:24:56] Number of theorems with exactly 5 proof(s): 59
[2018-01-26 22:24:56] Number of theorems with exactly 6 proof(s): 49
[2018-01-26 22:24:56] Number of theorems with exactly 7 proof(s): 32
[2018-01-26 22:24:56] Number of theorems with exactly 8 proof(s): 22
[2018-01-26 22:24:56] Number of theorems with exactly 9 proof(s): 31
[2018-01-26 22:24:56] Number of theorems with exactly 10 proof(s): 11
[2018-01-26 22:24:56] Number of theorems with exactly 11 proof(s): 15
[2018-01-26 22:24:56] Number of theorems with exactly 12 proof(s): 9
[2018-01-26 22:24:56] Number of theorems with exactly 13 proof(s): 4
[2018-01-26 22:24:56] Number of theorems with exactly 14 proof(s): 4
[2018-01-26 22:24:56] Number of theorems with exactly 15 proof(s): 5
[2018-01-26 22:24:56] Number of theorems with exactly 16 proof(s): 1
[2018-01-26 22:24:56] Number of theorems with exactly 17 proof(s): 1
[2018-01-26 22:24:56] Number of theorems with exactly 18 proof(s): 3
[2018-01-26 22:24:56] Number of theorems with exactly 22 proof(s): 1
[2018-01-26 22:24:56] Number of theorems with exactly 23 proof(s): 1
[2018-01-26 22:24:56] Average number of proofs per theorem: 3.454
[2018-01-26 22:24:56] Average number of premises used in a proof: 8.338
[2018-01-26 22:24:57] Theorems with maximal number of proofs found: ['t174_funct_1']
[2018-01-26 22:24:58] Distribution of lengths of proofs for theorem t174_funct_1: [7, 20, 8, 12, 6, 7, 7, 11, 8, 11, 8, 14, 7, 8, 14, 12, 6, 14, 9, 10, 6, 12, 8]
[2018-01-26 22:24:58] ITERATION: 5
[2018-01-26 22:24:58] Transforming proofs of 1024 theorems to training data...
[2018-01-26 22:24:58]     Number of features used: 10241 / 10241
[2018-01-26 22:24:58]     Mode of combining theorems and premises to examples: merge_mode=concat
[2018-01-26 22:24:58]     Negatives to positive ratio: 16
[2018-01-26 22:24:58]     Negative mining:
[2018-01-26 22:24:58]         Level of negative mining: all
[2018-01-26 22:24:58]         Part of theorems for negative mining: 0.5
[2018-01-26 22:26:45] Transformation finished.
[2018-01-26 22:26:45] Training of xgboost model started...
[2018-01-27 01:28:06] Training finished.
[2018-01-27 01:28:06] Creating rankings of premises from the trained model for 1342 theorems...
[2018-01-27 01:33:31] Rankings created.
[2018-01-27 01:33:31] ATP evaluation started...
[2018-01-27 02:21:36]     Number of proved theorems: 1023
[2018-01-27 02:21:36]     Percentage of proved theorems: 76.23%
[2018-01-27 02:21:36] Number of all theorems with proof(s): 1041
[2018-01-27 02:21:36] Number of all proofs: 3828
[2018-01-27 02:21:36] Number of theorems with exactly 1 proof(s): 317
[2018-01-27 02:21:36] Number of theorems with exactly 2 proof(s): 199
[2018-01-27 02:21:36] Number of theorems with exactly 3 proof(s): 147
[2018-01-27 02:21:36] Number of theorems with exactly 4 proof(s): 101
[2018-01-27 02:21:36] Number of theorems with exactly 5 proof(s): 66
[2018-01-27 02:21:36] Number of theorems with exactly 6 proof(s): 49
[2018-01-27 02:21:36] Number of theorems with exactly 7 proof(s): 40
[2018-01-27 02:21:36] Number of theorems with exactly 8 proof(s): 21
[2018-01-27 02:21:36] Number of theorems with exactly 9 proof(s): 26
[2018-01-27 02:21:36] Number of theorems with exactly 10 proof(s): 22
[2018-01-27 02:21:36] Number of theorems with exactly 11 proof(s): 11
[2018-01-27 02:21:36] Number of theorems with exactly 12 proof(s): 11
[2018-01-27 02:21:36] Number of theorems with exactly 13 proof(s): 8
[2018-01-27 02:21:36] Number of theorems with exactly 14 proof(s): 6
[2018-01-27 02:21:36] Number of theorems with exactly 15 proof(s): 5
[2018-01-27 02:21:36] Number of theorems with exactly 16 proof(s): 2
[2018-01-27 02:21:36] Number of theorems with exactly 17 proof(s): 3
[2018-01-27 02:21:36] Number of theorems with exactly 18 proof(s): 2
[2018-01-27 02:21:36] Number of theorems with exactly 19 proof(s): 3
[2018-01-27 02:21:36] Number of theorems with exactly 25 proof(s): 2
[2018-01-27 02:21:36] Average number of proofs per theorem: 3.677
[2018-01-27 02:21:36] Average number of premises used in a proof: 8.444
[2018-01-27 02:21:37] Theorems with maximal number of proofs found: ['t49_zfmisc_1', 't174_funct_1']
[2018-01-27 02:21:38] Distribution of lengths of proofs for theorem t49_zfmisc_1: [21, 14, 19, 21, 15, 12, 18, 21, 18, 24, 16, 18, 21, 22, 16, 20, 23, 19, 22, 19, 16, 18, 22, 19, 18]
[2018-01-27 02:21:38] ITERATION: 6
[2018-01-27 02:21:38] Transforming proofs of 1041 theorems to training data...
[2018-01-27 02:21:38]     Number of features used: 10241 / 10241
[2018-01-27 02:21:38]     Mode of combining theorems and premises to examples: merge_mode=concat
[2018-01-27 02:21:38]     Negatives to positive ratio: 16
[2018-01-27 02:21:38]     Negative mining:
[2018-01-27 02:21:38]         Level of negative mining: all
[2018-01-27 02:21:38]         Part of theorems for negative mining: 0.5
[2018-01-27 02:23:44] Transformation finished.
[2018-01-27 02:23:44] Training of xgboost model started...
[2018-01-27 05:32:20] Training finished.
[2018-01-27 05:32:20] Creating rankings of premises from the trained model for 1342 theorems...
[2018-01-27 05:37:01] Rankings created.
[2018-01-27 05:37:01] ATP evaluation started...
[2018-01-27 06:23:35]     Number of proved theorems: 1032
[2018-01-27 06:23:35]     Percentage of proved theorems: 76.90%
[2018-01-27 06:23:35] Number of all theorems with proof(s): 1051
[2018-01-27 06:23:35] Number of all proofs: 4066
[2018-01-27 06:23:35] Number of theorems with exactly 1 proof(s): 308
[2018-01-27 06:23:35] Number of theorems with exactly 2 proof(s): 193
[2018-01-27 06:23:35] Number of theorems with exactly 3 proof(s): 149
[2018-01-27 06:23:35] Number of theorems with exactly 4 proof(s): 108
[2018-01-27 06:23:35] Number of theorems with exactly 5 proof(s): 64
[2018-01-27 06:23:35] Number of theorems with exactly 6 proof(s): 50
[2018-01-27 06:23:35] Number of theorems with exactly 7 proof(s): 41
[2018-01-27 06:23:35] Number of theorems with exactly 8 proof(s): 24
[2018-01-27 06:23:35] Number of theorems with exactly 9 proof(s): 31
[2018-01-27 06:23:35] Number of theorems with exactly 10 proof(s): 17
[2018-01-27 06:23:35] Number of theorems with exactly 11 proof(s): 16
[2018-01-27 06:23:35] Number of theorems with exactly 12 proof(s): 9
[2018-01-27 06:23:35] Number of theorems with exactly 13 proof(s): 10
[2018-01-27 06:23:35] Number of theorems with exactly 14 proof(s): 4
[2018-01-27 06:23:35] Number of theorems with exactly 15 proof(s): 7
[2018-01-27 06:23:35] Number of theorems with exactly 16 proof(s): 7
[2018-01-27 06:23:35] Number of theorems with exactly 17 proof(s): 2
[2018-01-27 06:23:35] Number of theorems with exactly 18 proof(s): 3
[2018-01-27 06:23:35] Number of theorems with exactly 19 proof(s): 3
[2018-01-27 06:23:35] Number of theorems with exactly 20 proof(s): 3
[2018-01-27 06:23:35] Number of theorems with exactly 26 proof(s): 1
[2018-01-27 06:23:35] Number of theorems with exactly 27 proof(s): 1
[2018-01-27 06:23:35] Average number of proofs per theorem: 3.869
[2018-01-27 06:23:35] Average number of premises used in a proof: 8.591
[2018-01-27 06:23:36] Theorems with maximal number of proofs found: ['t174_funct_1']
[2018-01-27 06:23:37] Distribution of lengths of proofs for theorem t174_funct_1: [7, 20, 8, 12, 6, 7, 7, 11, 8, 11, 8, 14, 7, 8, 14, 12, 6, 14, 9, 10, 6, 12, 8, 15, 15, 6, 14]
[2018-01-27 06:23:37] ITERATION: 7
[2018-01-27 06:23:37] Transforming proofs of 1051 theorems to training data...
[2018-01-27 06:23:37]     Number of features used: 10241 / 10241
[2018-01-27 06:23:37]     Mode of combining theorems and premises to examples: merge_mode=concat
[2018-01-27 06:23:37]     Negatives to positive ratio: 16
[2018-01-27 06:23:37]     Negative mining:
[2018-01-27 06:23:37]         Level of negative mining: all
[2018-01-27 06:23:37]         Part of theorems for negative mining: 0.5
[2018-01-27 06:25:21] Transformation finished.
[2018-01-27 06:25:21] Training of xgboost model started...
[2018-01-27 09:15:40] Training finished.
[2018-01-27 09:15:40] Creating rankings of premises from the trained model for 1342 theorems...
[2018-01-27 09:19:40] Rankings created.
[2018-01-27 09:19:40] ATP evaluation started...
[2018-01-27 10:09:46]     Number of proved theorems: 1047
[2018-01-27 10:09:46]     Percentage of proved theorems: 78.02%
[2018-01-27 10:09:46] Number of all theorems with proof(s): 1064
[2018-01-27 10:09:46] Number of all proofs: 4277
[2018-01-27 10:09:46] Number of theorems with exactly 1 proof(s): 305
[2018-01-27 10:09:46] Number of theorems with exactly 2 proof(s): 187
[2018-01-27 10:09:46] Number of theorems with exactly 3 proof(s): 155
[2018-01-27 10:09:46] Number of theorems with exactly 4 proof(s): 100
[2018-01-27 10:09:46] Number of theorems with exactly 5 proof(s): 76
[2018-01-27 10:09:46] Number of theorems with exactly 6 proof(s): 55
[2018-01-27 10:09:46] Number of theorems with exactly 7 proof(s): 40
[2018-01-27 10:09:46] Number of theorems with exactly 8 proof(s): 24
[2018-01-27 10:09:46] Number of theorems with exactly 9 proof(s): 28
[2018-01-27 10:09:46] Number of theorems with exactly 10 proof(s): 18
[2018-01-27 10:09:46] Number of theorems with exactly 11 proof(s): 14
[2018-01-27 10:09:46] Number of theorems with exactly 12 proof(s): 14
[2018-01-27 10:09:46] Number of theorems with exactly 13 proof(s): 10
[2018-01-27 10:09:46] Number of theorems with exactly 14 proof(s): 2
[2018-01-27 10:09:46] Number of theorems with exactly 15 proof(s): 8
[2018-01-27 10:09:46] Number of theorems with exactly 16 proof(s): 6
[2018-01-27 10:09:46] Number of theorems with exactly 17 proof(s): 8
[2018-01-27 10:09:46] Number of theorems with exactly 18 proof(s): 4
[2018-01-27 10:09:46] Number of theorems with exactly 19 proof(s): 2
[2018-01-27 10:09:46] Number of theorems with exactly 20 proof(s): 3
[2018-01-27 10:09:46] Number of theorems with exactly 21 proof(s): 3
[2018-01-27 10:09:46] Number of theorems with exactly 26 proof(s): 1
[2018-01-27 10:09:46] Number of theorems with exactly 28 proof(s): 1
[2018-01-27 10:09:46] Average number of proofs per theorem: 4.020
[2018-01-27 10:09:46] Average number of premises used in a proof: 8.710
[2018-01-27 10:09:47] Theorems with maximal number of proofs found: ['t174_funct_1']
[2018-01-27 10:09:48] Distribution of lengths of proofs for theorem t174_funct_1: [7, 20, 8, 12, 6, 7, 7, 11, 8, 11, 8, 14, 7, 8, 14, 12, 6, 14, 9, 10, 6, 12, 8, 15, 15, 6, 14, 16]
[2018-01-27 10:09:48] ITERATION: 8
[2018-01-27 10:09:48] Transforming proofs of 1064 theorems to training data...
[2018-01-27 10:09:48]     Number of features used: 10241 / 10241
[2018-01-27 10:09:48]     Mode of combining theorems and premises to examples: merge_mode=concat
[2018-01-27 10:09:48]     Negatives to positive ratio: 16
[2018-01-27 10:09:48]     Negative mining:
[2018-01-27 10:09:48]         Level of negative mining: all
[2018-01-27 10:09:48]         Part of theorems for negative mining: 0.5
[2018-01-27 10:11:38] Transformation finished.
[2018-01-27 10:11:38] Training of xgboost model started...
[2018-01-27 13:08:33] Training finished.
[2018-01-27 13:08:33] Creating rankings of premises from the trained model for 1342 theorems...
[2018-01-27 13:12:55] Rankings created.
[2018-01-27 13:12:55] ATP evaluation started...
[2018-01-27 13:54:25]     Number of proved theorems: 1047
[2018-01-27 13:54:25]     Percentage of proved theorems: 78.02%
[2018-01-27 13:54:25] Number of all theorems with proof(s): 1069
[2018-01-27 13:54:25] Number of all proofs: 4443
[2018-01-27 13:54:25] Number of theorems with exactly 1 proof(s): 296
[2018-01-27 13:54:25] Number of theorems with exactly 2 proof(s): 187
[2018-01-27 13:54:25] Number of theorems with exactly 3 proof(s): 154
[2018-01-27 13:54:25] Number of theorems with exactly 4 proof(s): 105
[2018-01-27 13:54:25] Number of theorems with exactly 5 proof(s): 71
[2018-01-27 13:54:25] Number of theorems with exactly 6 proof(s): 56
[2018-01-27 13:54:25] Number of theorems with exactly 7 proof(s): 44
[2018-01-27 13:54:25] Number of theorems with exactly 8 proof(s): 28
[2018-01-27 13:54:25] Number of theorems with exactly 9 proof(s): 27
[2018-01-27 13:54:25] Number of theorems with exactly 10 proof(s): 18
[2018-01-27 13:54:25] Number of theorems with exactly 11 proof(s): 16
[2018-01-27 13:54:25] Number of theorems with exactly 12 proof(s): 15
[2018-01-27 13:54:25] Number of theorems with exactly 13 proof(s): 11
[2018-01-27 13:54:25] Number of theorems with exactly 14 proof(s): 3
[2018-01-27 13:54:25] Number of theorems with exactly 15 proof(s): 7
[2018-01-27 13:54:25] Number of theorems with exactly 16 proof(s): 3
[2018-01-27 13:54:25] Number of theorems with exactly 17 proof(s): 5
[2018-01-27 13:54:25] Number of theorems with exactly 18 proof(s): 8
[2018-01-27 13:54:25] Number of theorems with exactly 19 proof(s): 5
[2018-01-27 13:54:25] Number of theorems with exactly 20 proof(s): 2
[2018-01-27 13:54:25] Number of theorems with exactly 21 proof(s): 3
[2018-01-27 13:54:25] Number of theorems with exactly 22 proof(s): 1
[2018-01-27 13:54:25] Number of theorems with exactly 23 proof(s): 2
[2018-01-27 13:54:25] Number of theorems with exactly 27 proof(s): 1
[2018-01-27 13:54:25] Number of theorems with exactly 29 proof(s): 1
[2018-01-27 13:54:25] Average number of proofs per theorem: 4.156
[2018-01-27 13:54:25] Average number of premises used in a proof: 8.787
[2018-01-27 13:54:26] Theorems with maximal number of proofs found: ['t174_funct_1']
[2018-01-27 13:54:27] Distribution of lengths of proofs for theorem t174_funct_1: [7, 20, 8, 12, 6, 7, 7, 11, 8, 11, 8, 14, 7, 8, 14, 12, 6, 14, 9, 10, 6, 12, 8, 15, 15, 6, 14, 16, 13]
[2018-01-27 13:54:27] ITERATION: 9
[2018-01-27 13:54:27] Transforming proofs of 1069 theorems to training data...
[2018-01-27 13:54:27]     Number of features used: 10241 / 10241
[2018-01-27 13:54:27]     Mode of combining theorems and premises to examples: merge_mode=concat
[2018-01-27 13:54:27]     Negatives to positive ratio: 16
[2018-01-27 13:54:27]     Negative mining:
[2018-01-27 13:54:27]         Level of negative mining: all
[2018-01-27 13:54:27]         Part of theorems for negative mining: 0.5
[2018-01-27 13:56:13] Transformation finished.
[2018-01-27 13:56:13] Training of xgboost model started...
[2018-01-27 16:45:02] Training finished.
[2018-01-27 16:45:02] Creating rankings of premises from the trained model for 1342 theorems...
[2018-01-27 16:50:48] Rankings created.
[2018-01-27 16:50:48] ATP evaluation started...
[2018-01-27 17:33:52]     Number of proved theorems: 1056
[2018-01-27 17:33:52]     Percentage of proved theorems: 78.69%
[2018-01-27 17:33:52] Number of all theorems with proof(s): 1078
[2018-01-27 17:33:52] Number of all proofs: 4581
[2018-01-27 17:33:53] Number of theorems with exactly 1 proof(s): 293
[2018-01-27 17:33:53] Number of theorems with exactly 2 proof(s): 186
[2018-01-27 17:33:53] Number of theorems with exactly 3 proof(s): 159
[2018-01-27 17:33:53] Number of theorems with exactly 4 proof(s): 101
[2018-01-27 17:33:53] Number of theorems with exactly 5 proof(s): 71
[2018-01-27 17:33:53] Number of theorems with exactly 6 proof(s): 65
[2018-01-27 17:33:53] Number of theorems with exactly 7 proof(s): 37
[2018-01-27 17:33:53] Number of theorems with exactly 8 proof(s): 29
[2018-01-27 17:33:53] Number of theorems with exactly 9 proof(s): 29
[2018-01-27 17:33:53] Number of theorems with exactly 10 proof(s): 22
[2018-01-27 17:33:53] Number of theorems with exactly 11 proof(s): 12
[2018-01-27 17:33:53] Number of theorems with exactly 12 proof(s): 20
[2018-01-27 17:33:53] Number of theorems with exactly 13 proof(s): 9
[2018-01-27 17:33:53] Number of theorems with exactly 14 proof(s): 5
[2018-01-27 17:33:53] Number of theorems with exactly 15 proof(s): 5
[2018-01-27 17:33:53] Number of theorems with exactly 16 proof(s): 3
[2018-01-27 17:33:53] Number of theorems with exactly 17 proof(s): 8
[2018-01-27 17:33:53] Number of theorems with exactly 18 proof(s): 5
[2018-01-27 17:33:53] Number of theorems with exactly 19 proof(s): 4
[2018-01-27 17:33:53] Number of theorems with exactly 20 proof(s): 5
[2018-01-27 17:33:53] Number of theorems with exactly 21 proof(s): 4
[2018-01-27 17:33:53] Number of theorems with exactly 22 proof(s): 1
[2018-01-27 17:33:53] Number of theorems with exactly 23 proof(s): 2
[2018-01-27 17:33:53] Number of theorems with exactly 24 proof(s): 1
[2018-01-27 17:33:53] Number of theorems with exactly 29 proof(s): 2
[2018-01-27 17:33:53] Average number of proofs per theorem: 4.250
[2018-01-27 17:33:53] Average number of premises used in a proof: 8.845
[2018-01-27 17:33:54] Theorems with maximal number of proofs found: ['t49_zfmisc_1', 't174_funct_1']
[2018-01-27 17:33:55] Distribution of lengths of proofs for theorem t49_zfmisc_1: [21, 14, 19, 21, 15, 12, 18, 21, 18, 24, 16, 18, 21, 22, 16, 20, 23, 19, 22, 19, 16, 18, 22, 19, 18, 21, 20, 17, 21]
[2018-01-27 17:33:55] ITERATION: 10
[2018-01-27 17:33:55] Transforming proofs of 1078 theorems to training data...
[2018-01-27 17:33:55]     Number of features used: 10241 / 10241
[2018-01-27 17:33:55]     Mode of combining theorems and premises to examples: merge_mode=concat
[2018-01-27 17:33:55]     Negatives to positive ratio: 16
[2018-01-27 17:33:55]     Negative mining:
[2018-01-27 17:33:55]         Level of negative mining: all
[2018-01-27 17:33:55]         Part of theorems for negative mining: 0.5
[2018-01-27 17:36:11] Transformation finished.
[2018-01-27 17:36:11] Training of xgboost model started...
[2018-01-27 20:30:01] Training finished.
[2018-01-27 20:30:01] Creating rankings of premises from the trained model for 1342 theorems...
[2018-01-27 20:34:07] Rankings created.
[2018-01-27 20:34:07] ATP evaluation started...
[2018-01-27 21:11:10]     Number of proved theorems: 1061
[2018-01-27 21:11:10]     Percentage of proved theorems: 79.06%
[2018-01-27 21:11:10] Number of all theorems with proof(s): 1081
[2018-01-27 21:11:10] Number of all proofs: 4738
[2018-01-27 21:11:10] Number of theorems with exactly 1 proof(s): 286
[2018-01-27 21:11:10] Number of theorems with exactly 2 proof(s): 187
[2018-01-27 21:11:10] Number of theorems with exactly 3 proof(s): 157
[2018-01-27 21:11:10] Number of theorems with exactly 4 proof(s): 101
[2018-01-27 21:11:10] Number of theorems with exactly 5 proof(s): 74
[2018-01-27 21:11:10] Number of theorems with exactly 6 proof(s): 62
[2018-01-27 21:11:10] Number of theorems with exactly 7 proof(s): 45
[2018-01-27 21:11:10] Number of theorems with exactly 8 proof(s): 24
[2018-01-27 21:11:10] Number of theorems with exactly 9 proof(s): 28
[2018-01-27 21:11:10] Number of theorems with exactly 10 proof(s): 24
[2018-01-27 21:11:10] Number of theorems with exactly 11 proof(s): 12
[2018-01-27 21:11:10] Number of theorems with exactly 12 proof(s): 17
[2018-01-27 21:11:10] Number of theorems with exactly 13 proof(s): 10
[2018-01-27 21:11:10] Number of theorems with exactly 14 proof(s): 12
[2018-01-27 21:11:10] Number of theorems with exactly 15 proof(s): 4
[2018-01-27 21:11:10] Number of theorems with exactly 16 proof(s): 5
[2018-01-27 21:11:10] Number of theorems with exactly 17 proof(s): 5
[2018-01-27 21:11:10] Number of theorems with exactly 18 proof(s): 4
[2018-01-27 21:11:10] Number of theorems with exactly 19 proof(s): 2
[2018-01-27 21:11:10] Number of theorems with exactly 20 proof(s): 7
[2018-01-27 21:11:10] Number of theorems with exactly 21 proof(s): 2
[2018-01-27 21:11:10] Number of theorems with exactly 22 proof(s): 5
[2018-01-27 21:11:10] Number of theorems with exactly 23 proof(s): 4
[2018-01-27 21:11:10] Number of theorems with exactly 24 proof(s): 1
[2018-01-27 21:11:10] Number of theorems with exactly 26 proof(s): 1
[2018-01-27 21:11:10] Number of theorems with exactly 29 proof(s): 1
[2018-01-27 21:11:10] Number of theorems with exactly 30 proof(s): 1
[2018-01-27 21:11:10] Average number of proofs per theorem: 4.383
[2018-01-27 21:11:10] Average number of premises used in a proof: 8.924
[2018-01-27 21:11:11] Theorems with maximal number of proofs found: ['t49_zfmisc_1']
[2018-01-27 21:11:13] Distribution of lengths of proofs for theorem t49_zfmisc_1: [21, 14, 19, 21, 15, 12, 18, 21, 18, 24, 16, 18, 21, 22, 16, 20, 23, 19, 22, 19, 16, 18, 22, 19, 18, 21, 20, 17, 21, 19]
[2018-01-27 21:11:13] ITERATION: 11
[2018-01-27 21:11:13] Transforming proofs of 1081 theorems to training data...
[2018-01-27 21:11:13]     Number of features used: 10241 / 10241
[2018-01-27 21:11:13]     Mode of combining theorems and premises to examples: merge_mode=concat
[2018-01-27 21:11:13]     Negatives to positive ratio: 16
[2018-01-27 21:11:13]     Negative mining:
[2018-01-27 21:11:13]         Level of negative mining: all
[2018-01-27 21:11:13]         Part of theorems for negative mining: 0.5
[2018-01-27 21:13:47] Transformation finished.
[2018-01-27 21:13:47] Training of xgboost model started...
[2018-01-27 23:58:09] Training finished.
[2018-01-27 23:58:09] Creating rankings of premises from the trained model for 1342 theorems...
[2018-01-28 00:02:42] Rankings created.
[2018-01-28 00:02:42] ATP evaluation started...
[2018-01-28 00:43:27]     Number of proved theorems: 1066
[2018-01-28 00:43:27]     Percentage of proved theorems: 79.43%
[2018-01-28 00:43:28] Number of all theorems with proof(s): 1088
[2018-01-28 00:43:28] Number of all proofs: 4884
[2018-01-28 00:43:28] Number of theorems with exactly 1 proof(s): 288
[2018-01-28 00:43:28] Number of theorems with exactly 2 proof(s): 181
[2018-01-28 00:43:28] Number of theorems with exactly 3 proof(s): 156
[2018-01-28 00:43:28] Number of theorems with exactly 4 proof(s): 108
[2018-01-28 00:43:28] Number of theorems with exactly 5 proof(s): 70
[2018-01-28 00:43:28] Number of theorems with exactly 6 proof(s): 61
[2018-01-28 00:43:28] Number of theorems with exactly 7 proof(s): 45
[2018-01-28 00:43:28] Number of theorems with exactly 8 proof(s): 26
[2018-01-28 00:43:28] Number of theorems with exactly 9 proof(s): 31
[2018-01-28 00:43:28] Number of theorems with exactly 10 proof(s): 16
[2018-01-28 00:43:28] Number of theorems with exactly 11 proof(s): 17
[2018-01-28 00:43:28] Number of theorems with exactly 12 proof(s): 21
[2018-01-28 00:43:28] Number of theorems with exactly 13 proof(s): 12
[2018-01-28 00:43:28] Number of theorems with exactly 14 proof(s): 12
[2018-01-28 00:43:28] Number of theorems with exactly 15 proof(s): 6
[2018-01-28 00:43:28] Number of theorems with exactly 16 proof(s): 3
[2018-01-28 00:43:28] Number of theorems with exactly 17 proof(s): 2
[2018-01-28 00:43:28] Number of theorems with exactly 18 proof(s): 8
[2018-01-28 00:43:28] Number of theorems with exactly 19 proof(s): 1
[2018-01-28 00:43:28] Number of theorems with exactly 20 proof(s): 2
[2018-01-28 00:43:28] Number of theorems with exactly 21 proof(s): 5
[2018-01-28 00:43:28] Number of theorems with exactly 22 proof(s): 6
[2018-01-28 00:43:28] Number of theorems with exactly 23 proof(s): 2
[2018-01-28 00:43:28] Number of theorems with exactly 24 proof(s): 3
[2018-01-28 00:43:28] Number of theorems with exactly 25 proof(s): 3
[2018-01-28 00:43:28] Number of theorems with exactly 27 proof(s): 1
[2018-01-28 00:43:28] Number of theorems with exactly 30 proof(s): 1
[2018-01-28 00:43:28] Number of theorems with exactly 31 proof(s): 1
[2018-01-28 00:43:28] Average number of proofs per theorem: 4.489
[2018-01-28 00:43:28] Average number of premises used in a proof: 9.008
[2018-01-28 00:43:28] Theorems with maximal number of proofs found: ['t49_zfmisc_1']
[2018-01-28 00:43:29] Distribution of lengths of proofs for theorem t49_zfmisc_1: [21, 14, 19, 21, 15, 12, 18, 21, 18, 24, 16, 18, 21, 22, 16, 20, 23, 19, 22, 19, 16, 18, 22, 19, 18, 21, 20, 17, 21, 19, 19]
[2018-01-28 00:43:30] ITERATION: 12
[2018-01-28 00:43:30] Transforming proofs of 1088 theorems to training data...
[2018-01-28 00:43:30]     Number of features used: 10241 / 10241
[2018-01-28 00:43:30]     Mode of combining theorems and premises to examples: merge_mode=concat
[2018-01-28 00:43:30]     Negatives to positive ratio: 16
[2018-01-28 00:43:30]     Negative mining:
[2018-01-28 00:43:30]         Level of negative mining: all
[2018-01-28 00:43:30]         Part of theorems for negative mining: 0.5
[2018-01-28 00:45:12] Transformation finished.
[2018-01-28 00:45:12] Training of xgboost model started...
[2018-01-28 03:22:31] Training finished.
[2018-01-28 03:22:31] Creating rankings of premises from the trained model for 1342 theorems...
[2018-01-28 03:26:36] Rankings created.
[2018-01-28 03:26:36] ATP evaluation started...
[2018-01-28 04:21:36]     Number of proved theorems: 1071
[2018-01-28 04:21:36]     Percentage of proved theorems: 79.81%
[2018-01-28 04:21:36] Number of all theorems with proof(s): 1095
[2018-01-28 04:21:36] Number of all proofs: 5038
[2018-01-28 04:21:36] Number of theorems with exactly 1 proof(s): 285
[2018-01-28 04:21:36] Number of theorems with exactly 2 proof(s): 183
[2018-01-28 04:21:36] Number of theorems with exactly 3 proof(s): 151
[2018-01-28 04:21:36] Number of theorems with exactly 4 proof(s): 104
[2018-01-28 04:21:36] Number of theorems with exactly 5 proof(s): 76
[2018-01-28 04:21:36] Number of theorems with exactly 6 proof(s): 70
[2018-01-28 04:21:36] Number of theorems with exactly 7 proof(s): 44
[2018-01-28 04:21:36] Number of theorems with exactly 8 proof(s): 23
[2018-01-28 04:21:36] Number of theorems with exactly 9 proof(s): 29
[2018-01-28 04:21:36] Number of theorems with exactly 10 proof(s): 17
[2018-01-28 04:21:36] Number of theorems with exactly 11 proof(s): 19
[2018-01-28 04:21:36] Number of theorems with exactly 12 proof(s): 20
[2018-01-28 04:21:36] Number of theorems with exactly 13 proof(s): 11
[2018-01-28 04:21:36] Number of theorems with exactly 14 proof(s): 12
[2018-01-28 04:21:36] Number of theorems with exactly 15 proof(s): 7
[2018-01-28 04:21:36] Number of theorems with exactly 16 proof(s): 6
[2018-01-28 04:21:36] Number of theorems with exactly 17 proof(s): 3
[2018-01-28 04:21:36] Number of theorems with exactly 18 proof(s): 5
[2018-01-28 04:21:36] Number of theorems with exactly 19 proof(s): 5
[2018-01-28 04:21:36] Number of theorems with exactly 20 proof(s): 3
[2018-01-28 04:21:36] Number of theorems with exactly 21 proof(s): 1
[2018-01-28 04:21:36] Number of theorems with exactly 22 proof(s): 3
[2018-01-28 04:21:36] Number of theorems with exactly 23 proof(s): 6
[2018-01-28 04:21:36] Number of theorems with exactly 24 proof(s): 3
[2018-01-28 04:21:36] Number of theorems with exactly 25 proof(s): 5
[2018-01-28 04:21:36] Number of theorems with exactly 26 proof(s): 1
[2018-01-28 04:21:36] Number of theorems with exactly 28 proof(s): 1
[2018-01-28 04:21:36] Number of theorems with exactly 30 proof(s): 1
[2018-01-28 04:21:36] Number of theorems with exactly 32 proof(s): 1
[2018-01-28 04:21:36] Average number of proofs per theorem: 4.601
[2018-01-28 04:21:36] Average number of premises used in a proof: 9.059
[2018-01-28 04:21:37] Theorems with maximal number of proofs found: ['t49_zfmisc_1']
[2018-01-28 04:21:38] Distribution of lengths of proofs for theorem t49_zfmisc_1: [21, 14, 19, 21, 15, 12, 18, 21, 18, 24, 16, 18, 21, 22, 16, 20, 23, 19, 22, 19, 16, 18, 22, 19, 18, 21, 20, 17, 21, 19, 19, 19]
[2018-01-28 04:21:38] ITERATION: 13
[2018-01-28 04:21:38] Transforming proofs of 1095 theorems to training data...
[2018-01-28 04:21:38]     Number of features used: 10241 / 10241
[2018-01-28 04:21:38]     Mode of combining theorems and premises to examples: merge_mode=concat
[2018-01-28 04:21:38]     Negatives to positive ratio: 16
[2018-01-28 04:21:38]     Negative mining:
[2018-01-28 04:21:38]         Level of negative mining: all
[2018-01-28 04:21:38]         Part of theorems for negative mining: 0.5
[2018-01-28 04:23:28] Transformation finished.
[2018-01-28 04:23:28] Training of xgboost model started...
[2018-01-28 06:50:20] Training finished.
[2018-01-28 06:50:20] Creating rankings of premises from the trained model for 1342 theorems...
[2018-01-28 06:53:37] Rankings created.
[2018-01-28 06:53:37] ATP evaluation started...
[2018-01-28 07:20:42]     Number of proved theorems: 1072
[2018-01-28 07:20:42]     Percentage of proved theorems: 79.88%
[2018-01-28 07:20:42] Number of all theorems with proof(s): 1099
[2018-01-28 07:20:42] Number of all proofs: 5205
[2018-01-28 07:20:42] Number of theorems with exactly 1 proof(s): 282
[2018-01-28 07:20:42] Number of theorems with exactly 2 proof(s): 183
[2018-01-28 07:20:42] Number of theorems with exactly 3 proof(s): 145
[2018-01-28 07:20:42] Number of theorems with exactly 4 proof(s): 105
[2018-01-28 07:20:42] Number of theorems with exactly 5 proof(s): 81
[2018-01-28 07:20:42] Number of theorems with exactly 6 proof(s): 59
[2018-01-28 07:20:42] Number of theorems with exactly 7 proof(s): 54
[2018-01-28 07:20:42] Number of theorems with exactly 8 proof(s): 25
[2018-01-28 07:20:42] Number of theorems with exactly 9 proof(s): 30
[2018-01-28 07:20:42] Number of theorems with exactly 10 proof(s): 14
[2018-01-28 07:20:42] Number of theorems with exactly 11 proof(s): 20
[2018-01-28 07:20:42] Number of theorems with exactly 12 proof(s): 20
[2018-01-28 07:20:42] Number of theorems with exactly 13 proof(s): 11
[2018-01-28 07:20:42] Number of theorems with exactly 14 proof(s): 12
[2018-01-28 07:20:42] Number of theorems with exactly 15 proof(s): 9
[2018-01-28 07:20:42] Number of theorems with exactly 16 proof(s): 8
[2018-01-28 07:20:42] Number of theorems with exactly 17 proof(s): 4
[2018-01-28 07:20:42] Number of theorems with exactly 18 proof(s): 4
[2018-01-28 07:20:42] Number of theorems with exactly 19 proof(s): 4
[2018-01-28 07:20:42] Number of theorems with exactly 20 proof(s): 2
[2018-01-28 07:20:42] Number of theorems with exactly 21 proof(s): 4
[2018-01-28 07:20:42] Number of theorems with exactly 22 proof(s): 3
[2018-01-28 07:20:42] Number of theorems with exactly 23 proof(s): 3
[2018-01-28 07:20:42] Number of theorems with exactly 24 proof(s): 3
[2018-01-28 07:20:42] Number of theorems with exactly 25 proof(s): 6
[2018-01-28 07:20:42] Number of theorems with exactly 26 proof(s): 4
[2018-01-28 07:20:42] Number of theorems with exactly 27 proof(s): 1
[2018-01-28 07:20:42] Number of theorems with exactly 28 proof(s): 1
[2018-01-28 07:20:42] Number of theorems with exactly 31 proof(s): 1
[2018-01-28 07:20:42] Number of theorems with exactly 34 proof(s): 1
[2018-01-28 07:20:42] Average number of proofs per theorem: 4.736
[2018-01-28 07:20:43] Average number of premises used in a proof: 9.124
[2018-01-28 07:20:43] Theorems with maximal number of proofs found: ['t49_zfmisc_1']
[2018-01-28 07:20:44] Distribution of lengths of proofs for theorem t49_zfmisc_1: [21, 14, 19, 21, 15, 12, 18, 21, 18, 24, 16, 18, 21, 22, 16, 20, 23, 19, 22, 19, 16, 18, 22, 19, 18, 21, 20, 17, 21, 19, 19, 19, 19, 21]
[2018-01-28 07:20:44] ITERATION: 14
[2018-01-28 07:20:44] Transforming proofs of 1099 theorems to training data...
[2018-01-28 07:20:44]     Number of features used: 10241 / 10241
[2018-01-28 07:20:44]     Mode of combining theorems and premises to examples: merge_mode=concat
[2018-01-28 07:20:44]     Negatives to positive ratio: 16
[2018-01-28 07:20:44]     Negative mining:
[2018-01-28 07:20:44]         Level of negative mining: all
[2018-01-28 07:20:44]         Part of theorems for negative mining: 0.5
[2018-01-28 07:22:34] Transformation finished.
[2018-01-28 07:22:34] Training of xgboost model started...
[2018-01-28 10:01:11] Training finished.
[2018-01-28 10:01:11] Creating rankings of premises from the trained model for 1342 theorems...
[2018-01-28 10:04:07] Rankings created.
[2018-01-28 10:04:07] ATP evaluation started...
[2018-01-28 10:31:10]     Number of proved theorems: 1071
[2018-01-28 10:31:10]     Percentage of proved theorems: 79.81%
[2018-01-28 10:31:11] Number of all theorems with proof(s): 1101
[2018-01-28 10:31:11] Number of all proofs: 5322
[2018-01-28 10:31:11] Number of theorems with exactly 1 proof(s): 280
[2018-01-28 10:31:11] Number of theorems with exactly 2 proof(s): 181
[2018-01-28 10:31:11] Number of theorems with exactly 3 proof(s): 142
[2018-01-28 10:31:11] Number of theorems with exactly 4 proof(s): 107
[2018-01-28 10:31:11] Number of theorems with exactly 5 proof(s): 83
[2018-01-28 10:31:11] Number of theorems with exactly 6 proof(s): 59
[2018-01-28 10:31:11] Number of theorems with exactly 7 proof(s): 52
[2018-01-28 10:31:11] Number of theorems with exactly 8 proof(s): 28
[2018-01-28 10:31:11] Number of theorems with exactly 9 proof(s): 29
[2018-01-28 10:31:11] Number of theorems with exactly 10 proof(s): 17
[2018-01-28 10:31:11] Number of theorems with exactly 11 proof(s): 15
[2018-01-28 10:31:11] Number of theorems with exactly 12 proof(s): 17
[2018-01-28 10:31:11] Number of theorems with exactly 13 proof(s): 18
[2018-01-28 10:31:11] Number of theorems with exactly 14 proof(s): 11
[2018-01-28 10:31:11] Number of theorems with exactly 15 proof(s): 8
[2018-01-28 10:31:11] Number of theorems with exactly 16 proof(s): 8
[2018-01-28 10:31:11] Number of theorems with exactly 17 proof(s): 4
[2018-01-28 10:31:11] Number of theorems with exactly 18 proof(s): 7
[2018-01-28 10:31:11] Number of theorems with exactly 19 proof(s): 5
[2018-01-28 10:31:11] Number of theorems with exactly 20 proof(s): 1
[2018-01-28 10:31:11] Number of theorems with exactly 21 proof(s): 5
[2018-01-28 10:31:11] Number of theorems with exactly 22 proof(s): 2
[2018-01-28 10:31:11] Number of theorems with exactly 23 proof(s): 2
[2018-01-28 10:31:11] Number of theorems with exactly 24 proof(s): 5
[2018-01-28 10:31:11] Number of theorems with exactly 25 proof(s): 4
[2018-01-28 10:31:11] Number of theorems with exactly 26 proof(s): 3
[2018-01-28 10:31:11] Number of theorems with exactly 27 proof(s): 3
[2018-01-28 10:31:11] Number of theorems with exactly 28 proof(s): 2
[2018-01-28 10:31:11] Number of theorems with exactly 29 proof(s): 1
[2018-01-28 10:31:11] Number of theorems with exactly 31 proof(s): 1
[2018-01-28 10:31:11] Number of theorems with exactly 34 proof(s): 1
[2018-01-28 10:31:11] Average number of proofs per theorem: 4.834
[2018-01-28 10:31:11] Average number of premises used in a proof: 9.177
[2018-01-28 10:31:12] Theorems with maximal number of proofs found: ['t49_zfmisc_1']
[2018-01-28 10:31:13] Distribution of lengths of proofs for theorem t49_zfmisc_1: [21, 14, 19, 21, 15, 12, 18, 21, 18, 24, 16, 18, 21, 22, 16, 20, 23, 19, 22, 19, 16, 18, 22, 19, 18, 21, 20, 17, 21, 19, 19, 19, 19, 21]
[2018-01-28 10:31:13] ITERATION: 15
[2018-01-28 10:31:13] Transforming proofs of 1101 theorems to training data...
[2018-01-28 10:31:13]     Number of features used: 10241 / 10241
[2018-01-28 10:31:13]     Mode of combining theorems and premises to examples: merge_mode=concat
[2018-01-28 10:31:13]     Negatives to positive ratio: 16
[2018-01-28 10:31:13]     Negative mining:
[2018-01-28 10:31:13]         Level of negative mining: all
[2018-01-28 10:31:13]         Part of theorems for negative mining: 0.5
[2018-01-28 10:32:55] Transformation finished.
[2018-01-28 10:32:55] Training of xgboost model started...
[2018-01-28 12:55:31] Training finished.
[2018-01-28 12:55:31] Creating rankings of premises from the trained model for 1342 theorems...
[2018-01-28 12:59:47] Rankings created.
[2018-01-28 12:59:47] ATP evaluation started...
[2018-01-28 13:45:42]     Number of proved theorems: 1080
[2018-01-28 13:45:42]     Percentage of proved theorems: 80.48%
[2018-01-28 13:45:42] Number of all theorems with proof(s): 1107
[2018-01-28 13:45:42] Number of all proofs: 5437
[2018-01-28 13:45:42] Number of theorems with exactly 1 proof(s): 280
[2018-01-28 13:45:42] Number of theorems with exactly 2 proof(s): 184
[2018-01-28 13:45:42] Number of theorems with exactly 3 proof(s): 142
[2018-01-28 13:45:42] Number of theorems with exactly 4 proof(s): 105
[2018-01-28 13:45:42] Number of theorems with exactly 5 proof(s): 81
[2018-01-28 13:45:42] Number of theorems with exactly 6 proof(s): 60
[2018-01-28 13:45:42] Number of theorems with exactly 7 proof(s): 52
[2018-01-28 13:45:42] Number of theorems with exactly 8 proof(s): 26
[2018-01-28 13:45:42] Number of theorems with exactly 9 proof(s): 31
[2018-01-28 13:45:42] Number of theorems with exactly 10 proof(s): 18
[2018-01-28 13:45:42] Number of theorems with exactly 11 proof(s): 15
[2018-01-28 13:45:42] Number of theorems with exactly 12 proof(s): 19
[2018-01-28 13:45:42] Number of theorems with exactly 13 proof(s): 18
[2018-01-28 13:45:42] Number of theorems with exactly 14 proof(s): 11
[2018-01-28 13:45:42] Number of theorems with exactly 15 proof(s): 11
[2018-01-28 13:45:42] Number of theorems with exactly 16 proof(s): 3
[2018-01-28 13:45:42] Number of theorems with exactly 17 proof(s): 6
[2018-01-28 13:45:42] Number of theorems with exactly 18 proof(s): 7
[2018-01-28 13:45:42] Number of theorems with exactly 19 proof(s): 5
[2018-01-28 13:45:42] Number of theorems with exactly 20 proof(s): 2
[2018-01-28 13:45:42] Number of theorems with exactly 21 proof(s): 5
[2018-01-28 13:45:42] Number of theorems with exactly 22 proof(s): 2
[2018-01-28 13:45:42] Number of theorems with exactly 23 proof(s): 2
[2018-01-28 13:45:42] Number of theorems with exactly 24 proof(s): 5
[2018-01-28 13:45:42] Number of theorems with exactly 25 proof(s): 4
[2018-01-28 13:45:42] Number of theorems with exactly 26 proof(s): 3
[2018-01-28 13:45:42] Number of theorems with exactly 27 proof(s): 1
[2018-01-28 13:45:42] Number of theorems with exactly 28 proof(s): 3
[2018-01-28 13:45:42] Number of theorems with exactly 29 proof(s): 2
[2018-01-28 13:45:42] Number of theorems with exactly 30 proof(s): 1
[2018-01-28 13:45:42] Number of theorems with exactly 31 proof(s): 1
[2018-01-28 13:45:42] Number of theorems with exactly 32 proof(s): 1
[2018-01-28 13:45:42] Number of theorems with exactly 35 proof(s): 1
[2018-01-28 13:45:42] Average number of proofs per theorem: 4.911
[2018-01-28 13:45:42] Average number of premises used in a proof: 9.218
[2018-01-28 13:45:43] Theorems with maximal number of proofs found: ['t49_zfmisc_1']
[2018-01-28 13:45:44] Distribution of lengths of proofs for theorem t49_zfmisc_1: [21, 14, 19, 21, 15, 12, 18, 21, 18, 24, 16, 18, 21, 22, 16, 20, 23, 19, 22, 19, 16, 18, 22, 19, 18, 21, 20, 17, 21, 19, 19, 19, 19, 19, 19]
[2018-01-28 13:45:44] ITERATION: 16
[2018-01-28 13:45:44] Transforming proofs of 1107 theorems to training data...
[2018-01-28 13:45:44]     Number of features used: 10241 / 10241
[2018-01-28 13:45:44]     Mode of combining theorems and premises to examples: merge_mode=concat
[2018-01-28 13:45:44]     Negatives to positive ratio: 16
[2018-01-28 13:45:44]     Negative mining:
[2018-01-28 13:45:44]         Level of negative mining: all
[2018-01-28 13:45:44]         Part of theorems for negative mining: 0.5
[2018-01-28 13:47:27] Transformation finished.
[2018-01-28 13:47:27] Training of xgboost model started...
[2018-01-28 16:16:56] Training finished.
[2018-01-28 16:16:56] Creating rankings of premises from the trained model for 1342 theorems...
[2018-01-28 16:19:54] Rankings created.
[2018-01-28 16:19:54] ATP evaluation started...
[2018-01-28 17:03:38]     Number of proved theorems: 1087
[2018-01-28 17:03:38]     Percentage of proved theorems: 81.00%
[2018-01-28 17:03:38] Number of all theorems with proof(s): 1110
[2018-01-28 17:03:38] Number of all proofs: 5558
[2018-01-28 17:03:38] Number of theorems with exactly 1 proof(s): 274
[2018-01-28 17:03:38] Number of theorems with exactly 2 proof(s): 185
[2018-01-28 17:03:38] Number of theorems with exactly 3 proof(s): 148
[2018-01-28 17:03:38] Number of theorems with exactly 4 proof(s): 97
[2018-01-28 17:03:38] Number of theorems with exactly 5 proof(s): 83
[2018-01-28 17:03:38] Number of theorems with exactly 6 proof(s): 65
[2018-01-28 17:03:38] Number of theorems with exactly 7 proof(s): 44
[2018-01-28 17:03:38] Number of theorems with exactly 8 proof(s): 29
[2018-01-28 17:03:38] Number of theorems with exactly 9 proof(s): 32
[2018-01-28 17:03:38] Number of theorems with exactly 10 proof(s): 22
[2018-01-28 17:03:38] Number of theorems with exactly 11 proof(s): 16
[2018-01-28 17:03:38] Number of theorems with exactly 12 proof(s): 16
[2018-01-28 17:03:38] Number of theorems with exactly 13 proof(s): 17
[2018-01-28 17:03:38] Number of theorems with exactly 14 proof(s): 11
[2018-01-28 17:03:38] Number of theorems with exactly 15 proof(s): 15
[2018-01-28 17:03:38] Number of theorems with exactly 16 proof(s): 4
[2018-01-28 17:03:38] Number of theorems with exactly 17 proof(s): 6
[2018-01-28 17:03:38] Number of theorems with exactly 18 proof(s): 5
[2018-01-28 17:03:38] Number of theorems with exactly 19 proof(s): 5
[2018-01-28 17:03:38] Number of theorems with exactly 20 proof(s): 5
[2018-01-28 17:03:38] Number of theorems with exactly 21 proof(s): 4
[2018-01-28 17:03:38] Number of theorems with exactly 22 proof(s): 2
[2018-01-28 17:03:38] Number of theorems with exactly 23 proof(s): 2
[2018-01-28 17:03:38] Number of theorems with exactly 24 proof(s): 4
[2018-01-28 17:03:38] Number of theorems with exactly 25 proof(s): 3
[2018-01-28 17:03:38] Number of theorems with exactly 26 proof(s): 4
[2018-01-28 17:03:38] Number of theorems with exactly 27 proof(s): 2
[2018-01-28 17:03:38] Number of theorems with exactly 28 proof(s): 3
[2018-01-28 17:03:38] Number of theorems with exactly 29 proof(s): 1
[2018-01-28 17:03:38] Number of theorems with exactly 30 proof(s): 1
[2018-01-28 17:03:38] Number of theorems with exactly 31 proof(s): 1
[2018-01-28 17:03:38] Number of theorems with exactly 32 proof(s): 3
[2018-01-28 17:03:38] Number of theorems with exactly 37 proof(s): 1
[2018-01-28 17:03:38] Average number of proofs per theorem: 5.007
[2018-01-28 17:03:38] Average number of premises used in a proof: 9.267
[2018-01-28 17:03:39] Theorems with maximal number of proofs found: ['t49_zfmisc_1']
[2018-01-28 17:03:40] Distribution of lengths of proofs for theorem t49_zfmisc_1: [21, 14, 19, 21, 15, 12, 18, 21, 18, 24, 16, 18, 21, 22, 16, 20, 23, 19, 22, 19, 16, 18, 22, 19, 18, 21, 20, 17, 21, 19, 19, 19, 19, 19, 19, 21, 18]
[2018-01-28 17:03:40] ITERATION: 17
[2018-01-28 17:03:40] Transforming proofs of 1110 theorems to training data...
[2018-01-28 17:03:40]     Number of features used: 10241 / 10241
[2018-01-28 17:03:40]     Mode of combining theorems and premises to examples: merge_mode=concat
[2018-01-28 17:03:40]     Negatives to positive ratio: 16
[2018-01-28 17:03:40]     Negative mining:
[2018-01-28 17:03:40]         Level of negative mining: all
[2018-01-28 17:03:40]         Part of theorems for negative mining: 0.5
[2018-01-28 17:05:29] Transformation finished.
[2018-01-28 17:05:29] Training of xgboost model started...
[2018-01-28 19:52:27] Training finished.
[2018-01-28 19:52:27] Creating rankings of premises from the trained model for 1342 theorems...
[2018-01-28 19:55:26] Rankings created.
[2018-01-28 19:55:26] ATP evaluation started...
[2018-01-28 20:21:56]     Number of proved theorems: 1087
[2018-01-28 20:21:56]     Percentage of proved theorems: 81.00%
[2018-01-28 20:21:56] Number of all theorems with proof(s): 1115
[2018-01-28 20:21:56] Number of all proofs: 5658
[2018-01-28 20:21:56] Number of theorems with exactly 1 proof(s): 275
[2018-01-28 20:21:56] Number of theorems with exactly 2 proof(s): 183
[2018-01-28 20:21:56] Number of theorems with exactly 3 proof(s): 150
[2018-01-28 20:21:56] Number of theorems with exactly 4 proof(s): 98
[2018-01-28 20:21:56] Number of theorems with exactly 5 proof(s): 78
[2018-01-28 20:21:56] Number of theorems with exactly 6 proof(s): 66
[2018-01-28 20:21:56] Number of theorems with exactly 7 proof(s): 46
[2018-01-28 20:21:56] Number of theorems with exactly 8 proof(s): 28
[2018-01-28 20:21:56] Number of theorems with exactly 9 proof(s): 36
[2018-01-28 20:21:56] Number of theorems with exactly 10 proof(s): 19
[2018-01-28 20:21:56] Number of theorems with exactly 11 proof(s): 17
[2018-01-28 20:21:56] Number of theorems with exactly 12 proof(s): 16
[2018-01-28 20:21:56] Number of theorems with exactly 13 proof(s): 18
[2018-01-28 20:21:56] Number of theorems with exactly 14 proof(s): 11
[2018-01-28 20:21:56] Number of theorems with exactly 15 proof(s): 12
[2018-01-28 20:21:56] Number of theorems with exactly 16 proof(s): 9
[2018-01-28 20:21:56] Number of theorems with exactly 17 proof(s): 4
[2018-01-28 20:21:56] Number of theorems with exactly 18 proof(s): 4
[2018-01-28 20:21:56] Number of theorems with exactly 19 proof(s): 8
[2018-01-28 20:21:56] Number of theorems with exactly 20 proof(s): 3
[2018-01-28 20:21:56] Number of theorems with exactly 21 proof(s): 5
[2018-01-28 20:21:56] Number of theorems with exactly 22 proof(s): 4
[2018-01-28 20:21:56] Number of theorems with exactly 23 proof(s): 2
[2018-01-28 20:21:56] Number of theorems with exactly 24 proof(s): 3
[2018-01-28 20:21:56] Number of theorems with exactly 25 proof(s): 2
[2018-01-28 20:21:56] Number of theorems with exactly 26 proof(s): 4
[2018-01-28 20:21:56] Number of theorems with exactly 27 proof(s): 2
[2018-01-28 20:21:56] Number of theorems with exactly 28 proof(s): 4
[2018-01-28 20:21:56] Number of theorems with exactly 29 proof(s): 2
[2018-01-28 20:21:56] Number of theorems with exactly 30 proof(s): 1
[2018-01-28 20:21:56] Number of theorems with exactly 32 proof(s): 3
[2018-01-28 20:21:56] Number of theorems with exactly 33 proof(s): 1
[2018-01-28 20:21:56] Number of theorems with exactly 38 proof(s): 1
[2018-01-28 20:21:56] Average number of proofs per theorem: 5.074
[2018-01-28 20:21:56] Average number of premises used in a proof: 9.312
[2018-01-28 20:21:57] Theorems with maximal number of proofs found: ['t49_zfmisc_1']
[2018-01-28 20:21:58] Distribution of lengths of proofs for theorem t49_zfmisc_1: [21, 14, 19, 21, 15, 12, 18, 21, 18, 24, 16, 18, 21, 22, 16, 20, 23, 19, 22, 19, 16, 18, 22, 19, 18, 21, 20, 17, 21, 19, 19, 19, 19, 19, 19, 21, 18, 23]
[2018-01-28 20:21:58] ITERATION: 18
[2018-01-28 20:21:58] Transforming proofs of 1115 theorems to training data...
[2018-01-28 20:21:58]     Number of features used: 10241 / 10241
[2018-01-28 20:21:58]     Mode of combining theorems and premises to examples: merge_mode=concat
[2018-01-28 20:21:58]     Negatives to positive ratio: 16
[2018-01-28 20:21:58]     Negative mining:
[2018-01-28 20:21:58]         Level of negative mining: all
[2018-01-28 20:21:58]         Part of theorems for negative mining: 0.5
[2018-01-28 20:23:39] Transformation finished.
[2018-01-28 20:23:39] Training of xgboost model started...
[2018-01-28 22:58:54] Training finished.
[2018-01-28 22:58:54] Creating rankings of premises from the trained model for 1342 theorems...
[2018-01-28 23:02:07] Rankings created.
[2018-01-28 23:02:07] ATP evaluation started...
[2018-01-28 23:29:26]     Number of proved theorems: 1087
[2018-01-28 23:29:26]     Percentage of proved theorems: 81.00%
[2018-01-28 23:29:26] Number of all theorems with proof(s): 1116
[2018-01-28 23:29:26] Number of all proofs: 5778
[2018-01-28 23:29:26] Number of theorems with exactly 1 proof(s): 274
[2018-01-28 23:29:26] Number of theorems with exactly 2 proof(s): 180
[2018-01-28 23:29:26] Number of theorems with exactly 3 proof(s): 149
[2018-01-28 23:29:26] Number of theorems with exactly 4 proof(s): 101
[2018-01-28 23:29:26] Number of theorems with exactly 5 proof(s): 74
[2018-01-28 23:29:26] Number of theorems with exactly 6 proof(s): 64
[2018-01-28 23:29:26] Number of theorems with exactly 7 proof(s): 52
[2018-01-28 23:29:26] Number of theorems with exactly 8 proof(s): 25
[2018-01-28 23:29:26] Number of theorems with exactly 9 proof(s): 36
[2018-01-28 23:29:26] Number of theorems with exactly 10 proof(s): 22
[2018-01-28 23:29:26] Number of theorems with exactly 11 proof(s): 15
[2018-01-28 23:29:26] Number of theorems with exactly 12 proof(s): 19
[2018-01-28 23:29:26] Number of theorems with exactly 13 proof(s): 12
[2018-01-28 23:29:26] Number of theorems with exactly 14 proof(s): 14
[2018-01-28 23:29:26] Number of theorems with exactly 15 proof(s): 8
[2018-01-28 23:29:26] Number of theorems with exactly 16 proof(s): 15
[2018-01-28 23:29:26] Number of theorems with exactly 17 proof(s): 3
[2018-01-28 23:29:26] Number of theorems with exactly 18 proof(s): 5
[2018-01-28 23:29:26] Number of theorems with exactly 19 proof(s): 8
[2018-01-28 23:29:26] Number of theorems with exactly 20 proof(s): 2
[2018-01-28 23:29:26] Number of theorems with exactly 21 proof(s): 7
[2018-01-28 23:29:26] Number of theorems with exactly 22 proof(s): 4
[2018-01-28 23:29:26] Number of theorems with exactly 23 proof(s): 3
[2018-01-28 23:29:26] Number of theorems with exactly 24 proof(s): 3
[2018-01-28 23:29:26] Number of theorems with exactly 25 proof(s): 3
[2018-01-28 23:29:26] Number of theorems with exactly 26 proof(s): 1
[2018-01-28 23:29:26] Number of theorems with exactly 27 proof(s): 2
[2018-01-28 23:29:26] Number of theorems with exactly 28 proof(s): 3
[2018-01-28 23:29:26] Number of theorems with exactly 29 proof(s): 4
[2018-01-28 23:29:26] Number of theorems with exactly 30 proof(s): 1
[2018-01-28 23:29:26] Number of theorems with exactly 31 proof(s): 2
[2018-01-28 23:29:26] Number of theorems with exactly 32 proof(s): 2
[2018-01-28 23:29:26] Number of theorems with exactly 33 proof(s): 1
[2018-01-28 23:29:26] Number of theorems with exactly 34 proof(s): 1
[2018-01-28 23:29:26] Number of theorems with exactly 39 proof(s): 1
[2018-01-28 23:29:26] Average number of proofs per theorem: 5.177
[2018-01-28 23:29:26] Average number of premises used in a proof: 9.339
[2018-01-28 23:29:27] Theorems with maximal number of proofs found: ['t49_zfmisc_1']
[2018-01-28 23:29:28] Distribution of lengths of proofs for theorem t49_zfmisc_1: [21, 14, 19, 21, 15, 12, 18, 21, 18, 24, 16, 18, 21, 22, 16, 20, 23, 19, 22, 19, 16, 18, 22, 19, 18, 21, 20, 17, 21, 19, 19, 19, 19, 19, 19, 21, 18, 23, 17]
[2018-01-28 23:29:28] ITERATION: 19
[2018-01-28 23:29:28] Transforming proofs of 1116 theorems to training data...
[2018-01-28 23:29:28]     Number of features used: 10241 / 10241
[2018-01-28 23:29:28]     Mode of combining theorems and premises to examples: merge_mode=concat
[2018-01-28 23:29:28]     Negatives to positive ratio: 16
[2018-01-28 23:29:28]     Negative mining:
[2018-01-28 23:29:28]         Level of negative mining: all
[2018-01-28 23:29:28]         Part of theorems for negative mining: 0.5
[2018-01-28 23:31:13] Transformation finished.
[2018-01-28 23:31:13] Training of xgboost model started...
[2018-01-29 02:06:49] Training finished.
[2018-01-29 02:06:49] Creating rankings of premises from the trained model for 1342 theorems...
[2018-01-29 02:10:57] Rankings created.
[2018-01-29 02:10:57] ATP evaluation started...
[2018-01-29 02:50:11]     Number of proved theorems: 1091
[2018-01-29 02:50:11]     Percentage of proved theorems: 81.30%
[2018-01-29 02:50:11] Number of all theorems with proof(s): 1120
[2018-01-29 02:50:11] Number of all proofs: 5877
[2018-01-29 02:50:11] Number of theorems with exactly 1 proof(s): 272
[2018-01-29 02:50:11] Number of theorems with exactly 2 proof(s): 180
[2018-01-29 02:50:11] Number of theorems with exactly 3 proof(s): 151
[2018-01-29 02:50:11] Number of theorems with exactly 4 proof(s): 101
[2018-01-29 02:50:11] Number of theorems with exactly 5 proof(s): 71
[2018-01-29 02:50:11] Number of theorems with exactly 6 proof(s): 64
[2018-01-29 02:50:11] Number of theorems with exactly 7 proof(s): 52
[2018-01-29 02:50:11] Number of theorems with exactly 8 proof(s): 30
[2018-01-29 02:50:11] Number of theorems with exactly 9 proof(s): 33
[2018-01-29 02:50:11] Number of theorems with exactly 10 proof(s): 24
[2018-01-29 02:50:11] Number of theorems with exactly 11 proof(s): 14
[2018-01-29 02:50:11] Number of theorems with exactly 12 proof(s): 20
[2018-01-29 02:50:11] Number of theorems with exactly 13 proof(s): 14
[2018-01-29 02:50:11] Number of theorems with exactly 14 proof(s): 10
[2018-01-29 02:50:11] Number of theorems with exactly 15 proof(s): 13
[2018-01-29 02:50:11] Number of theorems with exactly 16 proof(s): 8
[2018-01-29 02:50:11] Number of theorems with exactly 17 proof(s): 9
[2018-01-29 02:50:11] Number of theorems with exactly 18 proof(s): 5
[2018-01-29 02:50:11] Number of theorems with exactly 19 proof(s): 7
[2018-01-29 02:50:11] Number of theorems with exactly 20 proof(s): 2
[2018-01-29 02:50:11] Number of theorems with exactly 21 proof(s): 7
[2018-01-29 02:50:11] Number of theorems with exactly 22 proof(s): 5
[2018-01-29 02:50:11] Number of theorems with exactly 23 proof(s): 3
[2018-01-29 02:50:11] Number of theorems with exactly 24 proof(s): 2
[2018-01-29 02:50:11] Number of theorems with exactly 25 proof(s): 4
[2018-01-29 02:50:11] Number of theorems with exactly 27 proof(s): 4
[2018-01-29 02:50:11] Number of theorems with exactly 28 proof(s): 3
[2018-01-29 02:50:11] Number of theorems with exactly 29 proof(s): 1
[2018-01-29 02:50:11] Number of theorems with exactly 30 proof(s): 2
[2018-01-29 02:50:11] Number of theorems with exactly 31 proof(s): 2
[2018-01-29 02:50:11] Number of theorems with exactly 32 proof(s): 3
[2018-01-29 02:50:11] Number of theorems with exactly 33 proof(s): 2
[2018-01-29 02:50:11] Number of theorems with exactly 34 proof(s): 1
[2018-01-29 02:50:11] Number of theorems with exactly 40 proof(s): 1
[2018-01-29 02:50:11] Average number of proofs per theorem: 5.247
[2018-01-29 02:50:11] Average number of premises used in a proof: 9.369
[2018-01-29 02:50:12] Theorems with maximal number of proofs found: ['t49_zfmisc_1']
[2018-01-29 02:50:13] Distribution of lengths of proofs for theorem t49_zfmisc_1: [21, 14, 19, 21, 15, 12, 18, 21, 18, 24, 16, 18, 21, 22, 16, 20, 23, 19, 22, 19, 16, 18, 22, 19, 18, 21, 20, 17, 21, 19, 19, 19, 19, 19, 19, 21, 18, 23, 17, 19]
[2018-01-29 02:50:13] ITERATION: 20
[2018-01-29 02:50:13] Transforming proofs of 1120 theorems to training data...
[2018-01-29 02:50:13]     Number of features used: 10241 / 10241
[2018-01-29 02:50:13]     Mode of combining theorems and premises to examples: merge_mode=concat
[2018-01-29 02:50:13]     Negatives to positive ratio: 16
[2018-01-29 02:50:13]     Negative mining:
[2018-01-29 02:50:13]         Level of negative mining: all
[2018-01-29 02:50:13]         Part of theorems for negative mining: 0.5
[2018-01-29 02:51:57] Transformation finished.
[2018-01-29 02:51:57] Training of xgboost model started...
[2018-01-29 05:30:47] Training finished.
[2018-01-29 05:30:47] Creating rankings of premises from the trained model for 1342 theorems...
[2018-01-29 05:33:44] Rankings created.
[2018-01-29 05:33:44] ATP evaluation started...
[2018-01-29 06:13:34]     Number of proved theorems: 1099
[2018-01-29 06:13:34]     Percentage of proved theorems: 81.89%
[2018-01-29 06:13:34] Number of all theorems with proof(s): 1126
[2018-01-29 06:13:35] Number of all proofs: 5985
[2018-01-29 06:13:35] Number of theorems with exactly 1 proof(s): 272
[2018-01-29 06:13:35] Number of theorems with exactly 2 proof(s): 181
[2018-01-29 06:13:35] Number of theorems with exactly 3 proof(s): 150
[2018-01-29 06:13:35] Number of theorems with exactly 4 proof(s): 102
[2018-01-29 06:13:35] Number of theorems with exactly 5 proof(s): 68
[2018-01-29 06:13:35] Number of theorems with exactly 6 proof(s): 69
[2018-01-29 06:13:35] Number of theorems with exactly 7 proof(s): 47
[2018-01-29 06:13:35] Number of theorems with exactly 8 proof(s): 35
[2018-01-29 06:13:35] Number of theorems with exactly 9 proof(s): 30
[2018-01-29 06:13:35] Number of theorems with exactly 10 proof(s): 25
[2018-01-29 06:13:35] Number of theorems with exactly 11 proof(s): 18
[2018-01-29 06:13:35] Number of theorems with exactly 12 proof(s): 15
[2018-01-29 06:13:35] Number of theorems with exactly 13 proof(s): 18
[2018-01-29 06:13:35] Number of theorems with exactly 14 proof(s): 11
[2018-01-29 06:13:35] Number of theorems with exactly 15 proof(s): 13
[2018-01-29 06:13:35] Number of theorems with exactly 16 proof(s): 4
[2018-01-29 06:13:35] Number of theorems with exactly 17 proof(s): 8
[2018-01-29 06:13:35] Number of theorems with exactly 18 proof(s): 10
[2018-01-29 06:13:35] Number of theorems with exactly 19 proof(s): 5
[2018-01-29 06:13:35] Number of theorems with exactly 20 proof(s): 4
[2018-01-29 06:13:35] Number of theorems with exactly 21 proof(s): 4
[2018-01-29 06:13:35] Number of theorems with exactly 22 proof(s): 5
[2018-01-29 06:13:35] Number of theorems with exactly 23 proof(s): 5
[2018-01-29 06:13:35] Number of theorems with exactly 24 proof(s): 4
[2018-01-29 06:13:35] Number of theorems with exactly 25 proof(s): 3
[2018-01-29 06:13:35] Number of theorems with exactly 27 proof(s): 3
[2018-01-29 06:13:35] Number of theorems with exactly 28 proof(s): 3
[2018-01-29 06:13:35] Number of theorems with exactly 29 proof(s): 3
[2018-01-29 06:13:35] Number of theorems with exactly 30 proof(s): 2
[2018-01-29 06:13:35] Number of theorems with exactly 31 proof(s): 1
[2018-01-29 06:13:35] Number of theorems with exactly 32 proof(s): 4
[2018-01-29 06:13:35] Number of theorems with exactly 34 proof(s): 3
[2018-01-29 06:13:35] Number of theorems with exactly 41 proof(s): 1
[2018-01-29 06:13:35] Average number of proofs per theorem: 5.315
[2018-01-29 06:13:35] Average number of premises used in a proof: 9.393
[2018-01-29 06:13:36] Theorems with maximal number of proofs found: ['t49_zfmisc_1']
[2018-01-29 06:13:37] Distribution of lengths of proofs for theorem t49_zfmisc_1: [21, 14, 19, 21, 15, 12, 18, 21, 18, 24, 16, 18, 21, 22, 16, 20, 23, 19, 22, 19, 16, 18, 22, 19, 18, 21, 20, 17, 21, 19, 19, 19, 19, 19, 19, 21, 18, 23, 17, 19, 19]
[2018-01-29 06:13:37] ITERATION: 21
[2018-01-29 06:13:37] Transforming proofs of 1126 theorems to training data...
[2018-01-29 06:13:37]     Number of features used: 10241 / 10241
[2018-01-29 06:13:37]     Mode of combining theorems and premises to examples: merge_mode=concat
[2018-01-29 06:13:37]     Negatives to positive ratio: 16
[2018-01-29 06:13:37]     Negative mining:
[2018-01-29 06:13:37]         Level of negative mining: all
[2018-01-29 06:13:37]         Part of theorems for negative mining: 0.5
[2018-01-29 06:15:28] Transformation finished.
[2018-01-29 06:15:28] Training of xgboost model started...
[2018-01-29 08:51:17] Training finished.
[2018-01-29 08:51:17] Creating rankings of premises from the trained model for 1342 theorems...
[2018-01-29 08:54:55] Rankings created.
[2018-01-29 08:54:55] ATP evaluation started...
[2018-01-29 09:33:20]     Number of proved theorems: 1105
[2018-01-29 09:33:20]     Percentage of proved theorems: 82.34%
[2018-01-29 09:33:21] Number of all theorems with proof(s): 1130
[2018-01-29 09:33:21] Number of all proofs: 6077
[2018-01-29 09:33:21] Number of theorems with exactly 1 proof(s): 268
[2018-01-29 09:33:21] Number of theorems with exactly 2 proof(s): 178
[2018-01-29 09:33:21] Number of theorems with exactly 3 proof(s): 157
[2018-01-29 09:33:21] Number of theorems with exactly 4 proof(s): 103
[2018-01-29 09:33:21] Number of theorems with exactly 5 proof(s): 64
[2018-01-29 09:33:21] Number of theorems with exactly 6 proof(s): 71
[2018-01-29 09:33:21] Number of theorems with exactly 7 proof(s): 48
[2018-01-29 09:33:21] Number of theorems with exactly 8 proof(s): 37
[2018-01-29 09:33:21] Number of theorems with exactly 9 proof(s): 30
[2018-01-29 09:33:21] Number of theorems with exactly 10 proof(s): 23
[2018-01-29 09:33:21] Number of theorems with exactly 11 proof(s): 19
[2018-01-29 09:33:21] Number of theorems with exactly 12 proof(s): 15
[2018-01-29 09:33:21] Number of theorems with exactly 13 proof(s): 19
[2018-01-29 09:33:21] Number of theorems with exactly 14 proof(s): 10
[2018-01-29 09:33:21] Number of theorems with exactly 15 proof(s): 13
[2018-01-29 09:33:21] Number of theorems with exactly 16 proof(s): 7
[2018-01-29 09:33:21] Number of theorems with exactly 17 proof(s): 6
[2018-01-29 09:33:21] Number of theorems with exactly 18 proof(s): 9
[2018-01-29 09:33:21] Number of theorems with exactly 19 proof(s): 6
[2018-01-29 09:33:21] Number of theorems with exactly 20 proof(s): 4
[2018-01-29 09:33:21] Number of theorems with exactly 21 proof(s): 4
[2018-01-29 09:33:21] Number of theorems with exactly 22 proof(s): 4
[2018-01-29 09:33:21] Number of theorems with exactly 23 proof(s): 6
[2018-01-29 09:33:21] Number of theorems with exactly 24 proof(s): 4
[2018-01-29 09:33:21] Number of theorems with exactly 25 proof(s): 4
[2018-01-29 09:33:21] Number of theorems with exactly 26 proof(s): 1
[2018-01-29 09:33:21] Number of theorems with exactly 27 proof(s): 3
[2018-01-29 09:33:21] Number of theorems with exactly 28 proof(s): 3
[2018-01-29 09:33:21] Number of theorems with exactly 29 proof(s): 3
[2018-01-29 09:33:21] Number of theorems with exactly 30 proof(s): 1
[2018-01-29 09:33:21] Number of theorems with exactly 31 proof(s): 1
[2018-01-29 09:33:21] Number of theorems with exactly 32 proof(s): 3
[2018-01-29 09:33:21] Number of theorems with exactly 33 proof(s): 2
[2018-01-29 09:33:21] Number of theorems with exactly 34 proof(s): 2
[2018-01-29 09:33:21] Number of theorems with exactly 35 proof(s): 1
[2018-01-29 09:33:21] Number of theorems with exactly 41 proof(s): 1
[2018-01-29 09:33:21] Average number of proofs per theorem: 5.378
[2018-01-29 09:33:21] Average number of premises used in a proof: 9.398
[2018-01-29 09:33:23] Theorems with maximal number of proofs found: ['t49_zfmisc_1']
[2018-01-29 09:33:24] Distribution of lengths of proofs for theorem t49_zfmisc_1: [21, 14, 19, 21, 15, 12, 18, 21, 18, 24, 16, 18, 21, 22, 16, 20, 23, 19, 22, 19, 16, 18, 22, 19, 18, 21, 20, 17, 21, 19, 19, 19, 19, 19, 19, 21, 18, 23, 17, 19, 19]
[2018-01-29 09:33:25] ITERATION: 22
[2018-01-29 09:33:25] Transforming proofs of 1130 theorems to training data...
[2018-01-29 09:33:25]     Number of features used: 10241 / 10241
[2018-01-29 09:33:25]     Mode of combining theorems and premises to examples: merge_mode=concat
[2018-01-29 09:33:25]     Negatives to positive ratio: 16
[2018-01-29 09:33:25]     Negative mining:
[2018-01-29 09:33:25]         Level of negative mining: all
[2018-01-29 09:33:25]         Part of theorems for negative mining: 0.5
[2018-01-29 09:36:41] Transformation finished.
[2018-01-29 09:36:41] Training of xgboost model started...
[2018-01-29 12:20:48] Training finished.
[2018-01-29 12:20:48] Creating rankings of premises from the trained model for 1342 theorems...
[2018-01-29 12:24:32] Rankings created.
[2018-01-29 12:24:32] ATP evaluation started...
[2018-01-29 12:54:44]     Number of proved theorems: 1110
[2018-01-29 12:54:44]     Percentage of proved theorems: 82.71%
[2018-01-29 12:54:44] Number of all theorems with proof(s): 1135
[2018-01-29 12:54:44] Number of all proofs: 6179
[2018-01-29 12:54:44] Number of theorems with exactly 1 proof(s): 269
[2018-01-29 12:54:44] Number of theorems with exactly 2 proof(s): 178
[2018-01-29 12:54:44] Number of theorems with exactly 3 proof(s): 151
[2018-01-29 12:54:44] Number of theorems with exactly 4 proof(s): 112
[2018-01-29 12:54:44] Number of theorems with exactly 5 proof(s): 60
[2018-01-29 12:54:44] Number of theorems with exactly 6 proof(s): 70
[2018-01-29 12:54:44] Number of theorems with exactly 7 proof(s): 51
[2018-01-29 12:54:44] Number of theorems with exactly 8 proof(s): 35
[2018-01-29 12:54:44] Number of theorems with exactly 9 proof(s): 29
[2018-01-29 12:54:44] Number of theorems with exactly 10 proof(s): 27
[2018-01-29 12:54:44] Number of theorems with exactly 11 proof(s): 18
[2018-01-29 12:54:44] Number of theorems with exactly 12 proof(s): 13
[2018-01-29 12:54:44] Number of theorems with exactly 13 proof(s): 21
[2018-01-29 12:54:44] Number of theorems with exactly 14 proof(s): 10
[2018-01-29 12:54:44] Number of theorems with exactly 15 proof(s): 11
[2018-01-29 12:54:44] Number of theorems with exactly 16 proof(s): 10
[2018-01-29 12:54:44] Number of theorems with exactly 17 proof(s): 5
[2018-01-29 12:54:44] Number of theorems with exactly 18 proof(s): 10
[2018-01-29 12:54:44] Number of theorems with exactly 19 proof(s): 6
[2018-01-29 12:54:44] Number of theorems with exactly 20 proof(s): 5
[2018-01-29 12:54:44] Number of theorems with exactly 21 proof(s): 5
[2018-01-29 12:54:44] Number of theorems with exactly 22 proof(s): 2
[2018-01-29 12:54:44] Number of theorems with exactly 23 proof(s): 6
[2018-01-29 12:54:44] Number of theorems with exactly 24 proof(s): 3
[2018-01-29 12:54:44] Number of theorems with exactly 25 proof(s): 5
[2018-01-29 12:54:44] Number of theorems with exactly 26 proof(s): 3
[2018-01-29 12:54:44] Number of theorems with exactly 27 proof(s): 1
[2018-01-29 12:54:44] Number of theorems with exactly 28 proof(s): 3
[2018-01-29 12:54:44] Number of theorems with exactly 29 proof(s): 3
[2018-01-29 12:54:44] Number of theorems with exactly 30 proof(s): 2
[2018-01-29 12:54:44] Number of theorems with exactly 31 proof(s): 2
[2018-01-29 12:54:44] Number of theorems with exactly 32 proof(s): 1
[2018-01-29 12:54:44] Number of theorems with exactly 33 proof(s): 2
[2018-01-29 12:54:44] Number of theorems with exactly 34 proof(s): 2
[2018-01-29 12:54:44] Number of theorems with exactly 35 proof(s): 3
[2018-01-29 12:54:44] Number of theorems with exactly 41 proof(s): 1
[2018-01-29 12:54:44] Average number of proofs per theorem: 5.444
[2018-01-29 12:54:44] Average number of premises used in a proof: 9.445
[2018-01-29 12:54:45] Theorems with maximal number of proofs found: ['t49_zfmisc_1']
[2018-01-29 12:54:46] Distribution of lengths of proofs for theorem t49_zfmisc_1: [21, 14, 19, 21, 15, 12, 18, 21, 18, 24, 16, 18, 21, 22, 16, 20, 23, 19, 22, 19, 16, 18, 22, 19, 18, 21, 20, 17, 21, 19, 19, 19, 19, 19, 19, 21, 18, 23, 17, 19, 19]
[2018-01-29 12:54:46] ITERATION: 23
[2018-01-29 12:54:46] Transforming proofs of 1135 theorems to training data...
[2018-01-29 12:54:46]     Number of features used: 10241 / 10241
[2018-01-29 12:54:46]     Mode of combining theorems and premises to examples: merge_mode=concat
[2018-01-29 12:54:46]     Negatives to positive ratio: 16
[2018-01-29 12:54:46]     Negative mining:
[2018-01-29 12:54:46]         Level of negative mining: all
[2018-01-29 12:54:46]         Part of theorems for negative mining: 0.5
[2018-01-29 12:56:27] Transformation finished.
[2018-01-29 12:56:27] Training of xgboost model started...
