[2018-01-21 00:51:25] Statements of 4564 thms and definitions loaded.
[2018-01-21 00:51:25] Features of 4564 thms and definitions loaded.
[2018-01-21 00:51:25] Chronological order of 4564 thms and definitions loaded.
[2018-01-21 00:51:25] Proofs of 1000 thms loaded.
[2018-01-21 00:51:25] Transforming proofs of 1000 theorems to training data...
[2018-01-21 00:51:25]     Number of features used: 10241 / 10241
[2018-01-21 00:51:25]     Mode of combining theorems and premises to examples: merge_mode=concat
[2018-01-21 00:51:25]     Negatives to positive ratio: 5
[2018-01-21 00:51:25]     No negative mining.
[2018-01-21 00:51:27] Transformation finished.
[2018-01-21 00:51:27] NUMBER OF TREES 32
[2018-01-21 00:51:27] Training of xgboost model started...
[2018-01-21 00:52:56] Training finished.
[2018-01-21 00:52:56] Creating rankings of premises from the trained model for 342 theorems...
[2018-01-21 00:53:26] Rankings created.
[2018-01-21 00:53:26] ATP evaluation started...
[2018-01-21 01:18:00]     Number of proved theorems: 228
[2018-01-21 01:18:00]     Percentage of proved theorems: 66.67%
[2018-01-21 01:18:00] Number of all theorems with proof(s): 228
[2018-01-21 01:18:00] Number of all proofs: 389
[2018-01-21 01:18:00] Number of theorems with exactly 1 proof(s): 122
[2018-01-21 01:18:00] Number of theorems with exactly 2 proof(s): 64
[2018-01-21 01:18:00] Number of theorems with exactly 3 proof(s): 31
[2018-01-21 01:18:00] Number of theorems with exactly 4 proof(s): 9
[2018-01-21 01:18:00] Number of theorems with exactly 5 proof(s): 2
[2018-01-21 01:18:00] Average number of proofs per theorem: 1.706
[2018-01-21 01:18:00] NUMBER OF TREES 64
[2018-01-21 01:18:00] Training of xgboost model started...
[2018-01-21 01:20:15] Training finished.
[2018-01-21 01:20:15] Creating rankings of premises from the trained model for 342 theorems...
[2018-01-21 01:20:49] Rankings created.
[2018-01-21 01:20:49] ATP evaluation started...
[2018-01-21 01:33:12]     Number of proved theorems: 237
[2018-01-21 01:33:12]     Percentage of proved theorems: 69.30%
[2018-01-21 01:33:12] Number of all theorems with proof(s): 237
[2018-01-21 01:33:12] Number of all proofs: 449
[2018-01-21 01:33:12] Number of theorems with exactly 1 proof(s): 108
[2018-01-21 01:33:12] Number of theorems with exactly 2 proof(s): 74
[2018-01-21 01:33:12] Number of theorems with exactly 3 proof(s): 35
[2018-01-21 01:33:12] Number of theorems with exactly 4 proof(s): 13
[2018-01-21 01:33:12] Number of theorems with exactly 5 proof(s): 6
[2018-01-21 01:33:12] Number of theorems with exactly 6 proof(s): 1
[2018-01-21 01:33:12] Average number of proofs per theorem: 1.895
[2018-01-21 01:33:12] NUMBER OF TREES 128
[2018-01-21 01:33:12] Training of xgboost model started...
[2018-01-21 01:37:14] Training finished.
[2018-01-21 01:37:14] Creating rankings of premises from the trained model for 342 theorems...
[2018-01-21 01:37:47] Rankings created.
[2018-01-21 01:37:47] ATP evaluation started...
[2018-01-21 02:00:50]     Number of proved theorems: 251
[2018-01-21 02:00:50]     Percentage of proved theorems: 73.39%
[2018-01-21 02:00:50] Number of all theorems with proof(s): 251
[2018-01-21 02:00:50] Number of all proofs: 474
[2018-01-21 02:00:50] Number of theorems with exactly 1 proof(s): 113
[2018-01-21 02:00:50] Number of theorems with exactly 2 proof(s): 77
[2018-01-21 02:00:50] Number of theorems with exactly 3 proof(s): 41
[2018-01-21 02:00:50] Number of theorems with exactly 4 proof(s): 17
[2018-01-21 02:00:50] Number of theorems with exactly 5 proof(s): 2
[2018-01-21 02:00:50] Number of theorems with exactly 6 proof(s): 1
[2018-01-21 02:00:50] Average number of proofs per theorem: 1.888
[2018-01-21 02:00:50] NUMBER OF TREES 256
[2018-01-21 02:00:50] Training of xgboost model started...
[2018-01-21 02:06:16] Training finished.
[2018-01-21 02:06:16] Creating rankings of premises from the trained model for 342 theorems...
[2018-01-21 02:06:45] Rankings created.
[2018-01-21 02:06:45] ATP evaluation started...
[2018-01-21 02:29:06]     Number of proved theorems: 254
[2018-01-21 02:29:06]     Percentage of proved theorems: 74.27%
[2018-01-21 02:29:06] Number of all theorems with proof(s): 254
[2018-01-21 02:29:06] Number of all proofs: 481
[2018-01-21 02:29:06] Number of theorems with exactly 1 proof(s): 112
[2018-01-21 02:29:06] Number of theorems with exactly 2 proof(s): 85
[2018-01-21 02:29:06] Number of theorems with exactly 3 proof(s): 34
[2018-01-21 02:29:06] Number of theorems with exactly 4 proof(s): 19
[2018-01-21 02:29:06] Number of theorems with exactly 5 proof(s): 3
[2018-01-21 02:29:06] Number of theorems with exactly 6 proof(s): 1
[2018-01-21 02:29:06] Average number of proofs per theorem: 1.894
[2018-01-21 02:29:06] NUMBER OF TREES 512
[2018-01-21 02:29:06] Training of xgboost model started...
[2018-01-21 02:38:04] Training finished.
[2018-01-21 02:38:04] Creating rankings of premises from the trained model for 342 theorems...
[2018-01-21 02:38:36] Rankings created.
[2018-01-21 02:38:36] ATP evaluation started...
[2018-01-21 02:49:56]     Number of proved theorems: 259
[2018-01-21 02:49:56]     Percentage of proved theorems: 75.73%
[2018-01-21 02:49:56] Number of all theorems with proof(s): 259
[2018-01-21 02:49:56] Number of all proofs: 490
[2018-01-21 02:49:56] Number of theorems with exactly 1 proof(s): 120
[2018-01-21 02:49:56] Number of theorems with exactly 2 proof(s): 73
[2018-01-21 02:49:56] Number of theorems with exactly 3 proof(s): 45
[2018-01-21 02:49:56] Number of theorems with exactly 4 proof(s): 17
[2018-01-21 02:49:56] Number of theorems with exactly 5 proof(s): 3
[2018-01-21 02:49:56] Number of theorems with exactly 6 proof(s): 1
[2018-01-21 02:49:56] Average number of proofs per theorem: 1.892
[2018-01-21 02:49:56] NUMBER OF TREES 1024
[2018-01-21 02:49:56] Training of xgboost model started...
[2018-01-21 03:01:26] Training finished.
[2018-01-21 03:01:26] Creating rankings of premises from the trained model for 342 theorems...
[2018-01-21 03:01:56] Rankings created.
[2018-01-21 03:01:57] ATP evaluation started...
[2018-01-21 03:13:02]     Number of proved theorems: 264
[2018-01-21 03:13:02]     Percentage of proved theorems: 77.19%
[2018-01-21 03:13:02] Number of all theorems with proof(s): 264
[2018-01-21 03:13:02] Number of all proofs: 530
[2018-01-21 03:13:02] Number of theorems with exactly 1 proof(s): 108
[2018-01-21 03:13:02] Number of theorems with exactly 2 proof(s): 79
[2018-01-21 03:13:02] Number of theorems with exactly 3 proof(s): 49
[2018-01-21 03:13:02] Number of theorems with exactly 4 proof(s): 23
[2018-01-21 03:13:02] Number of theorems with exactly 5 proof(s): 5
[2018-01-21 03:13:02] Average number of proofs per theorem: 2.008
[2018-01-21 03:13:02] NUMBER OF TREES 2048
[2018-01-21 03:13:02] Training of xgboost model started...
[2018-01-21 03:27:55] Training finished.
[2018-01-21 03:27:55] Creating rankings of premises from the trained model for 342 theorems...
[2018-01-21 03:28:25] Rankings created.
[2018-01-21 03:28:25] ATP evaluation started...
[2018-01-21 03:50:02]     Number of proved theorems: 262
[2018-01-21 03:50:02]     Percentage of proved theorems: 76.61%
[2018-01-21 03:50:02] Number of all theorems with proof(s): 262
[2018-01-21 03:50:02] Number of all proofs: 529
[2018-01-21 03:50:02] Number of theorems with exactly 1 proof(s): 112
[2018-01-21 03:50:02] Number of theorems with exactly 2 proof(s): 72
[2018-01-21 03:50:02] Number of theorems with exactly 3 proof(s): 47
[2018-01-21 03:50:02] Number of theorems with exactly 4 proof(s): 23
[2018-01-21 03:50:02] Number of theorems with exactly 5 proof(s): 8
[2018-01-21 03:50:02] Average number of proofs per theorem: 2.019
[2018-01-21 03:50:02] NUMBER OF TREES 4096
[2018-01-21 03:50:02] Training of xgboost model started...
[2018-01-21 04:14:27] Training finished.
[2018-01-21 04:14:27] Creating rankings of premises from the trained model for 342 theorems...
[2018-01-21 04:15:02] Rankings created.
[2018-01-21 04:15:02] ATP evaluation started...
[2018-01-21 04:36:59]     Number of proved theorems: 269
[2018-01-21 04:36:59]     Percentage of proved theorems: 78.65%
[2018-01-21 04:36:59] Number of all theorems with proof(s): 269
[2018-01-21 04:36:59] Number of all proofs: 521
[2018-01-21 04:36:59] Number of theorems with exactly 1 proof(s): 117
[2018-01-21 04:36:59] Number of theorems with exactly 2 proof(s): 84
[2018-01-21 04:36:59] Number of theorems with exactly 3 proof(s): 41
[2018-01-21 04:36:59] Number of theorems with exactly 4 proof(s): 22
[2018-01-21 04:36:59] Number of theorems with exactly 5 proof(s): 5
[2018-01-21 04:36:59] Average number of proofs per theorem: 1.937
