[2018-01-18 14:14:48] Statements of 4564 theorems and definitions loaded.
[2018-01-18 14:14:48] Features of 4564 theorems and definitions loaded.
[2018-01-18 14:14:48] Chronological order of 4564 theorems and definitions loaded.
[2018-01-18 14:14:48] Proofs of 1000 theorems loaded.
[2018-01-18 14:14:48] Negatives/positives ratio: 1
[2018-01-18 14:14:48] Transforming proofs into training data...
[2018-01-18 14:14:48]     Sparse matrix: False
[2018-01-18 14:14:48]     Negative mining: False
[2018-01-18 14:14:48]     Mode of combining theorems and premises to examples: merge_mode=comb
[2018-01-18 14:15:49] Transformation finished.
[2018-01-18 14:15:49] Training of xgboost model started...
[2018-01-18 14:18:49] Training finished.
[2018-01-18 14:18:49] Creating rankings of premises from the trained model for 342 theorems...
[2018-01-18 14:26:19] Rankings created.
[2018-01-18 14:26:19] ATP evaluation started...
[2018-01-18 14:37:36]     Number of proved theorems: 246
[2018-01-18 14:37:36]     Percentage of proved theorems: 71.93%
[2018-01-18 14:37:36] Number of all theorems with proof(s): 246
[2018-01-18 14:37:36] Number of all proofs: 426
[2018-01-18 14:37:36] Number of theorems with exactly 1 proof(s): 133
[2018-01-18 14:37:36] Number of theorems with exactly 2 proof(s): 63
[2018-01-18 14:37:36] Number of theorems with exactly 3 proof(s): 37
[2018-01-18 14:37:36] Number of theorems with exactly 4 proof(s): 9
[2018-01-18 14:37:36] Number of theorems with exactly 5 proof(s): 4
[2018-01-18 14:37:36] Average number of proofs per theorem: 1.732
[2018-01-18 14:37:36] Negatives/positives ratio: 2
[2018-01-18 14:37:36] Transforming proofs into training data...
[2018-01-18 14:37:36]     Sparse matrix: False
[2018-01-18 14:37:36]     Negative mining: False
[2018-01-18 14:37:36]     Mode of combining theorems and premises to examples: merge_mode=comb
[2018-01-18 14:38:16] Transformation finished.
[2018-01-18 14:38:16] Training of xgboost model started...
[2018-01-18 14:40:03] Training finished.
[2018-01-18 14:40:03] Creating rankings of premises from the trained model for 342 theorems...
[2018-01-18 14:43:56] Rankings created.
[2018-01-18 14:43:56] ATP evaluation started...
[2018-01-18 14:54:17]     Number of proved theorems: 247
[2018-01-18 14:54:17]     Percentage of proved theorems: 72.22%
[2018-01-18 14:54:17] Number of all theorems with proof(s): 247
[2018-01-18 14:54:17] Number of all proofs: 434
[2018-01-18 14:54:17] Number of theorems with exactly 1 proof(s): 131
[2018-01-18 14:54:17] Number of theorems with exactly 2 proof(s): 63
[2018-01-18 14:54:17] Number of theorems with exactly 3 proof(s): 38
[2018-01-18 14:54:17] Number of theorems with exactly 4 proof(s): 12
[2018-01-18 14:54:17] Number of theorems with exactly 5 proof(s): 3
[2018-01-18 14:54:17] Average number of proofs per theorem: 1.757
[2018-01-18 14:54:17] Negatives/positives ratio: 4
[2018-01-18 14:54:17] Transforming proofs into training data...
[2018-01-18 14:54:17]     Sparse matrix: False
[2018-01-18 14:54:17]     Negative mining: False
[2018-01-18 14:54:17]     Mode of combining theorems and premises to examples: merge_mode=comb
[2018-01-18 14:54:52] Transformation finished.
[2018-01-18 14:54:52] Training of xgboost model started...
[2018-01-18 14:57:32] Training finished.
[2018-01-18 14:57:32] Creating rankings of premises from the trained model for 342 theorems...
[2018-01-18 15:02:51] Rankings created.
[2018-01-18 15:02:51] ATP evaluation started...
[2018-01-18 15:12:55]     Number of proved theorems: 241
[2018-01-18 15:12:55]     Percentage of proved theorems: 70.47%
[2018-01-18 15:12:55] Number of all theorems with proof(s): 241
[2018-01-18 15:12:55] Number of all proofs: 443
[2018-01-18 15:12:55] Number of theorems with exactly 1 proof(s): 122
[2018-01-18 15:12:55] Number of theorems with exactly 2 proof(s): 61
[2018-01-18 15:12:55] Number of theorems with exactly 3 proof(s): 39
[2018-01-18 15:12:55] Number of theorems with exactly 4 proof(s): 14
[2018-01-18 15:12:55] Number of theorems with exactly 5 proof(s): 4
[2018-01-18 15:12:55] Number of theorems with exactly 6 proof(s): 1
[2018-01-18 15:12:55] Average number of proofs per theorem: 1.838
[2018-01-18 15:12:55] Negatives/positives ratio: 8
[2018-01-18 15:12:55] Transforming proofs into training data...
[2018-01-18 15:12:55]     Sparse matrix: False
[2018-01-18 15:12:55]     Negative mining: False
[2018-01-18 15:12:55]     Mode of combining theorems and premises to examples: merge_mode=comb
[2018-01-18 15:13:32] Transformation finished.
[2018-01-18 15:13:32] Training of xgboost model started...
[2018-01-18 15:16:28] Training finished.
[2018-01-18 15:16:28] Creating rankings of premises from the trained model for 342 theorems...
[2018-01-18 15:20:14] Rankings created.
[2018-01-18 15:20:14] ATP evaluation started...
[2018-01-18 15:30:27]     Number of proved theorems: 248
[2018-01-18 15:30:27]     Percentage of proved theorems: 72.51%
[2018-01-18 15:30:27] Number of all theorems with proof(s): 248
[2018-01-18 15:30:27] Number of all proofs: 447
[2018-01-18 15:30:27] Number of theorems with exactly 1 proof(s): 120
[2018-01-18 15:30:27] Number of theorems with exactly 2 proof(s): 78
[2018-01-18 15:30:27] Number of theorems with exactly 3 proof(s): 33
[2018-01-18 15:30:27] Number of theorems with exactly 4 proof(s): 13
[2018-01-18 15:30:27] Number of theorems with exactly 5 proof(s): 4
[2018-01-18 15:30:27] Average number of proofs per theorem: 1.802
[2018-01-18 15:30:27] Negatives/positives ratio: 16
[2018-01-18 15:30:27] Transforming proofs into training data...
[2018-01-18 15:30:27]     Sparse matrix: False
[2018-01-18 15:30:27]     Negative mining: False
[2018-01-18 15:30:27]     Mode of combining theorems and premises to examples: merge_mode=comb
[2018-01-18 15:31:19] Transformation finished.
[2018-01-18 15:31:19] Training of xgboost model started...
[2018-01-18 15:35:49] Training finished.
[2018-01-18 15:35:49] Creating rankings of premises from the trained model for 342 theorems...
[2018-01-18 15:39:57] Rankings created.
[2018-01-18 15:39:57] ATP evaluation started...
[2018-01-18 15:50:10]     Number of proved theorems: 246
[2018-01-18 15:50:10]     Percentage of proved theorems: 71.93%
[2018-01-18 15:50:10] Number of all theorems with proof(s): 246
[2018-01-18 15:50:10] Number of all proofs: 445
[2018-01-18 15:50:10] Number of theorems with exactly 1 proof(s): 118
[2018-01-18 15:50:10] Number of theorems with exactly 2 proof(s): 68
[2018-01-18 15:50:10] Number of theorems with exactly 3 proof(s): 52
[2018-01-18 15:50:10] Number of theorems with exactly 4 proof(s): 5
[2018-01-18 15:50:10] Number of theorems with exactly 5 proof(s): 3
[2018-01-18 15:50:10] Average number of proofs per theorem: 1.809
[2018-01-18 15:50:10] Negatives/positives ratio: 32
[2018-01-18 15:50:10] Transforming proofs into training data...
[2018-01-18 15:50:10]     Sparse matrix: False
[2018-01-18 15:50:10]     Negative mining: False
[2018-01-18 15:50:10]     Mode of combining theorems and premises to examples: merge_mode=comb
[2018-01-18 15:51:32] Transformation finished.
[2018-01-18 15:51:32] Training of xgboost model started...
[2018-01-18 15:58:58] Training finished.
[2018-01-18 15:58:58] Creating rankings of premises from the trained model for 342 theorems...
[2018-01-18 16:02:46] Rankings created.
[2018-01-18 16:02:46] ATP evaluation started...
[2018-01-18 16:12:53]     Number of proved theorems: 238
[2018-01-18 16:12:53]     Percentage of proved theorems: 69.59%
[2018-01-18 16:12:53] Number of all theorems with proof(s): 238
[2018-01-18 16:12:53] Number of all proofs: 444
[2018-01-18 16:12:53] Number of theorems with exactly 1 proof(s): 109
[2018-01-18 16:12:53] Number of theorems with exactly 2 proof(s): 73
[2018-01-18 16:12:53] Number of theorems with exactly 3 proof(s): 40
[2018-01-18 16:12:53] Number of theorems with exactly 4 proof(s): 11
[2018-01-18 16:12:53] Number of theorems with exactly 5 proof(s): 5
[2018-01-18 16:12:53] Average number of proofs per theorem: 1.866
